<?xml version="1.0" encoding="UTF-8"?>
<!-- Generated by org.testng.reporters.JUnitReportReporter -->
<testsuite hostname="Akshay-Udhane" failures="0" tests="2" name="tests.MasterProductVariantFocusedTest" time="115.032" errors="0" timestamp="2025-10-10T10:28:00 IST" skipped="0">
  <testcase classname="tests.MasterProductVariantFocusedTest" name="testMasterProductVariantCompleteAutomation" time="76.519"/>
  <system-out/>
  <testcase classname="tests.MasterProductVariantFocusedTest" name="testMasterProductVariantCreateFormOnly" time="38.513"/>
  <system-out/>
</testsuite> <!-- tests.MasterProductVariantFocusedTest -->
