<?xml version="1.0" encoding="UTF-8"?>
<!-- Generated by org.testng.reporters.JUnitReportReporter -->
<testsuite hostname="Akshay-Udhane" failures="0" tests="2" name="tests.ComprehensiveWorkflowTest" time="153.101" errors="0" timestamp="2025-10-10T10:32:36 IST" skipped="0">
  <testcase classname="tests.ComprehensiveWorkflowTest" name="testCompleteWorkflowWithoutBrowserRestart" time="105.575"/>
  <system-out/>
  <testcase classname="tests.ComprehensiveWorkflowTest" name="testQuickMasterProductVariantAutomation" time="47.526"/>
  <system-out/>
</testsuite> <!-- tests.ComprehensiveWorkflowTest -->
