<?xml version="1.0" encoding="UTF-8"?>
<testsuite xmlns:xsi="http://www.w3.org/2001/XMLSchema-instance" xsi:noNamespaceSchemaLocation="https://maven.apache.org/surefire/maven-surefire-plugin/xsd/surefire-test-report-3.0.xsd" version="3.0" name="tests.ApiTestExecutor" time="9.9" tests="13" errors="0" skipped="0" failures="0">
  <properties>
    <property name="java.specification.version" value="17"/>
    <property name="sun.cpu.isalist" value="amd64"/>
    <property name="sun.jnu.encoding" value="Cp1252"/>
    <property name="spring.main.banner-mode" value="off"/>
    <property name="java.class.path" value="C:\Users\akshayu\.m2\repository\org\apache\maven\surefire\surefire-booter\3.2.5\surefire-booter-3.2.5.jar;C:\Users\akshayu\.m2\repository\org\apache\maven\surefire\surefire-api\3.2.5\surefire-api-3.2.5.jar;C:\Users\akshayu\.m2\repository\org\apache\maven\surefire\surefire-logger-api\3.2.5\surefire-logger-api-3.2.5.jar;C:\Users\akshayu\.m2\repository\org\apache\maven\surefire\surefire-shared-utils\3.2.5\surefire-shared-utils-3.2.5.jar;C:\Users\akshayu\.m2\repository\org\apache\maven\surefire\surefire-extensions-spi\3.2.5\surefire-extensions-spi-3.2.5.jar;C:\Users\akshayu\Downloads\playwright-framework 5\playwright-framework 2\playwright-framework\target\test-classes;C:\Users\akshayu\Downloads\playwright-framework 5\playwright-framework 2\playwright-framework\target\classes;C:\Users\akshayu\.m2\repository\com\microsoft\playwright\playwright\1.49.0\playwright-1.49.0.jar;C:\Users\akshayu\.m2\repository\com\google\code\gson\gson\2.11.0\gson-2.11.0.jar;C:\Users\akshayu\.m2\repository\com\google\errorprone\error_prone_annotations\2.27.0\error_prone_annotations-2.27.0.jar;C:\Users\akshayu\.m2\repository\org\opentest4j\opentest4j\1.3.0\opentest4j-1.3.0.jar;C:\Users\akshayu\.m2\repository\com\microsoft\playwright\driver\1.49.0\driver-1.49.0.jar;C:\Users\akshayu\.m2\repository\com\microsoft\playwright\driver-bundle\1.49.0\driver-bundle-1.49.0.jar;C:\Users\akshayu\.m2\repository\org\testng\testng\7.9.0\testng-7.9.0.jar;C:\Users\akshayu\.m2\repository\com\beust\jcommander\1.82\jcommander-1.82.jar;C:\Users\akshayu\.m2\repository\org\webjars\jquery\3.7.1\jquery-3.7.1.jar;C:\Users\akshayu\.m2\repository\org\springframework\boot\spring-boot-starter-web\2.7.18\spring-boot-starter-web-2.7.18.jar;C:\Users\akshayu\.m2\repository\org\springframework\boot\spring-boot-starter\2.7.18\spring-boot-starter-2.7.18.jar;C:\Users\akshayu\.m2\repository\org\springframework\boot\spring-boot\2.7.18\spring-boot-2.7.18.jar;C:\Users\akshayu\.m2\repository\org\springframework\boot\spring-boot-autoconfigure\2.7.18\spring-boot-autoconfigure-2.7.18.jar;C:\Users\akshayu\.m2\repository\org\springframework\boot\spring-boot-starter-logging\2.7.18\spring-boot-starter-logging-2.7.18.jar;C:\Users\akshayu\.m2\repository\org\apache\logging\log4j\log4j-to-slf4j\2.17.2\log4j-to-slf4j-2.17.2.jar;C:\Users\akshayu\.m2\repository\org\slf4j\jul-to-slf4j\1.7.36\jul-to-slf4j-1.7.36.jar;C:\Users\akshayu\.m2\repository\jakarta\annotation\jakarta.annotation-api\1.3.5\jakarta.annotation-api-1.3.5.jar;C:\Users\akshayu\.m2\repository\org\yaml\snakeyaml\1.30\snakeyaml-1.30.jar;C:\Users\akshayu\.m2\repository\org\springframework\boot\spring-boot-starter-json\2.7.18\spring-boot-starter-json-2.7.18.jar;C:\Users\akshayu\.m2\repository\com\fasterxml\jackson\datatype\jackson-datatype-jdk8\2.13.5\jackson-datatype-jdk8-2.13.5.jar;C:\Users\akshayu\.m2\repository\com\fasterxml\jackson\datatype\jackson-datatype-jsr310\2.13.5\jackson-datatype-jsr310-2.13.5.jar;C:\Users\akshayu\.m2\repository\com\fasterxml\jackson\module\jackson-module-parameter-names\2.13.5\jackson-module-parameter-names-2.13.5.jar;C:\Users\akshayu\.m2\repository\org\springframework\boot\spring-boot-starter-tomcat\2.7.18\spring-boot-starter-tomcat-2.7.18.jar;C:\Users\akshayu\.m2\repository\org\apache\tomcat\embed\tomcat-embed-core\9.0.83\tomcat-embed-core-9.0.83.jar;C:\Users\akshayu\.m2\repository\org\apache\tomcat\embed\tomcat-embed-el\9.0.83\tomcat-embed-el-9.0.83.jar;C:\Users\akshayu\.m2\repository\org\apache\tomcat\embed\tomcat-embed-websocket\9.0.83\tomcat-embed-websocket-9.0.83.jar;C:\Users\akshayu\.m2\repository\org\springframework\spring-web\5.3.31\spring-web-5.3.31.jar;C:\Users\akshayu\.m2\repository\org\springframework\spring-beans\5.3.31\spring-beans-5.3.31.jar;C:\Users\akshayu\.m2\repository\org\springframework\spring-webmvc\5.3.31\spring-webmvc-5.3.31.jar;C:\Users\akshayu\.m2\repository\org\springframework\spring-aop\5.3.31\spring-aop-5.3.31.jar;C:\Users\akshayu\.m2\repository\org\springframework\spring-context\5.3.31\spring-context-5.3.31.jar;C:\Users\akshayu\.m2\repository\org\springframework\spring-expression\5.3.31\spring-expression-5.3.31.jar;C:\Users\akshayu\.m2\repository\com\fasterxml\jackson\core\jackson-databind\2.17.2\jackson-databind-2.17.2.jar;C:\Users\akshayu\.m2\repository\com\fasterxml\jackson\core\jackson-annotations\2.17.2\jackson-annotations-2.17.2.jar;C:\Users\akshayu\.m2\repository\com\fasterxml\jackson\core\jackson-core\2.17.2\jackson-core-2.17.2.jar;C:\Users\akshayu\.m2\repository\org\slf4j\slf4j-api\1.7.36\slf4j-api-1.7.36.jar;C:\Users\akshayu\.m2\repository\ch\qos\logback\logback-classic\1.2.12\logback-classic-1.2.12.jar;C:\Users\akshayu\.m2\repository\ch\qos\logback\logback-core\1.2.12\logback-core-1.2.12.jar;C:\Users\akshayu\.m2\repository\org\apache\poi\poi\5.2.5\poi-5.2.5.jar;C:\Users\akshayu\.m2\repository\commons-codec\commons-codec\1.16.0\commons-codec-1.16.0.jar;C:\Users\akshayu\.m2\repository\org\apache\commons\commons-collections4\4.4\commons-collections4-4.4.jar;C:\Users\akshayu\.m2\repository\org\apache\commons\commons-math3\3.6.1\commons-math3-3.6.1.jar;C:\Users\akshayu\.m2\repository\commons-io\commons-io\2.15.0\commons-io-2.15.0.jar;C:\Users\akshayu\.m2\repository\com\zaxxer\SparseBitSet\1.3\SparseBitSet-1.3.jar;C:\Users\akshayu\.m2\repository\org\apache\logging\log4j\log4j-api\2.21.1\log4j-api-2.21.1.jar;C:\Users\akshayu\.m2\repository\org\apache\poi\poi-ooxml\5.2.5\poi-ooxml-5.2.5.jar;C:\Users\akshayu\.m2\repository\org\apache\poi\poi-ooxml-lite\5.2.5\poi-ooxml-lite-5.2.5.jar;C:\Users\akshayu\.m2\repository\org\apache\xmlbeans\xmlbeans\5.2.0\xmlbeans-5.2.0.jar;C:\Users\akshayu\.m2\repository\org\apache\commons\commons-compress\1.25.0\commons-compress-1.25.0.jar;C:\Users\akshayu\.m2\repository\com\github\virtuald\curvesapi\1.08\curvesapi-1.08.jar;C:\Users\akshayu\.m2\repository\com\aventstack\extentreports\5.1.2\extentreports-5.1.2.jar;C:\Users\akshayu\.m2\repository\io\reactivex\rxjava3\rxjava\3.1.6\rxjava-3.1.6.jar;C:\Users\akshayu\.m2\repository\org\reactivestreams\reactive-streams\1.0.4\reactive-streams-1.0.4.jar;C:\Users\akshayu\.m2\repository\org\freemarker\freemarker\2.3.32\freemarker-2.3.32.jar;C:\Users\akshayu\.m2\repository\org\projectlombok\lombok\1.18.26\lombok-1.18.26.jar;C:\Users\akshayu\.m2\repository\io\qameta\allure\allure-testng\2.24.0\allure-testng-2.24.0.jar;C:\Users\akshayu\.m2\repository\io\qameta\allure\allure-java-commons\2.24.0\allure-java-commons-2.24.0.jar;C:\Users\akshayu\.m2\repository\io\qameta\allure\allure-model\2.24.0\allure-model-2.24.0.jar;C:\Users\akshayu\.m2\repository\io\qameta\allure\allure-test-filter\2.24.0\allure-test-filter-2.24.0.jar;C:\Users\akshayu\.m2\repository\io\rest-assured\rest-assured\5.3.2\rest-assured-5.3.2.jar;C:\Users\akshayu\.m2\repository\org\apache\groovy\groovy\4.0.11\groovy-4.0.11.jar;C:\Users\akshayu\.m2\repository\org\apache\groovy\groovy-xml\4.0.11\groovy-xml-4.0.11.jar;C:\Users\akshayu\.m2\repository\org\apache\httpcomponents\httpclient\4.5.13\httpclient-4.5.13.jar;C:\Users\akshayu\.m2\repository\org\apache\httpcomponents\httpcore\4.4.13\httpcore-4.4.13.jar;C:\Users\akshayu\.m2\repository\commons-logging\commons-logging\1.2\commons-logging-1.2.jar;C:\Users\akshayu\.m2\repository\org\apache\httpcomponents\httpmime\4.5.13\httpmime-4.5.13.jar;C:\Users\akshayu\.m2\repository\org\hamcrest\hamcrest\2.2\hamcrest-2.2.jar;C:\Users\akshayu\.m2\repository\org\ccil\cowan\tagsoup\tagsoup\1.2.1\tagsoup-1.2.1.jar;C:\Users\akshayu\.m2\repository\io\rest-assured\json-path\5.3.2\json-path-5.3.2.jar;C:\Users\akshayu\.m2\repository\org\apache\groovy\groovy-json\4.0.11\groovy-json-4.0.11.jar;C:\Users\akshayu\.m2\repository\io\rest-assured\rest-assured-common\5.3.2\rest-assured-common-5.3.2.jar;C:\Users\akshayu\.m2\repository\io\rest-assured\xml-path\5.3.2\xml-path-5.3.2.jar;C:\Users\akshayu\.m2\repository\org\springframework\boot\spring-boot-starter-test\2.7.18\spring-boot-starter-test-2.7.18.jar;C:\Users\akshayu\.m2\repository\org\springframework\boot\spring-boot-test\2.7.18\spring-boot-test-2.7.18.jar;C:\Users\akshayu\.m2\repository\org\springframework\boot\spring-boot-test-autoconfigure\2.7.18\spring-boot-test-autoconfigure-2.7.18.jar;C:\Users\akshayu\.m2\repository\com\jayway\jsonpath\json-path\2.7.0\json-path-2.7.0.jar;C:\Users\akshayu\.m2\repository\net\minidev\json-smart\2.4.7\json-smart-2.4.7.jar;C:\Users\akshayu\.m2\repository\net\minidev\accessors-smart\2.4.7\accessors-smart-2.4.7.jar;C:\Users\akshayu\.m2\repository\jakarta\xml\bind\jakarta.xml.bind-api\2.3.3\jakarta.xml.bind-api-2.3.3.jar;C:\Users\akshayu\.m2\repository\jakarta\activation\jakarta.activation-api\1.2.2\jakarta.activation-api-1.2.2.jar;C:\Users\akshayu\.m2\repository\org\assertj\assertj-core\3.22.0\assertj-core-3.22.0.jar;C:\Users\akshayu\.m2\repository\org\junit\jupiter\junit-jupiter\5.8.2\junit-jupiter-5.8.2.jar;C:\Users\akshayu\.m2\repository\org\junit\jupiter\junit-jupiter-api\5.8.2\junit-jupiter-api-5.8.2.jar;C:\Users\akshayu\.m2\repository\org\junit\platform\junit-platform-commons\1.8.2\junit-platform-commons-1.8.2.jar;C:\Users\akshayu\.m2\repository\org\junit\jupiter\junit-jupiter-params\5.8.2\junit-jupiter-params-5.8.2.jar;C:\Users\akshayu\.m2\repository\org\junit\jupiter\junit-jupiter-engine\5.8.2\junit-jupiter-engine-5.8.2.jar;C:\Users\akshayu\.m2\repository\org\junit\platform\junit-platform-engine\1.8.2\junit-platform-engine-1.8.2.jar;C:\Users\akshayu\.m2\repository\org\mockito\mockito-core\4.5.1\mockito-core-4.5.1.jar;C:\Users\akshayu\.m2\repository\net\bytebuddy\byte-buddy\1.12.9\byte-buddy-1.12.9.jar;C:\Users\akshayu\.m2\repository\net\bytebuddy\byte-buddy-agent\1.12.9\byte-buddy-agent-1.12.9.jar;C:\Users\akshayu\.m2\repository\org\objenesis\objenesis\3.2\objenesis-3.2.jar;C:\Users\akshayu\.m2\repository\org\mockito\mockito-junit-jupiter\4.5.1\mockito-junit-jupiter-4.5.1.jar;C:\Users\akshayu\.m2\repository\org\skyscreamer\jsonassert\1.5.1\jsonassert-1.5.1.jar;C:\Users\akshayu\.m2\repository\com\vaadin\external\google\android-json\0.0.20131108.vaadin1\android-json-0.0.20131108.vaadin1.jar;C:\Users\akshayu\.m2\repository\org\springframework\spring-core\5.3.31\spring-core-5.3.31.jar;C:\Users\akshayu\.m2\repository\org\springframework\spring-jcl\5.3.31\spring-jcl-5.3.31.jar;C:\Users\akshayu\.m2\repository\org\springframework\spring-test\5.3.31\spring-test-5.3.31.jar;C:\Users\akshayu\.m2\repository\org\xmlunit\xmlunit-core\2.9.1\xmlunit-core-2.9.1.jar;C:\Users\akshayu\.m2\repository\com\github\tomakehurst\wiremock-jre8\2.35.0\wiremock-jre8-2.35.0.jar;C:\Users\akshayu\.m2\repository\org\eclipse\jetty\jetty-server\9.4.49.v20220914\jetty-server-9.4.49.v20220914.jar;C:\Users\akshayu\.m2\repository\javax\servlet\javax.servlet-api\3.1.0\javax.servlet-api-3.1.0.jar;C:\Users\akshayu\.m2\repository\org\eclipse\jetty\jetty-http\9.4.49.v20220914\jetty-http-9.4.49.v20220914.jar;C:\Users\akshayu\.m2\repository\org\eclipse\jetty\jetty-io\9.4.49.v20220914\jetty-io-9.4.49.v20220914.jar;C:\Users\akshayu\.m2\repository\org\eclipse\jetty\jetty-servlet\9.4.49.v20220914\jetty-servlet-9.4.49.v20220914.jar;C:\Users\akshayu\.m2\repository\org\eclipse\jetty\jetty-security\9.4.49.v20220914\jetty-security-9.4.49.v20220914.jar;C:\Users\akshayu\.m2\repository\org\eclipse\jetty\jetty-util-ajax\9.4.49.v20220914\jetty-util-ajax-9.4.49.v20220914.jar;C:\Users\akshayu\.m2\repository\org\eclipse\jetty\jetty-servlets\9.4.49.v20220914\jetty-servlets-9.4.49.v20220914.jar;C:\Users\akshayu\.m2\repository\org\eclipse\jetty\jetty-continuation\9.4.49.v20220914\jetty-continuation-9.4.49.v20220914.jar;C:\Users\akshayu\.m2\repository\org\eclipse\jetty\jetty-util\9.4.49.v20220914\jetty-util-9.4.49.v20220914.jar;C:\Users\akshayu\.m2\repository\org\eclipse\jetty\jetty-webapp\9.4.49.v20220914\jetty-webapp-9.4.49.v20220914.jar;C:\Users\akshayu\.m2\repository\org\eclipse\jetty\jetty-xml\9.4.49.v20220914\jetty-xml-9.4.49.v20220914.jar;C:\Users\akshayu\.m2\repository\org\eclipse\jetty\jetty-proxy\9.4.49.v20220914\jetty-proxy-9.4.49.v20220914.jar;C:\Users\akshayu\.m2\repository\org\eclipse\jetty\jetty-client\9.4.49.v20220914\jetty-client-9.4.49.v20220914.jar;C:\Users\akshayu\.m2\repository\org\eclipse\jetty\http2\http2-server\9.4.49.v20220914\http2-server-9.4.49.v20220914.jar;C:\Users\akshayu\.m2\repository\org\eclipse\jetty\http2\http2-common\9.4.49.v20220914\http2-common-9.4.49.v20220914.jar;C:\Users\akshayu\.m2\repository\org\eclipse\jetty\http2\http2-hpack\9.4.49.v20220914\http2-hpack-9.4.49.v20220914.jar;C:\Users\akshayu\.m2\repository\org\eclipse\jetty\jetty-alpn-server\9.4.49.v20220914\jetty-alpn-server-9.4.49.v20220914.jar;C:\Users\akshayu\.m2\repository\org\eclipse\jetty\jetty-alpn-java-server\9.4.49.v20220914\jetty-alpn-java-server-9.4.49.v20220914.jar;C:\Users\akshayu\.m2\repository\org\eclipse\jetty\jetty-alpn-openjdk8-server\9.4.49.v20220914\jetty-alpn-openjdk8-server-9.4.49.v20220914.jar;C:\Users\akshayu\.m2\repository\org\eclipse\jetty\jetty-alpn-java-client\9.4.49.v20220914\jetty-alpn-java-client-9.4.49.v20220914.jar;C:\Users\akshayu\.m2\repository\org\eclipse\jetty\jetty-alpn-client\9.4.49.v20220914\jetty-alpn-client-9.4.49.v20220914.jar;C:\Users\akshayu\.m2\repository\org\eclipse\jetty\jetty-alpn-openjdk8-client\9.4.49.v20220914\jetty-alpn-openjdk8-client-9.4.49.v20220914.jar;C:\Users\akshayu\.m2\repository\com\google\guava\guava\31.1-jre\guava-31.1-jre.jar;C:\Users\akshayu\.m2\repository\com\google\guava\failureaccess\1.0.1\failureaccess-1.0.1.jar;C:\Users\akshayu\.m2\repository\com\google\guava\listenablefuture\9999.0-empty-to-avoid-conflict-with-guava\listenablefuture-9999.0-empty-to-avoid-conflict-with-guava.jar;C:\Users\akshayu\.m2\repository\com\google\code\findbugs\jsr305\3.0.2\jsr305-3.0.2.jar;C:\Users\akshayu\.m2\repository\org\checkerframework\checker-qual\3.12.0\checker-qual-3.12.0.jar;C:\Users\akshayu\.m2\repository\com\google\j2objc\j2objc-annotations\1.3\j2objc-annotations-1.3.jar;C:\Users\akshayu\.m2\repository\org\apache\httpcomponents\client5\httpclient5\5.1.3\httpclient5-5.1.3.jar;C:\Users\akshayu\.m2\repository\org\apache\httpcomponents\core5\httpcore5\5.1.3\httpcore5-5.1.3.jar;C:\Users\akshayu\.m2\repository\org\apache\httpcomponents\core5\httpcore5-h2\5.1.3\httpcore5-h2-5.1.3.jar;C:\Users\akshayu\.m2\repository\org\xmlunit\xmlunit-legacy\2.9.0\xmlunit-legacy-2.9.0.jar;C:\Users\akshayu\.m2\repository\org\xmlunit\xmlunit-placeholders\2.9.0\xmlunit-placeholders-2.9.0.jar;C:\Users\akshayu\.m2\repository\net\javacrumbs\json-unit\json-unit-core\2.36.0\json-unit-core-2.36.0.jar;C:\Users\akshayu\.m2\repository\org\hamcrest\hamcrest-core\2.2\hamcrest-core-2.2.jar;C:\Users\akshayu\.m2\repository\org\ow2\asm\asm\9.4\asm-9.4.jar;C:\Users\akshayu\.m2\repository\net\sf\jopt-simple\jopt-simple\5.0.4\jopt-simple-5.0.4.jar;C:\Users\akshayu\.m2\repository\org\apache\commons\commons-lang3\3.12.0\commons-lang3-3.12.0.jar;C:\Users\akshayu\.m2\repository\com\github\jknack\handlebars\4.3.1\handlebars-4.3.1.jar;C:\Users\akshayu\.m2\repository\com\github\jknack\handlebars-helpers\4.3.1\handlebars-helpers-4.3.1.jar;C:\Users\akshayu\.m2\repository\commons-fileupload\commons-fileupload\1.4\commons-fileupload-1.4.jar;C:\Users\akshayu\.m2\repository\org\testcontainers\testcontainers\1.19.3\testcontainers-1.19.3.jar;C:\Users\akshayu\.m2\repository\junit\junit\4.13.2\junit-4.13.2.jar;C:\Users\akshayu\.m2\repository\org\rnorth\duct-tape\duct-tape\1.0.8\duct-tape-1.0.8.jar;C:\Users\akshayu\.m2\repository\org\jetbrains\annotations\17.0.0\annotations-17.0.0.jar;C:\Users\akshayu\.m2\repository\com\github\docker-java\docker-java-api\3.3.4\docker-java-api-3.3.4.jar;C:\Users\akshayu\.m2\repository\com\github\docker-java\docker-java-transport-zerodep\3.3.4\docker-java-transport-zerodep-3.3.4.jar;C:\Users\akshayu\.m2\repository\com\github\docker-java\docker-java-transport\3.3.4\docker-java-transport-3.3.4.jar;C:\Users\akshayu\.m2\repository\net\java\dev\jna\jna\5.13.0\jna-5.13.0.jar;C:\Users\akshayu\.m2\repository\org\testcontainers\kafka\1.19.3\kafka-1.19.3.jar;C:\Users\akshayu\.m2\repository\org\apache\kafka\kafka-clients\3.6.1\kafka-clients-3.6.1.jar;C:\Users\akshayu\.m2\repository\com\github\luben\zstd-jni\1.5.5-1\zstd-jni-1.5.5-1.jar;C:\Users\akshayu\.m2\repository\org\lz4\lz4-java\1.8.0\lz4-java-1.8.0.jar;C:\Users\akshayu\.m2\repository\org\xerial\snappy\snappy-java\1.1.10.5\snappy-java-1.1.10.5.jar;C:\Users\akshayu\.m2\repository\org\eclipse\milo\sdk-client\0.6.15\sdk-client-0.6.15.jar;C:\Users\akshayu\.m2\repository\org\eclipse\milo\stack-client\0.6.15\stack-client-0.6.15.jar;C:\Users\akshayu\.m2\repository\org\eclipse\milo\stack-core\0.6.15\stack-core-0.6.15.jar;C:\Users\akshayu\.m2\repository\org\bouncycastle\bcprov-jdk18on\1.78.1\bcprov-jdk18on-1.78.1.jar;C:\Users\akshayu\.m2\repository\org\bouncycastle\bcpkix-jdk18on\1.78.1\bcpkix-jdk18on-1.78.1.jar;C:\Users\akshayu\.m2\repository\org\bouncycastle\bcutil-jdk18on\1.78.1\bcutil-jdk18on-1.78.1.jar;C:\Users\akshayu\.m2\repository\io\netty\netty-codec\4.1.112.Final\netty-codec-4.1.112.Final.jar;C:\Users\akshayu\.m2\repository\io\netty\netty-handler\4.1.112.Final\netty-handler-4.1.112.Final.jar;C:\Users\akshayu\.m2\repository\io\netty\netty-resolver\4.1.112.Final\netty-resolver-4.1.112.Final.jar;C:\Users\akshayu\.m2\repository\io\netty\netty-transport-native-unix-common\4.1.112.Final\netty-transport-native-unix-common-4.1.112.Final.jar;C:\Users\akshayu\.m2\repository\org\glassfish\jaxb\jaxb-runtime\2.3.6\jaxb-runtime-2.3.6.jar;C:\Users\akshayu\.m2\repository\org\glassfish\jaxb\txw2\2.3.6\txw2-2.3.6.jar;C:\Users\akshayu\.m2\repository\com\sun\istack\istack-commons-runtime\3.0.12\istack-commons-runtime-3.0.12.jar;C:\Users\akshayu\.m2\repository\com\sun\activation\jakarta.activation\1.2.2\jakarta.activation-1.2.2.jar;C:\Users\akshayu\.m2\repository\com\digitalpetri\netty\netty-channel-fsm\0.9\netty-channel-fsm-0.9.jar;C:\Users\akshayu\.m2\repository\com\digitalpetri\fsm\strict-machine\0.7\strict-machine-0.7.jar;C:\Users\akshayu\.m2\repository\io\netty\netty-codec-http\4.1.112.Final\netty-codec-http-4.1.112.Final.jar;C:\Users\akshayu\.m2\repository\io\netty\netty-common\4.1.112.Final\netty-common-4.1.112.Final.jar;C:\Users\akshayu\.m2\repository\io\netty\netty-buffer\4.1.112.Final\netty-buffer-4.1.112.Final.jar;C:\Users\akshayu\.m2\repository\io\netty\netty-transport\4.1.112.Final\netty-transport-4.1.112.Final.jar;C:\Users\akshayu\.m2\repository\org\eclipse\milo\sdk-core\0.6.15\sdk-core-0.6.15.jar;C:\Users\akshayu\.m2\repository\com\networknt\json-schema-validator\1.3.0\json-schema-validator-1.3.0.jar;C:\Users\akshayu\.m2\repository\com\ethlo\time\itu\1.8.0\itu-1.8.0.jar;C:\Users\akshayu\.m2\repository\com\fasterxml\jackson\dataformat\jackson-dataformat-yaml\2.15.3\jackson-dataformat-yaml-2.15.3.jar;C:\Users\akshayu\.m2\repository\org\apache\jmeter\ApacheJMeter_core\5.6.2\ApacheJMeter_core-5.6.2.jar;C:\Users\akshayu\.m2\repository\org\apache\jmeter\ApacheJMeter\5.6.2\ApacheJMeter-5.6.2.jar;C:\Users\akshayu\.m2\repository\org\apache\jmeter\jorphan\5.6.2\jorphan-5.6.2.jar;C:\Users\akshayu\.m2\repository\bsf\bsf\2.4.0\bsf-2.4.0.jar;C:\Users\akshayu\.m2\repository\com\fifesoft\rsyntaxtextarea\3.3.3\rsyntaxtextarea-3.3.3.jar;C:\Users\akshayu\.m2\repository\net\sf\jtidy\jtidy\r938\jtidy-r938.jar;C:\Users\akshayu\.m2\repository\com\thoughtworks\xstream\xstream\1.4.20\xstream-1.4.20.jar;C:\Users\akshayu\.m2\repository\io\github\x-stream\mxparser\1.2.2\mxparser-1.2.2.jar;C:\Users\akshayu\.m2\repository\xmlpull\xmlpull\1.1.3.1\xmlpull-1.1.3.1.jar;C:\Users\akshayu\.m2\repository\org\apache\logging\log4j\log4j-1.2-api\2.20.0\log4j-1.2-api-2.20.0.jar;C:\Users\akshayu\.m2\repository\org\apache\logging\log4j\log4j-core\2.20.0\log4j-core-2.20.0.jar;C:\Users\akshayu\.m2\repository\org\apache\logging\log4j\log4j-slf4j-impl\2.20.0\log4j-slf4j-impl-2.20.0.jar;C:\Users\akshayu\.m2\repository\org\apiguardian\apiguardian-api\1.1.2\apiguardian-api-1.1.2.jar;C:\Users\akshayu\.m2\repository\oro\oro\2.0.8\oro-2.0.8.jar;C:\Users\akshayu\.m2\repository\xalan\xalan\2.7.3\xalan-2.7.3.jar;C:\Users\akshayu\.m2\repository\xalan\serializer\2.7.3\serializer-2.7.3.jar;C:\Users\akshayu\.m2\repository\xml-apis\xml-apis\1.4.01\xml-apis-1.4.01.jar;C:\Users\akshayu\.m2\repository\net\sf\saxon\Saxon-HE\11.5\Saxon-HE-11.5.jar;C:\Users\akshayu\.m2\repository\org\xmlresolver\xmlresolver\4.6.4\xmlresolver-4.6.4.jar;C:\Users\akshayu\.m2\repository\org\xmlresolver\xmlresolver\4.6.4\xmlresolver-4.6.4-data.jar;C:\Users\akshayu\.m2\repository\org\jetbrains\kotlin\kotlin-stdlib-jdk8\1.8.22\kotlin-stdlib-jdk8-1.8.22.jar;C:\Users\akshayu\.m2\repository\org\jetbrains\kotlin\kotlin-stdlib\1.8.22\kotlin-stdlib-1.8.22.jar;C:\Users\akshayu\.m2\repository\org\jetbrains\kotlin\kotlin-stdlib-jdk7\1.8.22\kotlin-stdlib-jdk7-1.8.22.jar;C:\Users\akshayu\.m2\repository\com\google\auto\service\auto-service-annotations\1.1.1\auto-service-annotations-1.1.1.jar;C:\Users\akshayu\.m2\repository\org\jetbrains\kotlinx\kotlinx-coroutines-core\1.7.1\kotlinx-coroutines-core-1.7.1.jar;C:\Users\akshayu\.m2\repository\org\jetbrains\kotlinx\kotlinx-coroutines-core-jvm\1.7.1\kotlinx-coroutines-core-jvm-1.7.1.jar;C:\Users\akshayu\.m2\repository\org\jetbrains\kotlinx\kotlinx-coroutines-swing\1.7.1\kotlinx-coroutines-swing-1.7.1.jar;C:\Users\akshayu\.m2\repository\com\formdev\svgSalamander\1.1.4\svgSalamander-1.1.4.jar;C:\Users\akshayu\.m2\repository\com\github\ben-manes\caffeine\caffeine\2.9.3\caffeine-2.9.3.jar;C:\Users\akshayu\.m2\repository\com\github\weisj\darklaf-core\2.7.3\darklaf-core-2.7.3.jar;C:\Users\akshayu\.m2\repository\com\github\weisj\darklaf-utils\2.7.3\darklaf-utils-2.7.3.jar;C:\Users\akshayu\.m2\repository\com\github\weisj\darklaf-native-utils\2.7.3\darklaf-native-utils-2.7.3.jar;C:\Users\akshayu\.m2\repository\com\github\weisj\darklaf-platform-base\2.7.3\darklaf-platform-base-2.7.3.jar;C:\Users\akshayu\.m2\repository\com\github\weisj\darklaf-windows\2.7.3\darklaf-windows-2.7.3.jar;C:\Users\akshayu\.m2\repository\com\github\weisj\darklaf-macos\2.7.3\darklaf-macos-2.7.3.jar;C:\Users\akshayu\.m2\repository\com\github\weisj\swing-extensions-laf-support\0.1.3\swing-extensions-laf-support-0.1.3.jar;C:\Users\akshayu\.m2\repository\com\github\weisj\darklaf-theme\2.7.3\darklaf-theme-2.7.3.jar;C:\Users\akshayu\.m2\repository\com\github\weisj\darklaf-property-loader\2.7.3\darklaf-property-loader-2.7.3.jar;C:\Users\akshayu\.m2\repository\com\github\weisj\swing-extensions-visual-padding\0.1.3\swing-extensions-visual-padding-0.1.3.jar;C:\Users\akshayu\.m2\repository\com\github\weisj\darklaf-extensions-rsyntaxarea\0.3.4\darklaf-extensions-rsyntaxarea-0.3.4.jar;C:\Users\akshayu\.m2\repository\com\miglayout\miglayout-swing\5.3\miglayout-swing-5.3.jar;C:\Users\akshayu\.m2\repository\com\miglayout\miglayout-core\5.3\miglayout-core-5.3.jar;C:\Users\akshayu\.m2\repository\org\jetbrains\lets-plot\lets-plot-batik\3.2.0\lets-plot-batik-3.2.0.jar;C:\Users\akshayu\.m2\repository\org\apache\xmlgraphics\batik-codec\1.16\batik-codec-1.16.jar;C:\Users\akshayu\.m2\repository\org\apache\xmlgraphics\batik-awt-util\1.16\batik-awt-util-1.16.jar;C:\Users\akshayu\.m2\repository\org\apache\xmlgraphics\batik-bridge\1.16\batik-bridge-1.16.jar;C:\Users\akshayu\.m2\repository\org\apache\xmlgraphics\batik-anim\1.16\batik-anim-1.16.jar;C:\Users\akshayu\.m2\repository\org\apache\xmlgraphics\batik-ext\1.16\batik-ext-1.16.jar;C:\Users\akshayu\.m2\repository\org\apache\xmlgraphics\batik-css\1.16\batik-css-1.16.jar;C:\Users\akshayu\.m2\repository\org\apache\xmlgraphics\batik-dom\1.16\batik-dom-1.16.jar;C:\Users\akshayu\.m2\repository\org\apache\xmlgraphics\batik-gvt\1.16\batik-gvt-1.16.jar;C:\Users\akshayu\.m2\repository\org\apache\xmlgraphics\batik-parser\1.16\batik-parser-1.16.jar;C:\Users\akshayu\.m2\repository\org\apache\xmlgraphics\batik-script\1.16\batik-script-1.16.jar;C:\Users\akshayu\.m2\repository\org\apache\xmlgraphics\batik-svg-dom\1.16\batik-svg-dom-1.16.jar;C:\Users\akshayu\.m2\repository\org\apache\xmlgraphics\batik-xml\1.16\batik-xml-1.16.jar;C:\Users\akshayu\.m2\repository\xml-apis\xml-apis-ext\1.3.04\xml-apis-ext-1.3.04.jar;C:\Users\akshayu\.m2\repository\org\apache\xmlgraphics\batik-shared-resources\1.16\batik-shared-resources-1.16.jar;C:\Users\akshayu\.m2\repository\org\apache\xmlgraphics\batik-transcoder\1.16\batik-transcoder-1.16.jar;C:\Users\akshayu\.m2\repository\org\apache\xmlgraphics\batik-svggen\1.16\batik-svggen-1.16.jar;C:\Users\akshayu\.m2\repository\org\apache\xmlgraphics\batik-util\1.16\batik-util-1.16.jar;C:\Users\akshayu\.m2\repository\org\apache\xmlgraphics\batik-constants\1.16\batik-constants-1.16.jar;C:\Users\akshayu\.m2\repository\org\apache\xmlgraphics\batik-i18n\1.16\batik-i18n-1.16.jar;C:\Users\akshayu\.m2\repository\org\jetbrains\lets-plot\lets-plot-common\3.2.0\lets-plot-common-3.2.0.jar;C:\Users\akshayu\.m2\repository\io\github\microutils\kotlin-logging\2.0.5\kotlin-logging-2.0.5.jar;C:\Users\akshayu\.m2\repository\org\jetbrains\kotlinx\kotlinx-html-jvm\0.7.3\kotlinx-html-jvm-0.7.3.jar;C:\Users\akshayu\.m2\repository\org\jetbrains\lets-plot\lets-plot-kotlin-jvm\4.4.1\lets-plot-kotlin-jvm-4.4.1.jar;C:\Users\akshayu\.m2\repository\org\jetbrains\lets-plot\base-portable-jvm\3.2.0\base-portable-jvm-3.2.0.jar;C:\Users\akshayu\.m2\repository\org\jetbrains\lets-plot\plot-base-portable-jvm\3.2.0\plot-base-portable-jvm-3.2.0.jar;C:\Users\akshayu\.m2\repository\org\jetbrains\lets-plot\vis-svg-portable-jvm\3.2.0\vis-svg-portable-jvm-3.2.0.jar;C:\Users\akshayu\.m2\repository\org\jetbrains\lets-plot\plot-common-portable-jvm\3.2.0\plot-common-portable-jvm-3.2.0.jar;C:\Users\akshayu\.m2\repository\org\jetbrains\lets-plot\plot-builder-portable-jvm\3.2.0\plot-builder-portable-jvm-3.2.0.jar;C:\Users\akshayu\.m2\repository\org\jetbrains\lets-plot\plot-config-portable-jvm\3.2.0\plot-config-portable-jvm-3.2.0.jar;C:\Users\akshayu\.m2\repository\org\jetbrains\kotlin\kotlin-stdlib-common\1.7.21\kotlin-stdlib-common-1.7.21.jar;C:\Users\akshayu\.m2\repository\io\github\microutils\kotlin-logging-jvm\2.0.5\kotlin-logging-jvm-2.0.5.jar;C:\Users\akshayu\.m2\repository\org\apache\commons\commons-text\1.10.0\commons-text-1.10.0.jar;C:\Users\akshayu\.m2\repository\org\apache\tika\tika-core\1.28.5\tika-core-1.28.5.jar;C:\Users\akshayu\.m2\repository\org\apache\xmlgraphics\xmlgraphics-commons\2.8\xmlgraphics-commons-2.8.jar;C:\Users\akshayu\.m2\repository\org\jodd\jodd-core\5.0.13\jodd-core-5.0.13.jar;C:\Users\akshayu\.m2\repository\org\jodd\jodd-props\5.0.13\jodd-props-5.0.13.jar;C:\Users\akshayu\.m2\repository\org\mozilla\rhino\1.7.14\rhino-1.7.14.jar;C:\Users\akshayu\.m2\repository\org\slf4j\jcl-over-slf4j\1.7.36\jcl-over-slf4j-1.7.36.jar;C:\Users\akshayu\.m2\repository\org\codehaus\groovy\groovy-dateutil\3.0.17\groovy-dateutil-3.0.17.jar;C:\Users\akshayu\.m2\repository\org\codehaus\groovy\groovy-datetime\3.0.17\groovy-datetime-3.0.17.jar;C:\Users\akshayu\.m2\repository\org\codehaus\groovy\groovy-jmx\3.0.17\groovy-jmx-3.0.17.jar;C:\Users\akshayu\.m2\repository\org\codehaus\groovy\groovy-json\3.0.17\groovy-json-3.0.17.jar;C:\Users\akshayu\.m2\repository\org\codehaus\groovy\groovy-jsr223\3.0.17\groovy-jsr223-3.0.17.jar;C:\Users\akshayu\.m2\repository\org\codehaus\groovy\groovy-sql\3.0.17\groovy-sql-3.0.17.jar;C:\Users\akshayu\.m2\repository\org\codehaus\groovy\groovy-templates\3.0.17\groovy-templates-3.0.17.jar;C:\Users\akshayu\.m2\repository\commons-collections\commons-collections\3.2.2\commons-collections-3.2.2.jar;C:\Users\akshayu\.m2\repository\org\apache\tika\tika-parsers\1.28.5\tika-parsers-1.28.5.jar;C:\Users\akshayu\.m2\repository\xerces\xercesImpl\2.12.2\xercesImpl-2.12.2.jar;C:\Users\akshayu\.m2\repository\org\apache\maven\surefire\surefire-testng\3.2.5\surefire-testng-3.2.5.jar;C:\Users\akshayu\.m2\repository\org\apache\maven\surefire\common-java5\3.2.5\common-java5-3.2.5.jar;C:\Users\akshayu\.m2\repository\org\apache\maven\surefire\surefire-testng-utils\3.2.5\surefire-testng-utils-3.2.5.jar;C:\Users\akshayu\.m2\repository\org\apache\maven\surefire\surefire-grouper\3.2.5\surefire-grouper-3.2.5.jar"/>
    <property name="java.vm.vendor" value="Oracle Corporation"/>
    <property name="sun.arch.data.model" value="64"/>
    <property name="user.variant" value=""/>
    <property name="catalina.useNaming" value="false"/>
    <property name="java.vendor.url" value="https://java.oracle.com/"/>
    <property name="user.timezone" value="Asia/Calcutta"/>
    <property name="os.name" value="Windows 11"/>
    <property name="java.vm.specification.version" value="17"/>
    <property name="sun.java.launcher" value="SUN_STANDARD"/>
    <property name="user.country" value="IN"/>
    <property name="sun.boot.library.path" value="C:\Program Files\Java\jdk-17\bin"/>
    <property name="sun.java.command" value="org.apache.maven.surefire.booter.ForkedBooter C:\Users\akshayu\AppData\Local\Temp\surefire4425390592418385886 2025-10-10T14-41-27_842-jvmRun1 surefire-20251010144127960_1tmp surefire_0-20251010144127960_2tmp"/>
    <property name="jdk.debug" value="release"/>
    <property name="test" value="ApiTestExecutor"/>
    <property name="surefire.test.class.path" value="C:\Users\akshayu\Downloads\playwright-framework 5\playwright-framework 2\playwright-framework\target\test-classes;C:\Users\akshayu\Downloads\playwright-framework 5\playwright-framework 2\playwright-framework\target\classes;C:\Users\akshayu\.m2\repository\com\microsoft\playwright\playwright\1.49.0\playwright-1.49.0.jar;C:\Users\akshayu\.m2\repository\com\google\code\gson\gson\2.11.0\gson-2.11.0.jar;C:\Users\akshayu\.m2\repository\com\google\errorprone\error_prone_annotations\2.27.0\error_prone_annotations-2.27.0.jar;C:\Users\akshayu\.m2\repository\org\opentest4j\opentest4j\1.3.0\opentest4j-1.3.0.jar;C:\Users\akshayu\.m2\repository\com\microsoft\playwright\driver\1.49.0\driver-1.49.0.jar;C:\Users\akshayu\.m2\repository\com\microsoft\playwright\driver-bundle\1.49.0\driver-bundle-1.49.0.jar;C:\Users\akshayu\.m2\repository\org\testng\testng\7.9.0\testng-7.9.0.jar;C:\Users\akshayu\.m2\repository\com\beust\jcommander\1.82\jcommander-1.82.jar;C:\Users\akshayu\.m2\repository\org\webjars\jquery\3.7.1\jquery-3.7.1.jar;C:\Users\akshayu\.m2\repository\org\springframework\boot\spring-boot-starter-web\2.7.18\spring-boot-starter-web-2.7.18.jar;C:\Users\akshayu\.m2\repository\org\springframework\boot\spring-boot-starter\2.7.18\spring-boot-starter-2.7.18.jar;C:\Users\akshayu\.m2\repository\org\springframework\boot\spring-boot\2.7.18\spring-boot-2.7.18.jar;C:\Users\akshayu\.m2\repository\org\springframework\boot\spring-boot-autoconfigure\2.7.18\spring-boot-autoconfigure-2.7.18.jar;C:\Users\akshayu\.m2\repository\org\springframework\boot\spring-boot-starter-logging\2.7.18\spring-boot-starter-logging-2.7.18.jar;C:\Users\akshayu\.m2\repository\org\apache\logging\log4j\log4j-to-slf4j\2.17.2\log4j-to-slf4j-2.17.2.jar;C:\Users\akshayu\.m2\repository\org\slf4j\jul-to-slf4j\1.7.36\jul-to-slf4j-1.7.36.jar;C:\Users\akshayu\.m2\repository\jakarta\annotation\jakarta.annotation-api\1.3.5\jakarta.annotation-api-1.3.5.jar;C:\Users\akshayu\.m2\repository\org\yaml\snakeyaml\1.30\snakeyaml-1.30.jar;C:\Users\akshayu\.m2\repository\org\springframework\boot\spring-boot-starter-json\2.7.18\spring-boot-starter-json-2.7.18.jar;C:\Users\akshayu\.m2\repository\com\fasterxml\jackson\datatype\jackson-datatype-jdk8\2.13.5\jackson-datatype-jdk8-2.13.5.jar;C:\Users\akshayu\.m2\repository\com\fasterxml\jackson\datatype\jackson-datatype-jsr310\2.13.5\jackson-datatype-jsr310-2.13.5.jar;C:\Users\akshayu\.m2\repository\com\fasterxml\jackson\module\jackson-module-parameter-names\2.13.5\jackson-module-parameter-names-2.13.5.jar;C:\Users\akshayu\.m2\repository\org\springframework\boot\spring-boot-starter-tomcat\2.7.18\spring-boot-starter-tomcat-2.7.18.jar;C:\Users\akshayu\.m2\repository\org\apache\tomcat\embed\tomcat-embed-core\9.0.83\tomcat-embed-core-9.0.83.jar;C:\Users\akshayu\.m2\repository\org\apache\tomcat\embed\tomcat-embed-el\9.0.83\tomcat-embed-el-9.0.83.jar;C:\Users\akshayu\.m2\repository\org\apache\tomcat\embed\tomcat-embed-websocket\9.0.83\tomcat-embed-websocket-9.0.83.jar;C:\Users\akshayu\.m2\repository\org\springframework\spring-web\5.3.31\spring-web-5.3.31.jar;C:\Users\akshayu\.m2\repository\org\springframework\spring-beans\5.3.31\spring-beans-5.3.31.jar;C:\Users\akshayu\.m2\repository\org\springframework\spring-webmvc\5.3.31\spring-webmvc-5.3.31.jar;C:\Users\akshayu\.m2\repository\org\springframework\spring-aop\5.3.31\spring-aop-5.3.31.jar;C:\Users\akshayu\.m2\repository\org\springframework\spring-context\5.3.31\spring-context-5.3.31.jar;C:\Users\akshayu\.m2\repository\org\springframework\spring-expression\5.3.31\spring-expression-5.3.31.jar;C:\Users\akshayu\.m2\repository\com\fasterxml\jackson\core\jackson-databind\2.17.2\jackson-databind-2.17.2.jar;C:\Users\akshayu\.m2\repository\com\fasterxml\jackson\core\jackson-annotations\2.17.2\jackson-annotations-2.17.2.jar;C:\Users\akshayu\.m2\repository\com\fasterxml\jackson\core\jackson-core\2.17.2\jackson-core-2.17.2.jar;C:\Users\akshayu\.m2\repository\org\slf4j\slf4j-api\1.7.36\slf4j-api-1.7.36.jar;C:\Users\akshayu\.m2\repository\ch\qos\logback\logback-classic\1.2.12\logback-classic-1.2.12.jar;C:\Users\akshayu\.m2\repository\ch\qos\logback\logback-core\1.2.12\logback-core-1.2.12.jar;C:\Users\akshayu\.m2\repository\org\apache\poi\poi\5.2.5\poi-5.2.5.jar;C:\Users\akshayu\.m2\repository\commons-codec\commons-codec\1.16.0\commons-codec-1.16.0.jar;C:\Users\akshayu\.m2\repository\org\apache\commons\commons-collections4\4.4\commons-collections4-4.4.jar;C:\Users\akshayu\.m2\repository\org\apache\commons\commons-math3\3.6.1\commons-math3-3.6.1.jar;C:\Users\akshayu\.m2\repository\commons-io\commons-io\2.15.0\commons-io-2.15.0.jar;C:\Users\akshayu\.m2\repository\com\zaxxer\SparseBitSet\1.3\SparseBitSet-1.3.jar;C:\Users\akshayu\.m2\repository\org\apache\logging\log4j\log4j-api\2.21.1\log4j-api-2.21.1.jar;C:\Users\akshayu\.m2\repository\org\apache\poi\poi-ooxml\5.2.5\poi-ooxml-5.2.5.jar;C:\Users\akshayu\.m2\repository\org\apache\poi\poi-ooxml-lite\5.2.5\poi-ooxml-lite-5.2.5.jar;C:\Users\akshayu\.m2\repository\org\apache\xmlbeans\xmlbeans\5.2.0\xmlbeans-5.2.0.jar;C:\Users\akshayu\.m2\repository\org\apache\commons\commons-compress\1.25.0\commons-compress-1.25.0.jar;C:\Users\akshayu\.m2\repository\com\github\virtuald\curvesapi\1.08\curvesapi-1.08.jar;C:\Users\akshayu\.m2\repository\com\aventstack\extentreports\5.1.2\extentreports-5.1.2.jar;C:\Users\akshayu\.m2\repository\io\reactivex\rxjava3\rxjava\3.1.6\rxjava-3.1.6.jar;C:\Users\akshayu\.m2\repository\org\reactivestreams\reactive-streams\1.0.4\reactive-streams-1.0.4.jar;C:\Users\akshayu\.m2\repository\org\freemarker\freemarker\2.3.32\freemarker-2.3.32.jar;C:\Users\akshayu\.m2\repository\org\projectlombok\lombok\1.18.26\lombok-1.18.26.jar;C:\Users\akshayu\.m2\repository\io\qameta\allure\allure-testng\2.24.0\allure-testng-2.24.0.jar;C:\Users\akshayu\.m2\repository\io\qameta\allure\allure-java-commons\2.24.0\allure-java-commons-2.24.0.jar;C:\Users\akshayu\.m2\repository\io\qameta\allure\allure-model\2.24.0\allure-model-2.24.0.jar;C:\Users\akshayu\.m2\repository\io\qameta\allure\allure-test-filter\2.24.0\allure-test-filter-2.24.0.jar;C:\Users\akshayu\.m2\repository\io\rest-assured\rest-assured\5.3.2\rest-assured-5.3.2.jar;C:\Users\akshayu\.m2\repository\org\apache\groovy\groovy\4.0.11\groovy-4.0.11.jar;C:\Users\akshayu\.m2\repository\org\apache\groovy\groovy-xml\4.0.11\groovy-xml-4.0.11.jar;C:\Users\akshayu\.m2\repository\org\apache\httpcomponents\httpclient\4.5.13\httpclient-4.5.13.jar;C:\Users\akshayu\.m2\repository\org\apache\httpcomponents\httpcore\4.4.13\httpcore-4.4.13.jar;C:\Users\akshayu\.m2\repository\commons-logging\commons-logging\1.2\commons-logging-1.2.jar;C:\Users\akshayu\.m2\repository\org\apache\httpcomponents\httpmime\4.5.13\httpmime-4.5.13.jar;C:\Users\akshayu\.m2\repository\org\hamcrest\hamcrest\2.2\hamcrest-2.2.jar;C:\Users\akshayu\.m2\repository\org\ccil\cowan\tagsoup\tagsoup\1.2.1\tagsoup-1.2.1.jar;C:\Users\akshayu\.m2\repository\io\rest-assured\json-path\5.3.2\json-path-5.3.2.jar;C:\Users\akshayu\.m2\repository\org\apache\groovy\groovy-json\4.0.11\groovy-json-4.0.11.jar;C:\Users\akshayu\.m2\repository\io\rest-assured\rest-assured-common\5.3.2\rest-assured-common-5.3.2.jar;C:\Users\akshayu\.m2\repository\io\rest-assured\xml-path\5.3.2\xml-path-5.3.2.jar;C:\Users\akshayu\.m2\repository\org\springframework\boot\spring-boot-starter-test\2.7.18\spring-boot-starter-test-2.7.18.jar;C:\Users\akshayu\.m2\repository\org\springframework\boot\spring-boot-test\2.7.18\spring-boot-test-2.7.18.jar;C:\Users\akshayu\.m2\repository\org\springframework\boot\spring-boot-test-autoconfigure\2.7.18\spring-boot-test-autoconfigure-2.7.18.jar;C:\Users\akshayu\.m2\repository\com\jayway\jsonpath\json-path\2.7.0\json-path-2.7.0.jar;C:\Users\akshayu\.m2\repository\net\minidev\json-smart\2.4.7\json-smart-2.4.7.jar;C:\Users\akshayu\.m2\repository\net\minidev\accessors-smart\2.4.7\accessors-smart-2.4.7.jar;C:\Users\akshayu\.m2\repository\jakarta\xml\bind\jakarta.xml.bind-api\2.3.3\jakarta.xml.bind-api-2.3.3.jar;C:\Users\akshayu\.m2\repository\jakarta\activation\jakarta.activation-api\1.2.2\jakarta.activation-api-1.2.2.jar;C:\Users\akshayu\.m2\repository\org\assertj\assertj-core\3.22.0\assertj-core-3.22.0.jar;C:\Users\akshayu\.m2\repository\org\junit\jupiter\junit-jupiter\5.8.2\junit-jupiter-5.8.2.jar;C:\Users\akshayu\.m2\repository\org\junit\jupiter\junit-jupiter-api\5.8.2\junit-jupiter-api-5.8.2.jar;C:\Users\akshayu\.m2\repository\org\junit\platform\junit-platform-commons\1.8.2\junit-platform-commons-1.8.2.jar;C:\Users\akshayu\.m2\repository\org\junit\jupiter\junit-jupiter-params\5.8.2\junit-jupiter-params-5.8.2.jar;C:\Users\akshayu\.m2\repository\org\junit\jupiter\junit-jupiter-engine\5.8.2\junit-jupiter-engine-5.8.2.jar;C:\Users\akshayu\.m2\repository\org\junit\platform\junit-platform-engine\1.8.2\junit-platform-engine-1.8.2.jar;C:\Users\akshayu\.m2\repository\org\mockito\mockito-core\4.5.1\mockito-core-4.5.1.jar;C:\Users\akshayu\.m2\repository\net\bytebuddy\byte-buddy\1.12.9\byte-buddy-1.12.9.jar;C:\Users\akshayu\.m2\repository\net\bytebuddy\byte-buddy-agent\1.12.9\byte-buddy-agent-1.12.9.jar;C:\Users\akshayu\.m2\repository\org\objenesis\objenesis\3.2\objenesis-3.2.jar;C:\Users\akshayu\.m2\repository\org\mockito\mockito-junit-jupiter\4.5.1\mockito-junit-jupiter-4.5.1.jar;C:\Users\akshayu\.m2\repository\org\skyscreamer\jsonassert\1.5.1\jsonassert-1.5.1.jar;C:\Users\akshayu\.m2\repository\com\vaadin\external\google\android-json\0.0.20131108.vaadin1\android-json-0.0.20131108.vaadin1.jar;C:\Users\akshayu\.m2\repository\org\springframework\spring-core\5.3.31\spring-core-5.3.31.jar;C:\Users\akshayu\.m2\repository\org\springframework\spring-jcl\5.3.31\spring-jcl-5.3.31.jar;C:\Users\akshayu\.m2\repository\org\springframework\spring-test\5.3.31\spring-test-5.3.31.jar;C:\Users\akshayu\.m2\repository\org\xmlunit\xmlunit-core\2.9.1\xmlunit-core-2.9.1.jar;C:\Users\akshayu\.m2\repository\com\github\tomakehurst\wiremock-jre8\2.35.0\wiremock-jre8-2.35.0.jar;C:\Users\akshayu\.m2\repository\org\eclipse\jetty\jetty-server\9.4.49.v20220914\jetty-server-9.4.49.v20220914.jar;C:\Users\akshayu\.m2\repository\javax\servlet\javax.servlet-api\3.1.0\javax.servlet-api-3.1.0.jar;C:\Users\akshayu\.m2\repository\org\eclipse\jetty\jetty-http\9.4.49.v20220914\jetty-http-9.4.49.v20220914.jar;C:\Users\akshayu\.m2\repository\org\eclipse\jetty\jetty-io\9.4.49.v20220914\jetty-io-9.4.49.v20220914.jar;C:\Users\akshayu\.m2\repository\org\eclipse\jetty\jetty-servlet\9.4.49.v20220914\jetty-servlet-9.4.49.v20220914.jar;C:\Users\akshayu\.m2\repository\org\eclipse\jetty\jetty-security\9.4.49.v20220914\jetty-security-9.4.49.v20220914.jar;C:\Users\akshayu\.m2\repository\org\eclipse\jetty\jetty-util-ajax\9.4.49.v20220914\jetty-util-ajax-9.4.49.v20220914.jar;C:\Users\akshayu\.m2\repository\org\eclipse\jetty\jetty-servlets\9.4.49.v20220914\jetty-servlets-9.4.49.v20220914.jar;C:\Users\akshayu\.m2\repository\org\eclipse\jetty\jetty-continuation\9.4.49.v20220914\jetty-continuation-9.4.49.v20220914.jar;C:\Users\akshayu\.m2\repository\org\eclipse\jetty\jetty-util\9.4.49.v20220914\jetty-util-9.4.49.v20220914.jar;C:\Users\akshayu\.m2\repository\org\eclipse\jetty\jetty-webapp\9.4.49.v20220914\jetty-webapp-9.4.49.v20220914.jar;C:\Users\akshayu\.m2\repository\org\eclipse\jetty\jetty-xml\9.4.49.v20220914\jetty-xml-9.4.49.v20220914.jar;C:\Users\akshayu\.m2\repository\org\eclipse\jetty\jetty-proxy\9.4.49.v20220914\jetty-proxy-9.4.49.v20220914.jar;C:\Users\akshayu\.m2\repository\org\eclipse\jetty\jetty-client\9.4.49.v20220914\jetty-client-9.4.49.v20220914.jar;C:\Users\akshayu\.m2\repository\org\eclipse\jetty\http2\http2-server\9.4.49.v20220914\http2-server-9.4.49.v20220914.jar;C:\Users\akshayu\.m2\repository\org\eclipse\jetty\http2\http2-common\9.4.49.v20220914\http2-common-9.4.49.v20220914.jar;C:\Users\akshayu\.m2\repository\org\eclipse\jetty\http2\http2-hpack\9.4.49.v20220914\http2-hpack-9.4.49.v20220914.jar;C:\Users\akshayu\.m2\repository\org\eclipse\jetty\jetty-alpn-server\9.4.49.v20220914\jetty-alpn-server-9.4.49.v20220914.jar;C:\Users\akshayu\.m2\repository\org\eclipse\jetty\jetty-alpn-java-server\9.4.49.v20220914\jetty-alpn-java-server-9.4.49.v20220914.jar;C:\Users\akshayu\.m2\repository\org\eclipse\jetty\jetty-alpn-openjdk8-server\9.4.49.v20220914\jetty-alpn-openjdk8-server-9.4.49.v20220914.jar;C:\Users\akshayu\.m2\repository\org\eclipse\jetty\jetty-alpn-java-client\9.4.49.v20220914\jetty-alpn-java-client-9.4.49.v20220914.jar;C:\Users\akshayu\.m2\repository\org\eclipse\jetty\jetty-alpn-client\9.4.49.v20220914\jetty-alpn-client-9.4.49.v20220914.jar;C:\Users\akshayu\.m2\repository\org\eclipse\jetty\jetty-alpn-openjdk8-client\9.4.49.v20220914\jetty-alpn-openjdk8-client-9.4.49.v20220914.jar;C:\Users\akshayu\.m2\repository\com\google\guava\guava\31.1-jre\guava-31.1-jre.jar;C:\Users\akshayu\.m2\repository\com\google\guava\failureaccess\1.0.1\failureaccess-1.0.1.jar;C:\Users\akshayu\.m2\repository\com\google\guava\listenablefuture\9999.0-empty-to-avoid-conflict-with-guava\listenablefuture-9999.0-empty-to-avoid-conflict-with-guava.jar;C:\Users\akshayu\.m2\repository\com\google\code\findbugs\jsr305\3.0.2\jsr305-3.0.2.jar;C:\Users\akshayu\.m2\repository\org\checkerframework\checker-qual\3.12.0\checker-qual-3.12.0.jar;C:\Users\akshayu\.m2\repository\com\google\j2objc\j2objc-annotations\1.3\j2objc-annotations-1.3.jar;C:\Users\akshayu\.m2\repository\org\apache\httpcomponents\client5\httpclient5\5.1.3\httpclient5-5.1.3.jar;C:\Users\akshayu\.m2\repository\org\apache\httpcomponents\core5\httpcore5\5.1.3\httpcore5-5.1.3.jar;C:\Users\akshayu\.m2\repository\org\apache\httpcomponents\core5\httpcore5-h2\5.1.3\httpcore5-h2-5.1.3.jar;C:\Users\akshayu\.m2\repository\org\xmlunit\xmlunit-legacy\2.9.0\xmlunit-legacy-2.9.0.jar;C:\Users\akshayu\.m2\repository\org\xmlunit\xmlunit-placeholders\2.9.0\xmlunit-placeholders-2.9.0.jar;C:\Users\akshayu\.m2\repository\net\javacrumbs\json-unit\json-unit-core\2.36.0\json-unit-core-2.36.0.jar;C:\Users\akshayu\.m2\repository\org\hamcrest\hamcrest-core\2.2\hamcrest-core-2.2.jar;C:\Users\akshayu\.m2\repository\org\ow2\asm\asm\9.4\asm-9.4.jar;C:\Users\akshayu\.m2\repository\net\sf\jopt-simple\jopt-simple\5.0.4\jopt-simple-5.0.4.jar;C:\Users\akshayu\.m2\repository\org\apache\commons\commons-lang3\3.12.0\commons-lang3-3.12.0.jar;C:\Users\akshayu\.m2\repository\com\github\jknack\handlebars\4.3.1\handlebars-4.3.1.jar;C:\Users\akshayu\.m2\repository\com\github\jknack\handlebars-helpers\4.3.1\handlebars-helpers-4.3.1.jar;C:\Users\akshayu\.m2\repository\commons-fileupload\commons-fileupload\1.4\commons-fileupload-1.4.jar;C:\Users\akshayu\.m2\repository\org\testcontainers\testcontainers\1.19.3\testcontainers-1.19.3.jar;C:\Users\akshayu\.m2\repository\junit\junit\4.13.2\junit-4.13.2.jar;C:\Users\akshayu\.m2\repository\org\rnorth\duct-tape\duct-tape\1.0.8\duct-tape-1.0.8.jar;C:\Users\akshayu\.m2\repository\org\jetbrains\annotations\17.0.0\annotations-17.0.0.jar;C:\Users\akshayu\.m2\repository\com\github\docker-java\docker-java-api\3.3.4\docker-java-api-3.3.4.jar;C:\Users\akshayu\.m2\repository\com\github\docker-java\docker-java-transport-zerodep\3.3.4\docker-java-transport-zerodep-3.3.4.jar;C:\Users\akshayu\.m2\repository\com\github\docker-java\docker-java-transport\3.3.4\docker-java-transport-3.3.4.jar;C:\Users\akshayu\.m2\repository\net\java\dev\jna\jna\5.13.0\jna-5.13.0.jar;C:\Users\akshayu\.m2\repository\org\testcontainers\kafka\1.19.3\kafka-1.19.3.jar;C:\Users\akshayu\.m2\repository\org\apache\kafka\kafka-clients\3.6.1\kafka-clients-3.6.1.jar;C:\Users\akshayu\.m2\repository\com\github\luben\zstd-jni\1.5.5-1\zstd-jni-1.5.5-1.jar;C:\Users\akshayu\.m2\repository\org\lz4\lz4-java\1.8.0\lz4-java-1.8.0.jar;C:\Users\akshayu\.m2\repository\org\xerial\snappy\snappy-java\1.1.10.5\snappy-java-1.1.10.5.jar;C:\Users\akshayu\.m2\repository\org\eclipse\milo\sdk-client\0.6.15\sdk-client-0.6.15.jar;C:\Users\akshayu\.m2\repository\org\eclipse\milo\stack-client\0.6.15\stack-client-0.6.15.jar;C:\Users\akshayu\.m2\repository\org\eclipse\milo\stack-core\0.6.15\stack-core-0.6.15.jar;C:\Users\akshayu\.m2\repository\org\bouncycastle\bcprov-jdk18on\1.78.1\bcprov-jdk18on-1.78.1.jar;C:\Users\akshayu\.m2\repository\org\bouncycastle\bcpkix-jdk18on\1.78.1\bcpkix-jdk18on-1.78.1.jar;C:\Users\akshayu\.m2\repository\org\bouncycastle\bcutil-jdk18on\1.78.1\bcutil-jdk18on-1.78.1.jar;C:\Users\akshayu\.m2\repository\io\netty\netty-codec\4.1.112.Final\netty-codec-4.1.112.Final.jar;C:\Users\akshayu\.m2\repository\io\netty\netty-handler\4.1.112.Final\netty-handler-4.1.112.Final.jar;C:\Users\akshayu\.m2\repository\io\netty\netty-resolver\4.1.112.Final\netty-resolver-4.1.112.Final.jar;C:\Users\akshayu\.m2\repository\io\netty\netty-transport-native-unix-common\4.1.112.Final\netty-transport-native-unix-common-4.1.112.Final.jar;C:\Users\akshayu\.m2\repository\org\glassfish\jaxb\jaxb-runtime\2.3.6\jaxb-runtime-2.3.6.jar;C:\Users\akshayu\.m2\repository\org\glassfish\jaxb\txw2\2.3.6\txw2-2.3.6.jar;C:\Users\akshayu\.m2\repository\com\sun\istack\istack-commons-runtime\3.0.12\istack-commons-runtime-3.0.12.jar;C:\Users\akshayu\.m2\repository\com\sun\activation\jakarta.activation\1.2.2\jakarta.activation-1.2.2.jar;C:\Users\akshayu\.m2\repository\com\digitalpetri\netty\netty-channel-fsm\0.9\netty-channel-fsm-0.9.jar;C:\Users\akshayu\.m2\repository\com\digitalpetri\fsm\strict-machine\0.7\strict-machine-0.7.jar;C:\Users\akshayu\.m2\repository\io\netty\netty-codec-http\4.1.112.Final\netty-codec-http-4.1.112.Final.jar;C:\Users\akshayu\.m2\repository\io\netty\netty-common\4.1.112.Final\netty-common-4.1.112.Final.jar;C:\Users\akshayu\.m2\repository\io\netty\netty-buffer\4.1.112.Final\netty-buffer-4.1.112.Final.jar;C:\Users\akshayu\.m2\repository\io\netty\netty-transport\4.1.112.Final\netty-transport-4.1.112.Final.jar;C:\Users\akshayu\.m2\repository\org\eclipse\milo\sdk-core\0.6.15\sdk-core-0.6.15.jar;C:\Users\akshayu\.m2\repository\com\networknt\json-schema-validator\1.3.0\json-schema-validator-1.3.0.jar;C:\Users\akshayu\.m2\repository\com\ethlo\time\itu\1.8.0\itu-1.8.0.jar;C:\Users\akshayu\.m2\repository\com\fasterxml\jackson\dataformat\jackson-dataformat-yaml\2.15.3\jackson-dataformat-yaml-2.15.3.jar;C:\Users\akshayu\.m2\repository\org\apache\jmeter\ApacheJMeter_core\5.6.2\ApacheJMeter_core-5.6.2.jar;C:\Users\akshayu\.m2\repository\org\apache\jmeter\ApacheJMeter\5.6.2\ApacheJMeter-5.6.2.jar;C:\Users\akshayu\.m2\repository\org\apache\jmeter\jorphan\5.6.2\jorphan-5.6.2.jar;C:\Users\akshayu\.m2\repository\bsf\bsf\2.4.0\bsf-2.4.0.jar;C:\Users\akshayu\.m2\repository\com\fifesoft\rsyntaxtextarea\3.3.3\rsyntaxtextarea-3.3.3.jar;C:\Users\akshayu\.m2\repository\net\sf\jtidy\jtidy\r938\jtidy-r938.jar;C:\Users\akshayu\.m2\repository\com\thoughtworks\xstream\xstream\1.4.20\xstream-1.4.20.jar;C:\Users\akshayu\.m2\repository\io\github\x-stream\mxparser\1.2.2\mxparser-1.2.2.jar;C:\Users\akshayu\.m2\repository\xmlpull\xmlpull\1.1.3.1\xmlpull-1.1.3.1.jar;C:\Users\akshayu\.m2\repository\org\apache\logging\log4j\log4j-1.2-api\2.20.0\log4j-1.2-api-2.20.0.jar;C:\Users\akshayu\.m2\repository\org\apache\logging\log4j\log4j-core\2.20.0\log4j-core-2.20.0.jar;C:\Users\akshayu\.m2\repository\org\apache\logging\log4j\log4j-slf4j-impl\2.20.0\log4j-slf4j-impl-2.20.0.jar;C:\Users\akshayu\.m2\repository\org\apiguardian\apiguardian-api\1.1.2\apiguardian-api-1.1.2.jar;C:\Users\akshayu\.m2\repository\oro\oro\2.0.8\oro-2.0.8.jar;C:\Users\akshayu\.m2\repository\xalan\xalan\2.7.3\xalan-2.7.3.jar;C:\Users\akshayu\.m2\repository\xalan\serializer\2.7.3\serializer-2.7.3.jar;C:\Users\akshayu\.m2\repository\xml-apis\xml-apis\1.4.01\xml-apis-1.4.01.jar;C:\Users\akshayu\.m2\repository\net\sf\saxon\Saxon-HE\11.5\Saxon-HE-11.5.jar;C:\Users\akshayu\.m2\repository\org\xmlresolver\xmlresolver\4.6.4\xmlresolver-4.6.4.jar;C:\Users\akshayu\.m2\repository\org\xmlresolver\xmlresolver\4.6.4\xmlresolver-4.6.4-data.jar;C:\Users\akshayu\.m2\repository\org\jetbrains\kotlin\kotlin-stdlib-jdk8\1.8.22\kotlin-stdlib-jdk8-1.8.22.jar;C:\Users\akshayu\.m2\repository\org\jetbrains\kotlin\kotlin-stdlib\1.8.22\kotlin-stdlib-1.8.22.jar;C:\Users\akshayu\.m2\repository\org\jetbrains\kotlin\kotlin-stdlib-jdk7\1.8.22\kotlin-stdlib-jdk7-1.8.22.jar;C:\Users\akshayu\.m2\repository\com\google\auto\service\auto-service-annotations\1.1.1\auto-service-annotations-1.1.1.jar;C:\Users\akshayu\.m2\repository\org\jetbrains\kotlinx\kotlinx-coroutines-core\1.7.1\kotlinx-coroutines-core-1.7.1.jar;C:\Users\akshayu\.m2\repository\org\jetbrains\kotlinx\kotlinx-coroutines-core-jvm\1.7.1\kotlinx-coroutines-core-jvm-1.7.1.jar;C:\Users\akshayu\.m2\repository\org\jetbrains\kotlinx\kotlinx-coroutines-swing\1.7.1\kotlinx-coroutines-swing-1.7.1.jar;C:\Users\akshayu\.m2\repository\com\formdev\svgSalamander\1.1.4\svgSalamander-1.1.4.jar;C:\Users\akshayu\.m2\repository\com\github\ben-manes\caffeine\caffeine\2.9.3\caffeine-2.9.3.jar;C:\Users\akshayu\.m2\repository\com\github\weisj\darklaf-core\2.7.3\darklaf-core-2.7.3.jar;C:\Users\akshayu\.m2\repository\com\github\weisj\darklaf-utils\2.7.3\darklaf-utils-2.7.3.jar;C:\Users\akshayu\.m2\repository\com\github\weisj\darklaf-native-utils\2.7.3\darklaf-native-utils-2.7.3.jar;C:\Users\akshayu\.m2\repository\com\github\weisj\darklaf-platform-base\2.7.3\darklaf-platform-base-2.7.3.jar;C:\Users\akshayu\.m2\repository\com\github\weisj\darklaf-windows\2.7.3\darklaf-windows-2.7.3.jar;C:\Users\akshayu\.m2\repository\com\github\weisj\darklaf-macos\2.7.3\darklaf-macos-2.7.3.jar;C:\Users\akshayu\.m2\repository\com\github\weisj\swing-extensions-laf-support\0.1.3\swing-extensions-laf-support-0.1.3.jar;C:\Users\akshayu\.m2\repository\com\github\weisj\darklaf-theme\2.7.3\darklaf-theme-2.7.3.jar;C:\Users\akshayu\.m2\repository\com\github\weisj\darklaf-property-loader\2.7.3\darklaf-property-loader-2.7.3.jar;C:\Users\akshayu\.m2\repository\com\github\weisj\swing-extensions-visual-padding\0.1.3\swing-extensions-visual-padding-0.1.3.jar;C:\Users\akshayu\.m2\repository\com\github\weisj\darklaf-extensions-rsyntaxarea\0.3.4\darklaf-extensions-rsyntaxarea-0.3.4.jar;C:\Users\akshayu\.m2\repository\com\miglayout\miglayout-swing\5.3\miglayout-swing-5.3.jar;C:\Users\akshayu\.m2\repository\com\miglayout\miglayout-core\5.3\miglayout-core-5.3.jar;C:\Users\akshayu\.m2\repository\org\jetbrains\lets-plot\lets-plot-batik\3.2.0\lets-plot-batik-3.2.0.jar;C:\Users\akshayu\.m2\repository\org\apache\xmlgraphics\batik-codec\1.16\batik-codec-1.16.jar;C:\Users\akshayu\.m2\repository\org\apache\xmlgraphics\batik-awt-util\1.16\batik-awt-util-1.16.jar;C:\Users\akshayu\.m2\repository\org\apache\xmlgraphics\batik-bridge\1.16\batik-bridge-1.16.jar;C:\Users\akshayu\.m2\repository\org\apache\xmlgraphics\batik-anim\1.16\batik-anim-1.16.jar;C:\Users\akshayu\.m2\repository\org\apache\xmlgraphics\batik-ext\1.16\batik-ext-1.16.jar;C:\Users\akshayu\.m2\repository\org\apache\xmlgraphics\batik-css\1.16\batik-css-1.16.jar;C:\Users\akshayu\.m2\repository\org\apache\xmlgraphics\batik-dom\1.16\batik-dom-1.16.jar;C:\Users\akshayu\.m2\repository\org\apache\xmlgraphics\batik-gvt\1.16\batik-gvt-1.16.jar;C:\Users\akshayu\.m2\repository\org\apache\xmlgraphics\batik-parser\1.16\batik-parser-1.16.jar;C:\Users\akshayu\.m2\repository\org\apache\xmlgraphics\batik-script\1.16\batik-script-1.16.jar;C:\Users\akshayu\.m2\repository\org\apache\xmlgraphics\batik-svg-dom\1.16\batik-svg-dom-1.16.jar;C:\Users\akshayu\.m2\repository\org\apache\xmlgraphics\batik-xml\1.16\batik-xml-1.16.jar;C:\Users\akshayu\.m2\repository\xml-apis\xml-apis-ext\1.3.04\xml-apis-ext-1.3.04.jar;C:\Users\akshayu\.m2\repository\org\apache\xmlgraphics\batik-shared-resources\1.16\batik-shared-resources-1.16.jar;C:\Users\akshayu\.m2\repository\org\apache\xmlgraphics\batik-transcoder\1.16\batik-transcoder-1.16.jar;C:\Users\akshayu\.m2\repository\org\apache\xmlgraphics\batik-svggen\1.16\batik-svggen-1.16.jar;C:\Users\akshayu\.m2\repository\org\apache\xmlgraphics\batik-util\1.16\batik-util-1.16.jar;C:\Users\akshayu\.m2\repository\org\apache\xmlgraphics\batik-constants\1.16\batik-constants-1.16.jar;C:\Users\akshayu\.m2\repository\org\apache\xmlgraphics\batik-i18n\1.16\batik-i18n-1.16.jar;C:\Users\akshayu\.m2\repository\org\jetbrains\lets-plot\lets-plot-common\3.2.0\lets-plot-common-3.2.0.jar;C:\Users\akshayu\.m2\repository\io\github\microutils\kotlin-logging\2.0.5\kotlin-logging-2.0.5.jar;C:\Users\akshayu\.m2\repository\org\jetbrains\kotlinx\kotlinx-html-jvm\0.7.3\kotlinx-html-jvm-0.7.3.jar;C:\Users\akshayu\.m2\repository\org\jetbrains\lets-plot\lets-plot-kotlin-jvm\4.4.1\lets-plot-kotlin-jvm-4.4.1.jar;C:\Users\akshayu\.m2\repository\org\jetbrains\lets-plot\base-portable-jvm\3.2.0\base-portable-jvm-3.2.0.jar;C:\Users\akshayu\.m2\repository\org\jetbrains\lets-plot\plot-base-portable-jvm\3.2.0\plot-base-portable-jvm-3.2.0.jar;C:\Users\akshayu\.m2\repository\org\jetbrains\lets-plot\vis-svg-portable-jvm\3.2.0\vis-svg-portable-jvm-3.2.0.jar;C:\Users\akshayu\.m2\repository\org\jetbrains\lets-plot\plot-common-portable-jvm\3.2.0\plot-common-portable-jvm-3.2.0.jar;C:\Users\akshayu\.m2\repository\org\jetbrains\lets-plot\plot-builder-portable-jvm\3.2.0\plot-builder-portable-jvm-3.2.0.jar;C:\Users\akshayu\.m2\repository\org\jetbrains\lets-plot\plot-config-portable-jvm\3.2.0\plot-config-portable-jvm-3.2.0.jar;C:\Users\akshayu\.m2\repository\org\jetbrains\kotlin\kotlin-stdlib-common\1.7.21\kotlin-stdlib-common-1.7.21.jar;C:\Users\akshayu\.m2\repository\io\github\microutils\kotlin-logging-jvm\2.0.5\kotlin-logging-jvm-2.0.5.jar;C:\Users\akshayu\.m2\repository\org\apache\commons\commons-text\1.10.0\commons-text-1.10.0.jar;C:\Users\akshayu\.m2\repository\org\apache\tika\tika-core\1.28.5\tika-core-1.28.5.jar;C:\Users\akshayu\.m2\repository\org\apache\xmlgraphics\xmlgraphics-commons\2.8\xmlgraphics-commons-2.8.jar;C:\Users\akshayu\.m2\repository\org\jodd\jodd-core\5.0.13\jodd-core-5.0.13.jar;C:\Users\akshayu\.m2\repository\org\jodd\jodd-props\5.0.13\jodd-props-5.0.13.jar;C:\Users\akshayu\.m2\repository\org\mozilla\rhino\1.7.14\rhino-1.7.14.jar;C:\Users\akshayu\.m2\repository\org\slf4j\jcl-over-slf4j\1.7.36\jcl-over-slf4j-1.7.36.jar;C:\Users\akshayu\.m2\repository\org\codehaus\groovy\groovy-dateutil\3.0.17\groovy-dateutil-3.0.17.jar;C:\Users\akshayu\.m2\repository\org\codehaus\groovy\groovy-datetime\3.0.17\groovy-datetime-3.0.17.jar;C:\Users\akshayu\.m2\repository\org\codehaus\groovy\groovy-jmx\3.0.17\groovy-jmx-3.0.17.jar;C:\Users\akshayu\.m2\repository\org\codehaus\groovy\groovy-json\3.0.17\groovy-json-3.0.17.jar;C:\Users\akshayu\.m2\repository\org\codehaus\groovy\groovy-jsr223\3.0.17\groovy-jsr223-3.0.17.jar;C:\Users\akshayu\.m2\repository\org\codehaus\groovy\groovy-sql\3.0.17\groovy-sql-3.0.17.jar;C:\Users\akshayu\.m2\repository\org\codehaus\groovy\groovy-templates\3.0.17\groovy-templates-3.0.17.jar;C:\Users\akshayu\.m2\repository\commons-collections\commons-collections\3.2.2\commons-collections-3.2.2.jar;C:\Users\akshayu\.m2\repository\org\apache\tika\tika-parsers\1.28.5\tika-parsers-1.28.5.jar;C:\Users\akshayu\.m2\repository\xerces\xercesImpl\2.12.2\xercesImpl-2.12.2.jar;"/>
    <property name="sun.cpu.endian" value="little"/>
    <property name="user.home" value="C:\Users\akshayu"/>
    <property name="user.language" value="en"/>
    <property name="java.specification.vendor" value="Oracle Corporation"/>
    <property name="java.version.date" value="2023-07-18"/>
    <property name="java.home" value="C:\Program Files\Java\jdk-17"/>
    <property name="file.separator" value="\"/>
    <property name="basedir" value="C:\Users\akshayu\Downloads\playwright-framework 5\playwright-framework 2\playwright-framework"/>
    <property name="java.vm.compressedOopsMode" value="Zero based"/>
    <property name="line.separator" value="&#10;"/>
    <property name="java.vm.specification.vendor" value="Oracle Corporation"/>
    <property name="java.specification.name" value="Java Platform API Specification"/>
    <property name="FILE_LOG_CHARSET" value="windows-1252"/>
    <property name="java.awt.headless" value="true"/>
    <property name="user.script" value=""/>
    <property name="sun.management.compiler" value="HotSpot 64-Bit Tiered Compilers"/>
    <property name="java.runtime.version" value="17.0.8+9-LTS-211"/>
    <property name="user.name" value="Akshayu"/>
    <property name="path.separator" value=";"/>
    <property name="os.version" value="10.0"/>
    <property name="java.runtime.name" value="Java(TM) SE Runtime Environment"/>
    <property name="logging.level.org.springframework" value="WARN"/>
    <property name="file.encoding" value="Cp1252"/>
    <property name="spring.beaninfo.ignore" value="true"/>
    <property name="server.port" value="8085"/>
    <property name="java.vm.name" value="Java HotSpot(TM) 64-Bit Server VM"/>
    <property name="localRepository" value="C:\Users\akshayu\.m2\repository"/>
    <property name="java.vendor.url.bug" value="https://bugreport.java.com/bugreport/"/>
    <property name="java.io.tmpdir" value="C:\Users\akshayu\AppData\Local\Temp\"/>
    <property name="catalina.home" value="C:\Users\akshayu\AppData\Local\Temp\tomcat.8085.7222841759490002934"/>
    <property name="java.version" value="17.0.8"/>
    <property name="user.dir" value="C:\Users\akshayu\Downloads\playwright-framework 5\playwright-framework 2\playwright-framework"/>
    <property name="os.arch" value="amd64"/>
    <property name="java.vm.specification.name" value="Java Virtual Machine Specification"/>
    <property name="PID" value="17304"/>
    <property name="sun.os.patch.level" value=""/>
    <property name="CONSOLE_LOG_CHARSET" value="windows-1252"/>
    <property name="catalina.base" value="C:\Users\akshayu\AppData\Local\Temp\tomcat.8085.7222841759490002934"/>
    <property name="native.encoding" value="Cp1252"/>
    <property name="java.library.path" value="C:\Program Files\Java\jdk-17\bin;C:\WINDOWS\Sun\Java\bin;C:\WINDOWS\system32;C:\WINDOWS;C:\Program Files\Java\jdk-17\bin;C:\Program Files\Git\cmd;C:\Users\akshayu\AppData\Local\Programs\cursor\resources\app\bin;;."/>
    <property name="java.vm.info" value="mixed mode, sharing"/>
    <property name="java.vendor" value="Oracle Corporation"/>
    <property name="java.vm.version" value="17.0.8+9-LTS-211"/>
    <property name="logging.level.org.apache.catalina" value="WARN"/>
    <property name="sun.io.unicode.encoding" value="UnicodeLittle"/>
    <property name="java.class.version" value="61.0"/>
  </properties>
  <testcase name="testBrowseTags" classname="tests.ApiTestExecutor" time="0.129">
    <system-out><![CDATA[Loaded comprehensive test configuration
Starting unified mock server...
14:41:35.611 [main] WARN  o.s.b.a.g.t.GroovyTemplateAutoConfiguration - Cannot find template location: classpath:/templates/ (please add some templates, check your Groovy configuration, or set spring.groovy.template.check-template-location=false)
âœ… Unified mock server started successfully!
All services available on: http://localhost:8085
- Service Registry: http://localhost:8085/eureka
- OPC UA Service: http://localhost:8085/opcua
- Read Data Service: http://localhost:8085/read
- Kafka Service: http://localhost:8085/kafka
- Write Data Service: http://localhost:8085/write
API Context initialized with unified mock server on port 8085
ApiTestExecutor configured with base URL: http://localhost:8085
Browse tags: {"startingNode":"ns=3;s=\"WMS TO PLC\"","status":"success","tags":[{"name":"PLC_To_WMS","type":"String","nodeId":"ns=3;s=\"PLC_To_WMS\""},{"name":"WMS_To_PLC","type":"String","nodeId":"ns=3;s=\"WMS_To_PLC\""},{"name":"DataBlocksGlobal","type":"Object","nodeId":"ns=3;s=DataBlocksGlobal"}],"timestamp":1760087497909}
]]></system-out>
    <system-err><![CDATA[SLF4J: Class path contains multiple SLF4J bindings.
SLF4J: Found binding in [jar:file:/C:/Users/akshayu/.m2/repository/ch/qos/logback/logback-classic/1.2.12/logback-classic-1.2.12.jar!/org/slf4j/impl/StaticLoggerBinder.class]
SLF4J: Found binding in [jar:file:/C:/Users/akshayu/.m2/repository/org/apache/logging/log4j/log4j-slf4j-impl/2.20.0/log4j-slf4j-impl-2.20.0.jar!/org/slf4j/impl/StaticLoggerBinder.class]
SLF4J: See http://www.slf4j.org/codes.html#multiple_bindings for an explanation.
SLF4J: Actual binding is of type [ch.qos.logback.classic.util.ContextSelectorStaticBinder]
]]></system-err>
  </testcase>
  <testcase name="testConvertDataValue" classname="tests.ApiTestExecutor" time="0.006">
    <system-out><![CDATA[ConvertDataValue: {"originalValue":"100","convertedValue":"converted-100","status":"success","timestamp":1760087497973}
]]></system-out>
  </testcase>
  <testcase name="testConvertValue" classname="tests.ApiTestExecutor" time="0.006">
    <system-out><![CDATA[ConvertValue: {"originalVariant":"42","convertedValue":"converted-42","status":"success","timestamp":1760087497979}
]]></system-out>
  </testcase>
  <testcase name="testKafkaHasChanged" classname="tests.ApiTestExecutor" time="0.022">
    <system-out><![CDATA[HasChanged result: {"current":{"a":2},"previous":{"a":1},"hasChanged":true,"status":"success","timestamp":1760087498000}
]]></system-out>
  </testcase>
  <testcase name="testKafkaProcessBrowseData" classname="tests.ApiTestExecutor" time="0.005"/>
  <testcase name="testOpcConnect" classname="tests.ApiTestExecutor" time="0.004"/>
  <testcase name="testOpcConnectionStatus" classname="tests.ApiTestExecutor" time="0.007">
    <system-out><![CDATA[Testing URL: /opcua/api/connection/status
Response status: 200
Response body: {"connectionId":"mock-connection-1760087498017","status":"Connected","timestamp":1760087498017}
]]></system-out>
  </testcase>
  <testcase name="testOpcInit" classname="tests.ApiTestExecutor" time="0.004"/>
  <testcase name="testReadNode" classname="tests.ApiTestExecutor" time="0.006">
    <system-out><![CDATA[Read node values: {"nodeId":"ns=3;s=DataBlocksGlobal","value":"mock-value-1760087498030","status":"success","timestamp":1760087498030,"quality":"GOOD"}
]]></system-out>
  </testcase>
  <testcase name="testReadNode2" classname="tests.ApiTestExecutor" time="0.006">
    <system-out><![CDATA[Read node2 values: {"nodeId":"MCOM","value":"mock-value-1760087498036","status":"success","timestamp":1760087498036,"quality":"GOOD"}
]]></system-out>
  </testcase>
  <testcase name="testReadValue" classname="tests.ApiTestExecutor" time="0.006">
    <system-out><![CDATA[Read value: {"nodeId":"ns=3;s=\"PLC_To_WMS\"","value":"mock-value-1760087498042","status":"success","timestamp":1760087498042,"quality":"GOOD"}
]]></system-out>
  </testcase>
  <testcase name="testSubscribeToData" classname="tests.ApiTestExecutor" time="0.004"/>
  <testcase name="testWriteNode" classname="tests.ApiTestExecutor" time="0.006">
    <system-out><![CDATA[Write node response: {"message":"Data written successfully","nodeId":"ns=3;s=DataBlocksGlobal","value":123,"status":"success","timestamp":1760087498053}
]]></system-out>
  </testcase>
</testsuite>