<?xml version="1.0" encoding="UTF-8"?>
<testsuite xmlns:xsi="http://www.w3.org/2001/XMLSchema-instance" xsi:noNamespaceSchemaLocation="https://maven.apache.org/surefire/maven-surefire-plugin/xsd/surefire-test-report-3.0.xsd" version="3.0" name="TestSuite" time="12.158" tests="91" errors="0" skipped="0" failures="3">
  <properties>
    <property name="java.specification.version" value="17"/>
    <property name="sun.cpu.isalist" value="amd64"/>
    <property name="sun.jnu.encoding" value="Cp1252"/>
    <property name="spring.main.banner-mode" value="off"/>
    <property name="java.class.path" value="C:\Users\akshayu\.m2\repository\org\apache\maven\surefire\surefire-booter\3.2.5\surefire-booter-3.2.5.jar;C:\Users\akshayu\.m2\repository\org\apache\maven\surefire\surefire-api\3.2.5\surefire-api-3.2.5.jar;C:\Users\akshayu\.m2\repository\org\apache\maven\surefire\surefire-logger-api\3.2.5\surefire-logger-api-3.2.5.jar;C:\Users\akshayu\.m2\repository\org\apache\maven\surefire\surefire-shared-utils\3.2.5\surefire-shared-utils-3.2.5.jar;C:\Users\akshayu\.m2\repository\org\apache\maven\surefire\surefire-extensions-spi\3.2.5\surefire-extensions-spi-3.2.5.jar;C:\Users\akshayu\Documents\workspace-spring-tool-suite-4-4.20.0.RELEASE\playwright-framework 2\playwright-framework\target\test-classes;C:\Users\akshayu\Documents\workspace-spring-tool-suite-4-4.20.0.RELEASE\playwright-framework 2\playwright-framework\target\classes;C:\Users\akshayu\.m2\repository\com\microsoft\playwright\playwright\1.49.0\playwright-1.49.0.jar;C:\Users\akshayu\.m2\repository\com\google\code\gson\gson\2.11.0\gson-2.11.0.jar;C:\Users\akshayu\.m2\repository\com\google\errorprone\error_prone_annotations\2.27.0\error_prone_annotations-2.27.0.jar;C:\Users\akshayu\.m2\repository\org\opentest4j\opentest4j\1.3.0\opentest4j-1.3.0.jar;C:\Users\akshayu\.m2\repository\com\microsoft\playwright\driver\1.49.0\driver-1.49.0.jar;C:\Users\akshayu\.m2\repository\com\microsoft\playwright\driver-bundle\1.49.0\driver-bundle-1.49.0.jar;C:\Users\akshayu\.m2\repository\org\testng\testng\7.9.0\testng-7.9.0.jar;C:\Users\akshayu\.m2\repository\com\beust\jcommander\1.82\jcommander-1.82.jar;C:\Users\akshayu\.m2\repository\org\webjars\jquery\3.7.1\jquery-3.7.1.jar;C:\Users\akshayu\.m2\repository\org\springframework\boot\spring-boot-starter-web\2.7.18\spring-boot-starter-web-2.7.18.jar;C:\Users\akshayu\.m2\repository\org\springframework\boot\spring-boot-starter\2.7.18\spring-boot-starter-2.7.18.jar;C:\Users\akshayu\.m2\repository\org\springframework\boot\spring-boot\2.7.18\spring-boot-2.7.18.jar;C:\Users\akshayu\.m2\repository\org\springframework\boot\spring-boot-autoconfigure\2.7.18\spring-boot-autoconfigure-2.7.18.jar;C:\Users\akshayu\.m2\repository\org\springframework\boot\spring-boot-starter-logging\2.7.18\spring-boot-starter-logging-2.7.18.jar;C:\Users\akshayu\.m2\repository\org\apache\logging\log4j\log4j-to-slf4j\2.17.2\log4j-to-slf4j-2.17.2.jar;C:\Users\akshayu\.m2\repository\org\slf4j\jul-to-slf4j\1.7.36\jul-to-slf4j-1.7.36.jar;C:\Users\akshayu\.m2\repository\jakarta\annotation\jakarta.annotation-api\1.3.5\jakarta.annotation-api-1.3.5.jar;C:\Users\akshayu\.m2\repository\org\yaml\snakeyaml\1.30\snakeyaml-1.30.jar;C:\Users\akshayu\.m2\repository\org\springframework\boot\spring-boot-starter-json\2.7.18\spring-boot-starter-json-2.7.18.jar;C:\Users\akshayu\.m2\repository\com\fasterxml\jackson\datatype\jackson-datatype-jdk8\2.13.5\jackson-datatype-jdk8-2.13.5.jar;C:\Users\akshayu\.m2\repository\com\fasterxml\jackson\datatype\jackson-datatype-jsr310\2.13.5\jackson-datatype-jsr310-2.13.5.jar;C:\Users\akshayu\.m2\repository\com\fasterxml\jackson\module\jackson-module-parameter-names\2.13.5\jackson-module-parameter-names-2.13.5.jar;C:\Users\akshayu\.m2\repository\org\springframework\boot\spring-boot-starter-tomcat\2.7.18\spring-boot-starter-tomcat-2.7.18.jar;C:\Users\akshayu\.m2\repository\org\apache\tomcat\embed\tomcat-embed-core\9.0.83\tomcat-embed-core-9.0.83.jar;C:\Users\akshayu\.m2\repository\org\apache\tomcat\embed\tomcat-embed-el\9.0.83\tomcat-embed-el-9.0.83.jar;C:\Users\akshayu\.m2\repository\org\apache\tomcat\embed\tomcat-embed-websocket\9.0.83\tomcat-embed-websocket-9.0.83.jar;C:\Users\akshayu\.m2\repository\org\springframework\spring-web\5.3.31\spring-web-5.3.31.jar;C:\Users\akshayu\.m2\repository\org\springframework\spring-beans\5.3.31\spring-beans-5.3.31.jar;C:\Users\akshayu\.m2\repository\org\springframework\spring-webmvc\5.3.31\spring-webmvc-5.3.31.jar;C:\Users\akshayu\.m2\repository\org\springframework\spring-aop\5.3.31\spring-aop-5.3.31.jar;C:\Users\akshayu\.m2\repository\org\springframework\spring-context\5.3.31\spring-context-5.3.31.jar;C:\Users\akshayu\.m2\repository\org\springframework\spring-expression\5.3.31\spring-expression-5.3.31.jar;C:\Users\akshayu\.m2\repository\com\fasterxml\jackson\core\jackson-databind\2.17.2\jackson-databind-2.17.2.jar;C:\Users\akshayu\.m2\repository\com\fasterxml\jackson\core\jackson-annotations\2.17.2\jackson-annotations-2.17.2.jar;C:\Users\akshayu\.m2\repository\com\fasterxml\jackson\core\jackson-core\2.17.2\jackson-core-2.17.2.jar;C:\Users\akshayu\.m2\repository\org\slf4j\slf4j-api\1.7.36\slf4j-api-1.7.36.jar;C:\Users\akshayu\.m2\repository\ch\qos\logback\logback-classic\1.2.12\logback-classic-1.2.12.jar;C:\Users\akshayu\.m2\repository\ch\qos\logback\logback-core\1.2.12\logback-core-1.2.12.jar;C:\Users\akshayu\.m2\repository\org\apache\poi\poi\5.2.5\poi-5.2.5.jar;C:\Users\akshayu\.m2\repository\commons-codec\commons-codec\1.16.0\commons-codec-1.16.0.jar;C:\Users\akshayu\.m2\repository\org\apache\commons\commons-collections4\4.4\commons-collections4-4.4.jar;C:\Users\akshayu\.m2\repository\org\apache\commons\commons-math3\3.6.1\commons-math3-3.6.1.jar;C:\Users\akshayu\.m2\repository\commons-io\commons-io\2.15.0\commons-io-2.15.0.jar;C:\Users\akshayu\.m2\repository\com\zaxxer\SparseBitSet\1.3\SparseBitSet-1.3.jar;C:\Users\akshayu\.m2\repository\org\apache\logging\log4j\log4j-api\2.21.1\log4j-api-2.21.1.jar;C:\Users\akshayu\.m2\repository\org\apache\poi\poi-ooxml\5.2.5\poi-ooxml-5.2.5.jar;C:\Users\akshayu\.m2\repository\org\apache\poi\poi-ooxml-lite\5.2.5\poi-ooxml-lite-5.2.5.jar;C:\Users\akshayu\.m2\repository\org\apache\xmlbeans\xmlbeans\5.2.0\xmlbeans-5.2.0.jar;C:\Users\akshayu\.m2\repository\org\apache\commons\commons-compress\1.25.0\commons-compress-1.25.0.jar;C:\Users\akshayu\.m2\repository\com\github\virtuald\curvesapi\1.08\curvesapi-1.08.jar;C:\Users\akshayu\.m2\repository\com\aventstack\extentreports\5.1.2\extentreports-5.1.2.jar;C:\Users\akshayu\.m2\repository\io\reactivex\rxjava3\rxjava\3.1.6\rxjava-3.1.6.jar;C:\Users\akshayu\.m2\repository\org\reactivestreams\reactive-streams\1.0.4\reactive-streams-1.0.4.jar;C:\Users\akshayu\.m2\repository\org\freemarker\freemarker\2.3.32\freemarker-2.3.32.jar;C:\Users\akshayu\.m2\repository\org\projectlombok\lombok\1.18.26\lombok-1.18.26.jar;C:\Users\akshayu\.m2\repository\io\qameta\allure\allure-testng\2.24.0\allure-testng-2.24.0.jar;C:\Users\akshayu\.m2\repository\io\qameta\allure\allure-java-commons\2.24.0\allure-java-commons-2.24.0.jar;C:\Users\akshayu\.m2\repository\io\qameta\allure\allure-model\2.24.0\allure-model-2.24.0.jar;C:\Users\akshayu\.m2\repository\io\qameta\allure\allure-test-filter\2.24.0\allure-test-filter-2.24.0.jar;C:\Users\akshayu\.m2\repository\io\rest-assured\rest-assured\5.3.2\rest-assured-5.3.2.jar;C:\Users\akshayu\.m2\repository\org\apache\groovy\groovy\4.0.11\groovy-4.0.11.jar;C:\Users\akshayu\.m2\repository\org\apache\groovy\groovy-xml\4.0.11\groovy-xml-4.0.11.jar;C:\Users\akshayu\.m2\repository\org\apache\httpcomponents\httpclient\4.5.13\httpclient-4.5.13.jar;C:\Users\akshayu\.m2\repository\org\apache\httpcomponents\httpcore\4.4.13\httpcore-4.4.13.jar;C:\Users\akshayu\.m2\repository\commons-logging\commons-logging\1.2\commons-logging-1.2.jar;C:\Users\akshayu\.m2\repository\org\apache\httpcomponents\httpmime\4.5.13\httpmime-4.5.13.jar;C:\Users\akshayu\.m2\repository\org\hamcrest\hamcrest\2.2\hamcrest-2.2.jar;C:\Users\akshayu\.m2\repository\org\ccil\cowan\tagsoup\tagsoup\1.2.1\tagsoup-1.2.1.jar;C:\Users\akshayu\.m2\repository\io\rest-assured\json-path\5.3.2\json-path-5.3.2.jar;C:\Users\akshayu\.m2\repository\org\apache\groovy\groovy-json\4.0.11\groovy-json-4.0.11.jar;C:\Users\akshayu\.m2\repository\io\rest-assured\rest-assured-common\5.3.2\rest-assured-common-5.3.2.jar;C:\Users\akshayu\.m2\repository\io\rest-assured\xml-path\5.3.2\xml-path-5.3.2.jar;C:\Users\akshayu\.m2\repository\org\springframework\boot\spring-boot-starter-test\2.7.18\spring-boot-starter-test-2.7.18.jar;C:\Users\akshayu\.m2\repository\org\springframework\boot\spring-boot-test\2.7.18\spring-boot-test-2.7.18.jar;C:\Users\akshayu\.m2\repository\org\springframework\boot\spring-boot-test-autoconfigure\2.7.18\spring-boot-test-autoconfigure-2.7.18.jar;C:\Users\akshayu\.m2\repository\com\jayway\jsonpath\json-path\2.7.0\json-path-2.7.0.jar;C:\Users\akshayu\.m2\repository\net\minidev\json-smart\2.4.7\json-smart-2.4.7.jar;C:\Users\akshayu\.m2\repository\net\minidev\accessors-smart\2.4.7\accessors-smart-2.4.7.jar;C:\Users\akshayu\.m2\repository\jakarta\xml\bind\jakarta.xml.bind-api\2.3.3\jakarta.xml.bind-api-2.3.3.jar;C:\Users\akshayu\.m2\repository\jakarta\activation\jakarta.activation-api\1.2.2\jakarta.activation-api-1.2.2.jar;C:\Users\akshayu\.m2\repository\org\assertj\assertj-core\3.22.0\assertj-core-3.22.0.jar;C:\Users\akshayu\.m2\repository\org\junit\jupiter\junit-jupiter\5.8.2\junit-jupiter-5.8.2.jar;C:\Users\akshayu\.m2\repository\org\junit\jupiter\junit-jupiter-api\5.8.2\junit-jupiter-api-5.8.2.jar;C:\Users\akshayu\.m2\repository\org\junit\platform\junit-platform-commons\1.8.2\junit-platform-commons-1.8.2.jar;C:\Users\akshayu\.m2\repository\org\junit\jupiter\junit-jupiter-params\5.8.2\junit-jupiter-params-5.8.2.jar;C:\Users\akshayu\.m2\repository\org\junit\jupiter\junit-jupiter-engine\5.8.2\junit-jupiter-engine-5.8.2.jar;C:\Users\akshayu\.m2\repository\org\junit\platform\junit-platform-engine\1.8.2\junit-platform-engine-1.8.2.jar;C:\Users\akshayu\.m2\repository\org\mockito\mockito-core\4.5.1\mockito-core-4.5.1.jar;C:\Users\akshayu\.m2\repository\net\bytebuddy\byte-buddy\1.12.9\byte-buddy-1.12.9.jar;C:\Users\akshayu\.m2\repository\net\bytebuddy\byte-buddy-agent\1.12.9\byte-buddy-agent-1.12.9.jar;C:\Users\akshayu\.m2\repository\org\objenesis\objenesis\3.2\objenesis-3.2.jar;C:\Users\akshayu\.m2\repository\org\mockito\mockito-junit-jupiter\4.5.1\mockito-junit-jupiter-4.5.1.jar;C:\Users\akshayu\.m2\repository\org\skyscreamer\jsonassert\1.5.1\jsonassert-1.5.1.jar;C:\Users\akshayu\.m2\repository\com\vaadin\external\google\android-json\0.0.20131108.vaadin1\android-json-0.0.20131108.vaadin1.jar;C:\Users\akshayu\.m2\repository\org\springframework\spring-core\5.3.31\spring-core-5.3.31.jar;C:\Users\akshayu\.m2\repository\org\springframework\spring-jcl\5.3.31\spring-jcl-5.3.31.jar;C:\Users\akshayu\.m2\repository\org\springframework\spring-test\5.3.31\spring-test-5.3.31.jar;C:\Users\akshayu\.m2\repository\org\xmlunit\xmlunit-core\2.9.1\xmlunit-core-2.9.1.jar;C:\Users\akshayu\.m2\repository\com\github\tomakehurst\wiremock-jre8\2.35.0\wiremock-jre8-2.35.0.jar;C:\Users\akshayu\.m2\repository\org\eclipse\jetty\jetty-server\9.4.49.v20220914\jetty-server-9.4.49.v20220914.jar;C:\Users\akshayu\.m2\repository\javax\servlet\javax.servlet-api\3.1.0\javax.servlet-api-3.1.0.jar;C:\Users\akshayu\.m2\repository\org\eclipse\jetty\jetty-http\9.4.49.v20220914\jetty-http-9.4.49.v20220914.jar;C:\Users\akshayu\.m2\repository\org\eclipse\jetty\jetty-io\9.4.49.v20220914\jetty-io-9.4.49.v20220914.jar;C:\Users\akshayu\.m2\repository\org\eclipse\jetty\jetty-servlet\9.4.49.v20220914\jetty-servlet-9.4.49.v20220914.jar;C:\Users\akshayu\.m2\repository\org\eclipse\jetty\jetty-security\9.4.49.v20220914\jetty-security-9.4.49.v20220914.jar;C:\Users\akshayu\.m2\repository\org\eclipse\jetty\jetty-util-ajax\9.4.49.v20220914\jetty-util-ajax-9.4.49.v20220914.jar;C:\Users\akshayu\.m2\repository\org\eclipse\jetty\jetty-servlets\9.4.49.v20220914\jetty-servlets-9.4.49.v20220914.jar;C:\Users\akshayu\.m2\repository\org\eclipse\jetty\jetty-continuation\9.4.49.v20220914\jetty-continuation-9.4.49.v20220914.jar;C:\Users\akshayu\.m2\repository\org\eclipse\jetty\jetty-util\9.4.49.v20220914\jetty-util-9.4.49.v20220914.jar;C:\Users\akshayu\.m2\repository\org\eclipse\jetty\jetty-webapp\9.4.49.v20220914\jetty-webapp-9.4.49.v20220914.jar;C:\Users\akshayu\.m2\repository\org\eclipse\jetty\jetty-xml\9.4.49.v20220914\jetty-xml-9.4.49.v20220914.jar;C:\Users\akshayu\.m2\repository\org\eclipse\jetty\jetty-proxy\9.4.49.v20220914\jetty-proxy-9.4.49.v20220914.jar;C:\Users\akshayu\.m2\repository\org\eclipse\jetty\jetty-client\9.4.49.v20220914\jetty-client-9.4.49.v20220914.jar;C:\Users\akshayu\.m2\repository\org\eclipse\jetty\http2\http2-server\9.4.49.v20220914\http2-server-9.4.49.v20220914.jar;C:\Users\akshayu\.m2\repository\org\eclipse\jetty\http2\http2-common\9.4.49.v20220914\http2-common-9.4.49.v20220914.jar;C:\Users\akshayu\.m2\repository\org\eclipse\jetty\http2\http2-hpack\9.4.49.v20220914\http2-hpack-9.4.49.v20220914.jar;C:\Users\akshayu\.m2\repository\org\eclipse\jetty\jetty-alpn-server\9.4.49.v20220914\jetty-alpn-server-9.4.49.v20220914.jar;C:\Users\akshayu\.m2\repository\org\eclipse\jetty\jetty-alpn-java-server\9.4.49.v20220914\jetty-alpn-java-server-9.4.49.v20220914.jar;C:\Users\akshayu\.m2\repository\org\eclipse\jetty\jetty-alpn-openjdk8-server\9.4.49.v20220914\jetty-alpn-openjdk8-server-9.4.49.v20220914.jar;C:\Users\akshayu\.m2\repository\org\eclipse\jetty\jetty-alpn-java-client\9.4.49.v20220914\jetty-alpn-java-client-9.4.49.v20220914.jar;C:\Users\akshayu\.m2\repository\org\eclipse\jetty\jetty-alpn-client\9.4.49.v20220914\jetty-alpn-client-9.4.49.v20220914.jar;C:\Users\akshayu\.m2\repository\org\eclipse\jetty\jetty-alpn-openjdk8-client\9.4.49.v20220914\jetty-alpn-openjdk8-client-9.4.49.v20220914.jar;C:\Users\akshayu\.m2\repository\com\google\guava\guava\31.1-jre\guava-31.1-jre.jar;C:\Users\akshayu\.m2\repository\com\google\guava\failureaccess\1.0.1\failureaccess-1.0.1.jar;C:\Users\akshayu\.m2\repository\com\google\guava\listenablefuture\9999.0-empty-to-avoid-conflict-with-guava\listenablefuture-9999.0-empty-to-avoid-conflict-with-guava.jar;C:\Users\akshayu\.m2\repository\com\google\code\findbugs\jsr305\3.0.2\jsr305-3.0.2.jar;C:\Users\akshayu\.m2\repository\org\checkerframework\checker-qual\3.12.0\checker-qual-3.12.0.jar;C:\Users\akshayu\.m2\repository\com\google\j2objc\j2objc-annotations\1.3\j2objc-annotations-1.3.jar;C:\Users\akshayu\.m2\repository\org\apache\httpcomponents\client5\httpclient5\5.1.3\httpclient5-5.1.3.jar;C:\Users\akshayu\.m2\repository\org\apache\httpcomponents\core5\httpcore5\5.1.3\httpcore5-5.1.3.jar;C:\Users\akshayu\.m2\repository\org\apache\httpcomponents\core5\httpcore5-h2\5.1.3\httpcore5-h2-5.1.3.jar;C:\Users\akshayu\.m2\repository\org\xmlunit\xmlunit-legacy\2.9.0\xmlunit-legacy-2.9.0.jar;C:\Users\akshayu\.m2\repository\org\xmlunit\xmlunit-placeholders\2.9.0\xmlunit-placeholders-2.9.0.jar;C:\Users\akshayu\.m2\repository\net\javacrumbs\json-unit\json-unit-core\2.36.0\json-unit-core-2.36.0.jar;C:\Users\akshayu\.m2\repository\org\hamcrest\hamcrest-core\2.2\hamcrest-core-2.2.jar;C:\Users\akshayu\.m2\repository\org\ow2\asm\asm\9.4\asm-9.4.jar;C:\Users\akshayu\.m2\repository\net\sf\jopt-simple\jopt-simple\5.0.4\jopt-simple-5.0.4.jar;C:\Users\akshayu\.m2\repository\org\apache\commons\commons-lang3\3.12.0\commons-lang3-3.12.0.jar;C:\Users\akshayu\.m2\repository\com\github\jknack\handlebars\4.3.1\handlebars-4.3.1.jar;C:\Users\akshayu\.m2\repository\com\github\jknack\handlebars-helpers\4.3.1\handlebars-helpers-4.3.1.jar;C:\Users\akshayu\.m2\repository\commons-fileupload\commons-fileupload\1.4\commons-fileupload-1.4.jar;C:\Users\akshayu\.m2\repository\org\testcontainers\testcontainers\1.19.3\testcontainers-1.19.3.jar;C:\Users\akshayu\.m2\repository\junit\junit\4.13.2\junit-4.13.2.jar;C:\Users\akshayu\.m2\repository\org\rnorth\duct-tape\duct-tape\1.0.8\duct-tape-1.0.8.jar;C:\Users\akshayu\.m2\repository\org\jetbrains\annotations\17.0.0\annotations-17.0.0.jar;C:\Users\akshayu\.m2\repository\com\github\docker-java\docker-java-api\3.3.4\docker-java-api-3.3.4.jar;C:\Users\akshayu\.m2\repository\com\github\docker-java\docker-java-transport-zerodep\3.3.4\docker-java-transport-zerodep-3.3.4.jar;C:\Users\akshayu\.m2\repository\com\github\docker-java\docker-java-transport\3.3.4\docker-java-transport-3.3.4.jar;C:\Users\akshayu\.m2\repository\net\java\dev\jna\jna\5.13.0\jna-5.13.0.jar;C:\Users\akshayu\.m2\repository\org\testcontainers\kafka\1.19.3\kafka-1.19.3.jar;C:\Users\akshayu\.m2\repository\org\apache\kafka\kafka-clients\3.6.1\kafka-clients-3.6.1.jar;C:\Users\akshayu\.m2\repository\com\github\luben\zstd-jni\1.5.5-1\zstd-jni-1.5.5-1.jar;C:\Users\akshayu\.m2\repository\org\lz4\lz4-java\1.8.0\lz4-java-1.8.0.jar;C:\Users\akshayu\.m2\repository\org\xerial\snappy\snappy-java\1.1.10.5\snappy-java-1.1.10.5.jar;C:\Users\akshayu\.m2\repository\org\eclipse\milo\sdk-client\0.6.15\sdk-client-0.6.15.jar;C:\Users\akshayu\.m2\repository\org\eclipse\milo\stack-client\0.6.15\stack-client-0.6.15.jar;C:\Users\akshayu\.m2\repository\org\eclipse\milo\stack-core\0.6.15\stack-core-0.6.15.jar;C:\Users\akshayu\.m2\repository\org\bouncycastle\bcprov-jdk18on\1.78.1\bcprov-jdk18on-1.78.1.jar;C:\Users\akshayu\.m2\repository\org\bouncycastle\bcpkix-jdk18on\1.78.1\bcpkix-jdk18on-1.78.1.jar;C:\Users\akshayu\.m2\repository\org\bouncycastle\bcutil-jdk18on\1.78.1\bcutil-jdk18on-1.78.1.jar;C:\Users\akshayu\.m2\repository\io\netty\netty-codec\4.1.112.Final\netty-codec-4.1.112.Final.jar;C:\Users\akshayu\.m2\repository\io\netty\netty-handler\4.1.112.Final\netty-handler-4.1.112.Final.jar;C:\Users\akshayu\.m2\repository\io\netty\netty-resolver\4.1.112.Final\netty-resolver-4.1.112.Final.jar;C:\Users\akshayu\.m2\repository\io\netty\netty-transport-native-unix-common\4.1.112.Final\netty-transport-native-unix-common-4.1.112.Final.jar;C:\Users\akshayu\.m2\repository\org\glassfish\jaxb\jaxb-runtime\2.3.6\jaxb-runtime-2.3.6.jar;C:\Users\akshayu\.m2\repository\org\glassfish\jaxb\txw2\2.3.6\txw2-2.3.6.jar;C:\Users\akshayu\.m2\repository\com\sun\istack\istack-commons-runtime\3.0.12\istack-commons-runtime-3.0.12.jar;C:\Users\akshayu\.m2\repository\com\sun\activation\jakarta.activation\1.2.2\jakarta.activation-1.2.2.jar;C:\Users\akshayu\.m2\repository\com\digitalpetri\netty\netty-channel-fsm\0.9\netty-channel-fsm-0.9.jar;C:\Users\akshayu\.m2\repository\com\digitalpetri\fsm\strict-machine\0.7\strict-machine-0.7.jar;C:\Users\akshayu\.m2\repository\io\netty\netty-codec-http\4.1.112.Final\netty-codec-http-4.1.112.Final.jar;C:\Users\akshayu\.m2\repository\io\netty\netty-common\4.1.112.Final\netty-common-4.1.112.Final.jar;C:\Users\akshayu\.m2\repository\io\netty\netty-buffer\4.1.112.Final\netty-buffer-4.1.112.Final.jar;C:\Users\akshayu\.m2\repository\io\netty\netty-transport\4.1.112.Final\netty-transport-4.1.112.Final.jar;C:\Users\akshayu\.m2\repository\org\eclipse\milo\sdk-core\0.6.15\sdk-core-0.6.15.jar;C:\Users\akshayu\.m2\repository\com\networknt\json-schema-validator\1.3.0\json-schema-validator-1.3.0.jar;C:\Users\akshayu\.m2\repository\com\ethlo\time\itu\1.8.0\itu-1.8.0.jar;C:\Users\akshayu\.m2\repository\com\fasterxml\jackson\dataformat\jackson-dataformat-yaml\2.15.3\jackson-dataformat-yaml-2.15.3.jar;C:\Users\akshayu\.m2\repository\org\apache\jmeter\ApacheJMeter_core\5.6.2\ApacheJMeter_core-5.6.2.jar;C:\Users\akshayu\.m2\repository\org\apache\jmeter\ApacheJMeter\5.6.2\ApacheJMeter-5.6.2.jar;C:\Users\akshayu\.m2\repository\org\apache\jmeter\jorphan\5.6.2\jorphan-5.6.2.jar;C:\Users\akshayu\.m2\repository\bsf\bsf\2.4.0\bsf-2.4.0.jar;C:\Users\akshayu\.m2\repository\com\fifesoft\rsyntaxtextarea\3.3.3\rsyntaxtextarea-3.3.3.jar;C:\Users\akshayu\.m2\repository\net\sf\jtidy\jtidy\r938\jtidy-r938.jar;C:\Users\akshayu\.m2\repository\com\thoughtworks\xstream\xstream\1.4.20\xstream-1.4.20.jar;C:\Users\akshayu\.m2\repository\io\github\x-stream\mxparser\1.2.2\mxparser-1.2.2.jar;C:\Users\akshayu\.m2\repository\xmlpull\xmlpull\1.1.3.1\xmlpull-1.1.3.1.jar;C:\Users\akshayu\.m2\repository\org\apache\logging\log4j\log4j-1.2-api\2.20.0\log4j-1.2-api-2.20.0.jar;C:\Users\akshayu\.m2\repository\org\apache\logging\log4j\log4j-core\2.20.0\log4j-core-2.20.0.jar;C:\Users\akshayu\.m2\repository\org\apache\logging\log4j\log4j-slf4j-impl\2.20.0\log4j-slf4j-impl-2.20.0.jar;C:\Users\akshayu\.m2\repository\org\apiguardian\apiguardian-api\1.1.2\apiguardian-api-1.1.2.jar;C:\Users\akshayu\.m2\repository\oro\oro\2.0.8\oro-2.0.8.jar;C:\Users\akshayu\.m2\repository\xalan\xalan\2.7.3\xalan-2.7.3.jar;C:\Users\akshayu\.m2\repository\xalan\serializer\2.7.3\serializer-2.7.3.jar;C:\Users\akshayu\.m2\repository\xml-apis\xml-apis\1.4.01\xml-apis-1.4.01.jar;C:\Users\akshayu\.m2\repository\net\sf\saxon\Saxon-HE\11.5\Saxon-HE-11.5.jar;C:\Users\akshayu\.m2\repository\org\xmlresolver\xmlresolver\4.6.4\xmlresolver-4.6.4.jar;C:\Users\akshayu\.m2\repository\org\xmlresolver\xmlresolver\4.6.4\xmlresolver-4.6.4-data.jar;C:\Users\akshayu\.m2\repository\org\jetbrains\kotlin\kotlin-stdlib-jdk8\1.8.22\kotlin-stdlib-jdk8-1.8.22.jar;C:\Users\akshayu\.m2\repository\org\jetbrains\kotlin\kotlin-stdlib\1.8.22\kotlin-stdlib-1.8.22.jar;C:\Users\akshayu\.m2\repository\org\jetbrains\kotlin\kotlin-stdlib-jdk7\1.8.22\kotlin-stdlib-jdk7-1.8.22.jar;C:\Users\akshayu\.m2\repository\com\google\auto\service\auto-service-annotations\1.1.1\auto-service-annotations-1.1.1.jar;C:\Users\akshayu\.m2\repository\org\jetbrains\kotlinx\kotlinx-coroutines-core\1.7.1\kotlinx-coroutines-core-1.7.1.jar;C:\Users\akshayu\.m2\repository\org\jetbrains\kotlinx\kotlinx-coroutines-core-jvm\1.7.1\kotlinx-coroutines-core-jvm-1.7.1.jar;C:\Users\akshayu\.m2\repository\org\jetbrains\kotlinx\kotlinx-coroutines-swing\1.7.1\kotlinx-coroutines-swing-1.7.1.jar;C:\Users\akshayu\.m2\repository\com\formdev\svgSalamander\1.1.4\svgSalamander-1.1.4.jar;C:\Users\akshayu\.m2\repository\com\github\ben-manes\caffeine\caffeine\2.9.3\caffeine-2.9.3.jar;C:\Users\akshayu\.m2\repository\com\github\weisj\darklaf-core\2.7.3\darklaf-core-2.7.3.jar;C:\Users\akshayu\.m2\repository\com\github\weisj\darklaf-utils\2.7.3\darklaf-utils-2.7.3.jar;C:\Users\akshayu\.m2\repository\com\github\weisj\darklaf-native-utils\2.7.3\darklaf-native-utils-2.7.3.jar;C:\Users\akshayu\.m2\repository\com\github\weisj\darklaf-platform-base\2.7.3\darklaf-platform-base-2.7.3.jar;C:\Users\akshayu\.m2\repository\com\github\weisj\darklaf-windows\2.7.3\darklaf-windows-2.7.3.jar;C:\Users\akshayu\.m2\repository\com\github\weisj\darklaf-macos\2.7.3\darklaf-macos-2.7.3.jar;C:\Users\akshayu\.m2\repository\com\github\weisj\swing-extensions-laf-support\0.1.3\swing-extensions-laf-support-0.1.3.jar;C:\Users\akshayu\.m2\repository\com\github\weisj\darklaf-theme\2.7.3\darklaf-theme-2.7.3.jar;C:\Users\akshayu\.m2\repository\com\github\weisj\darklaf-property-loader\2.7.3\darklaf-property-loader-2.7.3.jar;C:\Users\akshayu\.m2\repository\com\github\weisj\swing-extensions-visual-padding\0.1.3\swing-extensions-visual-padding-0.1.3.jar;C:\Users\akshayu\.m2\repository\com\github\weisj\darklaf-extensions-rsyntaxarea\0.3.4\darklaf-extensions-rsyntaxarea-0.3.4.jar;C:\Users\akshayu\.m2\repository\com\miglayout\miglayout-swing\5.3\miglayout-swing-5.3.jar;C:\Users\akshayu\.m2\repository\com\miglayout\miglayout-core\5.3\miglayout-core-5.3.jar;C:\Users\akshayu\.m2\repository\org\jetbrains\lets-plot\lets-plot-batik\3.2.0\lets-plot-batik-3.2.0.jar;C:\Users\akshayu\.m2\repository\org\apache\xmlgraphics\batik-codec\1.16\batik-codec-1.16.jar;C:\Users\akshayu\.m2\repository\org\apache\xmlgraphics\batik-awt-util\1.16\batik-awt-util-1.16.jar;C:\Users\akshayu\.m2\repository\org\apache\xmlgraphics\batik-bridge\1.16\batik-bridge-1.16.jar;C:\Users\akshayu\.m2\repository\org\apache\xmlgraphics\batik-anim\1.16\batik-anim-1.16.jar;C:\Users\akshayu\.m2\repository\org\apache\xmlgraphics\batik-ext\1.16\batik-ext-1.16.jar;C:\Users\akshayu\.m2\repository\org\apache\xmlgraphics\batik-css\1.16\batik-css-1.16.jar;C:\Users\akshayu\.m2\repository\org\apache\xmlgraphics\batik-dom\1.16\batik-dom-1.16.jar;C:\Users\akshayu\.m2\repository\org\apache\xmlgraphics\batik-gvt\1.16\batik-gvt-1.16.jar;C:\Users\akshayu\.m2\repository\org\apache\xmlgraphics\batik-parser\1.16\batik-parser-1.16.jar;C:\Users\akshayu\.m2\repository\org\apache\xmlgraphics\batik-script\1.16\batik-script-1.16.jar;C:\Users\akshayu\.m2\repository\org\apache\xmlgraphics\batik-svg-dom\1.16\batik-svg-dom-1.16.jar;C:\Users\akshayu\.m2\repository\org\apache\xmlgraphics\batik-xml\1.16\batik-xml-1.16.jar;C:\Users\akshayu\.m2\repository\xml-apis\xml-apis-ext\1.3.04\xml-apis-ext-1.3.04.jar;C:\Users\akshayu\.m2\repository\org\apache\xmlgraphics\batik-shared-resources\1.16\batik-shared-resources-1.16.jar;C:\Users\akshayu\.m2\repository\org\apache\xmlgraphics\batik-transcoder\1.16\batik-transcoder-1.16.jar;C:\Users\akshayu\.m2\repository\org\apache\xmlgraphics\batik-svggen\1.16\batik-svggen-1.16.jar;C:\Users\akshayu\.m2\repository\org\apache\xmlgraphics\batik-util\1.16\batik-util-1.16.jar;C:\Users\akshayu\.m2\repository\org\apache\xmlgraphics\batik-constants\1.16\batik-constants-1.16.jar;C:\Users\akshayu\.m2\repository\org\apache\xmlgraphics\batik-i18n\1.16\batik-i18n-1.16.jar;C:\Users\akshayu\.m2\repository\org\jetbrains\lets-plot\lets-plot-common\3.2.0\lets-plot-common-3.2.0.jar;C:\Users\akshayu\.m2\repository\io\github\microutils\kotlin-logging\2.0.5\kotlin-logging-2.0.5.jar;C:\Users\akshayu\.m2\repository\org\jetbrains\kotlinx\kotlinx-html-jvm\0.7.3\kotlinx-html-jvm-0.7.3.jar;C:\Users\akshayu\.m2\repository\org\jetbrains\lets-plot\lets-plot-kotlin-jvm\4.4.1\lets-plot-kotlin-jvm-4.4.1.jar;C:\Users\akshayu\.m2\repository\org\jetbrains\lets-plot\base-portable-jvm\3.2.0\base-portable-jvm-3.2.0.jar;C:\Users\akshayu\.m2\repository\org\jetbrains\lets-plot\plot-base-portable-jvm\3.2.0\plot-base-portable-jvm-3.2.0.jar;C:\Users\akshayu\.m2\repository\org\jetbrains\lets-plot\vis-svg-portable-jvm\3.2.0\vis-svg-portable-jvm-3.2.0.jar;C:\Users\akshayu\.m2\repository\org\jetbrains\lets-plot\plot-common-portable-jvm\3.2.0\plot-common-portable-jvm-3.2.0.jar;C:\Users\akshayu\.m2\repository\org\jetbrains\lets-plot\plot-builder-portable-jvm\3.2.0\plot-builder-portable-jvm-3.2.0.jar;C:\Users\akshayu\.m2\repository\org\jetbrains\lets-plot\plot-config-portable-jvm\3.2.0\plot-config-portable-jvm-3.2.0.jar;C:\Users\akshayu\.m2\repository\org\jetbrains\kotlin\kotlin-stdlib-common\1.7.21\kotlin-stdlib-common-1.7.21.jar;C:\Users\akshayu\.m2\repository\io\github\microutils\kotlin-logging-jvm\2.0.5\kotlin-logging-jvm-2.0.5.jar;C:\Users\akshayu\.m2\repository\org\apache\commons\commons-text\1.10.0\commons-text-1.10.0.jar;C:\Users\akshayu\.m2\repository\org\apache\tika\tika-core\1.28.5\tika-core-1.28.5.jar;C:\Users\akshayu\.m2\repository\org\apache\xmlgraphics\xmlgraphics-commons\2.8\xmlgraphics-commons-2.8.jar;C:\Users\akshayu\.m2\repository\org\jodd\jodd-core\5.0.13\jodd-core-5.0.13.jar;C:\Users\akshayu\.m2\repository\org\jodd\jodd-props\5.0.13\jodd-props-5.0.13.jar;C:\Users\akshayu\.m2\repository\org\mozilla\rhino\1.7.14\rhino-1.7.14.jar;C:\Users\akshayu\.m2\repository\org\slf4j\jcl-over-slf4j\1.7.36\jcl-over-slf4j-1.7.36.jar;C:\Users\akshayu\.m2\repository\org\codehaus\groovy\groovy-dateutil\3.0.17\groovy-dateutil-3.0.17.jar;C:\Users\akshayu\.m2\repository\org\codehaus\groovy\groovy-datetime\3.0.17\groovy-datetime-3.0.17.jar;C:\Users\akshayu\.m2\repository\org\codehaus\groovy\groovy-jmx\3.0.17\groovy-jmx-3.0.17.jar;C:\Users\akshayu\.m2\repository\org\codehaus\groovy\groovy-json\3.0.17\groovy-json-3.0.17.jar;C:\Users\akshayu\.m2\repository\org\codehaus\groovy\groovy-jsr223\3.0.17\groovy-jsr223-3.0.17.jar;C:\Users\akshayu\.m2\repository\org\codehaus\groovy\groovy-sql\3.0.17\groovy-sql-3.0.17.jar;C:\Users\akshayu\.m2\repository\org\codehaus\groovy\groovy-templates\3.0.17\groovy-templates-3.0.17.jar;C:\Users\akshayu\.m2\repository\commons-collections\commons-collections\3.2.2\commons-collections-3.2.2.jar;C:\Users\akshayu\.m2\repository\org\apache\tika\tika-parsers\1.28.5\tika-parsers-1.28.5.jar;C:\Users\akshayu\.m2\repository\xerces\xercesImpl\2.12.2\xercesImpl-2.12.2.jar;C:\Users\akshayu\.m2\repository\org\apache\maven\surefire\surefire-testng\3.2.5\surefire-testng-3.2.5.jar;C:\Users\akshayu\.m2\repository\org\apache\maven\surefire\common-java5\3.2.5\common-java5-3.2.5.jar;C:\Users\akshayu\.m2\repository\org\apache\maven\surefire\surefire-testng-utils\3.2.5\surefire-testng-utils-3.2.5.jar;C:\Users\akshayu\.m2\repository\org\apache\maven\surefire\surefire-grouper\3.2.5\surefire-grouper-3.2.5.jar"/>
    <property name="java.vm.vendor" value="Oracle Corporation"/>
    <property name="sun.arch.data.model" value="64"/>
    <property name="user.variant" value=""/>
    <property name="catalina.useNaming" value="false"/>
    <property name="java.vendor.url" value="https://java.oracle.com/"/>
    <property name="user.timezone" value="Asia/Calcutta"/>
    <property name="os.name" value="Windows 11"/>
    <property name="java.vm.specification.version" value="17"/>
    <property name="sun.java.launcher" value="SUN_STANDARD"/>
    <property name="user.country" value="IN"/>
    <property name="sun.boot.library.path" value="C:\Program Files\Java\jdk-17\bin"/>
    <property name="sun.java.command" value="org.apache.maven.surefire.booter.ForkedBooter C:\Users\akshayu\AppData\Local\Temp\surefire381429977773065679 2025-10-03T15-21-29_449-jvmRun1 surefire-20251003152129567_1tmp surefire_0-20251003152129567_2tmp"/>
    <property name="jdk.debug" value="release"/>
    <property name="surefire.test.class.path" value="C:\Users\akshayu\Documents\workspace-spring-tool-suite-4-4.20.0.RELEASE\playwright-framework 2\playwright-framework\target\test-classes;C:\Users\akshayu\Documents\workspace-spring-tool-suite-4-4.20.0.RELEASE\playwright-framework 2\playwright-framework\target\classes;C:\Users\akshayu\.m2\repository\com\microsoft\playwright\playwright\1.49.0\playwright-1.49.0.jar;C:\Users\akshayu\.m2\repository\com\google\code\gson\gson\2.11.0\gson-2.11.0.jar;C:\Users\akshayu\.m2\repository\com\google\errorprone\error_prone_annotations\2.27.0\error_prone_annotations-2.27.0.jar;C:\Users\akshayu\.m2\repository\org\opentest4j\opentest4j\1.3.0\opentest4j-1.3.0.jar;C:\Users\akshayu\.m2\repository\com\microsoft\playwright\driver\1.49.0\driver-1.49.0.jar;C:\Users\akshayu\.m2\repository\com\microsoft\playwright\driver-bundle\1.49.0\driver-bundle-1.49.0.jar;C:\Users\akshayu\.m2\repository\org\testng\testng\7.9.0\testng-7.9.0.jar;C:\Users\akshayu\.m2\repository\com\beust\jcommander\1.82\jcommander-1.82.jar;C:\Users\akshayu\.m2\repository\org\webjars\jquery\3.7.1\jquery-3.7.1.jar;C:\Users\akshayu\.m2\repository\org\springframework\boot\spring-boot-starter-web\2.7.18\spring-boot-starter-web-2.7.18.jar;C:\Users\akshayu\.m2\repository\org\springframework\boot\spring-boot-starter\2.7.18\spring-boot-starter-2.7.18.jar;C:\Users\akshayu\.m2\repository\org\springframework\boot\spring-boot\2.7.18\spring-boot-2.7.18.jar;C:\Users\akshayu\.m2\repository\org\springframework\boot\spring-boot-autoconfigure\2.7.18\spring-boot-autoconfigure-2.7.18.jar;C:\Users\akshayu\.m2\repository\org\springframework\boot\spring-boot-starter-logging\2.7.18\spring-boot-starter-logging-2.7.18.jar;C:\Users\akshayu\.m2\repository\org\apache\logging\log4j\log4j-to-slf4j\2.17.2\log4j-to-slf4j-2.17.2.jar;C:\Users\akshayu\.m2\repository\org\slf4j\jul-to-slf4j\1.7.36\jul-to-slf4j-1.7.36.jar;C:\Users\akshayu\.m2\repository\jakarta\annotation\jakarta.annotation-api\1.3.5\jakarta.annotation-api-1.3.5.jar;C:\Users\akshayu\.m2\repository\org\yaml\snakeyaml\1.30\snakeyaml-1.30.jar;C:\Users\akshayu\.m2\repository\org\springframework\boot\spring-boot-starter-json\2.7.18\spring-boot-starter-json-2.7.18.jar;C:\Users\akshayu\.m2\repository\com\fasterxml\jackson\datatype\jackson-datatype-jdk8\2.13.5\jackson-datatype-jdk8-2.13.5.jar;C:\Users\akshayu\.m2\repository\com\fasterxml\jackson\datatype\jackson-datatype-jsr310\2.13.5\jackson-datatype-jsr310-2.13.5.jar;C:\Users\akshayu\.m2\repository\com\fasterxml\jackson\module\jackson-module-parameter-names\2.13.5\jackson-module-parameter-names-2.13.5.jar;C:\Users\akshayu\.m2\repository\org\springframework\boot\spring-boot-starter-tomcat\2.7.18\spring-boot-starter-tomcat-2.7.18.jar;C:\Users\akshayu\.m2\repository\org\apache\tomcat\embed\tomcat-embed-core\9.0.83\tomcat-embed-core-9.0.83.jar;C:\Users\akshayu\.m2\repository\org\apache\tomcat\embed\tomcat-embed-el\9.0.83\tomcat-embed-el-9.0.83.jar;C:\Users\akshayu\.m2\repository\org\apache\tomcat\embed\tomcat-embed-websocket\9.0.83\tomcat-embed-websocket-9.0.83.jar;C:\Users\akshayu\.m2\repository\org\springframework\spring-web\5.3.31\spring-web-5.3.31.jar;C:\Users\akshayu\.m2\repository\org\springframework\spring-beans\5.3.31\spring-beans-5.3.31.jar;C:\Users\akshayu\.m2\repository\org\springframework\spring-webmvc\5.3.31\spring-webmvc-5.3.31.jar;C:\Users\akshayu\.m2\repository\org\springframework\spring-aop\5.3.31\spring-aop-5.3.31.jar;C:\Users\akshayu\.m2\repository\org\springframework\spring-context\5.3.31\spring-context-5.3.31.jar;C:\Users\akshayu\.m2\repository\org\springframework\spring-expression\5.3.31\spring-expression-5.3.31.jar;C:\Users\akshayu\.m2\repository\com\fasterxml\jackson\core\jackson-databind\2.17.2\jackson-databind-2.17.2.jar;C:\Users\akshayu\.m2\repository\com\fasterxml\jackson\core\jackson-annotations\2.17.2\jackson-annotations-2.17.2.jar;C:\Users\akshayu\.m2\repository\com\fasterxml\jackson\core\jackson-core\2.17.2\jackson-core-2.17.2.jar;C:\Users\akshayu\.m2\repository\org\slf4j\slf4j-api\1.7.36\slf4j-api-1.7.36.jar;C:\Users\akshayu\.m2\repository\ch\qos\logback\logback-classic\1.2.12\logback-classic-1.2.12.jar;C:\Users\akshayu\.m2\repository\ch\qos\logback\logback-core\1.2.12\logback-core-1.2.12.jar;C:\Users\akshayu\.m2\repository\org\apache\poi\poi\5.2.5\poi-5.2.5.jar;C:\Users\akshayu\.m2\repository\commons-codec\commons-codec\1.16.0\commons-codec-1.16.0.jar;C:\Users\akshayu\.m2\repository\org\apache\commons\commons-collections4\4.4\commons-collections4-4.4.jar;C:\Users\akshayu\.m2\repository\org\apache\commons\commons-math3\3.6.1\commons-math3-3.6.1.jar;C:\Users\akshayu\.m2\repository\commons-io\commons-io\2.15.0\commons-io-2.15.0.jar;C:\Users\akshayu\.m2\repository\com\zaxxer\SparseBitSet\1.3\SparseBitSet-1.3.jar;C:\Users\akshayu\.m2\repository\org\apache\logging\log4j\log4j-api\2.21.1\log4j-api-2.21.1.jar;C:\Users\akshayu\.m2\repository\org\apache\poi\poi-ooxml\5.2.5\poi-ooxml-5.2.5.jar;C:\Users\akshayu\.m2\repository\org\apache\poi\poi-ooxml-lite\5.2.5\poi-ooxml-lite-5.2.5.jar;C:\Users\akshayu\.m2\repository\org\apache\xmlbeans\xmlbeans\5.2.0\xmlbeans-5.2.0.jar;C:\Users\akshayu\.m2\repository\org\apache\commons\commons-compress\1.25.0\commons-compress-1.25.0.jar;C:\Users\akshayu\.m2\repository\com\github\virtuald\curvesapi\1.08\curvesapi-1.08.jar;C:\Users\akshayu\.m2\repository\com\aventstack\extentreports\5.1.2\extentreports-5.1.2.jar;C:\Users\akshayu\.m2\repository\io\reactivex\rxjava3\rxjava\3.1.6\rxjava-3.1.6.jar;C:\Users\akshayu\.m2\repository\org\reactivestreams\reactive-streams\1.0.4\reactive-streams-1.0.4.jar;C:\Users\akshayu\.m2\repository\org\freemarker\freemarker\2.3.32\freemarker-2.3.32.jar;C:\Users\akshayu\.m2\repository\org\projectlombok\lombok\1.18.26\lombok-1.18.26.jar;C:\Users\akshayu\.m2\repository\io\qameta\allure\allure-testng\2.24.0\allure-testng-2.24.0.jar;C:\Users\akshayu\.m2\repository\io\qameta\allure\allure-java-commons\2.24.0\allure-java-commons-2.24.0.jar;C:\Users\akshayu\.m2\repository\io\qameta\allure\allure-model\2.24.0\allure-model-2.24.0.jar;C:\Users\akshayu\.m2\repository\io\qameta\allure\allure-test-filter\2.24.0\allure-test-filter-2.24.0.jar;C:\Users\akshayu\.m2\repository\io\rest-assured\rest-assured\5.3.2\rest-assured-5.3.2.jar;C:\Users\akshayu\.m2\repository\org\apache\groovy\groovy\4.0.11\groovy-4.0.11.jar;C:\Users\akshayu\.m2\repository\org\apache\groovy\groovy-xml\4.0.11\groovy-xml-4.0.11.jar;C:\Users\akshayu\.m2\repository\org\apache\httpcomponents\httpclient\4.5.13\httpclient-4.5.13.jar;C:\Users\akshayu\.m2\repository\org\apache\httpcomponents\httpcore\4.4.13\httpcore-4.4.13.jar;C:\Users\akshayu\.m2\repository\commons-logging\commons-logging\1.2\commons-logging-1.2.jar;C:\Users\akshayu\.m2\repository\org\apache\httpcomponents\httpmime\4.5.13\httpmime-4.5.13.jar;C:\Users\akshayu\.m2\repository\org\hamcrest\hamcrest\2.2\hamcrest-2.2.jar;C:\Users\akshayu\.m2\repository\org\ccil\cowan\tagsoup\tagsoup\1.2.1\tagsoup-1.2.1.jar;C:\Users\akshayu\.m2\repository\io\rest-assured\json-path\5.3.2\json-path-5.3.2.jar;C:\Users\akshayu\.m2\repository\org\apache\groovy\groovy-json\4.0.11\groovy-json-4.0.11.jar;C:\Users\akshayu\.m2\repository\io\rest-assured\rest-assured-common\5.3.2\rest-assured-common-5.3.2.jar;C:\Users\akshayu\.m2\repository\io\rest-assured\xml-path\5.3.2\xml-path-5.3.2.jar;C:\Users\akshayu\.m2\repository\org\springframework\boot\spring-boot-starter-test\2.7.18\spring-boot-starter-test-2.7.18.jar;C:\Users\akshayu\.m2\repository\org\springframework\boot\spring-boot-test\2.7.18\spring-boot-test-2.7.18.jar;C:\Users\akshayu\.m2\repository\org\springframework\boot\spring-boot-test-autoconfigure\2.7.18\spring-boot-test-autoconfigure-2.7.18.jar;C:\Users\akshayu\.m2\repository\com\jayway\jsonpath\json-path\2.7.0\json-path-2.7.0.jar;C:\Users\akshayu\.m2\repository\net\minidev\json-smart\2.4.7\json-smart-2.4.7.jar;C:\Users\akshayu\.m2\repository\net\minidev\accessors-smart\2.4.7\accessors-smart-2.4.7.jar;C:\Users\akshayu\.m2\repository\jakarta\xml\bind\jakarta.xml.bind-api\2.3.3\jakarta.xml.bind-api-2.3.3.jar;C:\Users\akshayu\.m2\repository\jakarta\activation\jakarta.activation-api\1.2.2\jakarta.activation-api-1.2.2.jar;C:\Users\akshayu\.m2\repository\org\assertj\assertj-core\3.22.0\assertj-core-3.22.0.jar;C:\Users\akshayu\.m2\repository\org\junit\jupiter\junit-jupiter\5.8.2\junit-jupiter-5.8.2.jar;C:\Users\akshayu\.m2\repository\org\junit\jupiter\junit-jupiter-api\5.8.2\junit-jupiter-api-5.8.2.jar;C:\Users\akshayu\.m2\repository\org\junit\platform\junit-platform-commons\1.8.2\junit-platform-commons-1.8.2.jar;C:\Users\akshayu\.m2\repository\org\junit\jupiter\junit-jupiter-params\5.8.2\junit-jupiter-params-5.8.2.jar;C:\Users\akshayu\.m2\repository\org\junit\jupiter\junit-jupiter-engine\5.8.2\junit-jupiter-engine-5.8.2.jar;C:\Users\akshayu\.m2\repository\org\junit\platform\junit-platform-engine\1.8.2\junit-platform-engine-1.8.2.jar;C:\Users\akshayu\.m2\repository\org\mockito\mockito-core\4.5.1\mockito-core-4.5.1.jar;C:\Users\akshayu\.m2\repository\net\bytebuddy\byte-buddy\1.12.9\byte-buddy-1.12.9.jar;C:\Users\akshayu\.m2\repository\net\bytebuddy\byte-buddy-agent\1.12.9\byte-buddy-agent-1.12.9.jar;C:\Users\akshayu\.m2\repository\org\objenesis\objenesis\3.2\objenesis-3.2.jar;C:\Users\akshayu\.m2\repository\org\mockito\mockito-junit-jupiter\4.5.1\mockito-junit-jupiter-4.5.1.jar;C:\Users\akshayu\.m2\repository\org\skyscreamer\jsonassert\1.5.1\jsonassert-1.5.1.jar;C:\Users\akshayu\.m2\repository\com\vaadin\external\google\android-json\0.0.20131108.vaadin1\android-json-0.0.20131108.vaadin1.jar;C:\Users\akshayu\.m2\repository\org\springframework\spring-core\5.3.31\spring-core-5.3.31.jar;C:\Users\akshayu\.m2\repository\org\springframework\spring-jcl\5.3.31\spring-jcl-5.3.31.jar;C:\Users\akshayu\.m2\repository\org\springframework\spring-test\5.3.31\spring-test-5.3.31.jar;C:\Users\akshayu\.m2\repository\org\xmlunit\xmlunit-core\2.9.1\xmlunit-core-2.9.1.jar;C:\Users\akshayu\.m2\repository\com\github\tomakehurst\wiremock-jre8\2.35.0\wiremock-jre8-2.35.0.jar;C:\Users\akshayu\.m2\repository\org\eclipse\jetty\jetty-server\9.4.49.v20220914\jetty-server-9.4.49.v20220914.jar;C:\Users\akshayu\.m2\repository\javax\servlet\javax.servlet-api\3.1.0\javax.servlet-api-3.1.0.jar;C:\Users\akshayu\.m2\repository\org\eclipse\jetty\jetty-http\9.4.49.v20220914\jetty-http-9.4.49.v20220914.jar;C:\Users\akshayu\.m2\repository\org\eclipse\jetty\jetty-io\9.4.49.v20220914\jetty-io-9.4.49.v20220914.jar;C:\Users\akshayu\.m2\repository\org\eclipse\jetty\jetty-servlet\9.4.49.v20220914\jetty-servlet-9.4.49.v20220914.jar;C:\Users\akshayu\.m2\repository\org\eclipse\jetty\jetty-security\9.4.49.v20220914\jetty-security-9.4.49.v20220914.jar;C:\Users\akshayu\.m2\repository\org\eclipse\jetty\jetty-util-ajax\9.4.49.v20220914\jetty-util-ajax-9.4.49.v20220914.jar;C:\Users\akshayu\.m2\repository\org\eclipse\jetty\jetty-servlets\9.4.49.v20220914\jetty-servlets-9.4.49.v20220914.jar;C:\Users\akshayu\.m2\repository\org\eclipse\jetty\jetty-continuation\9.4.49.v20220914\jetty-continuation-9.4.49.v20220914.jar;C:\Users\akshayu\.m2\repository\org\eclipse\jetty\jetty-util\9.4.49.v20220914\jetty-util-9.4.49.v20220914.jar;C:\Users\akshayu\.m2\repository\org\eclipse\jetty\jetty-webapp\9.4.49.v20220914\jetty-webapp-9.4.49.v20220914.jar;C:\Users\akshayu\.m2\repository\org\eclipse\jetty\jetty-xml\9.4.49.v20220914\jetty-xml-9.4.49.v20220914.jar;C:\Users\akshayu\.m2\repository\org\eclipse\jetty\jetty-proxy\9.4.49.v20220914\jetty-proxy-9.4.49.v20220914.jar;C:\Users\akshayu\.m2\repository\org\eclipse\jetty\jetty-client\9.4.49.v20220914\jetty-client-9.4.49.v20220914.jar;C:\Users\akshayu\.m2\repository\org\eclipse\jetty\http2\http2-server\9.4.49.v20220914\http2-server-9.4.49.v20220914.jar;C:\Users\akshayu\.m2\repository\org\eclipse\jetty\http2\http2-common\9.4.49.v20220914\http2-common-9.4.49.v20220914.jar;C:\Users\akshayu\.m2\repository\org\eclipse\jetty\http2\http2-hpack\9.4.49.v20220914\http2-hpack-9.4.49.v20220914.jar;C:\Users\akshayu\.m2\repository\org\eclipse\jetty\jetty-alpn-server\9.4.49.v20220914\jetty-alpn-server-9.4.49.v20220914.jar;C:\Users\akshayu\.m2\repository\org\eclipse\jetty\jetty-alpn-java-server\9.4.49.v20220914\jetty-alpn-java-server-9.4.49.v20220914.jar;C:\Users\akshayu\.m2\repository\org\eclipse\jetty\jetty-alpn-openjdk8-server\9.4.49.v20220914\jetty-alpn-openjdk8-server-9.4.49.v20220914.jar;C:\Users\akshayu\.m2\repository\org\eclipse\jetty\jetty-alpn-java-client\9.4.49.v20220914\jetty-alpn-java-client-9.4.49.v20220914.jar;C:\Users\akshayu\.m2\repository\org\eclipse\jetty\jetty-alpn-client\9.4.49.v20220914\jetty-alpn-client-9.4.49.v20220914.jar;C:\Users\akshayu\.m2\repository\org\eclipse\jetty\jetty-alpn-openjdk8-client\9.4.49.v20220914\jetty-alpn-openjdk8-client-9.4.49.v20220914.jar;C:\Users\akshayu\.m2\repository\com\google\guava\guava\31.1-jre\guava-31.1-jre.jar;C:\Users\akshayu\.m2\repository\com\google\guava\failureaccess\1.0.1\failureaccess-1.0.1.jar;C:\Users\akshayu\.m2\repository\com\google\guava\listenablefuture\9999.0-empty-to-avoid-conflict-with-guava\listenablefuture-9999.0-empty-to-avoid-conflict-with-guava.jar;C:\Users\akshayu\.m2\repository\com\google\code\findbugs\jsr305\3.0.2\jsr305-3.0.2.jar;C:\Users\akshayu\.m2\repository\org\checkerframework\checker-qual\3.12.0\checker-qual-3.12.0.jar;C:\Users\akshayu\.m2\repository\com\google\j2objc\j2objc-annotations\1.3\j2objc-annotations-1.3.jar;C:\Users\akshayu\.m2\repository\org\apache\httpcomponents\client5\httpclient5\5.1.3\httpclient5-5.1.3.jar;C:\Users\akshayu\.m2\repository\org\apache\httpcomponents\core5\httpcore5\5.1.3\httpcore5-5.1.3.jar;C:\Users\akshayu\.m2\repository\org\apache\httpcomponents\core5\httpcore5-h2\5.1.3\httpcore5-h2-5.1.3.jar;C:\Users\akshayu\.m2\repository\org\xmlunit\xmlunit-legacy\2.9.0\xmlunit-legacy-2.9.0.jar;C:\Users\akshayu\.m2\repository\org\xmlunit\xmlunit-placeholders\2.9.0\xmlunit-placeholders-2.9.0.jar;C:\Users\akshayu\.m2\repository\net\javacrumbs\json-unit\json-unit-core\2.36.0\json-unit-core-2.36.0.jar;C:\Users\akshayu\.m2\repository\org\hamcrest\hamcrest-core\2.2\hamcrest-core-2.2.jar;C:\Users\akshayu\.m2\repository\org\ow2\asm\asm\9.4\asm-9.4.jar;C:\Users\akshayu\.m2\repository\net\sf\jopt-simple\jopt-simple\5.0.4\jopt-simple-5.0.4.jar;C:\Users\akshayu\.m2\repository\org\apache\commons\commons-lang3\3.12.0\commons-lang3-3.12.0.jar;C:\Users\akshayu\.m2\repository\com\github\jknack\handlebars\4.3.1\handlebars-4.3.1.jar;C:\Users\akshayu\.m2\repository\com\github\jknack\handlebars-helpers\4.3.1\handlebars-helpers-4.3.1.jar;C:\Users\akshayu\.m2\repository\commons-fileupload\commons-fileupload\1.4\commons-fileupload-1.4.jar;C:\Users\akshayu\.m2\repository\org\testcontainers\testcontainers\1.19.3\testcontainers-1.19.3.jar;C:\Users\akshayu\.m2\repository\junit\junit\4.13.2\junit-4.13.2.jar;C:\Users\akshayu\.m2\repository\org\rnorth\duct-tape\duct-tape\1.0.8\duct-tape-1.0.8.jar;C:\Users\akshayu\.m2\repository\org\jetbrains\annotations\17.0.0\annotations-17.0.0.jar;C:\Users\akshayu\.m2\repository\com\github\docker-java\docker-java-api\3.3.4\docker-java-api-3.3.4.jar;C:\Users\akshayu\.m2\repository\com\github\docker-java\docker-java-transport-zerodep\3.3.4\docker-java-transport-zerodep-3.3.4.jar;C:\Users\akshayu\.m2\repository\com\github\docker-java\docker-java-transport\3.3.4\docker-java-transport-3.3.4.jar;C:\Users\akshayu\.m2\repository\net\java\dev\jna\jna\5.13.0\jna-5.13.0.jar;C:\Users\akshayu\.m2\repository\org\testcontainers\kafka\1.19.3\kafka-1.19.3.jar;C:\Users\akshayu\.m2\repository\org\apache\kafka\kafka-clients\3.6.1\kafka-clients-3.6.1.jar;C:\Users\akshayu\.m2\repository\com\github\luben\zstd-jni\1.5.5-1\zstd-jni-1.5.5-1.jar;C:\Users\akshayu\.m2\repository\org\lz4\lz4-java\1.8.0\lz4-java-1.8.0.jar;C:\Users\akshayu\.m2\repository\org\xerial\snappy\snappy-java\1.1.10.5\snappy-java-1.1.10.5.jar;C:\Users\akshayu\.m2\repository\org\eclipse\milo\sdk-client\0.6.15\sdk-client-0.6.15.jar;C:\Users\akshayu\.m2\repository\org\eclipse\milo\stack-client\0.6.15\stack-client-0.6.15.jar;C:\Users\akshayu\.m2\repository\org\eclipse\milo\stack-core\0.6.15\stack-core-0.6.15.jar;C:\Users\akshayu\.m2\repository\org\bouncycastle\bcprov-jdk18on\1.78.1\bcprov-jdk18on-1.78.1.jar;C:\Users\akshayu\.m2\repository\org\bouncycastle\bcpkix-jdk18on\1.78.1\bcpkix-jdk18on-1.78.1.jar;C:\Users\akshayu\.m2\repository\org\bouncycastle\bcutil-jdk18on\1.78.1\bcutil-jdk18on-1.78.1.jar;C:\Users\akshayu\.m2\repository\io\netty\netty-codec\4.1.112.Final\netty-codec-4.1.112.Final.jar;C:\Users\akshayu\.m2\repository\io\netty\netty-handler\4.1.112.Final\netty-handler-4.1.112.Final.jar;C:\Users\akshayu\.m2\repository\io\netty\netty-resolver\4.1.112.Final\netty-resolver-4.1.112.Final.jar;C:\Users\akshayu\.m2\repository\io\netty\netty-transport-native-unix-common\4.1.112.Final\netty-transport-native-unix-common-4.1.112.Final.jar;C:\Users\akshayu\.m2\repository\org\glassfish\jaxb\jaxb-runtime\2.3.6\jaxb-runtime-2.3.6.jar;C:\Users\akshayu\.m2\repository\org\glassfish\jaxb\txw2\2.3.6\txw2-2.3.6.jar;C:\Users\akshayu\.m2\repository\com\sun\istack\istack-commons-runtime\3.0.12\istack-commons-runtime-3.0.12.jar;C:\Users\akshayu\.m2\repository\com\sun\activation\jakarta.activation\1.2.2\jakarta.activation-1.2.2.jar;C:\Users\akshayu\.m2\repository\com\digitalpetri\netty\netty-channel-fsm\0.9\netty-channel-fsm-0.9.jar;C:\Users\akshayu\.m2\repository\com\digitalpetri\fsm\strict-machine\0.7\strict-machine-0.7.jar;C:\Users\akshayu\.m2\repository\io\netty\netty-codec-http\4.1.112.Final\netty-codec-http-4.1.112.Final.jar;C:\Users\akshayu\.m2\repository\io\netty\netty-common\4.1.112.Final\netty-common-4.1.112.Final.jar;C:\Users\akshayu\.m2\repository\io\netty\netty-buffer\4.1.112.Final\netty-buffer-4.1.112.Final.jar;C:\Users\akshayu\.m2\repository\io\netty\netty-transport\4.1.112.Final\netty-transport-4.1.112.Final.jar;C:\Users\akshayu\.m2\repository\org\eclipse\milo\sdk-core\0.6.15\sdk-core-0.6.15.jar;C:\Users\akshayu\.m2\repository\com\networknt\json-schema-validator\1.3.0\json-schema-validator-1.3.0.jar;C:\Users\akshayu\.m2\repository\com\ethlo\time\itu\1.8.0\itu-1.8.0.jar;C:\Users\akshayu\.m2\repository\com\fasterxml\jackson\dataformat\jackson-dataformat-yaml\2.15.3\jackson-dataformat-yaml-2.15.3.jar;C:\Users\akshayu\.m2\repository\org\apache\jmeter\ApacheJMeter_core\5.6.2\ApacheJMeter_core-5.6.2.jar;C:\Users\akshayu\.m2\repository\org\apache\jmeter\ApacheJMeter\5.6.2\ApacheJMeter-5.6.2.jar;C:\Users\akshayu\.m2\repository\org\apache\jmeter\jorphan\5.6.2\jorphan-5.6.2.jar;C:\Users\akshayu\.m2\repository\bsf\bsf\2.4.0\bsf-2.4.0.jar;C:\Users\akshayu\.m2\repository\com\fifesoft\rsyntaxtextarea\3.3.3\rsyntaxtextarea-3.3.3.jar;C:\Users\akshayu\.m2\repository\net\sf\jtidy\jtidy\r938\jtidy-r938.jar;C:\Users\akshayu\.m2\repository\com\thoughtworks\xstream\xstream\1.4.20\xstream-1.4.20.jar;C:\Users\akshayu\.m2\repository\io\github\x-stream\mxparser\1.2.2\mxparser-1.2.2.jar;C:\Users\akshayu\.m2\repository\xmlpull\xmlpull\1.1.3.1\xmlpull-1.1.3.1.jar;C:\Users\akshayu\.m2\repository\org\apache\logging\log4j\log4j-1.2-api\2.20.0\log4j-1.2-api-2.20.0.jar;C:\Users\akshayu\.m2\repository\org\apache\logging\log4j\log4j-core\2.20.0\log4j-core-2.20.0.jar;C:\Users\akshayu\.m2\repository\org\apache\logging\log4j\log4j-slf4j-impl\2.20.0\log4j-slf4j-impl-2.20.0.jar;C:\Users\akshayu\.m2\repository\org\apiguardian\apiguardian-api\1.1.2\apiguardian-api-1.1.2.jar;C:\Users\akshayu\.m2\repository\oro\oro\2.0.8\oro-2.0.8.jar;C:\Users\akshayu\.m2\repository\xalan\xalan\2.7.3\xalan-2.7.3.jar;C:\Users\akshayu\.m2\repository\xalan\serializer\2.7.3\serializer-2.7.3.jar;C:\Users\akshayu\.m2\repository\xml-apis\xml-apis\1.4.01\xml-apis-1.4.01.jar;C:\Users\akshayu\.m2\repository\net\sf\saxon\Saxon-HE\11.5\Saxon-HE-11.5.jar;C:\Users\akshayu\.m2\repository\org\xmlresolver\xmlresolver\4.6.4\xmlresolver-4.6.4.jar;C:\Users\akshayu\.m2\repository\org\xmlresolver\xmlresolver\4.6.4\xmlresolver-4.6.4-data.jar;C:\Users\akshayu\.m2\repository\org\jetbrains\kotlin\kotlin-stdlib-jdk8\1.8.22\kotlin-stdlib-jdk8-1.8.22.jar;C:\Users\akshayu\.m2\repository\org\jetbrains\kotlin\kotlin-stdlib\1.8.22\kotlin-stdlib-1.8.22.jar;C:\Users\akshayu\.m2\repository\org\jetbrains\kotlin\kotlin-stdlib-jdk7\1.8.22\kotlin-stdlib-jdk7-1.8.22.jar;C:\Users\akshayu\.m2\repository\com\google\auto\service\auto-service-annotations\1.1.1\auto-service-annotations-1.1.1.jar;C:\Users\akshayu\.m2\repository\org\jetbrains\kotlinx\kotlinx-coroutines-core\1.7.1\kotlinx-coroutines-core-1.7.1.jar;C:\Users\akshayu\.m2\repository\org\jetbrains\kotlinx\kotlinx-coroutines-core-jvm\1.7.1\kotlinx-coroutines-core-jvm-1.7.1.jar;C:\Users\akshayu\.m2\repository\org\jetbrains\kotlinx\kotlinx-coroutines-swing\1.7.1\kotlinx-coroutines-swing-1.7.1.jar;C:\Users\akshayu\.m2\repository\com\formdev\svgSalamander\1.1.4\svgSalamander-1.1.4.jar;C:\Users\akshayu\.m2\repository\com\github\ben-manes\caffeine\caffeine\2.9.3\caffeine-2.9.3.jar;C:\Users\akshayu\.m2\repository\com\github\weisj\darklaf-core\2.7.3\darklaf-core-2.7.3.jar;C:\Users\akshayu\.m2\repository\com\github\weisj\darklaf-utils\2.7.3\darklaf-utils-2.7.3.jar;C:\Users\akshayu\.m2\repository\com\github\weisj\darklaf-native-utils\2.7.3\darklaf-native-utils-2.7.3.jar;C:\Users\akshayu\.m2\repository\com\github\weisj\darklaf-platform-base\2.7.3\darklaf-platform-base-2.7.3.jar;C:\Users\akshayu\.m2\repository\com\github\weisj\darklaf-windows\2.7.3\darklaf-windows-2.7.3.jar;C:\Users\akshayu\.m2\repository\com\github\weisj\darklaf-macos\2.7.3\darklaf-macos-2.7.3.jar;C:\Users\akshayu\.m2\repository\com\github\weisj\swing-extensions-laf-support\0.1.3\swing-extensions-laf-support-0.1.3.jar;C:\Users\akshayu\.m2\repository\com\github\weisj\darklaf-theme\2.7.3\darklaf-theme-2.7.3.jar;C:\Users\akshayu\.m2\repository\com\github\weisj\darklaf-property-loader\2.7.3\darklaf-property-loader-2.7.3.jar;C:\Users\akshayu\.m2\repository\com\github\weisj\swing-extensions-visual-padding\0.1.3\swing-extensions-visual-padding-0.1.3.jar;C:\Users\akshayu\.m2\repository\com\github\weisj\darklaf-extensions-rsyntaxarea\0.3.4\darklaf-extensions-rsyntaxarea-0.3.4.jar;C:\Users\akshayu\.m2\repository\com\miglayout\miglayout-swing\5.3\miglayout-swing-5.3.jar;C:\Users\akshayu\.m2\repository\com\miglayout\miglayout-core\5.3\miglayout-core-5.3.jar;C:\Users\akshayu\.m2\repository\org\jetbrains\lets-plot\lets-plot-batik\3.2.0\lets-plot-batik-3.2.0.jar;C:\Users\akshayu\.m2\repository\org\apache\xmlgraphics\batik-codec\1.16\batik-codec-1.16.jar;C:\Users\akshayu\.m2\repository\org\apache\xmlgraphics\batik-awt-util\1.16\batik-awt-util-1.16.jar;C:\Users\akshayu\.m2\repository\org\apache\xmlgraphics\batik-bridge\1.16\batik-bridge-1.16.jar;C:\Users\akshayu\.m2\repository\org\apache\xmlgraphics\batik-anim\1.16\batik-anim-1.16.jar;C:\Users\akshayu\.m2\repository\org\apache\xmlgraphics\batik-ext\1.16\batik-ext-1.16.jar;C:\Users\akshayu\.m2\repository\org\apache\xmlgraphics\batik-css\1.16\batik-css-1.16.jar;C:\Users\akshayu\.m2\repository\org\apache\xmlgraphics\batik-dom\1.16\batik-dom-1.16.jar;C:\Users\akshayu\.m2\repository\org\apache\xmlgraphics\batik-gvt\1.16\batik-gvt-1.16.jar;C:\Users\akshayu\.m2\repository\org\apache\xmlgraphics\batik-parser\1.16\batik-parser-1.16.jar;C:\Users\akshayu\.m2\repository\org\apache\xmlgraphics\batik-script\1.16\batik-script-1.16.jar;C:\Users\akshayu\.m2\repository\org\apache\xmlgraphics\batik-svg-dom\1.16\batik-svg-dom-1.16.jar;C:\Users\akshayu\.m2\repository\org\apache\xmlgraphics\batik-xml\1.16\batik-xml-1.16.jar;C:\Users\akshayu\.m2\repository\xml-apis\xml-apis-ext\1.3.04\xml-apis-ext-1.3.04.jar;C:\Users\akshayu\.m2\repository\org\apache\xmlgraphics\batik-shared-resources\1.16\batik-shared-resources-1.16.jar;C:\Users\akshayu\.m2\repository\org\apache\xmlgraphics\batik-transcoder\1.16\batik-transcoder-1.16.jar;C:\Users\akshayu\.m2\repository\org\apache\xmlgraphics\batik-svggen\1.16\batik-svggen-1.16.jar;C:\Users\akshayu\.m2\repository\org\apache\xmlgraphics\batik-util\1.16\batik-util-1.16.jar;C:\Users\akshayu\.m2\repository\org\apache\xmlgraphics\batik-constants\1.16\batik-constants-1.16.jar;C:\Users\akshayu\.m2\repository\org\apache\xmlgraphics\batik-i18n\1.16\batik-i18n-1.16.jar;C:\Users\akshayu\.m2\repository\org\jetbrains\lets-plot\lets-plot-common\3.2.0\lets-plot-common-3.2.0.jar;C:\Users\akshayu\.m2\repository\io\github\microutils\kotlin-logging\2.0.5\kotlin-logging-2.0.5.jar;C:\Users\akshayu\.m2\repository\org\jetbrains\kotlinx\kotlinx-html-jvm\0.7.3\kotlinx-html-jvm-0.7.3.jar;C:\Users\akshayu\.m2\repository\org\jetbrains\lets-plot\lets-plot-kotlin-jvm\4.4.1\lets-plot-kotlin-jvm-4.4.1.jar;C:\Users\akshayu\.m2\repository\org\jetbrains\lets-plot\base-portable-jvm\3.2.0\base-portable-jvm-3.2.0.jar;C:\Users\akshayu\.m2\repository\org\jetbrains\lets-plot\plot-base-portable-jvm\3.2.0\plot-base-portable-jvm-3.2.0.jar;C:\Users\akshayu\.m2\repository\org\jetbrains\lets-plot\vis-svg-portable-jvm\3.2.0\vis-svg-portable-jvm-3.2.0.jar;C:\Users\akshayu\.m2\repository\org\jetbrains\lets-plot\plot-common-portable-jvm\3.2.0\plot-common-portable-jvm-3.2.0.jar;C:\Users\akshayu\.m2\repository\org\jetbrains\lets-plot\plot-builder-portable-jvm\3.2.0\plot-builder-portable-jvm-3.2.0.jar;C:\Users\akshayu\.m2\repository\org\jetbrains\lets-plot\plot-config-portable-jvm\3.2.0\plot-config-portable-jvm-3.2.0.jar;C:\Users\akshayu\.m2\repository\org\jetbrains\kotlin\kotlin-stdlib-common\1.7.21\kotlin-stdlib-common-1.7.21.jar;C:\Users\akshayu\.m2\repository\io\github\microutils\kotlin-logging-jvm\2.0.5\kotlin-logging-jvm-2.0.5.jar;C:\Users\akshayu\.m2\repository\org\apache\commons\commons-text\1.10.0\commons-text-1.10.0.jar;C:\Users\akshayu\.m2\repository\org\apache\tika\tika-core\1.28.5\tika-core-1.28.5.jar;C:\Users\akshayu\.m2\repository\org\apache\xmlgraphics\xmlgraphics-commons\2.8\xmlgraphics-commons-2.8.jar;C:\Users\akshayu\.m2\repository\org\jodd\jodd-core\5.0.13\jodd-core-5.0.13.jar;C:\Users\akshayu\.m2\repository\org\jodd\jodd-props\5.0.13\jodd-props-5.0.13.jar;C:\Users\akshayu\.m2\repository\org\mozilla\rhino\1.7.14\rhino-1.7.14.jar;C:\Users\akshayu\.m2\repository\org\slf4j\jcl-over-slf4j\1.7.36\jcl-over-slf4j-1.7.36.jar;C:\Users\akshayu\.m2\repository\org\codehaus\groovy\groovy-dateutil\3.0.17\groovy-dateutil-3.0.17.jar;C:\Users\akshayu\.m2\repository\org\codehaus\groovy\groovy-datetime\3.0.17\groovy-datetime-3.0.17.jar;C:\Users\akshayu\.m2\repository\org\codehaus\groovy\groovy-jmx\3.0.17\groovy-jmx-3.0.17.jar;C:\Users\akshayu\.m2\repository\org\codehaus\groovy\groovy-json\3.0.17\groovy-json-3.0.17.jar;C:\Users\akshayu\.m2\repository\org\codehaus\groovy\groovy-jsr223\3.0.17\groovy-jsr223-3.0.17.jar;C:\Users\akshayu\.m2\repository\org\codehaus\groovy\groovy-sql\3.0.17\groovy-sql-3.0.17.jar;C:\Users\akshayu\.m2\repository\org\codehaus\groovy\groovy-templates\3.0.17\groovy-templates-3.0.17.jar;C:\Users\akshayu\.m2\repository\commons-collections\commons-collections\3.2.2\commons-collections-3.2.2.jar;C:\Users\akshayu\.m2\repository\org\apache\tika\tika-parsers\1.28.5\tika-parsers-1.28.5.jar;C:\Users\akshayu\.m2\repository\xerces\xercesImpl\2.12.2\xercesImpl-2.12.2.jar;"/>
    <property name="sun.cpu.endian" value="little"/>
    <property name="user.home" value="C:\Users\akshayu"/>
    <property name="user.language" value="en"/>
    <property name="java.specification.vendor" value="Oracle Corporation"/>
    <property name="java.version.date" value="2023-07-18"/>
    <property name="java.home" value="C:\Program Files\Java\jdk-17"/>
    <property name="file.separator" value="\"/>
    <property name="basedir" value="C:\Users\akshayu\Documents\workspace-spring-tool-suite-4-4.20.0.RELEASE\playwright-framework 2\playwright-framework"/>
    <property name="java.vm.compressedOopsMode" value="Zero based"/>
    <property name="line.separator" value="&#10;"/>
    <property name="java.vm.specification.vendor" value="Oracle Corporation"/>
    <property name="java.specification.name" value="Java Platform API Specification"/>
    <property name="FILE_LOG_CHARSET" value="windows-1252"/>
    <property name="java.awt.headless" value="true"/>
    <property name="user.script" value=""/>
    <property name="sun.management.compiler" value="HotSpot 64-Bit Tiered Compilers"/>
    <property name="java.runtime.version" value="17.0.8+9-LTS-211"/>
    <property name="user.name" value="Akshayu"/>
    <property name="path.separator" value=";"/>
    <property name="os.version" value="10.0"/>
    <property name="java.runtime.name" value="Java(TM) SE Runtime Environment"/>
    <property name="logging.level.org.springframework" value="WARN"/>
    <property name="file.encoding" value="Cp1252"/>
    <property name="spring.beaninfo.ignore" value="true"/>
    <property name="server.port" value="8085"/>
    <property name="java.vm.name" value="Java HotSpot(TM) 64-Bit Server VM"/>
    <property name="localRepository" value="C:\Users\akshayu\.m2\repository"/>
    <property name="java.vendor.url.bug" value="https://bugreport.java.com/bugreport/"/>
    <property name="java.io.tmpdir" value="C:\Users\akshayu\AppData\Local\Temp\"/>
    <property name="catalina.home" value="C:\Users\akshayu\AppData\Local\Temp\tomcat.8085.1858392631323041887"/>
    <property name="java.version" value="17.0.8"/>
    <property name="user.dir" value="C:\Users\akshayu\Documents\workspace-spring-tool-suite-4-4.20.0.RELEASE\playwright-framework 2\playwright-framework"/>
    <property name="os.arch" value="amd64"/>
    <property name="java.vm.specification.name" value="Java Virtual Machine Specification"/>
    <property name="PID" value="22312"/>
    <property name="sun.os.patch.level" value=""/>
    <property name="CONSOLE_LOG_CHARSET" value="windows-1252"/>
    <property name="catalina.base" value="C:\Users\akshayu\AppData\Local\Temp\tomcat.8085.1858392631323041887"/>
    <property name="native.encoding" value="Cp1252"/>
    <property name="java.library.path" value="C:\Program Files\Java\jdk-17\bin;C:\WINDOWS\Sun\Java\bin;C:\WINDOWS\system32;C:\WINDOWS;C:\Program Files\Common Files\Oracle\Java\javapath;C:\WINDOWS\system32;C:\WINDOWS;C:\WINDOWS\System32\Wbem;C:\WINDOWS\System32\WindowsPowerShell\v1.0\;C:\WINDOWS\System32\OpenSSH\;C:\Program Files\dotnet\;C:\Program Files\Azure Data Studio\bin;C:\Program Files\Microsoft SQL Server\Client SDK\ODBC\170\Tools\Binn\;C:\Program Files (x86)\Microsoft SQL Server\150\Tools\Binn\;C:\Program Files\Microsoft SQL Server\150\Tools\Binn\;C:\Program Files\Microsoft SQL Server\150\DTS\Binn\;C:\Program Files (x86)\Microsoft SQL Server\150\DTS\Binn\;C:\WINDOWS\system32\config\systemprofile\.dnx\bin;C:\Program Files\Microsoft DNX\Dnvm\;C:\Program Files\Microsoft SQL Server\130\Tools\Binn\;C:\WebDrivers;C:\Users\akshayu\Downloads\chrome-win64\chrome-win64;C:\Program Files (x86)\Windows Kits\10\Windows Performance Toolkit\;C:\maven\bin;C:\Program Files\Docker\Docker\resources\bin;C:\Users\akshayu\AppData\Local\nvm;C:\nvm4w\nodejs;C:\Users\akshayu\AppData\Local\Microsoft\WindowsApps;C:\Users\akshayu\AppData\Local\Programs\Microsoft VS Code\bin;C:\Users\akshayu\AppData\Roaming\npm;C:\Program Files\Azure Data Studio\bin;C:\Users\akshayu\AppData\Local\GitHubDesktop\bin;C:\Users\akshayu\.dotnet\tools;C:\Program Files\JetBrains\IntelliJ IDEA 2025.1.1.1\bin;;C:\Program Files\JetBrains\IntelliJ IDEA Community Edition 2025.1.1.1\bin;;C:\Users\akshayu\AppData\Local\Programs\cursor\resources\app\bin;C:\Users\akshayu\AppData\Local\nvm;C:\Program Files\nvm;;."/>
    <property name="java.vm.info" value="mixed mode, sharing"/>
    <property name="java.vendor" value="Oracle Corporation"/>
    <property name="java.vm.version" value="17.0.8+9-LTS-211"/>
    <property name="logging.level.org.apache.catalina" value="WARN"/>
    <property name="sun.io.unicode.encoding" value="UnicodeLittle"/>
    <property name="java.class.version" value="61.0"/>
  </properties>
  <testcase name="testBrowseTags" classname="tests.ReadDataServiceTest" time="0.15">
    <system-out><![CDATA[15:21:29.913 [main] DEBUG org.testng.TestNG - suiteXmlPath: "C:\Users\akshayu\Documents\workspace-spring-tool-suite-4-4.20.0.RELEASE\playwright-framework 2\playwright-framework\testng.xml"
15:21:30.115 [main] WARN org.testng.TestNG - Ignoring duplicate listener : io.qameta.allure.testng.AllureTestNg
15:21:30.116 [main] WARN org.testng.TestNG - Ignoring duplicate listener : io.qameta.allure.testng.AllureTestNg
15:21:30.116 [main] WARN org.testng.TestNG - Ignoring duplicate listener : io.qameta.allure.testng.AllureTestNg
2025-10-03 15:21:36.315  INFO 22312 --- [           main] o.a.maven.surefire.booter.ForkedBooter   : Starting ForkedBooter v3.2.5 using Java 17.0.8 on Akshay-Udhane with PID 22312 (C:\Users\akshayu\.m2\repository\org\apache\maven\surefire\surefire-booter\3.2.5\surefire-booter-3.2.5.jar started by Akshayu in C:\Users\akshayu\Documents\workspace-spring-tool-suite-4-4.20.0.RELEASE\playwright-framework 2\playwright-framework)
2025-10-03 15:21:36.316  INFO 22312 --- [           main] o.a.maven.surefire.booter.ForkedBooter   : No active profile set, falling back to 1 default profile: "default"
2025-10-03 15:21:37.412  WARN 22312 --- [           main] .b.a.g.t.GroovyTemplateAutoConfiguration : Cannot find template location: classpath:/templates/ (please add some templates, check your Groovy configuration, or set spring.groovy.template.check-template-location=false)
2025-10-03 15:21:37.622  INFO 22312 --- [           main] o.a.maven.surefire.booter.ForkedBooter   : Started ForkedBooter in 1.541 seconds (JVM running for 8.006)
Mock backend server started on port 8085
API Context initialized with mock server on port 8085
Starting test suite: Write Data Service Tests
Starting test suite: Read Data Service Tests
Starting test suite: OPC UA Connection Service Tests
Enhanced ExtentReports initialized: test-output/Enhanced_Test_Report_2025-10-03_15-21-39.html
Enhanced ExtentReports initialized: test-output/Enhanced_Test_Report_2025-10-03_15-21-39.html
Enhanced ExtentReports initialized: test-output/Enhanced_Test_Report_2025-10-03_15-21-39.html
Mock mode: Starting mock server...
Mock backend server is already running on port 8085
Mock server started successfully!
Real service test context initialized!
Testing against mock services:
- Service Registry: http://localhost:8761
- OPC UA Service: http://localhost:8085
- Read Data Service: http://localhost:8085
- Kafka Service: http://localhost:8085
- Write Data Service: http://localhost:8085
Mock mode: Service writedata is ready
Starting test: testConcurrentWriteOperations
Mock mode: Starting mock server...
Mock backend server is already running on port 8085
Mock server started successfully!
Real service test context initialized!
Testing against mock services:
- Service Registry: http://localhost:8761
- OPC UA Service: http://localhost:8085
Mock mode: Starting mock server...
- Read Data Service: http://localhost:8085
Mock backend server is already running on port 8085
- Kafka Service: http://localhost:8085
Mock server started successfully!
- Write Data Service: http://localhost:8085
Real service test context initialized!
Testing against mock services:
- Service Registry: http://localhost:8761
- OPC UA Service: http://localhost:8085
- Read Data Service: http://localhost:8085
- Kafka Service: http://localhost:8085
- Write Data Service: http://localhost:8085
Mock mode: Service opcconnection is ready
Mock mode: Service readdata is ready
Starting test: testOpcUaConnectionConnect
Starting test: testBrowseTags
Starting test: testOpcUaConnectionConnect
Starting test: testBrowseTags
Starting test: testConcurrentWriteOperations
API Response: {"message":"OPC UA connection established","status":"connected"}
API Response: {"nodes":[{"nodeClass":"Variable","nodeId":"ns=3;s=WMS_TO_PLC","displayName":"WMS TO PLC"},{"nodeClass":"Variable","nodeId":"ns=3;s=PLC_TO_WMS","displayName":"PLC TO WMS"}],"status":"success"}
Test passed: testOpcUaConnectionConnect (Duration: 141ms)
Test passed: testBrowseTags (Duration: 141ms)
]]></system-out>
    <system-err><![CDATA[SLF4J: Class path contains multiple SLF4J bindings.
SLF4J: Found binding in [jar:file:/C:/Users/akshayu/.m2/repository/ch/qos/logback/logback-classic/1.2.12/logback-classic-1.2.12.jar!/org/slf4j/impl/StaticLoggerBinder.class]
SLF4J: Found binding in [jar:file:/C:/Users/akshayu/.m2/repository/org/apache/logging/log4j/log4j-slf4j-impl/2.20.0/log4j-slf4j-impl-2.20.0.jar!/org/slf4j/impl/StaticLoggerBinder.class]
SLF4J: See http://www.slf4j.org/codes.html#multiple_bindings for an explanation.
SLF4J: Actual binding is of type [ch.qos.logback.classic.util.ContextSelectorStaticBinder]
]]></system-err>
  </testcase>
  <testcase name="testBrowseTagsWithDefaultNode" classname="tests.ReadDataServiceTest" time="0.007">
    <system-out><![CDATA[Test passed: testBrowseTagsWithDefaultNode (Duration: 6ms)
Test completed successfully in 7ms
Test completed successfully in 8ms
]]></system-out>
  </testcase>
  <testcase name="testConcurrentReadOperations" classname="tests.ReadDataServiceTest" time="0.008">
    <system-out><![CDATA[Test failed: Should return error status for invalid node ID expected [true] but found [false]
]]></system-out>
  </testcase>
  <testcase name="testReadDataErrorHandling" classname="tests.ReadDataServiceTest" time="0.005">
    <failure message="Should return error status for invalid node ID expected [true] but found [false]" type="java.lang.AssertionError"><![CDATA[java.lang.AssertionError: Should return error status for invalid node ID expected [true] but found [false]
	at org.testng.Assert.fail(Assert.java:111)
	at org.testng.Assert.failNotEquals(Assert.java:1578)
	at org.testng.Assert.assertTrue(Assert.java:57)
	at tests.ReadDataServiceTest.testReadDataErrorHandling(ReadDataServiceTest.java:144)
	at java.base/jdk.internal.reflect.NativeMethodAccessorImpl.invoke0(Native Method)
	at java.base/jdk.internal.reflect.NativeMethodAccessorImpl.invoke(NativeMethodAccessorImpl.java:77)
	at java.base/jdk.internal.reflect.DelegatingMethodAccessorImpl.invoke(DelegatingMethodAccessorImpl.java:43)
	at java.base/java.lang.reflect.Method.invoke(Method.java:568)
	at org.testng.internal.invokers.MethodInvocationHelper.invokeMethod(MethodInvocationHelper.java:139)
	at org.testng.internal.invokers.TestInvoker.invokeMethod(TestInvoker.java:664)
	at org.testng.internal.invokers.TestInvoker.invokeTestMethod(TestInvoker.java:228)
	at org.testng.internal.invokers.MethodRunner.runInSequence(MethodRunner.java:63)
	at org.testng.internal.invokers.TestInvoker$MethodInvocationAgent.invoke(TestInvoker.java:961)
	at org.testng.internal.invokers.TestInvoker.invokeTestMethods(TestInvoker.java:201)
	at org.testng.internal.invokers.TestMethodWorker.invokeTestMethods(TestMethodWorker.java:148)
	at org.testng.internal.invokers.TestMethodWorker.run(TestMethodWorker.java:128)
	at java.base/java.util.ArrayList.forEach(ArrayList.java:1511)
	at org.testng.TestRunner.privateRun(TestRunner.java:819)
	at org.testng.TestRunner.run(TestRunner.java:619)
	at org.testng.SuiteRunner.runTest(SuiteRunner.java:443)
	at org.testng.SuiteRunner$SuiteWorker.run(SuiteRunner.java:481)
	at org.testng.internal.thread.ThreadUtil.lambda$execute$0(ThreadUtil.java:58)
	at java.base/java.util.concurrent.FutureTask.run(FutureTask.java:264)
	at java.base/java.util.concurrent.ThreadPoolExecutor.runWorker(ThreadPoolExecutor.java:1136)
	at java.base/java.util.concurrent.ThreadPoolExecutor$Worker.run(ThreadPoolExecutor.java:635)
	at java.base/java.lang.Thread.run(Thread.java:833)
]]></failure>
  </testcase>
  <testcase name="testReadDataPerformance" classname="tests.ReadDataServiceTest" time="0.005">
    <system-out><![CDATA[Test completed successfully in 6ms
Test failed: Should return error status for invalid node ID expected [true] but found [false]
Test completed successfully in 5ms
Starting test: testReadDataPerformance
Starting test: testOpcUaConnectionSequence
Starting test: testWriteNodeValidation
Starting test: testOpcUaConnectionSequence
Starting test: testReadDataPerformance
Starting test: testWriteNodeValidation
Test passed: testReadDataPerformance (Duration: 5ms)
]]></system-out>
  </testcase>
  <testcase name="testReadDataServiceHealth" classname="tests.ReadDataServiceTest" time="0.0">
    <system-out><![CDATA[Starting test: testReadDataServiceHealth
Test completed successfully in 10ms
Starting test: testOpcUaConnectionStatus
Test passed: testReadDataServiceHealth (Duration: 3ms)
Starting test: testOpcUaConnectionStatus
]]></system-out>
  </testcase>
  <testcase name="testReadNode" classname="tests.ReadDataServiceTest" time="0.017">
    <system-out><![CDATA[Test completed successfully in 5ms
API Response: {"nodeId":"ns=3;s=DataBlocksGlobal","value":{"active":true,"pressure":101.3,"temperature":25.5},"status":"success"}
Test passed: testReadNode (Duration: 25ms)
]]></system-out>
  </testcase>
  <testcase name="testReadNode2" classname="tests.ReadDataServiceTest" time="0.006">
    <system-out><![CDATA[Test completed successfully in 26ms
Starting test: testReadNode2
Starting test: testReadNode2
API Response: {"nodeId":"MCOM","value":"Communication Active","status":"success"}
Test passed: testReadNode2 (Duration: 5ms)
]]></system-out>
  </testcase>
  <testcase name="testReadTagValuesSimplified" classname="tests.ReadDataServiceTest" time="0.014">
    <system-out><![CDATA[Test completed successfully in 68ms
API Response: {"startingNode":"ns=3;s=\"WMS TO PLC\"","values":[{"nodeId":"ns=3;s=WMS_TO_PLC","timestamp":1759485100592,"value":42},{"nodeId":"ns=3;s=PLC_TO_WMS","timestamp":1759485100592,"value":"Active"}],"status":"success"}
Test passed: testReadTagValuesSimplified (Duration: 13ms)
]]></system-out>
  </testcase>
  <testcase name="testReadValue" classname="tests.ReadDataServiceTest" time="0.004"/>
  <testcase name="testReadValueWithDifferentNodes[ns=3;s=&quot;PLC_To_WMS&quot;, PLC to WMS communication node](1)" classname="tests.ReadDataServiceTest" time="0.006">
    <system-out><![CDATA[Test completed successfully in 4ms
Test completed successfully in 6ms
Starting test: testReadValueWithDifferentNodes
Starting test: testWriteNodeWithDifferentDataTypes
Starting test: testWriteNodeWithDifferentDataTypes
Starting test: testReadValueWithDifferentNodes
API Response: {"value":42,"status":"success","timestamp":1759485100610}
API Response: {"writtenValue":123,"message":"Node value written successfully","nodeId":"ns=3;s=DataBlocksGlobal","status":"success"}
Test passed: testReadValueWithDifferentNodes (Duration: 6ms)
Test passed: testWriteNodeWithDifferentDataTypes (Duration: 6ms)
]]></system-out>
  </testcase>
  <testcase name="testReadValueWithDifferentNodes[ns=3;s=&quot;WMS_To_PLC&quot;, WMS to PLC communication node](2)" classname="tests.ReadDataServiceTest" time="0.003">
    <system-out><![CDATA[Test completed successfully in 9ms
Test completed successfully in 9ms
Starting test: testReadValueWithDifferentNodes
Starting test: testWriteNodeWithDifferentDataTypes
Starting test: testWriteNodeWithDifferentDataTypes
Starting test: testReadValueWithDifferentNodes
API Response: {"value":42,"status":"success","timestamp":1759485100618}
Test passed: testReadValueWithDifferentNodes (Duration: 3ms)
API Response: {"writtenValue":"Test String","message":"Node value written successfully","nodeId":"ns=3;s=DataBlocksGlobal","status":"success"}
Test passed: testWriteNodeWithDifferentDataTypes (Duration: 3ms)
]]></system-out>
  </testcase>
  <testcase name="testReadValueWithDifferentNodes[ns=3;s=DataBlocksGlobal, Global data blocks node](3)" classname="tests.ReadDataServiceTest" time="0.005"/>
  <testcase name="testReadValueWithDifferentNodes[ns=0;i=2253, Numeric node ID](4)" classname="tests.ReadDataServiceTest" time="0.006">
    <system-out><![CDATA[Test completed successfully in 7ms
Test completed successfully in 7ms
Starting test: testReadValueWithDifferentNodes
Starting test: testWriteNodeWithDifferentDataTypes
Starting test: testWriteNodeWithDifferentDataTypes
Starting test: testReadValueWithDifferentNodes
API Response: {"value":42,"status":"success","timestamp":1759485100635}
API Response: {"writtenValue":123.45,"message":"Node value written successfully","nodeId":"ns=3;s=DataBlocksGlobal","status":"success"}
Test passed: testReadValueWithDifferentNodes (Duration: 5ms)
Test passed: testWriteNodeWithDifferentDataTypes (Duration: 6ms)
]]></system-out>
  </testcase>
  <testcase name="testReadValueWithDifferentNodes[ns=2;i=5001, Another numeric node ID](5)" classname="tests.ReadDataServiceTest" time="0.005">
    <system-out><![CDATA[Test completed successfully in 8ms
Starting test: testWriteNodeWithDifferentDataTypes
Starting test: testReadValueWithDifferentNodes
Starting test: testWriteNodeWithDifferentDataTypes
API Response: {"value":42,"status":"success","timestamp":1759485100644}
Test passed: testReadValueWithDifferentNodes (Duration: 5ms)
]]></system-out>
  </testcase>
  <testcase name="testReadValueWithDifferentNodes[MCOM, Communication node](6)" classname="tests.ReadDataServiceTest" time="0.004">
    <system-out><![CDATA[Test completed successfully in 7ms
Starting test: testReadValueWithDifferentNodes
Starting test: testWriteNodeWithDifferentDataTypes
Starting test: testReadValueWithDifferentNodes
Starting test: testWriteNodeWithDifferentDataTypes
API Response: {"value":42,"status":"success","timestamp":1759485100654}
Test passed: testReadValueWithDifferentNodes (Duration: 4ms)
API Response: {"writtenValue":"Another Test","message":"Node value written successfully","nodeId":"ns=2;i=5001","status":"success"}
Test passed: testWriteNodeWithDifferentDataTypes (Duration: 3ms)
]]></system-out>
  </testcase>
  <testcase name="testSubscribeToData" classname="tests.ReadDataServiceTest" time="0.005">
    <system-out><![CDATA[Test completed successfully in 8ms
Test completed successfully in 6ms
Starting test: testWriteNodeWithDifferentDataTypes
Starting test: testSubscribeToData
Starting test: testWriteNodeWithDifferentDataTypes
Starting test: testSubscribeToData
API Response: {"subscriptionId":"sub_12345","status":"subscribed"}
API Response: {"writtenValue":123,"message":"Node value written successfully","nodeId":"ns=999;s=InvalidNode","status":"success"}
Test passed: testWriteNodeWithDifferentDataTypes (Duration: 4ms)
Test passed: testSubscribeToData (Duration: 4ms)
]]></system-out>
  </testcase>
  <testcase name="testOpcUaConnectionConnect" classname="tests.OpUaConnectionServiceTest" time="0.151"/>
  <testcase name="testOpcUaConnectionErrorHandling" classname="tests.OpUaConnectionServiceTest" time="0.007">
    <system-out><![CDATA[Test completed successfully in 198ms
Starting test: testOpcUaConnectionErrorHandling
Starting test: testBrowseTagsWithDefaultNode
Starting test: testWriteDataServiceHealth
Starting test: testOpcUaConnectionErrorHandling
Starting test: testWriteDataServiceHealth
Starting test: testBrowseTagsWithDefaultNode
Test passed: testOpcUaConnectionErrorHandling (Duration: 5ms)
Test passed: testWriteDataServiceHealth (Duration: 5ms)
API Response: {"nodes":[{"nodeClass":"Variable","nodeId":"ns=3;s=WMS_TO_PLC","displayName":"WMS TO PLC"},{"nodeClass":"Variable","nodeId":"ns=3;s=PLC_TO_WMS","displayName":"PLC TO WMS"}],"status":"success"}
]]></system-out>
  </testcase>
  <testcase name="testOpcUaConnectionInit" classname="tests.OpUaConnectionServiceTest" time="0.006">
    <system-out><![CDATA[Test completed successfully in 8ms
Starting test: testOpcUaConnectionInit
Starting test: testWriteNodeErrorHandling
Starting test: testConcurrentReadOperations
Starting test: testOpcUaConnectionInit
Starting test: testWriteNodeErrorHandling
Starting test: testConcurrentReadOperations
API Response: {"message":"OPC UA connection initialized successfully","status":"initialized"}
Test passed: testOpcUaConnectionInit (Duration: 5ms)
]]></system-out>
  </testcase>
  <testcase name="testOpcUaConnectionPerformance" classname="tests.OpUaConnectionServiceTest" time="0.004">
    <system-out><![CDATA[Test completed successfully in 7ms
Test failed: testWriteNodeErrorHandling (Duration: 9ms)
Error: Should return error status for invalid node ID expected [true] but found [false]
Starting test: testOpcUaConnectionPerformance
Starting test: testOpcUaConnectionPerformance
Test passed: testOpcUaConnectionPerformance (Duration: 4ms)
]]></system-out>
  </testcase>
  <testcase name="testOpcUaConnectionRetry" classname="tests.OpUaConnectionServiceTest" time="0.004">
    <system-out><![CDATA[Test completed successfully in 21ms
Starting test: testOpcUaConnectionRetry
Starting test: testWriteNodePerformance
Starting test: testReadDataErrorHandling
Starting test: testOpcUaConnectionRetry
Starting test: testWriteNodePerformance
Starting test: testReadDataErrorHandling
Test failed: testReadDataErrorHandling (Duration: 3ms)
Error: Should return error status for invalid node ID expected [true] but found [false]
Test passed: testOpcUaConnectionRetry (Duration: 4ms)
Test passed: testWriteNodePerformance (Duration: 4ms)
]]></system-out>
  </testcase>
  <testcase name="testOpcUaConnectionSequence" classname="tests.OpUaConnectionServiceTest" time="0.0">
    <system-out><![CDATA[Test completed successfully in 7ms
Starting test: testReadDataServiceHealth
Test passed: testOpcUaConnectionSequence (Duration: 8ms)
]]></system-out>
  </testcase>
  <testcase name="testOpcUaConnectionStatus" classname="tests.OpUaConnectionServiceTest" time="0.008">
    <system-out><![CDATA[Test completed successfully in 6ms
Starting test: testReadNode
Starting test: testReadNode
API Response: {"status":"Connected","timestamp":1759485100539}
Test passed: testOpcUaConnectionStatus (Duration: 7ms)
]]></system-out>
  </testcase>
  <testcase name="testOpcUaServiceHealth" classname="tests.OpUaConnectionServiceTest" time="0.004">
    <system-out><![CDATA[Test completed successfully in 12ms
Starting test: testOpcUaServiceHealth
Starting test: testOpcUaServiceHealth
Test passed: testOpcUaServiceHealth (Duration: 3ms)
]]></system-out>
  </testcase>
  <testcase name="testConcurrentWriteOperations" classname="tests.WriteDataServiceTest" time="0.153">
    <system-out><![CDATA[Test completed successfully in 184ms
Test completed successfully in 184ms
Test passed: testConcurrentWriteOperations (Duration: 152ms)
]]></system-out>
  </testcase>
  <testcase name="testWriteDataServiceHealth" classname="tests.WriteDataServiceTest" time="0.007"/>
  <testcase name="testWriteNodeErrorHandling" classname="tests.WriteDataServiceTest" time="0.007">
    <failure message="Should return error status for invalid node ID expected [true] but found [false]" type="java.lang.AssertionError"><![CDATA[java.lang.AssertionError: Should return error status for invalid node ID expected [true] but found [false]
	at org.testng.Assert.fail(Assert.java:111)
	at org.testng.Assert.failNotEquals(Assert.java:1578)
	at org.testng.Assert.assertTrue(Assert.java:57)
	at tests.WriteDataServiceTest.testWriteNodeErrorHandling(WriteDataServiceTest.java:103)
	at java.base/jdk.internal.reflect.NativeMethodAccessorImpl.invoke0(Native Method)
	at java.base/jdk.internal.reflect.NativeMethodAccessorImpl.invoke(NativeMethodAccessorImpl.java:77)
	at java.base/jdk.internal.reflect.DelegatingMethodAccessorImpl.invoke(DelegatingMethodAccessorImpl.java:43)
	at java.base/java.lang.reflect.Method.invoke(Method.java:568)
	at org.testng.internal.invokers.MethodInvocationHelper.invokeMethod(MethodInvocationHelper.java:139)
	at org.testng.internal.invokers.TestInvoker.invokeMethod(TestInvoker.java:664)
	at org.testng.internal.invokers.TestInvoker.invokeTestMethod(TestInvoker.java:228)
	at org.testng.internal.invokers.MethodRunner.runInSequence(MethodRunner.java:63)
	at org.testng.internal.invokers.TestInvoker$MethodInvocationAgent.invoke(TestInvoker.java:961)
	at org.testng.internal.invokers.TestInvoker.invokeTestMethods(TestInvoker.java:201)
	at org.testng.internal.invokers.TestMethodWorker.invokeTestMethods(TestMethodWorker.java:148)
	at org.testng.internal.invokers.TestMethodWorker.run(TestMethodWorker.java:128)
	at java.base/java.util.ArrayList.forEach(ArrayList.java:1511)
	at org.testng.TestRunner.privateRun(TestRunner.java:819)
	at org.testng.TestRunner.run(TestRunner.java:619)
	at org.testng.SuiteRunner.runTest(SuiteRunner.java:443)
	at org.testng.SuiteRunner$SuiteWorker.run(SuiteRunner.java:481)
	at org.testng.internal.thread.ThreadUtil.lambda$execute$0(ThreadUtil.java:58)
	at java.base/java.util.concurrent.FutureTask.run(FutureTask.java:264)
	at java.base/java.util.concurrent.ThreadPoolExecutor.runWorker(ThreadPoolExecutor.java:1136)
	at java.base/java.util.concurrent.ThreadPoolExecutor$Worker.run(ThreadPoolExecutor.java:635)
	at java.base/java.lang.Thread.run(Thread.java:833)
]]></failure>
    <system-out><![CDATA[Test completed successfully in 6ms
Test passed: testConcurrentReadOperations (Duration: 18ms)
]]></system-out>
  </testcase>
  <testcase name="testWriteNodePerformance" classname="tests.WriteDataServiceTest" time="0.005"/>
  <testcase name="testWriteNodeValidation" classname="tests.WriteDataServiceTest" time="0.011">
    <system-out><![CDATA[Test completed successfully in 11ms
Starting test: testReadTagValuesSimplified
Starting test: testReadTagValuesSimplified
Test passed: testWriteNodeValidation (Duration: 65ms)
]]></system-out>
  </testcase>
  <testcase name="testWriteNodeWithBoolean" classname="tests.WriteDataServiceTest" time="0.004">
    <system-out><![CDATA[Starting test: testWriteNodeWithBoolean
Test completed successfully in 15ms
Starting test: testReadValue
Starting test: testWriteNodeWithBoolean
Starting test: testReadValue
API Response: {"writtenValue":true,"message":"Node value written successfully","nodeId":"ns=3;s=DataBlocksGlobal","status":"success"}
Test passed: testWriteNodeWithBoolean (Duration: 4ms)
API Response: {"value":42,"status":"success","timestamp":1759485100599}
Test passed: testReadValue (Duration: 3ms)
]]></system-out>
  </testcase>
  <testcase name="testWriteNodeWithDifferentDataTypes[ns=3;s=DataBlocksGlobal, 123, Integer value](1)" classname="tests.WriteDataServiceTest" time="0.006"/>
  <testcase name="testWriteNodeWithDifferentDataTypes[ns=3;s=DataBlocksGlobal, Test String, String value](2)" classname="tests.WriteDataServiceTest" time="0.003"/>
  <testcase name="testWriteNodeWithDifferentDataTypes[ns=3;s=DataBlocksGlobal, true, Boolean value](3)" classname="tests.WriteDataServiceTest" time="0.005">
    <system-out><![CDATA[Test completed successfully in 5ms
Test completed successfully in 5ms
Starting test: testWriteNodeWithDifferentDataTypes
Starting test: testReadValueWithDifferentNodes
Starting test: testReadValueWithDifferentNodes
Starting test: testWriteNodeWithDifferentDataTypes
API Response: {"value":42,"status":"success","timestamp":1759485100625}
API Response: {"writtenValue":true,"message":"Node value written successfully","nodeId":"ns=3;s=DataBlocksGlobal","status":"success"}
Test passed: testWriteNodeWithDifferentDataTypes (Duration: 4ms)
Test passed: testReadValueWithDifferentNodes (Duration: 4ms)
]]></system-out>
  </testcase>
  <testcase name="testWriteNodeWithDifferentDataTypes[ns=3;s=DataBlocksGlobal, 123.45, Double value](4)" classname="tests.WriteDataServiceTest" time="0.009">
    <system-out><![CDATA[Test completed successfully in 7ms
Starting test: testReadValueWithDifferentNodes
]]></system-out>
  </testcase>
  <testcase name="testWriteNodeWithDifferentDataTypes[ns=0;i=2253, 42, Numeric node ID with integer](5)" classname="tests.WriteDataServiceTest" time="0.007">
    <system-out><![CDATA[API Response: {"writtenValue":42,"message":"Node value written successfully","nodeId":"ns=0;i=2253","status":"success"}
Test passed: testWriteNodeWithDifferentDataTypes (Duration: 4ms)
Test completed successfully in 9ms
]]></system-out>
  </testcase>
  <testcase name="testWriteNodeWithDifferentDataTypes[ns=2;i=5001, Another Test, Another numeric node ID with string](6)" classname="tests.WriteDataServiceTest" time="0.005"/>
  <testcase name="testWriteNodeWithDifferentDataTypes[ns=999;s=InvalidNode, 123, Invalid node ID](7)" classname="tests.WriteDataServiceTest" time="0.005"/>
  <testcase name="testWriteNodeWithDifferentDataTypes[, 123, Empty node ID](8)" classname="tests.WriteDataServiceTest" time="0.005">
    <system-out><![CDATA[Test completed successfully in 7ms
Test completed successfully in 7ms
Starting test: testWriteNodeWithDifferentDataTypes
Starting test: testWriteNodeWithDifferentDataTypes
API Response: {"writtenValue":123,"message":"Node value written successfully","nodeId":"","status":"success"}
Test passed: testWriteNodeWithDifferentDataTypes (Duration: 5ms)
]]></system-out>
  </testcase>
  <testcase name="testWriteNodeWithDifferentDataTypes[ns=3;s=DataBlocksGlobal, , Empty string value](9)" classname="tests.WriteDataServiceTest" time="0.005">
    <system-out><![CDATA[Test completed successfully in 7ms
Starting test: testWriteNodeWithDifferentDataTypes
Starting test: testWriteNodeWithDifferentDataTypes
API Response: {"writtenValue":"","message":"Node value written successfully","nodeId":"ns=3;s=DataBlocksGlobal","status":"success"}
Test passed: testWriteNodeWithDifferentDataTypes (Duration: 4ms)
]]></system-out>
  </testcase>
  <testcase name="testWriteNodeWithDouble" classname="tests.WriteDataServiceTest" time="0.005">
    <system-out><![CDATA[Test completed successfully in 6ms
Starting test: testWriteNodeWithDouble
Starting test: testWriteNodeWithDouble
API Response: {"writtenValue":123.45,"message":"Node value written successfully","nodeId":"ns=3;s=DataBlocksGlobal","status":"success"}
Test passed: testWriteNodeWithDouble (Duration: 4ms)
]]></system-out>
  </testcase>
  <testcase name="testWriteNodeWithInteger" classname="tests.WriteDataServiceTest" time="0.006">
    <system-out><![CDATA[Test completed successfully in 6ms
Starting test: testWriteNodeWithInteger
Starting test: testWriteNodeWithInteger
API Response: {"writtenValue":123,"message":"Node value written successfully","nodeId":"ns=3;s=DataBlocksGlobal","status":"success"}
Test passed: testWriteNodeWithInteger (Duration: 5ms)
]]></system-out>
  </testcase>
  <testcase name="testWriteNodeWithLargeData" classname="tests.WriteDataServiceTest" time="0.004">
    <system-out><![CDATA[Test completed successfully in 7ms
Starting test: testWriteNodeWithLargeData
Starting test: testWriteNodeWithLargeData
API Response: {"writtenValue":"AAAAAAAAAAAAAAAAAAAAAAAAAAAAAAAAAAAAAAAAAAAAAAAAAAAAAAAAAAAAAAAAAAAAAAAAAAAAAAAAAAAAAAAAAAAAAAAAAAAAAAAAAAAAAAAAAAAAAAAAAAAAAAAAAAAAAAAAAAAAAAAAAAAAAAAAAAAAAAAAAAAAAAAAAAAAAAAAAAAAAAAAAAAAAAAAAAAAAAAAAAAAAAAAAAAAAAAAAAAAAAAAAAAAAAAAAAAAAAAAAAAAAAAAAAAAAAAAAAAAAAAAAAAAAAAAAAAAAAAAAAAAAAAAAAAAAAAAAAAAAAAAAAAAAAAAAAAAAAAAAAAAAAAAAAAAAAAAAAAAAAAAAAAAAAAAAAAAAAAAAAAAAAAAAAAAAAAAAAAAAAAAAAAAAAAAAAAAAAAAAAAAAAAAAAAAAAAAAAAAAAAAAAAAAAAAAAAAAAAAAAAAAAAAAAAAAAAAAAAAAAAAAAAAAAAAAAAAAAAAAAAAAAAAAAAAAAAAAAAAAAAAAAAAAAAAAAAAAAAAAAAAAAAAAAAAAAAAAAAAAAAAAAAAAAAAAAAAAAAAAAAAAAAAAAAAAAAAAAAAAAAAAAAAAAAAAAAAAAAAAAAAAAAAAAAAAAAAAAAAAAAAAAAAAAAAAAAAAAAAAAAAAAAAAAAAAAAAAAAAAAAAAAAAAAAAAAAAAAAAAAAAAAAAAAAAAAAAAAAAAAAAAAAAAAAAAAAAAAAAAAAAAAAAAAAAAAAAAAAAAAAAAAAAAAAAAAAAAAAAAAAAAAAAAAAAAAAAAAAAAAAAAAAAAAAAAAAAAAAAAAAAAAAAAAAAAAAAAAAAAAAAAAAAAAAAAAAAAAAAAAAAAAAAAAAAAAAAAAAAAAAAAAAAAAAAAAAAAAAAAAAAAAAAAAAAAAAAAAAAAAAAAAAAAAAAAAAAAAAAAAAAAAAAAAAAAAAAAAAAAAAAAAAAAAAAAAAAAAAAAAAAAAAAAAAAAAAAAAAAAAAAAAAAAAAAAAAAAAAA","message":"Node value written successfully","nodeId":"ns=3;s=DataBlocksGlobal","status":"success"}
Test passed: testWriteNodeWithLargeData (Duration: 4ms)
]]></system-out>
  </testcase>
  <testcase name="testWriteNodeWithNullValue" classname="tests.WriteDataServiceTest" time="0.005">
    <system-out><![CDATA[Test completed successfully in 5ms
Starting test: testWriteNodeWithNullValue
Starting test: testWriteNodeWithNullValue
API Response: {"writtenValue":null,"message":"Node value written successfully","nodeId":"ns=3;s=DataBlocksGlobal","status":"success"}
Test passed: testWriteNodeWithNullValue (Duration: 4ms)
]]></system-out>
  </testcase>
  <testcase name="testWriteNodeWithString" classname="tests.WriteDataServiceTest" time="0.004">
    <system-out><![CDATA[Test completed successfully in 6ms
Starting test: testWriteNodeWithString
Starting test: testWriteNodeWithString
API Response: {"writtenValue":"Test String Value","message":"Node value written successfully","nodeId":"ns=3;s=DataBlocksGlobal","status":"success"}
Test passed: testWriteNodeWithString (Duration: 3ms)
]]></system-out>
  </testcase>
  <testcase name="testBrowseTags" classname="tests.ApiTestExecutor" time="0.024">
    <system-out><![CDATA[Test completed successfully in 5ms
Real service test context closed!
Finishing test suite: OPC UA Connection Service Tests
Real service test context closed!
Finishing test suite: Write Data Service Tests
Real service test context closed!
Finishing test suite: Read Data Service Tests
Enhanced ExtentReports flushed to: test-output/Enhanced_Test_Report_2025-10-03_15-21-39.html
Enhanced ExtentReports flushed to: test-output/Enhanced_Test_Report_2025-10-03_15-21-39.html
Enhanced ExtentReports flushed to: test-output/Enhanced_Test_Report_2025-10-03_15-21-39.html
Starting test suite: Integration Tests
Starting test suite: Kafka Service Tests
Starting test suite: Legacy API Tests (Mock Server)
ApiTestExecutor configured with base URL: http://localhost:8085
Starting test: testBrowseTags
Browse tags: {"nodes":[{"nodeClass":"Variable","nodeId":"ns=3;s=WMS_TO_PLC","displayName":"WMS TO PLC"},{"nodeClass":"Variable","nodeId":"ns=3;s=PLC_TO_WMS","displayName":"PLC TO WMS"}],"status":"success"}
Test passed: testBrowseTags (Duration: 21ms)
]]></system-out>
  </testcase>
  <testcase name="testConvertDataValue" classname="tests.ApiTestExecutor" time="0.008">
    <system-out><![CDATA[Starting test: testConvertDataValue
ConvertDataValue: {"convertedDataValue":"100.0","sourceDataType":"Integer","targetDataType":"Double","status":"success"}
Test passed: testConvertDataValue (Duration: 6ms)
]]></system-out>
  </testcase>
  <testcase name="testConvertValue" classname="tests.ApiTestExecutor" time="0.013">
    <system-out><![CDATA[Starting test: testConvertValue
ConvertValue: {"dataType":"Double","convertedValue":"42.0","status":"success"}
Test passed: testConvertValue (Duration: 10ms)
]]></system-out>
  </testcase>
  <testcase name="testKafkaHasChanged" classname="tests.ApiTestExecutor" time="0.011">
    <system-out><![CDATA[Starting test: testKafkaHasChanged
HasChanged result: {"hasChanged":true,"differences":{"oldValue":1,"newValue":2,"field":"a"},"status":"success"}
Test passed: testKafkaHasChanged (Duration: 9ms)
]]></system-out>
  </testcase>
  <testcase name="testKafkaProcessBrowseData" classname="tests.ApiTestExecutor" time="0.007">
    <system-out><![CDATA[Starting test: testKafkaProcessBrowseData
Test passed: testKafkaProcessBrowseData (Duration: 5ms)
]]></system-out>
  </testcase>
  <testcase name="testOpcConnect" classname="tests.ApiTestExecutor" time="0.005">
    <system-out><![CDATA[Starting test: testOpcConnect
Test passed: testOpcConnect (Duration: 3ms)
]]></system-out>
  </testcase>
  <testcase name="testOpcConnectionStatus" classname="tests.ApiTestExecutor" time="0.006">
    <system-out><![CDATA[Starting test: testOpcConnectionStatus
Test passed: testOpcConnectionStatus (Duration: 5ms)
]]></system-out>
  </testcase>
  <testcase name="testOpcInit" classname="tests.ApiTestExecutor" time="0.006">
    <system-out><![CDATA[Starting test: testOpcInit
Test passed: testOpcInit (Duration: 4ms)
]]></system-out>
  </testcase>
  <testcase name="testReadNode" classname="tests.ApiTestExecutor" time="0.011">
    <system-out><![CDATA[Starting test: testReadNode
Read node values: {"nodeId":"ns=3;s=DataBlocksGlobal","value":{"active":true,"pressure":101.3,"temperature":25.5},"status":"success"}
Test passed: testReadNode (Duration: 8ms)
]]></system-out>
  </testcase>
  <testcase name="testReadNode2" classname="tests.ApiTestExecutor" time="0.01">
    <system-out><![CDATA[Starting test: testReadNode2
Read node2 values: {"nodeId":"MCOM","value":"Communication Active","status":"success"}
Test passed: testReadNode2 (Duration: 6ms)
]]></system-out>
  </testcase>
  <testcase name="testReadValue" classname="tests.ApiTestExecutor" time="0.01">
    <system-out><![CDATA[Starting test: testReadValue
Read value: {"value":42,"status":"success","timestamp":1759485101162}
Test passed: testReadValue (Duration: 7ms)
]]></system-out>
  </testcase>
  <testcase name="testSubscribeToData" classname="tests.ApiTestExecutor" time="0.006">
    <system-out><![CDATA[Starting test: testSubscribeToData
Test passed: testSubscribeToData (Duration: 4ms)
]]></system-out>
  </testcase>
  <testcase name="testWriteNode" classname="tests.ApiTestExecutor" time="0.006">
    <system-out><![CDATA[Starting test: testWriteNode
Write node response: {"writtenValue":123,"message":"Node value written successfully","nodeId":"ns=3;s=DataBlocksGlobal","status":"success"}
Test passed: testWriteNode (Duration: 5ms)
]]></system-out>
  </testcase>
  <testcase name="testConcurrentKafkaOperations" classname="tests.KafkaServiceTest" time="0.018">
    <system-out><![CDATA[Finishing test suite: Legacy API Tests (Mock Server)
Enhanced ExtentReports flushed to: test-output/Enhanced_Test_Report_2025-10-03_15-21-39.html
Mock mode: Starting mock server...
Mock backend server is already running on port 8085
Mock server started successfully!
Real service test context initialized!
Testing against mock services:
- Service Registry: http://localhost:8761
- OPC UA Service: http://localhost:8085
- Read Data Service: http://localhost:8085
- Kafka Service: http://localhost:8085
- Write Data Service: http://localhost:8085
Mock mode: Service kafka is ready
Starting test: testConcurrentKafkaOperations
Starting test: testConcurrentKafkaOperations
Mock mode: Starting mock server...
Mock backend server is already running on port 8085
Mock server started successfully!
Real service test context initialized!
Testing against mock services:
- Service Registry: http://localhost:8761
- OPC UA Service: http://localhost:8085
- Read Data Service: http://localhost:8085
- Kafka Service: http://localhost:8085
- Write Data Service: http://localhost:8085
Mock mode: Service opcconnection is ready
Mock mode: Service readdata is ready
Mock mode: Service kafka is ready
Mock mode: Service writedata is ready
Starting test: testCompleteDataFlow
Starting test: testCompleteDataFlow
Test passed: testConcurrentKafkaOperations (Duration: 21ms)
]]></system-out>
  </testcase>
  <testcase name="testConvertDataValue" classname="tests.KafkaServiceTest" time="0.006">
    <system-out><![CDATA[Test completed successfully in 23ms
Starting test: testConvertDataValue
Starting test: testConvertDataValue
API Response: {"convertedDataValue":"100.0","sourceDataType":"Integer","targetDataType":"Double","status":"success"}
Test passed: testConvertDataValue (Duration: 5ms)
]]></system-out>
  </testcase>
  <testcase name="testConvertValue" classname="tests.KafkaServiceTest" time="0.005">
    <system-out><![CDATA[Starting test: testConvertValue
Test completed successfully in 29ms
Starting test: testConcurrentOperationsAcrossServices
Starting test: testConvertValue
Starting test: testConcurrentOperationsAcrossServices
API Response: {"dataType":"Double","convertedValue":"42.0","status":"success"}
Test passed: testConvertValue (Duration: 4ms)
]]></system-out>
  </testcase>
  <testcase name="testConvertValueWithDifferentTypes[42, Integer string](1)" classname="tests.KafkaServiceTest" time="0.008">
    <system-out><![CDATA[API Response: {"dataType":"Double","convertedValue":"42.0","status":"success"}
Test passed: testConvertValueWithDifferentTypes (Duration: 6ms)
Test completed successfully in 13ms
]]></system-out>
  </testcase>
  <testcase name="testConvertValueWithDifferentTypes[123.45, Double string](2)" classname="tests.KafkaServiceTest" time="0.004">
    <system-out><![CDATA[Test completed successfully in 7ms
Starting test: testDataConsistencyAcrossServices
Starting test: testConvertValueWithDifferentTypes
Starting test: testDataConsistencyAcrossServices
Starting test: testConvertValueWithDifferentTypes
API Response: {"dataType":"Double","convertedValue":"42.0","status":"success"}
Test passed: testConvertValueWithDifferentTypes (Duration: 3ms)
]]></system-out>
  </testcase>
  <testcase name="testConvertValueWithDifferentTypes[true, Boolean string](3)" classname="tests.KafkaServiceTest" time="0.003"/>
  <testcase name="testConvertValueWithDifferentTypes[false, Boolean string](4)" classname="tests.KafkaServiceTest" time="0.004"/>
  <testcase name="testConvertValueWithDifferentTypes[test, String value](5)" classname="tests.KafkaServiceTest" time="0.002">
    <system-out><![CDATA[Test failed: Should return error for invalid node expected [true] but found [false]
Test completed successfully in 6ms
Starting test: testConvertValueWithDifferentTypes
Starting test: testPerformanceUnderLoad
Starting test: testConvertValueWithDifferentTypes
Starting test: testPerformanceUnderLoad
API Response: {"dataType":"Double","convertedValue":"42.0","status":"success"}
Test passed: testConvertValueWithDifferentTypes (Duration: 4ms)
]]></system-out>
  </testcase>
  <testcase name="testConvertValueWithDifferentTypes[, Empty string](6)" classname="tests.KafkaServiceTest" time="0.004">
    <system-out><![CDATA[Test completed successfully in 5ms
Starting test: testConvertValueWithDifferentTypes
Starting test: testConvertValueWithDifferentTypes
API Response: {"dataType":"Double","convertedValue":"42.0","status":"success"}
Test passed: testConvertValueWithDifferentTypes (Duration: 4ms)
]]></system-out>
  </testcase>
  <testcase name="testConvertValueWithDifferentTypes[null, Null string](7)" classname="tests.KafkaServiceTest" time="0.003">
    <system-out><![CDATA[Test completed successfully in 5ms
Starting test: testConvertValueWithDifferentTypes
Starting test: testConvertValueWithDifferentTypes
API Response: {"dataType":"Double","convertedValue":"42.0","status":"success"}
Test passed: testConvertValueWithDifferentTypes (Duration: 3ms)
]]></system-out>
  </testcase>
  <testcase name="testHasChanged" classname="tests.KafkaServiceTest" time="0.004">
    <system-out><![CDATA[Test completed successfully in 4ms
Starting test: testHasChanged
Starting test: testHasChanged
API Response: {"hasChanged":true,"differences":{"oldValue":1,"newValue":2,"field":"a"},"status":"success"}
Test passed: testHasChanged (Duration: 3ms)
]]></system-out>
  </testcase>
  <testcase name="testHasChangedWithIdenticalData" classname="tests.KafkaServiceTest" time="0.004">
    <system-out><![CDATA[Test completed successfully in 6ms
Starting test: testHasChangedWithIdenticalData
Starting test: testHasChangedWithIdenticalData
API Response: {"hasChanged":true,"differences":{"oldValue":1,"newValue":2,"field":"a"},"status":"success"}
Test passed: testHasChangedWithIdenticalData (Duration: 4ms)
]]></system-out>
  </testcase>
  <testcase name="testHasChangedWithNullValues" classname="tests.KafkaServiceTest" time="0.003">
    <system-out><![CDATA[Test completed successfully in 6ms
Starting test: testHasChangedWithNullValues
Starting test: testHasChangedWithNullValues
API Response: {"hasChanged":true,"differences":{"oldValue":1,"newValue":2,"field":"a"},"status":"success"}
Test passed: testHasChangedWithNullValues (Duration: 3ms)
]]></system-out>
  </testcase>
  <testcase name="testKafkaErrorHandling" classname="tests.KafkaServiceTest" time="0.006">
    <system-out><![CDATA[Test completed successfully in 5ms
Starting test: testKafkaErrorHandling
Starting test: testKafkaErrorHandling
API Response: {"processedData":{"nodeId":"invalid-node","browseData":{"invalid":{}}},"message":"Browse data processed successfully","status":"processed"}
Test passed: testKafkaErrorHandling (Duration: 4ms)
]]></system-out>
  </testcase>
  <testcase name="testKafkaLargeMessageHandling" classname="tests.KafkaServiceTest" time="0.006">
    <system-out><![CDATA[Test completed successfully in 8ms
Starting test: testKafkaLargeMessageHandling
Starting test: testKafkaLargeMessageHandling
API Response: {"processedData":{"nodeId":"ns=3;s=DataBlocksGlobal","browseData":{"metadata":{"key40":"value40 - AAAAAAAAAAAAAAAAAAAAAAAAAAAAAAAAAAAAAAAAAAAAAAAAAAAAAAAAAAAAAAAAAAAAAAAAAAAAAAAAAAAAAAAAAAAAAAAAAAAA","key44":"value44 - AAAAAAAAAAAAAAAAAAAAAAAAAAAAAAAAAAAAAAAAAAAAAAAAAAAAAAAAAAAAAAAAAAAAAAAAAAAAAAAAAAAAAAAAAAAAAAAAAAAA","key43":"value43 - AAAAAAAAAAAAAAAAAAAAAAAAAAAAAAAAAAAAAAAAAAAAAAAAAAAAAAAAAAAAAAAAAAAAAAAAAAAAAAAAAAAAAAAAAAAAAAAAAAAA","key42":"value42 - AAAAAAAAAAAAAAAAAAAAAAAAAAAAAAAAAAAAAAAAAAAAAAAAAAAAAAAAAAAAAAAAAAAAAAAAAAAAAAAAAAAAAAAAAAAAAAAAAAAA","key41":"value41 - AAAAAAAAAAAAAAAAAAAAAAAAAAAAAAAAAAAAAAAAAAAAAAAAAAAAAAAAAAAAAAAAAAAAAAAAAAAAAAAAAAAAAAAAAAAAAAAAAAAA","key37":"value37 - AAAAAAAAAAAAAAAAAAAAAAAAAAAAAAAAAAAAAAAAAAAAAAAAAAAAAAAAAAAAAAAAAAAAAAAAAAAAAAAAAAAAAAAAAAAAAAAAAAAA","key36":"value36 - AAAAAAAAAAAAAAAAAAAAAAAAAAAAAAAAAAAAAAAAAAAAAAAAAAAAAAAAAAAAAAAAAAAAAAAAAAAAAAAAAAAAAAAAAAAAAAAAAAAA","key35":"value35 - AAAAAAAAAAAAAAAAAAAAAAAAAAAAAAAAAAAAAAAAAAAAAAAAAAAAAAAAAAAAAAAAAAAAAAAAAAAAAAAAAAAAAAAAAAAAAAAAAAAA","key34":"value34 - AAAAAAAAAAAAAAAAAAAAAAAAAAAAAAAAAAAAAAAAAAAAAAAAAAAAAAAAAAAAAAAAAAAAAAAAAAAAAAAAAAAAAAAAAAAAAAAAAAAA","key39":"value39 - AAAAAAAAAAAAAAAAAAAAAAAAAAAAAAAAAAAAAAAAAAAAAAAAAAAAAAAAAAAAAAAAAAAAAAAAAAAAAAAAAAAAAAAAAAAAAAAAAAAA","key38":"value38 - AAAAAAAAAAAAAAAAAAAAAAAAAAAAAAAAAAAAAAAAAAAAAAAAAAAAAAAAAAAAAAAAAAAAAAAAAAAAAAAAAAAAAAAAAAAAAAAAAAAA","key51":"value51 - AAAAAAAAAAAAAAAAAAAAAAAAAAAAAAAAAAAAAAAAAAAAAAAAAAAAAAAAAAAAAAAAAAAAAAAAAAAAAAAAAAAAAAAAAAAAAAAAAAAA","key50":"value50 - AAAAAAAAAAAAAAAAAAAAAAAAAAAAAAAAAAAAAAAAAAAAAAAAAAAAAAAAAAAAAAAAAAAAAAAAAAAAAAAAAAAAAAAAAAAAAAAAAAAA","key55":"value55 - AAAAAAAAAAAAAAAAAAAAAAAAAAAAAAAAAAAAAAAAAAAAAAAAAAAAAAAAAAAAAAAAAAAAAAAAAAAAAAAAAAAAAAAAAAAAAAAAAAAA","key54":"value54 - AAAAAAAAAAAAAAAAAAAAAAAAAAAAAAAAAAAAAAAAAAAAAAAAAAAAAAAAAAAAAAAAAAAAAAAAAAAAAAAAAAAAAAAAAAAAAAAAAAAA","key53":"value53 - AAAAAAAAAAAAAAAAAAAAAAAAAAAAAAAAAAAAAAAAAAAAAAAAAAAAAAAAAAAAAAAAAAAAAAAAAAAAAAAAAAAAAAAAAAAAAAAAAAAA","key52":"value52 - AAAAAAAAAAAAAAAAAAAAAAAAAAAAAAAAAAAAAAAAAAAAAAAAAAAAAAAAAAAAAAAAAAAAAAAAAAAAAAAAAAAAAAAAAAAAAAAAAAAA","key48":"value48 - AAAAAAAAAAAAAAAAAAAAAAAAAAAAAAAAAAAAAAAAAAAAAAAAAAAAAAAAAAAAAAAAAAAAAAAAAAAAAAAAAAAAAAAAAAAAAAAAAAAA","key47":"value47 - AAAAAAAAAAAAAAAAAAAAAAAAAAAAAAAAAAAAAAAAAAAAAAAAAAAAAAAAAAAAAAAAAAAAAAAAAAAAAAAAAAAAAAAAAAAAAAAAAAAA","key46":"value46 - AAAAAAAAAAAAAAAAAAAAAAAAAAAAAAAAAAAAAAAAAAAAAAAAAAAAAAAAAAAAAAAAAAAAAAAAAAAAAAAAAAAAAAAAAAAAAAAAAAAA","key45":"value45 - AAAAAAAAAAAAAAAAAAAAAAAAAAAAAAAAAAAAAAAAAAAAAAAAAAAAAAAAAAAAAAAAAAAAAAAAAAAAAAAAAAAAAAAAAAAAAAAAAAAA","key49":"value49 - AAAAAAAAAAAAAAAAAAAAAAAAAAAAAAAAAAAAAAAAAAAAAAAAAAAAAAAAAAAAAAAAAAAAAAAAAAAAAAAAAAAAAAAAAAAAAAAAAAAA","key62":"value62 - AAAAAAAAAAAAAAAAAAAAAAAAAAAAAAAAAAAAAAAAAAAAAAAAAAAAAAAAAAAAAAAAAAAAAAAAAAAAAAAAAAAAAAAAAAAAAAAAAAAA","key61":"value61 - AAAAAAAAAAAAAAAAAAAAAAAAAAAAAAAAAAAAAAAAAAAAAAAAAAAAAAAAAAAAAAAAAAAAAAAAAAAAAAAAAAAAAAAAAAAAAAAAAAAA","key60":"value60 - AAAAAAAAAAAAAAAAAAAAAAAAAAAAAAAAAAAAAAAAAAAAAAAAAAAAAAAAAAAAAAAAAAAAAAAAAAAAAAAAAAAAAAAAAAAAAAAAAAAA","key66":"value66 - AAAAAAAAAAAAAAAAAAAAAAAAAAAAAAAAAAAAAAAAAAAAAAAAAAAAAAAAAAAAAAAAAAAAAAAAAAAAAAAAAAAAAAAAAAAAAAAAAAAA","key65":"value65 - AAAAAAAAAAAAAAAAAAAAAAAAAAAAAAAAAAAAAAAAAAAAAAAAAAAAAAAAAAAAAAAAAAAAAAAAAAAAAAAAAAAAAAAAAAAAAAAAAAAA","key64":"value64 - AAAAAAAAAAAAAAAAAAAAAAAAAAAAAAAAAAAAAAAAAAAAAAAAAAAAAAAAAAAAAAAAAAAAAAAAAAAAAAAAAAAAAAAAAAAAAAAAAAAA","key63":"value63 - AAAAAAAAAAAAAAAAAAAAAAAAAAAAAAAAAAAAAAAAAAAAAAAAAAAAAAAAAAAAAAAAAAAAAAAAAAAAAAAAAAAAAAAAAAAAAAAAAAAA","key59":"value59 - AAAAAAAAAAAAAAAAAAAAAAAAAAAAAAAAAAAAAAAAAAAAAAAAAAAAAAAAAAAAAAAAAAAAAAAAAAAAAAAAAAAAAAAAAAAAAAAAAAAA","key58":"value58 - AAAAAAAAAAAAAAAAAAAAAAAAAAAAAAAAAAAAAAAAAAAAAAAAAAAAAAAAAAAAAAAAAAAAAAAAAAAAAAAAAAAAAAAAAAAAAAAAAAAA","key57":"value57 - AAAAAAAAAAAAAAAAAAAAAAAAAAAAAAAAAAAAAAAAAAAAAAAAAAAAAAAAAAAAAAAAAAAAAAAAAAAAAAAAAAAAAAAAAAAAAAAAAAAA","key56":"value56 - AAAAAAAAAAAAAAAAAAAAAAAAAAAAAAAAAAAAAAAAAAAAAAAAAAAAAAAAAAAAAAAAAAAAAAAAAAAAAAAAAAAAAAAAAAAAAAAAAAAA","key73":"value73 - AAAAAAAAAAAAAAAAAAAAAAAAAAAAAAAAAAAAAAAAAAAAAAAAAAAAAAAAAAAAAAAAAAAAAAAAAAAAAAAAAAAAAAAAAAAAAAAAAAAA","key72":"value72 - AAAAAAAAAAAAAAAAAAAAAAAAAAAAAAAAAAAAAAAAAAAAAAAAAAAAAAAAAAAAAAAAAAAAAAAAAAAAAAAAAAAAAAAAAAAAAAAAAAAA","key71":"value71 - AAAAAAAAAAAAAAAAAAAAAAAAAAAAAAAAAAAAAAAAAAAAAAAAAAAAAAAAAAAAAAAAAAAAAAAAAAAAAAAAAAAAAAAAAAAAAAAAAAAA","key70":"value70 - AAAAAAAAAAAAAAAAAAAAAAAAAAAAAAAAAAAAAAAAAAAAAAAAAAAAAAAAAAAAAAAAAAAAAAAAAAAAAAAAAAAAAAAAAAAAAAAAAAAA","key77":"value77 - AAAAAAAAAAAAAAAAAAAAAAAAAAAAAAAAAAAAAAAAAAAAAAAAAAAAAAAAAAAAAAAAAAAAAAAAAAAAAAAAAAAAAAAAAAAAAAAAAAAA","key76":"value76 - AAAAAAAAAAAAAAAAAAAAAAAAAAAAAAAAAAAAAAAAAAAAAAAAAAAAAAAAAAAAAAAAAAAAAAAAAAAAAAAAAAAAAAAAAAAAAAAAAAAA","key75":"value75 - AAAAAAAAAAAAAAAAAAAAAAAAAAAAAAAAAAAAAAAAAAAAAAAAAAAAAAAAAAAAAAAAAAAAAAAAAAAAAAAAAAAAAAAAAAAAAAAAAAAA","key74":"value74 - AAAAAAAAAAAAAAAAAAAAAAAAAAAAAAAAAAAAAAAAAAAAAAAAAAAAAAAAAAAAAAAAAAAAAAAAAAAAAAAAAAAAAAAAAAAAAAAAAAAA","key69":"value69 - AAAAAAAAAAAAAAAAAAAAAAAAAAAAAAAAAAAAAAAAAAAAAAAAAAAAAAAAAAAAAAAAAAAAAAAAAAAAAAAAAAAAAAAAAAAAAAAAAAAA","key68":"value68 - AAAAAAAAAAAAAAAAAAAAAAAAAAAAAAAAAAAAAAAAAAAAAAAAAAAAAAAAAAAAAAAAAAAAAAAAAAAAAAAAAAAAAAAAAAAAAAAAAAAA","key67":"value67 - AAAAAAAAAAAAAAAAAAAAAAAAAAAAAAAAAAAAAAAAAAAAAAAAAAAAAAAAAAAAAAAAAAAAAAAAAAAAAAAAAAAAAAAAAAAAAAAAAAAA","key1":"value1 - AAAAAAAAAAAAAAAAAAAAAAAAAAAAAAAAAAAAAAAAAAAAAAAAAAAAAAAAAAAAAAAAAAAAAAAAAAAAAAAAAAAAAAAAAAAAAAAAAAAA","key2":"value2 - AAAAAAAAAAAAAAAAAAAAAAAAAAAAAAAAAAAAAAAAAAAAAAAAAAAAAAAAAAAAAAAAAAAAAAAAAAAAAAAAAAAAAAAAAAAAAAAAAAAA","key0":"value0 - AAAAAAAAAAAAAAAAAAAAAAAAAAAAAAAAAAAAAAAAAAAAAAAAAAAAAAAAAAAAAAAAAAAAAAAAAAAAAAAAAAAAAAAAAAAAAAAAAAAA","key5":"value5 - AAAAAAAAAAAAAAAAAAAAAAAAAAAAAAAAAAAAAAAAAAAAAAAAAAAAAAAAAAAAAAAAAAAAAAAAAAAAAAAAAAAAAAAAAAAAAAAAAAAA","key80":"value80 - AAAAAAAAAAAAAAAAAAAAAAAAAAAAAAAAAAAAAAAAAAAAAAAAAAAAAAAAAAAAAAAAAAAAAAAAAAAAAAAAAAAAAAAAAAAAAAAAAAAA","key6":"value6 - AAAAAAAAAAAAAAAAAAAAAAAAAAAAAAAAAAAAAAAAAAAAAAAAAAAAAAAAAAAAAAAAAAAAAAAAAAAAAAAAAAAAAAAAAAAAAAAAAAAA","key3":"value3 - AAAAAAAAAAAAAAAAAAAAAAAAAAAAAAAAAAAAAAAAAAAAAAAAAAAAAAAAAAAAAAAAAAAAAAAAAAAAAAAAAAAAAAAAAAAAAAAAAAAA","key4":"value4 - AAAAAAAAAAAAAAAAAAAAAAAAAAAAAAAAAAAAAAAAAAAAAAAAAAAAAAAAAAAAAAAAAAAAAAAAAAAAAAAAAAAAAAAAAAAAAAAAAAAA","key9":"value9 - AAAAAAAAAAAAAAAAAAAAAAAAAAAAAAAAAAAAAAAAAAAAAAAAAAAAAAAAAAAAAAAAAAAAAAAAAAAAAAAAAAAAAAAAAAAAAAAAAAAA","key84":"value84 - AAAAAAAAAAAAAAAAAAAAAAAAAAAAAAAAAAAAAAAAAAAAAAAAAAAAAAAAAAAAAAAAAAAAAAAAAAAAAAAAAAAAAAAAAAAAAAAAAAAA","key83":"value83 - AAAAAAAAAAAAAAAAAAAAAAAAAAAAAAAAAAAAAAAAAAAAAAAAAAAAAAAAAAAAAAAAAAAAAAAAAAAAAAAAAAAAAAAAAAAAAAAAAAAA","key7":"value7 - AAAAAAAAAAAAAAAAAAAAAAAAAAAAAAAAAAAAAAAAAAAAAAAAAAAAAAAAAAAAAAAAAAAAAAAAAAAAAAAAAAAAAAAAAAAAAAAAAAAA","key82":"value82 - AAAAAAAAAAAAAAAAAAAAAAAAAAAAAAAAAAAAAAAAAAAAAAAAAAAAAAAAAAAAAAAAAAAAAAAAAAAAAAAAAAAAAAAAAAAAAAAAAAAA","key8":"value8 - AAAAAAAAAAAAAAAAAAAAAAAAAAAAAAAAAAAAAAAAAAAAAAAAAAAAAAAAAAAAAAAAAAAAAAAAAAAAAAAAAAAAAAAAAAAAAAAAAAAA","key81":"value81 - AAAAAAAAAAAAAAAAAAAAAAAAAAAAAAAAAAAAAAAAAAAAAAAAAAAAAAAAAAAAAAAAAAAAAAAAAAAAAAAAAAAAAAAAAAAAAAAAAAAA","key88":"value88 - AAAAAAAAAAAAAAAAAAAAAAAAAAAAAAAAAAAAAAAAAAAAAAAAAAAAAAAAAAAAAAAAAAAAAAAAAAAAAAAAAAAAAAAAAAAAAAAAAAAA","key87":"value87 - AAAAAAAAAAAAAAAAAAAAAAAAAAAAAAAAAAAAAAAAAAAAAAAAAAAAAAAAAAAAAAAAAAAAAAAAAAAAAAAAAAAAAAAAAAAAAAAAAAAA","key86":"value86 - AAAAAAAAAAAAAAAAAAAAAAAAAAAAAAAAAAAAAAAAAAAAAAAAAAAAAAAAAAAAAAAAAAAAAAAAAAAAAAAAAAAAAAAAAAAAAAAAAAAA","key85":"value85 - AAAAAAAAAAAAAAAAAAAAAAAAAAAAAAAAAAAAAAAAAAAAAAAAAAAAAAAAAAAAAAAAAAAAAAAAAAAAAAAAAAAAAAAAAAAAAAAAAAAA","key79":"value79 - AAAAAAAAAAAAAAAAAAAAAAAAAAAAAAAAAAAAAAAAAAAAAAAAAAAAAAAAAAAAAAAAAAAAAAAAAAAAAAAAAAAAAAAAAAAAAAAAAAAA","key78":"value78 - AAAAAAAAAAAAAAAAAAAAAAAAAAAAAAAAAAAAAAAAAAAAAAAAAAAAAAAAAAAAAAAAAAAAAAAAAAAAAAAAAAAAAAAAAAAAAAAAAAAA","key91":"value91 - AAAAAAAAAAAAAAAAAAAAAAAAAAAAAAAAAAAAAAAAAAAAAAAAAAAAAAAAAAAAAAAAAAAAAAAAAAAAAAAAAAAAAAAAAAAAAAAAAAAA","key90":"value90 - AAAAAAAAAAAAAAAAAAAAAAAAAAAAAAAAAAAAAAAAAAAAAAAAAAAAAAAAAAAAAAAAAAAAAAAAAAAAAAAAAAAAAAAAAAAAAAAAAAAA","key95":"value95 - AAAAAAAAAAAAAAAAAAAAAAAAAAAAAAAAAAAAAAAAAAAAAAAAAAAAAAAAAAAAAAAAAAAAAAAAAAAAAAAAAAAAAAAAAAAAAAAAAAAA","key94":"value94 - AAAAAAAAAAAAAAAAAAAAAAAAAAAAAAAAAAAAAAAAAAAAAAAAAAAAAAAAAAAAAAAAAAAAAAAAAAAAAAAAAAAAAAAAAAAAAAAAAAAA","key93":"value93 - AAAAAAAAAAAAAAAAAAAAAAAAAAAAAAAAAAAAAAAAAAAAAAAAAAAAAAAAAAAAAAAAAAAAAAAAAAAAAAAAAAAAAAAAAAAAAAAAAAAA","key92":"value92 - AAAAAAAAAAAAAAAAAAAAAAAAAAAAAAAAAAAAAAAAAAAAAAAAAAAAAAAAAAAAAAAAAAAAAAAAAAAAAAAAAAAAAAAAAAAAAAAAAAAA","key11":"value11 - AAAAAAAAAAAAAAAAAAAAAAAAAAAAAAAAAAAAAAAAAAAAAAAAAAAAAAAAAAAAAAAAAAAAAAAAAAAAAAAAAAAAAAAAAAAAAAAAAAAA","key99":"value99 - AAAAAAAAAAAAAAAAAAAAAAAAAAAAAAAAAAAAAAAAAAAAAAAAAAAAAAAAAAAAAAAAAAAAAAAAAAAAAAAAAAAAAAAAAAAAAAAAAAAA","key10":"value10 - AAAAAAAAAAAAAAAAAAAAAAAAAAAAAAAAAAAAAAAAAAAAAAAAAAAAAAAAAAAAAAAAAAAAAAAAAAAAAAAAAAAAAAAAAAAAAAAAAAAA","key98":"value98 - AAAAAAAAAAAAAAAAAAAAAAAAAAAAAAAAAAAAAAAAAAAAAAAAAAAAAAAAAAAAAAAAAAAAAAAAAAAAAAAAAAAAAAAAAAAAAAAAAAAA","key97":"value97 - AAAAAAAAAAAAAAAAAAAAAAAAAAAAAAAAAAAAAAAAAAAAAAAAAAAAAAAAAAAAAAAAAAAAAAAAAAAAAAAAAAAAAAAAAAAAAAAAAAAA","key96":"value96 - AAAAAAAAAAAAAAAAAAAAAAAAAAAAAAAAAAAAAAAAAAAAAAAAAAAAAAAAAAAAAAAAAAAAAAAAAAAAAAAAAAAAAAAAAAAAAAAAAAAA","key89":"value89 - AAAAAAAAAAAAAAAAAAAAAAAAAAAAAAAAAAAAAAAAAAAAAAAAAAAAAAAAAAAAAAAAAAAAAAAAAAAAAAAAAAAAAAAAAAAAAAAAAAAA","key22":"value22 - AAAAAAAAAAAAAAAAAAAAAAAAAAAAAAAAAAAAAAAAAAAAAAAAAAAAAAAAAAAAAAAAAAAAAAAAAAAAAAAAAAAAAAAAAAAAAAAAAAAA","key21":"value21 - AAAAAAAAAAAAAAAAAAAAAAAAAAAAAAAAAAAAAAAAAAAAAAAAAAAAAAAAAAAAAAAAAAAAAAAAAAAAAAAAAAAAAAAAAAAAAAAAAAAA","key20":"value20 - AAAAAAAAAAAAAAAAAAAAAAAAAAAAAAAAAAAAAAAAAAAAAAAAAAAAAAAAAAAAAAAAAAAAAAAAAAAAAAAAAAAAAAAAAAAAAAAAAAAA","key15":"value15 - AAAAAAAAAAAAAAAAAAAAAAAAAAAAAAAAAAAAAAAAAAAAAAAAAAAAAAAAAAAAAAAAAAAAAAAAAAAAAAAAAAAAAAAAAAAAAAAAAAAA","key14":"value14 - AAAAAAAAAAAAAAAAAAAAAAAAAAAAAAAAAAAAAAAAAAAAAAAAAAAAAAAAAAAAAAAAAAAAAAAAAAAAAAAAAAAAAAAAAAAAAAAAAAAA","key13":"value13 - AAAAAAAAAAAAAAAAAAAAAAAAAAAAAAAAAAAAAAAAAAAAAAAAAAAAAAAAAAAAAAAAAAAAAAAAAAAAAAAAAAAAAAAAAAAAAAAAAAAA","key12":"value12 - AAAAAAAAAAAAAAAAAAAAAAAAAAAAAAAAAAAAAAAAAAAAAAAAAAAAAAAAAAAAAAAAAAAAAAAAAAAAAAAAAAAAAAAAAAAAAAAAAAAA","key19":"value19 - AAAAAAAAAAAAAAAAAAAAAAAAAAAAAAAAAAAAAAAAAAAAAAAAAAAAAAAAAAAAAAAAAAAAAAAAAAAAAAAAAAAAAAAAAAAAAAAAAAAA","key18":"value18 - AAAAAAAAAAAAAAAAAAAAAAAAAAAAAAAAAAAAAAAAAAAAAAAAAAAAAAAAAAAAAAAAAAAAAAAAAAAAAAAAAAAAAAAAAAAAAAAAAAAA","key17":"value17 - AAAAAAAAAAAAAAAAAAAAAAAAAAAAAAAAAAAAAAAAAAAAAAAAAAAAAAAAAAAAAAAAAAAAAAAAAAAAAAAAAAAAAAAAAAAAAAAAAAAA","key16":"value16 - AAAAAAAAAAAAAAAAAAAAAAAAAAAAAAAAAAAAAAAAAAAAAAAAAAAAAAAAAAAAAAAAAAAAAAAAAAAAAAAAAAAAAAAAAAAAAAAAAAAA","key33":"value33 - AAAAAAAAAAAAAAAAAAAAAAAAAAAAAAAAAAAAAAAAAAAAAAAAAAAAAAAAAAAAAAAAAAAAAAAAAAAAAAAAAAAAAAAAAAAAAAAAAAAA","key32":"value32 - AAAAAAAAAAAAAAAAAAAAAAAAAAAAAAAAAAAAAAAAAAAAAAAAAAAAAAAAAAAAAAAAAAAAAAAAAAAAAAAAAAAAAAAAAAAAAAAAAAAA","key31":"value31 - AAAAAAAAAAAAAAAAAAAAAAAAAAAAAAAAAAAAAAAAAAAAAAAAAAAAAAAAAAAAAAAAAAAAAAAAAAAAAAAAAAAAAAAAAAAAAAAAAAAA","key30":"value30 - AAAAAAAAAAAAAAAAAAAAAAAAAAAAAAAAAAAAAAAAAAAAAAAAAAAAAAAAAAAAAAAAAAAAAAAAAAAAAAAAAAAAAAAAAAAAAAAAAAAA","key26":"value26 - AAAAAAAAAAAAAAAAAAAAAAAAAAAAAAAAAAAAAAAAAAAAAAAAAAAAAAAAAAAAAAAAAAAAAAAAAAAAAAAAAAAAAAAAAAAAAAAAAAAA","key25":"value25 - AAAAAAAAAAAAAAAAAAAAAAAAAAAAAAAAAAAAAAAAAAAAAAAAAAAAAAAAAAAAAAAAAAAAAAAAAAAAAAAAAAAAAAAAAAAAAAAAAAAA","key24":"value24 - AAAAAAAAAAAAAAAAAAAAAAAAAAAAAAAAAAAAAAAAAAAAAAAAAAAAAAAAAAAAAAAAAAAAAAAAAAAAAAAAAAAAAAAAAAAAAAAAAAAA","key23":"value23 - AAAAAAAAAAAAAAAAAAAAAAAAAAAAAAAAAAAAAAAAAAAAAAAAAAAAAAAAAAAAAAAAAAAAAAAAAAAAAAAAAAAAAAAAAAAAAAAAAAAA","key29":"value29 - AAAAAAAAAAAAAAAAAAAAAAAAAAAAAAAAAAAAAAAAAAAAAAAAAAAAAAAAAAAAAAAAAAAAAAAAAAAAAAAAAAAAAAAAAAAAAAAAAAAA","key28":"value28 - AAAAAAAAAAAAAAAAAAAAAAAAAAAAAAAAAAAAAAAAAAAAAAAAAAAAAAAAAAAAAAAAAAAAAAAAAAAAAAAAAAAAAAAAAAAAAAAAAAAA","key27":"value27 - AAAAAAAAAAAAAAAAAAAAAAAAAAAAAAAAAAAAAAAAAAAAAAAAAAAAAAAAAAAAAAAAAAAAAAAAAAAAAAAAAAAAAAAAAAAAAAAAAAAA"},"tag":"LargeTag","value":"AAAAAAAAAAAAAAAAAAAAAAAAAAAAAAAAAAAAAAAAAAAAAAAAAAAAAAAAAAAAAAAAAAAAAAAAAAAAAAAAAAAAAAAAAAAAAAAAAAAAAAAAAAAAAAAAAAAAAAAAAAAAAAAAAAAAAAAAAAAAAAAAAAAAAAAAAAAAAAAAAAAAAAAAAAAAAAAAAAAAAAAAAAAAAAAAAAAAAAAAAAAAAAAAAAAAAAAAAAAAAAAAAAAAAAAAAAAAAAAAAAAAAAAAAAAAAAAAAAAAAAAAAAAAAAAAAAAAAAAAAAAAAAAAAAAAAAAAAAAAAAAAAAAAAAAAAAAAAAAAAAAAAAAAAAAAAAAAAAAAAAAAAAAAAAAAAAAAAAAAAAAAAAAAAAAAAAAAAAAAAAAAAAAAAAAAAAAAAAAAAAAAAAAAAAAAAAAAAAAAAAAAAAAAAAAAAAAAAAAAAAAAAAAAAAAAAAAAAAAAAAAAAAAAAAAAAAAAAAAAAAAAAAAAAAAAAAAAAAAAAAAAAAAAAAAAAAAAAAAAAAAAAAAAAAAAAAAAAAAAAAAAAAAAAAAAAAAAAAAAAAAAAAAAAAAAAAAAAAAAAAAAAAAAAAAAAAAAAAAAAAAAAAAAAAAAAAAAAAAAAAAAAAAAAAAAAAAAAAAAAAAAAAAAAAAAAAAAAAAAAAAAAAAAAAAAAAAAAAAAAAAAAAAAAAAAAAAAAAAAAAAAAAAAAAAAAAAAAAAAAAAAAAAAAAAAAAAAAAAAAAAAAAAAAAAAAAAAAAAAAAAAAAAAAAAAAAAAAAAAAAAAAAAAAAAAAAAAAAAAAAAAAAAAAAAAAAAAAAAAAAAAAAAAAAAAAAAAAAAAAAAAAAAAAAAAAAAAAAAAAAAAAAAAAAAAAAAAAAAAAAAAAAAAAAAAAAAAAAAAAAAAAAAAAAAAAAAAAAAAAAAAAAAAAAAAAAAAAAAAAAAAAAAAAAAAAAAAAAAAAAAAAAAAAAAAAAAAAAAAAAAAAAAAAAAAAAAAAAAAAAAAAAAAAAAAAAAAAAAAAAAAAAAAAAAAAAAAAAAAAAAAAAAAAAAAAAAAAAAAAAAAAAAAAAAAAAAAAAAAAAAAAAAAAAAAAAAAAAAAAAAAAAAAAAAAAAAAAAAAAAAAAAAAAAAAAAAAAAAAAAAAAAAAAAAAAAAAAAAAAAAAAAAAAAAAAAAAAAAAAAAAAAAAAAAAAAAAAAAAAAAAAAAAAAAAAAAAAAAAAAAAAAAAAAAAAAAAAAAAAAAAAAAAAAAAAAAAAAAAAAAAAAAAAAAAAAAAAAAAAAAAAAAAAAAAAAAAAAAAAAAAAAAAAAAAAAAAAAAAAAAAAAAAAAAAAAAAAAAAAAAAAAAAAAAAAAAAAAAAAAAAAAAAAAAAAAAAAAAAAAAAAAAAAAAAAAAAAAAAAAAAAAAAAAAAAAAAAAAAAAAAAAAAAAAAAAAAAAAAAAAAAAAAAAAAAAAAAAAAAAAAAAAAAAAAAAAAAAAAAAAAAAAAAAAAAAAAAAAAAAAAAAAAAAAAAAAAAAAAAAAAAAAAAAAAAAAAAAAAAAAAAAAAAAAAAAAAAAAAAAAAAAAAAAAAAAAAAAAAAAAAAAAAAAAAAAAAAAAAAAAAAAAAAAAAAAAAAAAAAAAAAAAAAAAAAAAAAAAAAAAAAAAAAAAAAAAAAAAAAAAAAAAAAAAAAAAAAAAAAAAAAAAAAAAAAAAAAAAAAAAAAAAAAAAAAAAAAAAAAAAAAAAAAAAAAAAAAAAAAAAAAAAAAAAAAAAAAAAAAAAAAAAAAAAAAAAAAAAAAAAAAAAAAAAAAAAAAAAAAAAAAAAAAAAAAAAAAAAAAAAAAAAAAAAAAAAAAAAAAAAAAAAAAAAAAAAAAAAAAAAAAAAAAAAAAAAAAAAAAAAAAAAAAAAAAAAAAAAAAAAAAAAAAAAAAAAAAAAAAAAAAAAAAAAAAAAAAAAAAAAAAAAAAAAAAAAAAAAAAAAAAAAAAAAAAAAAAAAAAAAAAAAAAAAAAAAAAAAAAAAAAAAAAAAAAAAAAAAAAAAAAAAAAAAAAAAAAAAAAAAAAAAAAAAAAAAAAAAAAAAAAAAAAAAAAAAAAAAAAAAAAAAAAAAAAAAAAAAAAAAAAAAAAAAAAAAAAAAAAAAAAAAAAAAAAAAAAAAAAAAAAAAAAAAAAAAAAAAAAAAAAAAAAAAAAAAAAAAAAAAAAAAAAAAAAAAAAAAAAAAAAAAAAAAAAAAAAAAAAAAAAAAAAAAAAAAAAAAAAAAAAAAAAAAAAAAAAAAAAAAAAAAAAAAAAAAAAAAAAAAAAAAAAAAAAAAAAAAAAAAAAAAAAAAAAAAAAAAAAAAAAAAAAAAAAAAAAAAAAAAAAAAAAAAAAAAAAAAAAAAAAAAAAAAAAAAAAAAAAAAAAAAAAAAAAAAAAAAAAAAAAAAAAAAAAAAAAAAAAAAAAAAAAAAAAAAAAAAAAAAAAAAAAAAAAAAAAAAAAAAAAAAAAAAAAAAAAAAAAAAAAAAAAAAAAAAAAAAAAAAAAAAAAAAAAAAAAAAAAAAAAAAAAAAAAAAAAAAAAAAAAAAAAAAAAAAAAAAAAAAAAAAAAAAAAAAAAAAAAAAAAAAAAAAAAAAAAAAAAAAAAAAAAAAAAAAAAAAAAAAAAAAAAAAAAAAAAAAAAAAAAAAAAAAAAAAAAAAAAAAAAAAAAAAAAAAAAAAAAAAAAAAAAAAAAAAAAAAAAAAAAAAAAAAAAAAAAAAAAAAAAAAAAAAAAAAAAAAAAAAAAAAAAAAAAAAAAAAAAAAAAAAAAAAAAAAAAAAAAAAAAAAAAAAAAAAAAAAAAAAAAAAAAAAAAAAAAAAAAAAAAAAAAAAAAAAAAAAAAAAAAAAAAAAAAAAAAAAAAAAAAAAAAAAAAAAAAAAAAAAAAAAAAAAAAAAAAAAAAAAAAAAAAAAAAAAAAAAAAAAAAAAAAAAAAAAAAAAAAAAAAAAAAAAAAAAAAAAAAAAAAAAAAAAAAAAAAAAAAAAAAAAAAAAAAAAAAAAAAAAAAAAAAAAAAAAAAAAAAAAAAAAAAAAAAAAAAAAAAAAAAAAAAAAAAAAAAAAAAAAAAAAAAAAAAAAAAAAAAAAAAAAAAAAAAAAAAAAAAAAAAAAAAAAAAAAAAAAAAAAAAAAAAAAAAAAAAAAAAAAAAAAAAAAAAAAAAAAAAAAAAAAAAAAAAAAAAAAAAAAAAAAAAAAAAAAAAAAAAAAAAAAAAAAAAAAAAAAAAAAAAAAAAAAAAAAAAAAAAAAAAAAAAAAAAAAAAAAAAAAAAAAAAAAAAAAAAAAAAAAAAAAAAAAAAAAAAAAAAAAAAAAAAAAAAAAAAAAAAAAAAAAAAAAAAAAAAAAAAAAAAAAAAAAAAAAAAAAAAAAAAAAAAAAAAAAAAAAAAAAAAAAAAAAAAAAAAAAAAAAAAAAAAAAAAAAAAAAAAAAAAAAAAAAAAAAAAAAAAAAAAAAAAAAAAAAAAAAAAAAAAAAAAAAAAAAAAAAAAAAAAAAAAAAAAAAAAAAAAAAAAAAAAAAAAAAAAAAAAAAAAAAAAAAAAAAAAAAAAAAAAAAAAAAAAAAAAAAAAAAAAAAAAAAAAAAAAAAAAAAAAAAAAAAAAAAAAAAAAAAAAAAAAAAAAAAAAAAAAAAAAAAAAAAAAAAAAAAAAAAAAAAAAAAAAAAAAAAAAAAAAAAAAAAAAAAAAAAAAAAAAAAAAAAAAAAAAAAAAAAAAAAAAAAAAAAAAAAAAAAAAAAAAAAAAAAAAAAAAAAAAAAAAAAAAAAAAAAAAAAAAAAAAAAAAAAAAAAAAAAAAAAAAAAAAAAAAAAAAAAAAAAAAAAAAAAAAAAAAAAAAAAAAAAAAAAAAAAAAAAAAAAAAAAAAAAAAAAAAAAAAAAAAAAAAAAAAAAAAAAAAAAAAAAAAAAAAAAAAAAAAAAAAAAAAAAAAAAAAAAAAAAAAAAAAAAAAAAAAAAAAAAAAAAAAAAAAAAAAAAAAAAAAAAAAAAAAAAAAAAAAAAAAAAAAAAAAAAAAAAAAAAAAAAAAAAAAAAAAAAAAAAAAAAAAAAAAAAAAAAAAAAAAAAAAAAAAAAAAAAAAAAAAAAAAAAAAAAAAAAAAAAAAAAAAAAAAAAAAAAAAAAAAAAAAAAAAAAAAAAAAAAAAAAAAAAAAAAAAAAAAAAAAAAAAAAAAAAAAAAAAAAAAAAAAAAAAAAAAAAAAAAAAAAAAAAAAAAAAAAAAAAAAAAAAAAAAAAAAAAAAAAAAAAAAAAAAAAAAAAAAAAAAAAAAAAAAAAAAAAAAAAAAAAAAAAAAAAAAAAAAAAAAAAAAAAAAAAAAAAAAAAAAAAAAAAAAAAAAAAAAAAAAAAAAAAAAAAAAAAAAAAAAAAAAAAAAAAAAAAAAAAAAAAAAAAAAAAAAAAAAAAAAAAAAAAAAAAAAAAAAAAAAAAAAAAAAAAAAAAAAAAAAAAAAAAAAAAAAAAAAAAAAAAAAAAAAAAAAAAAAAAAAAAAAAAAAAAAAAAAAAAAAAAAAAAAAAAAAAAAAAAAAAAAAAAAAAAAAAAAAAAAAAAAAAAAAAAAAAAAAAAAAAAAAAAAAAAAAAAAAAAAAAAAAAAAAAAAAAAAAAAAAAAAAAAAAAAAAAAAAAAAAAAAAAAAAAAAAAAAAAAAAAAAAAAAAAAAAAAAAAAAAAAAAAAAAAAAAAAAAAAAAAAAAAAAAAAAAAAAAAAAAAAAAAAAAAAAAAAAAAAAAAAAAAAAAAAAAAAAAAAAAAAAAAAAAAAAAAAAAAAAAAAAAAAAAAAAAAAAAAAAAAAAAAAAAAAAAAAAAAAAAAAAAAAAAAAAAAAAAAAAAAAAAAAAAAAAAAAAAAAAAAAAAAAAAAAAAAAAAAAAAAAAAAAAAAAAAAAAAAAAAAAAAAAAAAAAAAAAAAAAAAAAAAAAAAAAAAAAAAAAAAAAAAAAAAAAAAAAAAAAAAAAAAAAAAAAAAAAAAAAAAAAAAAAAAAAAAAAAAAAAAAAAAAAAAAAAAAAAAAAAAAAAAAAAAAAAAAAAAAAAAAAAAAAAAAAAAAAAAAAAAAAAAAAAAAAAAAAAAAAAAAAAAAAAAAAAAAAAAAAAAAAAAAAAAAAAAAAAAAAAAAAAAAAAAAAAAAAAAAAAAAAAAAAAAAAAAAAAAAAAAAAAAAAAAAAAAAAAAAAAAAAAAAAAAAAAAAAAAAAAAAAAAAAAAAAAAAAAAAAAAAAAAAAAAAAAAAAAAAAAAAAAAAAAAAAAAAAAAAAAAAAAAAAAAAAAAAAAAAAAAAAAAAAAAAAAAAAAAAAAAAAAAAAAAAAAAAAAAAAAAAAAAAAAAAAAAAAAAAAAAAAAAAAAAAAAAAAAAAAAAAAAAAAAAAAAAAAAAAAAAAAAAAAAAAAAAAAAAAAAAAAAAAAAAAAAAAAAAAAAAAAAAAAAAAAAAAAAAAAAAAAAAAAAAAAAAAAAAAAAAAAAAAAAAAAAAAAAAAAAAAAAAAAAAAAAAAAAAAAAAAAAAAAAAAAAAAAAAAAAAAAAAAAAAAAAAAAAAAAAAAAAAAAAAAAAAAAAAAAAAAAAAAAAAAAAAAAAAAAAAAAAAAAAAAAAAAAAAAAAAAAAAAAAAAAAAAAAAAAAAAAAAAAAAAAAAAAAAAAAAAAAAAAAAAAAAAAAAAAAAAAAAAAAAAAAAAAAAAAAAAAAAAAAAAAAAAAAAAAAAAAAAAAAAAAAAAAAAAAAAAAAAAAAAAAAAAAAAAAAAAAAAAAAAAAAAAAAAAAAAAAAAAAAAAAAAAAAAAAAAAAAAAAAAAAAAAAAAAAAAAAAAAAAAAAAAAAAAAAAAAAAAAAAAAAAAAAAAAAAAAAAAAAAAAAAAAAAAAAAAAAAAAAAAAAAAAAAAAAAAAAAAAAAAAAAAAAAAAAAAAAAAAAAAAAAAAAAAAAAAAAAAAAAAAAAAAAAAAAAAAAAAAAAAAAAAAAAAAAAAAAAAAAAAAAAAAAAAAAAAAAAAAAAAAAAAAAAAAAAAAAAAAAAAAAAAAAAAAAAAAAAAAAAAAAAAAAAAAAAAAAAAAAAAAAAAAAAAAAAAAAAAAAAAAAAAAAAAAAAAAAAAAAAAAAAAAAAAAAAAAAAAAAAAAAAAAAAAAAAAAAAAAAAAAAAAAAAAAAAAAAAAAAAAAAAAAAAAAAAAAAAAAAAAAAAAAAAAAAAAAAAAAAAAAAAAAAAAAAAAAAAAAAAAAAAAAAAAAAAAAAAAAAAAAAAAAAAAAAAAAAAAAAAAAAAAAAAAAAAAAAAAAAAAAAAAAAAAAAAAAAAAAAAAAAAAAAAAAAAAAAAAAAAAAAAAAAAAAAAAAAAAAAAAAAAAAAAAAAAAAAAAAAAAAAAAAAAAAAAAAAAAAAAAAAAAAAAAAAAAAAAAAAAAAAAAAAAAAAAAAAAAAAAAAAAAAAAAAAAAAAAAAAAAAAAAAAAAAAAAAAAAAAAAAAAAAAAAAAAAAAAAAAAAAAAAAAAAAAAAAAAAAAAAAAAAAAAAAAAAAAAAAAAAAAAAAAAAAAAAAAAAAAAAAAAAAAAAAAAAAAAAAAAAAAAAAAAAAAAAAAAAAAAAAAAAAAAAAAAAAAAAAAAAAAAAAAAAAAAAAAAAAAAAAAAAAAAAAAAAAAAAAAAAAAAAAAAAAAAAAAAAAAAAAAAAAAAAAAAAAAAAAAAAAAAAAAAAAAAAAAAAAAAAAAAAAAAAAAAAAAAAAAAAAAAAAAAAAAAAAAAAAAAAAAAAAAAAAAAAAAAAAAAAAAAAAAAAAAAAAAAAAAAAAAAAAAAAAAAAAAAAAAAAAAAAAAAAAAAAAAAAAAAAAAAAAAAAAAAAAAAAAAAAAAAAAAAAAAAAAAAAAAAAAAAAAAAAAAAAAAAAAAAAAAAAAAAAAAAAAAAAAAAAAAAAAAAAAAAAAAAAAAAAAAAAAAAAAAAAAAAAAAAAAAAAAAAAAAAAAAAAAAAAAAAAAAAAAAAAAAAAAAAAAAAAAAAAAAAAAAAAAAAAAAAAAAAAAAAAAAAAAAAAAAAAAAAAAAAAAAAAAAAAAAAAAAAAAAAAAAAAAAAAAAAAAAAAAAAAAAAAAAAAAAAAAAAAAAAAAAAAAAAAAAAAAAAAAAAAAAAAAAAAAAAAAAAAAAAAAAAAAAAAAAAAAAAAAAAAAAAAAAAAAAAAAAAAAAAAAAAAAAAAAAAAAAAAAAAAAAAAAAAAAAAAAAAAAAAAAAAAAAAAAAAAAAAAAAAAAAAAAAAAAAAAAAAAAAAAAAAAAAAAAAAAAAAAAAAAAAAAAAAAAAAAAAAAAAAAAAAAAAAAAAAAAAAAAAAAAAAAAAAAAAAAAAAAAAAAAAAAAAAAAAAAAAAAAAAAAAAAAAAAAAAAAAAAAAAAAAAAAAAAAAAAAAAAAAAAAAAAAAAAAAAAAAAAAAAAAAAAAAAAAAAAAAAAAAAAAAAAAAAAAAAAAAAAAAAAAAAAAAAAAAAAAAAAAAAAAAAAAAAAAAAAAAAAAAAAAAAAAAAAAAAAAAAAAAAAAAAAAAAAAAAAAAAAAAAAAAAAAAAAAAAAAAAAAAAAAAAAAAAAAAAAAAAAAAAAAAAAAAAAAAAAAAAAAAAAAAAAAAAAAAAAAAAAAAAAAAAAAAAAAAAAAAAAAAAAAAAAAAAAAAAAAAAAAAAAAAAAAAAAAAAAAAAAAAAAAAAAAAAAAAAAAAAAAAAAAAAAAAAAAAAAAAAAAAAAAAAAAAAAAAAAAAAAAAAAAAAAAAAAAAAAAAAAAAAAAAAAAAAAAAAAAAAAAAAAAAAAAAAAAAAAAAAAAAAAAAAAAAAAAAAAAAAAAAAAAAAAAAAAAAAAAAAAAAAAAAAAAAAAAAAAAAAAAAAAAAAAAAAAAAAAAAAAAAAAAAAAAAAAAAAAAAAAAAAAAAAAAAAAAAAAAAAAAAAAAAAAAAAAAAAAAAAAAAAAAAAAAAAAAAAAAAAAAAAAAAAAAAAAAAAAAAAAAAAAAAAAAAAAAAAAAAAAAAAAAAAAAAAAAAAAAAAAAAAAAAAAAAAAAAAAAAAAAAAAAAAAAAAAAAAAAAAAAAAAAAAAAAAAAAAAAAAAAAAAAAAAAAAAAAAAAAAAAAAAAAAAAAAAAAAAAAAAAAAAAAAAAAAAAAAAAAAAAAAAAAAAAAAAAAAAAAAAAAAAAAAAAAAAAAAAAAAAAAAAAAAAAAAAAAAAAAAAAAAAAAAAAAAAAAAAAAAAAAAAAAAAAAAAAAAAAAAAAAAAAAAAAAAAAAAAAAAAAAAAAAAAAAAAAAAAAAAAAAAAAAAAAAAAAAAAAAAAAAAAAAAAAAAAAAAAAAAAAAAAAAAAAAAAAAAAAAAAAAAAAAAAAAAAAAAAAAAAAAAAAAAAAAAAAAAAAAAAAAAAAAAAAAAAAAAAAAAAAAAAAAAAAAAAAAAAAAAAAAAAAAAAAAAAAAAAAAAAAAAAAAAAAAAAAAAAAAAAAAAAAAAAAAAAAAAAAAAAAAAAAAAAAAAAAAAAAAAAAAAAAAAAAAAAAAAAAAAAAAAAAAAAAAAAAAAAAAAAAAAAAAAAAAAAAAAAAAAAAAAAAAAAAAAAAAAAAAAAAAAAAAAAAAAAAAAAAAAAAAAAAAAAAAAAAAAAAAAAAAAAAAAAAAAAAAAAAAAAAAAAAAAAAAAAAAAAAAAAAAAAAAAAAAAAAAAAAAAAAAAAAAAAAAAAAAAAAAAAAAAAAAAAAAAAAAAAAAAAAAAAAAAAAAAAAAAAAAAAAAAAAAAAAAAAAAAAAAAAAAAAAAAAAAAAAAAAAAAAAAAAAAAAAAAAAAAAAAAAAAAAAAAAAAAAAAAAAAAAAAAAAAAAAAAAAAAAAAAAAAAAAAAAAAAAAAAAAAAAAAAAAAAAAAAAAAAAAAAAAAAAAAAAAAAAAAAAAAAAAAAAAAAAAAAAAAAAAAAAAAAAAAAAAAAAAAAAAAAAAAAAAAAAAAAAAAAAAAAAAAAAAAAAAAAAAAAAAAAAAAAAAAAAAAAAAAAAAAAAAAAAAAAAAAAAAAAAAAAAAAAAAAAAAAAAAAAAAAAAAAAAAAAAAAAAAAAAAAAAAAAAAAAAAAAAAAAAAAAAAAAAAAAAAAAAAAAAAAAAAAAAAAAAAAAAAAAAAAAAAAAAAAAAAAAAAAAAAAAAAAAAAAAAAAAAAAAAAAAAAAAAAAAAAAAAAAAAAAAAAAAAAAAAAAAAAAAAAAAAAAAAAAAAAAAAAAAAAAAAAAAAAAAAAAAAAAAAAAAAAAAAAAAAAAAAAAAAAAAAAAAAAAAAAAAAAAAAAAAAAAAAAAAAAAAAAAAAAAAAAAAAAAAAAAAAAAAAAAAAAAAAAAAAAAAAAAAAAAAAAAAAAAAAAAAAAAAAAAAAAAAAAAAAAAAAAAAAAAAAAAAAAAAAAAAAAAAAAAAAAAAAAAAAAAAAAAAAAAAAAAAAAAAAAAAAAAAAAAAAAAAAAAAAAAAAAAAAAAAAAAAAAAAAAAAAAAAAAAAAAAAAAAAAAAAAAAAAAAAAAAAAAAAAAAAAAAAAAAAAAAAAAAAAAAAAAAAAAAAAAAAAAAAAAAAAAAAAAAAAAAAAAAAAAAAAAAAAAAAAAAAAAAAAAAAAAAAAAAAAAAAAAAAAAAAAAAAAAAAAAAAAAAAAAAAAAAAAAAAAAAAAAAAAAAAAAAAAAAAAAAAAAAAAAAAAAAAAAAAAAAAAAAAAAAAAAAAAAAAAAAAAAAAAAAAAAAAAAAAAAAAAAAAAAAAAAAAAAAAAAAAAAAAAAAAAAAAAAAAAAAAAAAAAAAAAAAAAAAAAAAAAAAAAAAAAAAAAAAAAAAAAAAAAAAAAAAAAAAAAAAAAAAAAAAAAAAAAAAAAAAAAAAAAAAAAAAAAAAAAAAAAAAAAAAAAAAAAAAAAAAAAAAAAAAAAAAAAAAAAAAAAAAAAAAAAAAAAAAAAAAAAAAAAAAAAAAAAAAAAAAAAAAAAAAAAAAAAAAAAAAAAAAAAAAAAAAAAAAAAAAAAAAAAAAAAAAAAAAAAAAAAAAAAAAAAAAAAAAAAAAAAAAAAAAAAAAAAAAAAAAAAAAAAAAAAAA"}},"message":"Browse data processed successfully","status":"processed"}
Test passed: testKafkaLargeMessageHandling (Duration: 5ms)
Test passed: testPerformanceUnderLoad (Duration: 53ms)
]]></system-out>
  </testcase>
  <testcase name="testKafkaMessageProcessingPerformance" classname="tests.KafkaServiceTest" time="0.004">
    <system-out><![CDATA[Test completed successfully in 56ms
Starting test: testKafkaMessageProcessingPerformance
Starting test: testReadWriteCycle
Starting test: testKafkaMessageProcessingPerformance
Starting test: testReadWriteCycle
Test passed: testKafkaMessageProcessingPerformance (Duration: 4ms)
]]></system-out>
  </testcase>
  <testcase name="testKafkaMessageValidation" classname="tests.KafkaServiceTest" time="0.009">
    <system-out><![CDATA[Test completed successfully in 7ms
Starting test: testKafkaMessageValidation
Starting test: testServiceDiscovery
Starting test: testServiceDiscovery
Test passed: testKafkaMessageValidation (Duration: 10ms)
]]></system-out>
  </testcase>
  <testcase name="testKafkaServiceHealth" classname="tests.KafkaServiceTest" time="0.004">
    <system-out><![CDATA[Test completed successfully in 12ms
Starting test: testKafkaServiceHealth
Starting test: testKafkaServiceHealth
Test passed: testKafkaServiceHealth (Duration: 3ms)
]]></system-out>
  </testcase>
  <testcase name="testProcessBrowseData" classname="tests.KafkaServiceTest" time="0.003">
    <system-out><![CDATA[Test completed successfully in 5ms
Starting test: testProcessBrowseData
Starting test: testProcessBrowseData
API Response: {"processedData":{"nodeId":"ns=3;s=DataBlocksGlobal","browseData":{"tag":"PLC_To_WMS","value":42,"timestamp":1759485101698}},"message":"Browse data processed successfully","status":"processed"}
Test passed: testProcessBrowseData (Duration: 3ms)
]]></system-out>
  </testcase>
  <testcase name="testProcessBrowseDataWithDifferentTypes[ns=3;s=DataBlocksGlobal, {tag=Tag1, value=123, timestamp=1759485101702}, Integer value](1)" classname="tests.KafkaServiceTest" time="0.004">
    <system-out><![CDATA[Test completed successfully in 4ms
Starting test: testProcessBrowseDataWithDifferentTypes
Starting test: testProcessBrowseDataWithDifferentTypes
API Response: {"processedData":{"nodeId":"ns=3;s=DataBlocksGlobal","browseData":{"tag":"Tag1","value":123,"timestamp":1759485101702}},"message":"Browse data processed successfully","status":"processed"}
Test passed: testProcessBrowseDataWithDifferentTypes (Duration: 4ms)
]]></system-out>
  </testcase>
  <testcase name="testProcessBrowseDataWithDifferentTypes[ns=3;s=DataBlocksGlobal, {tag=Tag2, value=String Value, timestamp=1759485101702}, String value](2)" classname="tests.KafkaServiceTest" time="0.003">
    <system-out><![CDATA[Test completed successfully in 5ms
Starting test: testProcessBrowseDataWithDifferentTypes
Starting test: testProcessBrowseDataWithDifferentTypes
API Response: {"processedData":{"nodeId":"ns=3;s=DataBlocksGlobal","browseData":{"tag":"Tag2","value":"String Value","timestamp":1759485101702}},"message":"Browse data processed successfully","status":"processed"}
Test passed: testProcessBrowseDataWithDifferentTypes (Duration: 3ms)
]]></system-out>
  </testcase>
  <testcase name="testProcessBrowseDataWithDifferentTypes[ns=3;s=DataBlocksGlobal, {tag=Tag3, value=true, timestamp=1759485101702}, Boolean value](3)" classname="tests.KafkaServiceTest" time="0.003">
    <system-out><![CDATA[Test completed successfully in 4ms
Starting test: testProcessBrowseDataWithDifferentTypes
Starting test: testProcessBrowseDataWithDifferentTypes
API Response: {"processedData":{"nodeId":"ns=3;s=DataBlocksGlobal","browseData":{"tag":"Tag3","value":true,"timestamp":1759485101702}},"message":"Browse data processed successfully","status":"processed"}
Test passed: testProcessBrowseDataWithDifferentTypes (Duration: 3ms)
]]></system-out>
  </testcase>
  <testcase name="testProcessBrowseDataWithDifferentTypes[ns=3;s=DataBlocksGlobal, {tag=Tag4, value=123.45, timestamp=1759485101702}, Double value](4)" classname="tests.KafkaServiceTest" time="0.004">
    <system-out><![CDATA[Test completed successfully in 4ms
Starting test: testProcessBrowseDataWithDifferentTypes
Starting test: testProcessBrowseDataWithDifferentTypes
API Response: {"processedData":{"nodeId":"ns=3;s=DataBlocksGlobal","browseData":{"tag":"Tag4","value":123.45,"timestamp":1759485101702}},"message":"Browse data processed successfully","status":"processed"}
Test passed: testProcessBrowseDataWithDifferentTypes (Duration: 2ms)
]]></system-out>
  </testcase>
  <testcase name="testProcessBrowseDataWithDifferentTypes[ns=0;i=2253, {tag=Tag5, value=42, timestamp=1759485101702}, Numeric node ID](5)" classname="tests.KafkaServiceTest" time="0.004">
    <system-out><![CDATA[Test completed successfully in 5ms
Starting test: testProcessBrowseDataWithDifferentTypes
Starting test: testProcessBrowseDataWithDifferentTypes
API Response: {"processedData":{"nodeId":"ns=0;i=2253","browseData":{"tag":"Tag5","value":42,"timestamp":1759485101702}},"message":"Browse data processed successfully","status":"processed"}
Test passed: testProcessBrowseDataWithDifferentTypes (Duration: 3ms)
]]></system-out>
  </testcase>
  <testcase name="testProcessBrowseDataWithDifferentTypes[ns=2;i=5001, {tag=Tag6, value=Another String, timestamp=1759485101702}, Another numeric node ID](6)" classname="tests.KafkaServiceTest" time="0.005">
    <system-out><![CDATA[Test completed successfully in 5ms
Starting test: testProcessBrowseDataWithDifferentTypes
Starting test: testProcessBrowseDataWithDifferentTypes
API Response: {"processedData":{"nodeId":"ns=2;i=5001","browseData":{"tag":"Tag6","value":"Another String","timestamp":1759485101702}},"message":"Browse data processed successfully","status":"processed"}
Test passed: testProcessBrowseDataWithDifferentTypes (Duration: 4ms)
]]></system-out>
  </testcase>
  <testcase name="testCompleteDataFlow" classname="tests.IntegrationTest" time="0.008">
    <system-out><![CDATA[Test completed successfully in 8ms
Test passed: testCompleteDataFlow (Duration: 28ms)
]]></system-out>
  </testcase>
  <testcase name="testConcurrentOperationsAcrossServices" classname="tests.IntegrationTest" time="0.005">
    <system-out><![CDATA[Test completed successfully in 6ms
Starting test: testConvertValueWithDifferentTypes
Starting test: testConvertValueWithDifferentTypes
Test passed: testConcurrentOperationsAcrossServices (Duration: 11ms)
]]></system-out>
  </testcase>
  <testcase name="testDataConsistencyAcrossServices" classname="tests.IntegrationTest" time="0.003">
    <system-out><![CDATA[Test completed successfully in 5ms
Starting test: testConvertValueWithDifferentTypes
Test passed: testDataConsistencyAcrossServices (Duration: 7ms)
Starting test: testConvertValueWithDifferentTypes
API Response: {"dataType":"Double","convertedValue":"42.0","status":"success"}
Test passed: testConvertValueWithDifferentTypes (Duration: 3ms)
]]></system-out>
  </testcase>
  <testcase name="testErrorPropagationAcrossServices" classname="tests.IntegrationTest" time="0.004">
    <failure message="Should return error for invalid node expected [true] but found [false]" type="java.lang.AssertionError"><![CDATA[java.lang.AssertionError: Should return error for invalid node expected [true] but found [false]
	at org.testng.Assert.fail(Assert.java:111)
	at org.testng.Assert.failNotEquals(Assert.java:1578)
	at org.testng.Assert.assertTrue(Assert.java:57)
	at tests.IntegrationTest.testErrorPropagationAcrossServices(IntegrationTest.java:177)
	at java.base/jdk.internal.reflect.NativeMethodAccessorImpl.invoke0(Native Method)
	at java.base/jdk.internal.reflect.NativeMethodAccessorImpl.invoke(NativeMethodAccessorImpl.java:77)
	at java.base/jdk.internal.reflect.DelegatingMethodAccessorImpl.invoke(DelegatingMethodAccessorImpl.java:43)
	at java.base/java.lang.reflect.Method.invoke(Method.java:568)
	at org.testng.internal.invokers.MethodInvocationHelper.invokeMethod(MethodInvocationHelper.java:139)
	at org.testng.internal.invokers.TestInvoker.invokeMethod(TestInvoker.java:664)
	at org.testng.internal.invokers.TestInvoker.invokeTestMethod(TestInvoker.java:228)
	at org.testng.internal.invokers.MethodRunner.runInSequence(MethodRunner.java:63)
	at org.testng.internal.invokers.TestInvoker$MethodInvocationAgent.invoke(TestInvoker.java:961)
	at org.testng.internal.invokers.TestInvoker.invokeTestMethods(TestInvoker.java:201)
	at org.testng.internal.invokers.TestMethodWorker.invokeTestMethods(TestMethodWorker.java:148)
	at org.testng.internal.invokers.TestMethodWorker.run(TestMethodWorker.java:128)
	at java.base/java.util.ArrayList.forEach(ArrayList.java:1511)
	at org.testng.TestRunner.privateRun(TestRunner.java:819)
	at org.testng.TestRunner.run(TestRunner.java:619)
	at org.testng.SuiteRunner.runTest(SuiteRunner.java:443)
	at org.testng.SuiteRunner$SuiteWorker.run(SuiteRunner.java:481)
	at org.testng.internal.thread.ThreadUtil.lambda$execute$0(ThreadUtil.java:58)
	at java.base/java.util.concurrent.FutureTask.run(FutureTask.java:264)
	at java.base/java.util.concurrent.ThreadPoolExecutor.runWorker(ThreadPoolExecutor.java:1136)
	at java.base/java.util.concurrent.ThreadPoolExecutor$Worker.run(ThreadPoolExecutor.java:635)
	at java.base/java.lang.Thread.run(Thread.java:833)
]]></failure>
    <system-out><![CDATA[Test completed successfully in 13ms
Test completed successfully in 5ms
Starting test: testConvertValueWithDifferentTypes
Starting test: testErrorPropagationAcrossServices
Starting test: testConvertValueWithDifferentTypes
Starting test: testErrorPropagationAcrossServices
Test failed: testErrorPropagationAcrossServices (Duration: 3ms)
Error: Should return error for invalid node expected [true] but found [false]
API Response: {"dataType":"Double","convertedValue":"42.0","status":"success"}
Test passed: testConvertValueWithDifferentTypes (Duration: 4ms)
]]></system-out>
  </testcase>
  <testcase name="testPerformanceUnderLoad" classname="tests.IntegrationTest" time="0.007">
    <system-out><![CDATA[Test completed successfully in 8ms
]]></system-out>
  </testcase>
  <testcase name="testReadWriteCycle" classname="tests.IntegrationTest" time="0.006">
    <system-out><![CDATA[Test completed successfully in 5ms
Test passed: testReadWriteCycle (Duration: 5ms)
Starting test: testKafkaMessageValidation
]]></system-out>
  </testcase>
  <testcase name="testServiceDiscovery" classname="tests.IntegrationTest" time="0.036">
    <system-out><![CDATA[Test completed successfully in 8ms
Test passed: testServiceDiscovery (Duration: 88ms)
]]></system-out>
  </testcase>
  <testcase name="testServiceRecoveryAfterFailure" classname="tests.IntegrationTest" time="0.005">
    <system-out><![CDATA[Test completed successfully in 89ms
Starting test: testServiceRecoveryAfterFailure
Starting test: testServiceRecoveryAfterFailure
Real service test context closed!
Finishing test suite: Kafka Service Tests
Test passed: testServiceRecoveryAfterFailure (Duration: 4ms)
]]></system-out>
  </testcase>
</testsuite>