<?xml version="1.0" encoding="UTF-8"?>
<!-- Generated by org.testng.reporters.JUnitReportReporter -->
<testsuite hostname="Akshay-Udhane" failures="1" tests="18" name="tests.ReadDataServiceTest" time="30.406" errors="0" timestamp="2025-10-03T15:43:34 IST" skipped="17">
  <testcase classname="tests.ReadDataServiceTest" name="testReadValueWithDifferentNodes" time="0.000">
    <skipped/>
  </testcase> <!-- testReadValueWithDifferentNodes -->
  <system-out/>
  <testcase classname="tests.ReadDataServiceTest" name="testReadNode" time="0.000">
    <skipped/>
  </testcase> <!-- testReadNode -->
  <system-out/>
  <testcase classname="tests.ReadDataServiceTest" name="testReadDataServiceHealth" time="0.000">
    <skipped/>
  </testcase> <!-- testReadDataServiceHealth -->
  <system-out/>
  <testcase classname="tests.ReadDataServiceTest" name="setUpReadDataTests" time="30.406">
    <failure message="Service readdata did not become ready within 30000ms" type="java.lang.AssertionError">
      <![CDATA[java.lang.AssertionError: Service readdata did not become ready within 30000ms
at org.testng.Assert.fail(Assert.java:99)
at base.RealServiceTestBase.waitForServiceReady(RealServiceTestBase.java:238)
at tests.ReadDataServiceTest.setUpReadDataTests(ReadDataServiceTest.java:20)
at java.base/jdk.internal.reflect.NativeMethodAccessorImpl.invoke0(Native Method)
at java.base/jdk.internal.reflect.NativeMethodAccessorImpl.invoke(NativeMethodAccessorImpl.java:77)
at java.base/jdk.internal.reflect.DelegatingMethodAccessorImpl.invoke(DelegatingMethodAccessorImpl.java:43)
at java.base/java.lang.reflect.Method.invoke(Method.java:568)
at org.testng.internal.MethodInvocationHelper.invokeMethod(MethodInvocationHelper.java:133)
at org.testng.internal.MethodInvocationHelper.invokeMethodConsideringTimeout(MethodInvocationHelper.java:62)
at org.testng.internal.ConfigInvoker.invokeConfigurationMethod(ConfigInvoker.java:385)
at org.testng.internal.ConfigInvoker.invokeConfigurations(ConfigInvoker.java:321)
at org.testng.internal.TestMethodWorker.invokeBeforeClassMethods(TestMethodWorker.java:176)
at org.testng.internal.TestMethodWorker.run(TestMethodWorker.java:122)
at java.base/java.util.ArrayList.forEach(ArrayList.java:1511)
at org.testng.TestRunner.privateRun(TestRunner.java:794)
at org.testng.TestRunner.run(TestRunner.java:596)
at org.testng.SuiteRunner.runTest(SuiteRunner.java:377)
at org.testng.SuiteRunner.access$000(SuiteRunner.java:28)
at org.testng.SuiteRunner$SuiteWorker.run(SuiteRunner.java:418)
at org.testng.internal.thread.ThreadUtil.lambda$execute$0(ThreadUtil.java:64)
at java.base/java.util.concurrent.FutureTask.run(FutureTask.java:264)
at java.base/java.util.concurrent.ThreadPoolExecutor.runWorker(ThreadPoolExecutor.java:1136)
at java.base/java.util.concurrent.ThreadPoolExecutor$Worker.run(ThreadPoolExecutor.java:635)
at java.base/java.lang.Thread.run(Thread.java:833)
]]>
    </failure>
  </testcase> <!-- setUpReadDataTests -->
  <system-out/>
  <testcase classname="tests.ReadDataServiceTest" name="testConcurrentReadOperations" time="0.000">
    <skipped/>
  </testcase> <!-- testConcurrentReadOperations -->
  <system-out/>
  <testcase classname="tests.ReadDataServiceTest" name="testReadValueWithDifferentNodes" time="0.000">
    <skipped/>
  </testcase> <!-- testReadValueWithDifferentNodes -->
  <system-out/>
  <testcase classname="tests.ReadDataServiceTest" name="testReadValueWithDifferentNodes" time="0.000">
    <skipped/>
  </testcase> <!-- testReadValueWithDifferentNodes -->
  <system-out/>
  <testcase classname="tests.ReadDataServiceTest" name="testReadValue" time="0.000">
    <skipped/>
  </testcase> <!-- testReadValue -->
  <system-out/>
  <testcase classname="tests.ReadDataServiceTest" name="testReadValueWithDifferentNodes" time="0.000">
    <skipped/>
  </testcase> <!-- testReadValueWithDifferentNodes -->
  <system-out/>
  <testcase classname="tests.ReadDataServiceTest" name="testReadNode2" time="0.000">
    <skipped/>
  </testcase> <!-- testReadNode2 -->
  <system-out/>
  <testcase classname="tests.ReadDataServiceTest" name="testReadValueWithDifferentNodes" time="0.000">
    <skipped/>
  </testcase> <!-- testReadValueWithDifferentNodes -->
  <system-out/>
  <testcase classname="tests.ReadDataServiceTest" name="testReadDataErrorHandling" time="0.000">
    <skipped/>
  </testcase> <!-- testReadDataErrorHandling -->
  <system-out/>
  <testcase classname="tests.ReadDataServiceTest" name="testReadTagValuesSimplified" time="0.000">
    <skipped/>
  </testcase> <!-- testReadTagValuesSimplified -->
  <system-out/>
  <testcase classname="tests.ReadDataServiceTest" name="testBrowseTags" time="0.000">
    <skipped/>
  </testcase> <!-- testBrowseTags -->
  <system-out/>
  <testcase classname="tests.ReadDataServiceTest" name="testBrowseTagsWithDefaultNode" time="0.000">
    <skipped/>
  </testcase> <!-- testBrowseTagsWithDefaultNode -->
  <system-out/>
  <testcase classname="tests.ReadDataServiceTest" name="testReadDataPerformance" time="0.000">
    <skipped/>
  </testcase> <!-- testReadDataPerformance -->
  <system-out/>
  <testcase classname="tests.ReadDataServiceTest" name="testReadValueWithDifferentNodes" time="0.000">
    <skipped/>
  </testcase> <!-- testReadValueWithDifferentNodes -->
  <system-out/>
  <testcase classname="tests.ReadDataServiceTest" name="testSubscribeToData" time="0.000">
    <skipped/>
  </testcase> <!-- testSubscribeToData -->
  <system-out/>
</testsuite> <!-- tests.ReadDataServiceTest -->
