<?xml version="1.0" encoding="UTF-8"?>
<!-- Generated by org.testng.reporters.JUnitReportReporter -->
<testsuite hostname="Akshay-Udhane" failures="1" tests="20" name="tests.WriteDataServiceTest" time="1.057" errors="2" timestamp="2025-10-10T14:44:59 IST" skipped="0">
  <testcase classname="tests.WriteDataServiceTest" name="testWriteNodeWithNullValue" time="0.005"/>
  <system-out/>
  <testcase classname="tests.WriteDataServiceTest" name="testWriteNodeWithDifferentDataTypes" time="0.305">
    <error message="Error {
  message=&#039;connect ECONNREFUSED ::1:8085
  name=&#039;Error
  stack=&#039;Error: connect ECONNREFUSED ::1:8085
    at TCPConnectWrap.afterConnect [as oncomplete] (node:net:1610:16)
}
Call log:
-   - → POST http://localhost:8085/write/api/write/write-node
-     - user-agent: Playwright/1.49.0 (x64; windows 10.0) java/17
-     - accept: */*
-     - accept-encoding: gzip,deflate,br
-     - Content-Type: application/json
-     - content-length: 58
" type="com.microsoft.playwright.PlaywrightException">
      <![CDATA[com.microsoft.playwright.PlaywrightException: Error {
  message='connect ECONNREFUSED ::1:8085
  name='Error
  stack='Error: connect ECONNREFUSED ::1:8085
    at TCPConnectWrap.afterConnect [as oncomplete] (node:net:1610:16)
}
Call log:
-   - → POST http://localhost:8085/write/api/write/write-node
-     - user-agent: Playwright/1.49.0 (x64; windows 10.0) java/17
-     - accept: */*
-     - accept-encoding: gzip,deflate,br
-     - Content-Type: application/json
-     - content-length: 58

at com.microsoft.playwright.impl.WaitableResult.get(WaitableResult.java:56)
at com.microsoft.playwright.impl.ChannelOwner.runUntil(ChannelOwner.java:132)
at com.microsoft.playwright.impl.Connection.sendMessage(Connection.java:130)
at com.microsoft.playwright.impl.ChannelOwner.sendMessage(ChannelOwner.java:118)
at com.microsoft.playwright.impl.APIRequestContextImpl.fetchImpl(APIRequestContextImpl.java:156)
at com.microsoft.playwright.impl.APIRequestContextImpl.lambda$fetch$1(APIRequestContextImpl.java:68)
at com.microsoft.playwright.impl.LoggingSupport.withLogging(LoggingSupport.java:47)
at com.microsoft.playwright.impl.ChannelOwner.withLogging(ChannelOwner.java:97)
at com.microsoft.playwright.impl.APIRequestContextImpl.fetch(APIRequestContextImpl.java:68)
at com.microsoft.playwright.impl.APIRequestContextImpl.post(APIRequestContextImpl.java:212)
at base.RealServiceTestBase.writeNode(RealServiceTestBase.java:390)
at tests.WriteDataServiceTest.testWriteNodeWithDifferentDataTypes(WriteDataServiceTest.java:81)
at java.base/jdk.internal.reflect.NativeMethodAccessorImpl.invoke0(Native Method)
at java.base/jdk.internal.reflect.NativeMethodAccessorImpl.invoke(NativeMethodAccessorImpl.java:77)
at java.base/jdk.internal.reflect.DelegatingMethodAccessorImpl.invoke(DelegatingMethodAccessorImpl.java:43)
at java.base/java.lang.reflect.Method.invoke(Method.java:568)
at org.testng.internal.MethodInvocationHelper.invokeMethod(MethodInvocationHelper.java:133)
at org.testng.internal.TestInvoker.invokeMethod(TestInvoker.java:598)
at org.testng.internal.TestInvoker.invokeTestMethod(TestInvoker.java:173)
at org.testng.internal.MethodRunner.runInSequence(MethodRunner.java:46)
at org.testng.internal.TestInvoker$MethodInvocationAgent.invoke(TestInvoker.java:824)
at org.testng.internal.TestInvoker.invokeTestMethods(TestInvoker.java:146)
at org.testng.internal.TestMethodWorker.invokeTestMethods(TestMethodWorker.java:146)
at org.testng.internal.TestMethodWorker.run(TestMethodWorker.java:128)
at java.base/java.util.ArrayList.forEach(ArrayList.java:1511)
at org.testng.TestRunner.privateRun(TestRunner.java:794)
at org.testng.TestRunner.run(TestRunner.java:596)
at org.testng.SuiteRunner.runTest(SuiteRunner.java:377)
at org.testng.SuiteRunner.access$000(SuiteRunner.java:28)
at org.testng.SuiteRunner$SuiteWorker.run(SuiteRunner.java:418)
at org.testng.internal.thread.ThreadUtil.lambda$execute$0(ThreadUtil.java:64)
at java.base/java.util.concurrent.FutureTask.run(FutureTask.java:264)
at java.base/java.util.concurrent.ThreadPoolExecutor.runWorker(ThreadPoolExecutor.java:1136)
at java.base/java.util.concurrent.ThreadPoolExecutor$Worker.run(ThreadPoolExecutor.java:635)
at java.base/java.lang.Thread.run(Thread.java:833)
Caused by: com.microsoft.playwright.impl.DriverException: Error {
  message='connect ECONNREFUSED ::1:8085
  name='Error
  stack='Error: connect ECONNREFUSED ::1:8085
    at TCPConnectWrap.afterConnect [as oncomplete] (node:net:1610:16)
}
Call log:
-   - → POST http://localhost:8085/write/api/write/write-node
-     - user-agent: Playwright/1.49.0 (x64; windows 10.0) java/17
-     - accept: */*
-     - accept-encoding: gzip,deflate,br
-     - Content-Type: application/json
-     - content-length: 58

at com.microsoft.playwright.impl.Connection.dispatch(Connection.java:259)
at com.microsoft.playwright.impl.Connection.processOneMessage(Connection.java:211)
at com.microsoft.playwright.impl.ChannelOwner.runUntil(ChannelOwner.java:130)
... 33 more
]]>
    </error>
  </testcase> <!-- testWriteNodeWithDifferentDataTypes -->
  <system-out/>
  <testcase classname="tests.WriteDataServiceTest" name="testWriteNodeWithDifferentDataTypes" time="0.323"/>
  <system-out/>
  <testcase classname="tests.WriteDataServiceTest" name="testWriteNodePerformance" time="0.005"/>
  <system-out/>
  <testcase classname="tests.WriteDataServiceTest" name="testWriteNodeWithDifferentDataTypes" time="0.005">
    <error message="Error {
  message=&#039;socket hang up
  name=&#039;Error
  stack=&#039;Error: socket hang up
    at Socket.socketOnEnd (node:_http_client:530:25)
    at Socket.emit (node:events:530:35)
    at endReadableNT (node:internal/streams/readable:1698:12)
    at process.processTicksAndRejections (node:internal/process/task_queues:90:21)
}
Call log:
-   - → POST http://localhost:8085/write/api/write/write-node
-     - user-agent: Playwright/1.49.0 (x64; windows 10.0) java/17
-     - accept: */*
-     - accept-encoding: gzip,deflate,br
-     - Content-Type: application/json
-     - content-length: 48
" type="com.microsoft.playwright.PlaywrightException">
      <![CDATA[com.microsoft.playwright.PlaywrightException: Error {
  message='socket hang up
  name='Error
  stack='Error: socket hang up
    at Socket.socketOnEnd (node:_http_client:530:25)
    at Socket.emit (node:events:530:35)
    at endReadableNT (node:internal/streams/readable:1698:12)
    at process.processTicksAndRejections (node:internal/process/task_queues:90:21)
}
Call log:
-   - → POST http://localhost:8085/write/api/write/write-node
-     - user-agent: Playwright/1.49.0 (x64; windows 10.0) java/17
-     - accept: */*
-     - accept-encoding: gzip,deflate,br
-     - Content-Type: application/json
-     - content-length: 48

at com.microsoft.playwright.impl.WaitableResult.get(WaitableResult.java:56)
at com.microsoft.playwright.impl.ChannelOwner.runUntil(ChannelOwner.java:132)
at com.microsoft.playwright.impl.Connection.sendMessage(Connection.java:130)
at com.microsoft.playwright.impl.ChannelOwner.sendMessage(ChannelOwner.java:118)
at com.microsoft.playwright.impl.APIRequestContextImpl.fetchImpl(APIRequestContextImpl.java:156)
at com.microsoft.playwright.impl.APIRequestContextImpl.lambda$fetch$1(APIRequestContextImpl.java:68)
at com.microsoft.playwright.impl.LoggingSupport.withLogging(LoggingSupport.java:47)
at com.microsoft.playwright.impl.ChannelOwner.withLogging(ChannelOwner.java:97)
at com.microsoft.playwright.impl.APIRequestContextImpl.fetch(APIRequestContextImpl.java:68)
at com.microsoft.playwright.impl.APIRequestContextImpl.post(APIRequestContextImpl.java:212)
at base.RealServiceTestBase.writeNode(RealServiceTestBase.java:390)
at tests.WriteDataServiceTest.testWriteNodeWithDifferentDataTypes(WriteDataServiceTest.java:81)
at java.base/jdk.internal.reflect.NativeMethodAccessorImpl.invoke0(Native Method)
at java.base/jdk.internal.reflect.NativeMethodAccessorImpl.invoke(NativeMethodAccessorImpl.java:77)
at java.base/jdk.internal.reflect.DelegatingMethodAccessorImpl.invoke(DelegatingMethodAccessorImpl.java:43)
at java.base/java.lang.reflect.Method.invoke(Method.java:568)
at org.testng.internal.MethodInvocationHelper.invokeMethod(MethodInvocationHelper.java:133)
at org.testng.internal.TestInvoker.invokeMethod(TestInvoker.java:598)
at org.testng.internal.TestInvoker.invokeTestMethod(TestInvoker.java:173)
at org.testng.internal.MethodRunner.runInSequence(MethodRunner.java:46)
at org.testng.internal.TestInvoker$MethodInvocationAgent.invoke(TestInvoker.java:824)
at org.testng.internal.TestInvoker.invokeTestMethods(TestInvoker.java:146)
at org.testng.internal.TestMethodWorker.invokeTestMethods(TestMethodWorker.java:146)
at org.testng.internal.TestMethodWorker.run(TestMethodWorker.java:128)
at java.base/java.util.ArrayList.forEach(ArrayList.java:1511)
at org.testng.TestRunner.privateRun(TestRunner.java:794)
at org.testng.TestRunner.run(TestRunner.java:596)
at org.testng.SuiteRunner.runTest(SuiteRunner.java:377)
at org.testng.SuiteRunner.access$000(SuiteRunner.java:28)
at org.testng.SuiteRunner$SuiteWorker.run(SuiteRunner.java:418)
at org.testng.internal.thread.ThreadUtil.lambda$execute$0(ThreadUtil.java:64)
at java.base/java.util.concurrent.FutureTask.run(FutureTask.java:264)
at java.base/java.util.concurrent.ThreadPoolExecutor.runWorker(ThreadPoolExecutor.java:1136)
at java.base/java.util.concurrent.ThreadPoolExecutor$Worker.run(ThreadPoolExecutor.java:635)
at java.base/java.lang.Thread.run(Thread.java:833)
Caused by: com.microsoft.playwright.impl.DriverException: Error {
  message='socket hang up
  name='Error
  stack='Error: socket hang up
    at Socket.socketOnEnd (node:_http_client:530:25)
    at Socket.emit (node:events:530:35)
    at endReadableNT (node:internal/streams/readable:1698:12)
    at process.processTicksAndRejections (node:internal/process/task_queues:90:21)
}
Call log:
-   - → POST http://localhost:8085/write/api/write/write-node
-     - user-agent: Playwright/1.49.0 (x64; windows 10.0) java/17
-     - accept: */*
-     - accept-encoding: gzip,deflate,br
-     - Content-Type: application/json
-     - content-length: 48

at com.microsoft.playwright.impl.Connection.dispatch(Connection.java:259)
at com.microsoft.playwright.impl.Connection.processOneMessage(Connection.java:211)
at com.microsoft.playwright.impl.ChannelOwner.runUntil(ChannelOwner.java:130)
... 33 more
]]>
    </error>
  </testcase> <!-- testWriteNodeWithDifferentDataTypes -->
  <system-out/>
  <testcase classname="tests.WriteDataServiceTest" name="testWriteNodeWithDifferentDataTypes" time="0.005"/>
  <system-out/>
  <testcase classname="tests.WriteDataServiceTest" name="testWriteNodeErrorHandling" time="0.005">
    <failure message="Should return error status for invalid node ID expected [true] but found [false]" type="java.lang.AssertionError">
      <![CDATA[java.lang.AssertionError: Should return error status for invalid node ID expected [true] but found [false]
at org.testng.Assert.fail(Assert.java:99)
at org.testng.Assert.failNotEquals(Assert.java:1037)
at org.testng.Assert.assertTrue(Assert.java:45)
at tests.WriteDataServiceTest.testWriteNodeErrorHandling(WriteDataServiceTest.java:103)
at java.base/jdk.internal.reflect.NativeMethodAccessorImpl.invoke0(Native Method)
at java.base/jdk.internal.reflect.NativeMethodAccessorImpl.invoke(NativeMethodAccessorImpl.java:77)
at java.base/jdk.internal.reflect.DelegatingMethodAccessorImpl.invoke(DelegatingMethodAccessorImpl.java:43)
at java.base/java.lang.reflect.Method.invoke(Method.java:568)
at org.testng.internal.MethodInvocationHelper.invokeMethod(MethodInvocationHelper.java:133)
at org.testng.internal.TestInvoker.invokeMethod(TestInvoker.java:598)
at org.testng.internal.TestInvoker.invokeTestMethod(TestInvoker.java:173)
at org.testng.internal.MethodRunner.runInSequence(MethodRunner.java:46)
at org.testng.internal.TestInvoker$MethodInvocationAgent.invoke(TestInvoker.java:824)
at org.testng.internal.TestInvoker.invokeTestMethods(TestInvoker.java:146)
at org.testng.internal.TestMethodWorker.invokeTestMethods(TestMethodWorker.java:146)
at org.testng.internal.TestMethodWorker.run(TestMethodWorker.java:128)
at java.base/java.util.ArrayList.forEach(ArrayList.java:1511)
at org.testng.TestRunner.privateRun(TestRunner.java:794)
at org.testng.TestRunner.run(TestRunner.java:596)
at org.testng.SuiteRunner.runTest(SuiteRunner.java:377)
at org.testng.SuiteRunner.access$000(SuiteRunner.java:28)
at org.testng.SuiteRunner$SuiteWorker.run(SuiteRunner.java:418)
at org.testng.internal.thread.ThreadUtil.lambda$execute$0(ThreadUtil.java:64)
at java.base/java.util.concurrent.FutureTask.run(FutureTask.java:264)
at java.base/java.util.concurrent.ThreadPoolExecutor.runWorker(ThreadPoolExecutor.java:1136)
at java.base/java.util.concurrent.ThreadPoolExecutor$Worker.run(ThreadPoolExecutor.java:635)
at java.base/java.lang.Thread.run(Thread.java:833)
]]>
    </failure>
  </testcase> <!-- testWriteNodeErrorHandling -->
  <system-out/>
  <testcase classname="tests.WriteDataServiceTest" name="testWriteNodeWithDifferentDataTypes" time="0.010"/>
  <system-out/>
  <testcase classname="tests.WriteDataServiceTest" name="testWriteNodeWithInteger" time="0.004"/>
  <system-out/>
  <testcase classname="tests.WriteDataServiceTest" name="testWriteNodeValidation" time="0.068"/>
  <system-out/>
  <testcase classname="tests.WriteDataServiceTest" name="testWriteNodeWithDifferentDataTypes" time="0.153"/>
  <system-out/>
  <testcase classname="tests.WriteDataServiceTest" name="testWriteNodeWithDifferentDataTypes" time="0.008"/>
  <system-out/>
  <testcase classname="tests.WriteDataServiceTest" name="testConcurrentWriteOperations" time="0.113"/>
  <system-out/>
  <testcase classname="tests.WriteDataServiceTest" name="testWriteNodeWithDifferentDataTypes" time="0.009"/>
  <system-out/>
  <testcase classname="tests.WriteDataServiceTest" name="testWriteNodeWithLargeData" time="0.007"/>
  <system-out/>
  <testcase classname="tests.WriteDataServiceTest" name="testWriteNodeWithString" time="0.006"/>
  <system-out/>
  <testcase classname="tests.WriteDataServiceTest" name="testWriteNodeWithDifferentDataTypes" time="0.008"/>
  <system-out/>
  <testcase classname="tests.WriteDataServiceTest" name="testWriteNodeWithDouble" time="0.007"/>
  <system-out/>
  <testcase classname="tests.WriteDataServiceTest" name="testWriteDataServiceHealth" time="0.004"/>
  <system-out/>
  <testcase classname="tests.WriteDataServiceTest" name="testWriteNodeWithBoolean" time="0.007"/>
  <system-out/>
</testsuite> <!-- tests.WriteDataServiceTest -->
