<?xml version="1.0" encoding="UTF-8"?>
<!-- Generated by org.testng.reporters.JUnitReportReporter -->
<testsuite hostname="Akshay-Udhane" failures="0" tests="25" name="tests.KafkaServiceTest" time="0.861" errors="1" timestamp="2025-10-10T14:44:59 IST" skipped="0">
  <testcase classname="tests.KafkaServiceTest" name="testConvertValueWithDifferentTypes" time="0.007"/>
  <system-out/>
  <testcase classname="tests.KafkaServiceTest" name="testProcessBrowseDataWithDifferentTypes" time="0.004"/>
  <system-out/>
  <testcase classname="tests.KafkaServiceTest" name="testProcessBrowseDataWithDifferentTypes" time="0.320"/>
  <system-out/>
  <testcase classname="tests.KafkaServiceTest" name="testConvertValueWithDifferentTypes" time="0.005"/>
  <system-out/>
  <testcase classname="tests.KafkaServiceTest" name="testHasChangedWithNullValues" time="0.009"/>
  <system-out/>
  <testcase classname="tests.KafkaServiceTest" name="testKafkaLargeMessageHandling" time="0.027"/>
  <system-out/>
  <testcase classname="tests.KafkaServiceTest" name="testKafkaServiceHealth" time="0.005"/>
  <system-out/>
  <testcase classname="tests.KafkaServiceTest" name="testConvertValueWithDifferentTypes" time="0.006"/>
  <system-out/>
  <testcase classname="tests.KafkaServiceTest" name="testConcurrentKafkaOperations" time="0.044"/>
  <system-out/>
  <testcase classname="tests.KafkaServiceTest" name="testKafkaMessageProcessingPerformance" time="0.004"/>
  <system-out/>
  <testcase classname="tests.KafkaServiceTest" name="testConvertValueWithDifferentTypes" time="0.009"/>
  <system-out/>
  <testcase classname="tests.KafkaServiceTest" name="testConvertValueWithDifferentTypes" time="0.006"/>
  <system-out/>
  <testcase classname="tests.KafkaServiceTest" name="testProcessBrowseData" time="0.008"/>
  <system-out/>
  <testcase classname="tests.KafkaServiceTest" name="testHasChangedWithIdenticalData" time="0.006"/>
  <system-out/>
  <testcase classname="tests.KafkaServiceTest" name="testConvertValue" time="0.007"/>
  <system-out/>
  <testcase classname="tests.KafkaServiceTest" name="testProcessBrowseDataWithDifferentTypes" time="0.329">
    <error message="Error {
  message=&#039;connect ECONNREFUSED ::1:8085
  name=&#039;Error
  stack=&#039;Error: connect ECONNREFUSED ::1:8085
    at TCPConnectWrap.afterConnect [as oncomplete] (node:net:1610:16)
}
Call log:
-   - → POST http://localhost:8085/kafka/api/kafkaBrowse/processBrowseData
-     - user-agent: Playwright/1.49.0 (x64; windows 10.0) java/17
-     - accept: */*
-     - accept-encoding: gzip,deflate,br
-     - Content-Type: application/json
-     - content-length: 102
" type="com.microsoft.playwright.PlaywrightException">
      <![CDATA[com.microsoft.playwright.PlaywrightException: Error {
  message='connect ECONNREFUSED ::1:8085
  name='Error
  stack='Error: connect ECONNREFUSED ::1:8085
    at TCPConnectWrap.afterConnect [as oncomplete] (node:net:1610:16)
}
Call log:
-   - → POST http://localhost:8085/kafka/api/kafkaBrowse/processBrowseData
-     - user-agent: Playwright/1.49.0 (x64; windows 10.0) java/17
-     - accept: */*
-     - accept-encoding: gzip,deflate,br
-     - Content-Type: application/json
-     - content-length: 102

at com.microsoft.playwright.impl.WaitableResult.get(WaitableResult.java:56)
at com.microsoft.playwright.impl.ChannelOwner.runUntil(ChannelOwner.java:132)
at com.microsoft.playwright.impl.Connection.sendMessage(Connection.java:130)
at com.microsoft.playwright.impl.ChannelOwner.sendMessage(ChannelOwner.java:118)
at com.microsoft.playwright.impl.APIRequestContextImpl.fetchImpl(APIRequestContextImpl.java:156)
at com.microsoft.playwright.impl.APIRequestContextImpl.lambda$fetch$1(APIRequestContextImpl.java:68)
at com.microsoft.playwright.impl.LoggingSupport.withLogging(LoggingSupport.java:47)
at com.microsoft.playwright.impl.ChannelOwner.withLogging(ChannelOwner.java:97)
at com.microsoft.playwright.impl.APIRequestContextImpl.fetch(APIRequestContextImpl.java:68)
at com.microsoft.playwright.impl.APIRequestContextImpl.post(APIRequestContextImpl.java:212)
at base.RealServiceTestBase.processBrowseData(RealServiceTestBase.java:402)
at tests.KafkaServiceTest.testProcessBrowseDataWithDifferentTypes(KafkaServiceTest.java:41)
at java.base/jdk.internal.reflect.NativeMethodAccessorImpl.invoke0(Native Method)
at java.base/jdk.internal.reflect.NativeMethodAccessorImpl.invoke(NativeMethodAccessorImpl.java:77)
at java.base/jdk.internal.reflect.DelegatingMethodAccessorImpl.invoke(DelegatingMethodAccessorImpl.java:43)
at java.base/java.lang.reflect.Method.invoke(Method.java:568)
at org.testng.internal.MethodInvocationHelper.invokeMethod(MethodInvocationHelper.java:133)
at org.testng.internal.TestInvoker.invokeMethod(TestInvoker.java:598)
at org.testng.internal.TestInvoker.invokeTestMethod(TestInvoker.java:173)
at org.testng.internal.MethodRunner.runInSequence(MethodRunner.java:46)
at org.testng.internal.TestInvoker$MethodInvocationAgent.invoke(TestInvoker.java:824)
at org.testng.internal.TestInvoker.invokeTestMethods(TestInvoker.java:146)
at org.testng.internal.TestMethodWorker.invokeTestMethods(TestMethodWorker.java:146)
at org.testng.internal.TestMethodWorker.run(TestMethodWorker.java:128)
at java.base/java.util.ArrayList.forEach(ArrayList.java:1511)
at org.testng.TestRunner.privateRun(TestRunner.java:794)
at org.testng.TestRunner.run(TestRunner.java:596)
at org.testng.SuiteRunner.runTest(SuiteRunner.java:377)
at org.testng.SuiteRunner.access$000(SuiteRunner.java:28)
at org.testng.SuiteRunner$SuiteWorker.run(SuiteRunner.java:418)
at org.testng.internal.thread.ThreadUtil.lambda$execute$0(ThreadUtil.java:64)
at java.base/java.util.concurrent.FutureTask.run(FutureTask.java:264)
at java.base/java.util.concurrent.ThreadPoolExecutor.runWorker(ThreadPoolExecutor.java:1136)
at java.base/java.util.concurrent.ThreadPoolExecutor$Worker.run(ThreadPoolExecutor.java:635)
at java.base/java.lang.Thread.run(Thread.java:833)
Caused by: com.microsoft.playwright.impl.DriverException: Error {
  message='connect ECONNREFUSED ::1:8085
  name='Error
  stack='Error: connect ECONNREFUSED ::1:8085
    at TCPConnectWrap.afterConnect [as oncomplete] (node:net:1610:16)
}
Call log:
-   - → POST http://localhost:8085/kafka/api/kafkaBrowse/processBrowseData
-     - user-agent: Playwright/1.49.0 (x64; windows 10.0) java/17
-     - accept: */*
-     - accept-encoding: gzip,deflate,br
-     - Content-Type: application/json
-     - content-length: 102

at com.microsoft.playwright.impl.Connection.dispatch(Connection.java:259)
at com.microsoft.playwright.impl.Connection.processOneMessage(Connection.java:211)
at com.microsoft.playwright.impl.ChannelOwner.runUntil(ChannelOwner.java:130)
... 33 more
]]>
    </error>
  </testcase> <!-- testProcessBrowseDataWithDifferentTypes -->
  <system-out/>
  <testcase classname="tests.KafkaServiceTest" name="testHasChanged" time="0.007"/>
  <system-out/>
  <testcase classname="tests.KafkaServiceTest" name="testConvertValueWithDifferentTypes" time="0.005"/>
  <system-out/>
  <testcase classname="tests.KafkaServiceTest" name="testProcessBrowseDataWithDifferentTypes" time="0.004"/>
  <system-out/>
  <testcase classname="tests.KafkaServiceTest" name="testConvertDataValue" time="0.012"/>
  <system-out/>
  <testcase classname="tests.KafkaServiceTest" name="testKafkaMessageValidation" time="0.011"/>
  <system-out/>
  <testcase classname="tests.KafkaServiceTest" name="testConvertValueWithDifferentTypes" time="0.006"/>
  <system-out/>
  <testcase classname="tests.KafkaServiceTest" name="testProcessBrowseDataWithDifferentTypes" time="0.007"/>
  <system-out/>
  <testcase classname="tests.KafkaServiceTest" name="testProcessBrowseDataWithDifferentTypes" time="0.006"/>
  <system-out/>
  <testcase classname="tests.KafkaServiceTest" name="testKafkaErrorHandling" time="0.007"/>
  <system-out/>
</testsuite> <!-- tests.KafkaServiceTest -->
