<?xml version="1.0" encoding="UTF-8"?>
<!-- Generated by org.testng.reporters.JUnitReportReporter -->
<testsuite hostname="Akshay-Udhane" failures="1" tests="21" name="tests.WriteDataServiceTest" time="30.405" errors="0" timestamp="2025-10-03T15:43:34 IST" skipped="20">
  <testcase classname="tests.WriteDataServiceTest" name="testWriteNodeWithDouble" time="0.000">
    <skipped/>
  </testcase> <!-- testWriteNodeWithDouble -->
  <system-out/>
  <testcase classname="tests.WriteDataServiceTest" name="testWriteNodeWithString" time="0.000">
    <skipped/>
  </testcase> <!-- testWriteNodeWithString -->
  <system-out/>
  <testcase classname="tests.WriteDataServiceTest" name="testWriteNodeErrorHandling" time="0.000">
    <skipped/>
  </testcase> <!-- testWriteNodeErrorHandling -->
  <system-out/>
  <testcase classname="tests.WriteDataServiceTest" name="testWriteNodeWithDifferentDataTypes" time="0.000">
    <skipped/>
  </testcase> <!-- testWriteNodeWithDifferentDataTypes -->
  <system-out/>
  <testcase classname="tests.WriteDataServiceTest" name="testWriteNodePerformance" time="0.000">
    <skipped/>
  </testcase> <!-- testWriteNodePerformance -->
  <system-out/>
  <testcase classname="tests.WriteDataServiceTest" name="testWriteNodeWithDifferentDataTypes" time="0.000">
    <skipped/>
  </testcase> <!-- testWriteNodeWithDifferentDataTypes -->
  <system-out/>
  <testcase classname="tests.WriteDataServiceTest" name="testWriteNodeWithNullValue" time="0.000">
    <skipped/>
  </testcase> <!-- testWriteNodeWithNullValue -->
  <system-out/>
  <testcase classname="tests.WriteDataServiceTest" name="setUpWriteDataTests" time="30.405">
    <failure message="Service writedata did not become ready within 30000ms" type="java.lang.AssertionError">
      <![CDATA[java.lang.AssertionError: Service writedata did not become ready within 30000ms
at org.testng.Assert.fail(Assert.java:99)
at base.RealServiceTestBase.waitForServiceReady(RealServiceTestBase.java:238)
at tests.WriteDataServiceTest.setUpWriteDataTests(WriteDataServiceTest.java:20)
at java.base/jdk.internal.reflect.NativeMethodAccessorImpl.invoke0(Native Method)
at java.base/jdk.internal.reflect.NativeMethodAccessorImpl.invoke(NativeMethodAccessorImpl.java:77)
at java.base/jdk.internal.reflect.DelegatingMethodAccessorImpl.invoke(DelegatingMethodAccessorImpl.java:43)
at java.base/java.lang.reflect.Method.invoke(Method.java:568)
at org.testng.internal.MethodInvocationHelper.invokeMethod(MethodInvocationHelper.java:133)
at org.testng.internal.MethodInvocationHelper.invokeMethodConsideringTimeout(MethodInvocationHelper.java:62)
at org.testng.internal.ConfigInvoker.invokeConfigurationMethod(ConfigInvoker.java:385)
at org.testng.internal.ConfigInvoker.invokeConfigurations(ConfigInvoker.java:321)
at org.testng.internal.TestMethodWorker.invokeBeforeClassMethods(TestMethodWorker.java:176)
at org.testng.internal.TestMethodWorker.run(TestMethodWorker.java:122)
at java.base/java.util.ArrayList.forEach(ArrayList.java:1511)
at org.testng.TestRunner.privateRun(TestRunner.java:794)
at org.testng.TestRunner.run(TestRunner.java:596)
at org.testng.SuiteRunner.runTest(SuiteRunner.java:377)
at org.testng.SuiteRunner.access$000(SuiteRunner.java:28)
at org.testng.SuiteRunner$SuiteWorker.run(SuiteRunner.java:418)
at org.testng.internal.thread.ThreadUtil.lambda$execute$0(ThreadUtil.java:64)
at java.base/java.util.concurrent.FutureTask.run(FutureTask.java:264)
at java.base/java.util.concurrent.ThreadPoolExecutor.runWorker(ThreadPoolExecutor.java:1136)
at java.base/java.util.concurrent.ThreadPoolExecutor$Worker.run(ThreadPoolExecutor.java:635)
at java.base/java.lang.Thread.run(Thread.java:833)
]]>
    </failure>
  </testcase> <!-- setUpWriteDataTests -->
  <system-out/>
  <testcase classname="tests.WriteDataServiceTest" name="testWriteNodeWithDifferentDataTypes" time="0.000">
    <skipped/>
  </testcase> <!-- testWriteNodeWithDifferentDataTypes -->
  <system-out/>
  <testcase classname="tests.WriteDataServiceTest" name="testWriteDataServiceHealth" time="0.000">
    <skipped/>
  </testcase> <!-- testWriteDataServiceHealth -->
  <system-out/>
  <testcase classname="tests.WriteDataServiceTest" name="testWriteNodeWithDifferentDataTypes" time="0.000">
    <skipped/>
  </testcase> <!-- testWriteNodeWithDifferentDataTypes -->
  <system-out/>
  <testcase classname="tests.WriteDataServiceTest" name="testWriteNodeWithDifferentDataTypes" time="0.000">
    <skipped/>
  </testcase> <!-- testWriteNodeWithDifferentDataTypes -->
  <system-out/>
  <testcase classname="tests.WriteDataServiceTest" name="testWriteNodeWithDifferentDataTypes" time="0.000">
    <skipped/>
  </testcase> <!-- testWriteNodeWithDifferentDataTypes -->
  <system-out/>
  <testcase classname="tests.WriteDataServiceTest" name="testWriteNodeWithLargeData" time="0.000">
    <skipped/>
  </testcase> <!-- testWriteNodeWithLargeData -->
  <system-out/>
  <testcase classname="tests.WriteDataServiceTest" name="testWriteNodeWithDifferentDataTypes" time="0.000">
    <skipped/>
  </testcase> <!-- testWriteNodeWithDifferentDataTypes -->
  <system-out/>
  <testcase classname="tests.WriteDataServiceTest" name="testWriteNodeValidation" time="0.000">
    <skipped/>
  </testcase> <!-- testWriteNodeValidation -->
  <system-out/>
  <testcase classname="tests.WriteDataServiceTest" name="testWriteNodeWithDifferentDataTypes" time="0.000">
    <skipped/>
  </testcase> <!-- testWriteNodeWithDifferentDataTypes -->
  <system-out/>
  <testcase classname="tests.WriteDataServiceTest" name="testWriteNodeWithBoolean" time="0.000">
    <skipped/>
  </testcase> <!-- testWriteNodeWithBoolean -->
  <system-out/>
  <testcase classname="tests.WriteDataServiceTest" name="testConcurrentWriteOperations" time="0.000">
    <skipped/>
  </testcase> <!-- testConcurrentWriteOperations -->
  <system-out/>
  <testcase classname="tests.WriteDataServiceTest" name="testWriteNodeWithDifferentDataTypes" time="0.000">
    <skipped/>
  </testcase> <!-- testWriteNodeWithDifferentDataTypes -->
  <system-out/>
  <testcase classname="tests.WriteDataServiceTest" name="testWriteNodeWithInteger" time="0.000">
    <skipped/>
  </testcase> <!-- testWriteNodeWithInteger -->
  <system-out/>
</testsuite> <!-- tests.WriteDataServiceTest -->
