<?xml version="1.0" encoding="UTF-8"?>
<!-- Generated by org.testng.reporters.JUnitReportReporter -->
<testsuite hostname="Akshay-Udhane" failures="1" tests="26" name="tests.KafkaServiceTest" time="30.438" errors="0" timestamp="2025-10-03T15:43:34 IST" skipped="25">
  <testcase classname="tests.KafkaServiceTest" name="testProcessBrowseData" time="0.000">
    <skipped/>
  </testcase> <!-- testProcessBrowseData -->
  <system-out/>
  <testcase classname="tests.KafkaServiceTest" name="testConvertValueWithDifferentTypes" time="0.000">
    <skipped/>
  </testcase> <!-- testConvertValueWithDifferentTypes -->
  <system-out/>
  <testcase classname="tests.KafkaServiceTest" name="testKafkaMessageProcessingPerformance" time="0.000">
    <skipped/>
  </testcase> <!-- testKafkaMessageProcessingPerformance -->
  <system-out/>
  <testcase classname="tests.KafkaServiceTest" name="testHasChangedWithIdenticalData" time="0.000">
    <skipped/>
  </testcase> <!-- testHasChangedWithIdenticalData -->
  <system-out/>
  <testcase classname="tests.KafkaServiceTest" name="testProcessBrowseDataWithDifferentTypes" time="0.000">
    <skipped/>
  </testcase> <!-- testProcessBrowseDataWithDifferentTypes -->
  <system-out/>
  <testcase classname="tests.KafkaServiceTest" name="testConvertValueWithDifferentTypes" time="0.000">
    <skipped/>
  </testcase> <!-- testConvertValueWithDifferentTypes -->
  <system-out/>
  <testcase classname="tests.KafkaServiceTest" name="testKafkaLargeMessageHandling" time="0.000">
    <skipped/>
  </testcase> <!-- testKafkaLargeMessageHandling -->
  <system-out/>
  <testcase classname="tests.KafkaServiceTest" name="testKafkaMessageValidation" time="0.000">
    <skipped/>
  </testcase> <!-- testKafkaMessageValidation -->
  <system-out/>
  <testcase classname="tests.KafkaServiceTest" name="testProcessBrowseDataWithDifferentTypes" time="0.000">
    <skipped/>
  </testcase> <!-- testProcessBrowseDataWithDifferentTypes -->
  <system-out/>
  <testcase classname="tests.KafkaServiceTest" name="testHasChangedWithNullValues" time="0.000">
    <skipped/>
  </testcase> <!-- testHasChangedWithNullValues -->
  <system-out/>
  <testcase classname="tests.KafkaServiceTest" name="testConvertDataValue" time="0.000">
    <skipped/>
  </testcase> <!-- testConvertDataValue -->
  <system-out/>
  <testcase classname="tests.KafkaServiceTest" name="testConvertValueWithDifferentTypes" time="0.000">
    <skipped/>
  </testcase> <!-- testConvertValueWithDifferentTypes -->
  <system-out/>
  <testcase classname="tests.KafkaServiceTest" name="testConvertValue" time="0.000">
    <skipped/>
  </testcase> <!-- testConvertValue -->
  <system-out/>
  <testcase classname="tests.KafkaServiceTest" name="testProcessBrowseDataWithDifferentTypes" time="0.000">
    <skipped/>
  </testcase> <!-- testProcessBrowseDataWithDifferentTypes -->
  <system-out/>
  <testcase classname="tests.KafkaServiceTest" name="testConvertValueWithDifferentTypes" time="0.000">
    <skipped/>
  </testcase> <!-- testConvertValueWithDifferentTypes -->
  <system-out/>
  <testcase classname="tests.KafkaServiceTest" name="testProcessBrowseDataWithDifferentTypes" time="0.000">
    <skipped/>
  </testcase> <!-- testProcessBrowseDataWithDifferentTypes -->
  <system-out/>
  <testcase classname="tests.KafkaServiceTest" name="testConvertValueWithDifferentTypes" time="0.000">
    <skipped/>
  </testcase> <!-- testConvertValueWithDifferentTypes -->
  <system-out/>
  <testcase classname="tests.KafkaServiceTest" name="testKafkaErrorHandling" time="0.000">
    <skipped/>
  </testcase> <!-- testKafkaErrorHandling -->
  <system-out/>
  <testcase classname="tests.KafkaServiceTest" name="testHasChanged" time="0.000">
    <skipped/>
  </testcase> <!-- testHasChanged -->
  <system-out/>
  <testcase classname="tests.KafkaServiceTest" name="setUpKafkaTests" time="30.438">
    <failure message="Service kafka did not become ready within 30000ms" type="java.lang.AssertionError">
      <![CDATA[java.lang.AssertionError: Service kafka did not become ready within 30000ms
at org.testng.Assert.fail(Assert.java:99)
at base.RealServiceTestBase.waitForServiceReady(RealServiceTestBase.java:238)
at tests.KafkaServiceTest.setUpKafkaTests(KafkaServiceTest.java:20)
at java.base/jdk.internal.reflect.NativeMethodAccessorImpl.invoke0(Native Method)
at java.base/jdk.internal.reflect.NativeMethodAccessorImpl.invoke(NativeMethodAccessorImpl.java:77)
at java.base/jdk.internal.reflect.DelegatingMethodAccessorImpl.invoke(DelegatingMethodAccessorImpl.java:43)
at java.base/java.lang.reflect.Method.invoke(Method.java:568)
at org.testng.internal.MethodInvocationHelper.invokeMethod(MethodInvocationHelper.java:133)
at org.testng.internal.MethodInvocationHelper.invokeMethodConsideringTimeout(MethodInvocationHelper.java:62)
at org.testng.internal.ConfigInvoker.invokeConfigurationMethod(ConfigInvoker.java:385)
at org.testng.internal.ConfigInvoker.invokeConfigurations(ConfigInvoker.java:321)
at org.testng.internal.TestMethodWorker.invokeBeforeClassMethods(TestMethodWorker.java:176)
at org.testng.internal.TestMethodWorker.run(TestMethodWorker.java:122)
at java.base/java.util.ArrayList.forEach(ArrayList.java:1511)
at org.testng.TestRunner.privateRun(TestRunner.java:794)
at org.testng.TestRunner.run(TestRunner.java:596)
at org.testng.SuiteRunner.runTest(SuiteRunner.java:377)
at org.testng.SuiteRunner.access$000(SuiteRunner.java:28)
at org.testng.SuiteRunner$SuiteWorker.run(SuiteRunner.java:418)
at org.testng.internal.thread.ThreadUtil.lambda$execute$0(ThreadUtil.java:64)
at java.base/java.util.concurrent.FutureTask.run(FutureTask.java:264)
at java.base/java.util.concurrent.ThreadPoolExecutor.runWorker(ThreadPoolExecutor.java:1136)
at java.base/java.util.concurrent.ThreadPoolExecutor$Worker.run(ThreadPoolExecutor.java:635)
at java.base/java.lang.Thread.run(Thread.java:833)
]]>
    </failure>
  </testcase> <!-- setUpKafkaTests -->
  <system-out/>
  <testcase classname="tests.KafkaServiceTest" name="testConvertValueWithDifferentTypes" time="0.000">
    <skipped/>
  </testcase> <!-- testConvertValueWithDifferentTypes -->
  <system-out/>
  <testcase classname="tests.KafkaServiceTest" name="testConcurrentKafkaOperations" time="0.000">
    <skipped/>
  </testcase> <!-- testConcurrentKafkaOperations -->
  <system-out/>
  <testcase classname="tests.KafkaServiceTest" name="testConvertValueWithDifferentTypes" time="0.000">
    <skipped/>
  </testcase> <!-- testConvertValueWithDifferentTypes -->
  <system-out/>
  <testcase classname="tests.KafkaServiceTest" name="testProcessBrowseDataWithDifferentTypes" time="0.000">
    <skipped/>
  </testcase> <!-- testProcessBrowseDataWithDifferentTypes -->
  <system-out/>
  <testcase classname="tests.KafkaServiceTest" name="testKafkaServiceHealth" time="0.000">
    <skipped/>
  </testcase> <!-- testKafkaServiceHealth -->
  <system-out/>
  <testcase classname="tests.KafkaServiceTest" name="testProcessBrowseDataWithDifferentTypes" time="0.000">
    <skipped/>
  </testcase> <!-- testProcessBrowseDataWithDifferentTypes -->
  <system-out/>
</testsuite> <!-- tests.KafkaServiceTest -->
