<?xml version="1.0" encoding="UTF-8"?>
<!-- Generated by org.testng.reporters.JUnitReportReporter -->
<testsuite hostname="Akshay-Udhane" failures="0" tests="13" name="tests.ApiTestExecutor" time="4.051" errors="13" timestamp="2025-10-03T15:43:34 IST" skipped="0">
  <testcase classname="tests.ApiTestExecutor" name="testConvertValue" time="0.310">
    <error message="Error {
  message=&#039;connect ECONNREFUSED ::1:8081
  name=&#039;Error
  stack=&#039;Error: connect ECONNREFUSED ::1:8081
    at TCPConnectWrap.afterConnect [as oncomplete] (node:net:1610:16)
}
Call log:
-   - → POST http://localhost:8081/api/opcUaValueConverter/convertValue?variant=42
-     - user-agent: Playwright/1.49.0 (x64; windows 10.0) java/17
-     - accept: */*
-     - accept-encoding: gzip,deflate,br
" type="com.microsoft.playwright.PlaywrightException">
      <![CDATA[com.microsoft.playwright.PlaywrightException: Error {
  message='connect ECONNREFUSED ::1:8081
  name='Error
  stack='Error: connect ECONNREFUSED ::1:8081
    at TCPConnectWrap.afterConnect [as oncomplete] (node:net:1610:16)
}
Call log:
-   - → POST http://localhost:8081/api/opcUaValueConverter/convertValue?variant=42
-     - user-agent: Playwright/1.49.0 (x64; windows 10.0) java/17
-     - accept: */*
-     - accept-encoding: gzip,deflate,br

at com.microsoft.playwright.impl.WaitableResult.get(WaitableResult.java:56)
at com.microsoft.playwright.impl.ChannelOwner.runUntil(ChannelOwner.java:132)
at com.microsoft.playwright.impl.Connection.sendMessage(Connection.java:130)
at com.microsoft.playwright.impl.ChannelOwner.sendMessage(ChannelOwner.java:118)
at com.microsoft.playwright.impl.APIRequestContextImpl.fetchImpl(APIRequestContextImpl.java:156)
at com.microsoft.playwright.impl.APIRequestContextImpl.lambda$fetch$1(APIRequestContextImpl.java:68)
at com.microsoft.playwright.impl.LoggingSupport.withLogging(LoggingSupport.java:47)
at com.microsoft.playwright.impl.ChannelOwner.withLogging(ChannelOwner.java:97)
at com.microsoft.playwright.impl.APIRequestContextImpl.fetch(APIRequestContextImpl.java:68)
at com.microsoft.playwright.impl.APIRequestContextImpl.post(APIRequestContextImpl.java:212)
at com.microsoft.playwright.APIRequestContext.post(APIRequestContext.java:390)
at tests.ApiTestExecutor.testConvertValue(ApiTestExecutor.java:133)
at java.base/jdk.internal.reflect.NativeMethodAccessorImpl.invoke0(Native Method)
at java.base/jdk.internal.reflect.NativeMethodAccessorImpl.invoke(NativeMethodAccessorImpl.java:77)
at java.base/jdk.internal.reflect.DelegatingMethodAccessorImpl.invoke(DelegatingMethodAccessorImpl.java:43)
at java.base/java.lang.reflect.Method.invoke(Method.java:568)
at org.testng.internal.MethodInvocationHelper.invokeMethod(MethodInvocationHelper.java:133)
at org.testng.internal.TestInvoker.invokeMethod(TestInvoker.java:598)
at org.testng.internal.TestInvoker.invokeTestMethod(TestInvoker.java:173)
at org.testng.internal.MethodRunner.runInSequence(MethodRunner.java:46)
at org.testng.internal.TestInvoker$MethodInvocationAgent.invoke(TestInvoker.java:824)
at org.testng.internal.TestInvoker.invokeTestMethods(TestInvoker.java:146)
at org.testng.internal.TestMethodWorker.invokeTestMethods(TestMethodWorker.java:146)
at org.testng.internal.TestMethodWorker.run(TestMethodWorker.java:128)
at java.base/java.util.ArrayList.forEach(ArrayList.java:1511)
at org.testng.TestRunner.privateRun(TestRunner.java:794)
at org.testng.TestRunner.run(TestRunner.java:596)
at org.testng.SuiteRunner.runTest(SuiteRunner.java:377)
at org.testng.SuiteRunner.access$000(SuiteRunner.java:28)
at org.testng.SuiteRunner$SuiteWorker.run(SuiteRunner.java:418)
at org.testng.internal.thread.ThreadUtil.lambda$execute$0(ThreadUtil.java:64)
at java.base/java.util.concurrent.FutureTask.run(FutureTask.java:264)
at java.base/java.util.concurrent.ThreadPoolExecutor.runWorker(ThreadPoolExecutor.java:1136)
at java.base/java.util.concurrent.ThreadPoolExecutor$Worker.run(ThreadPoolExecutor.java:635)
at java.base/java.lang.Thread.run(Thread.java:833)
Caused by: com.microsoft.playwright.impl.DriverException: Error {
  message='connect ECONNREFUSED ::1:8081
  name='Error
  stack='Error: connect ECONNREFUSED ::1:8081
    at TCPConnectWrap.afterConnect [as oncomplete] (node:net:1610:16)
}
Call log:
-   - → POST http://localhost:8081/api/opcUaValueConverter/convertValue?variant=42
-     - user-agent: Playwright/1.49.0 (x64; windows 10.0) java/17
-     - accept: */*
-     - accept-encoding: gzip,deflate,br

at com.microsoft.playwright.impl.Connection.dispatch(Connection.java:259)
at com.microsoft.playwright.impl.Connection.processOneMessage(Connection.java:211)
at com.microsoft.playwright.impl.ChannelOwner.runUntil(ChannelOwner.java:130)
... 33 more
]]>
    </error>
  </testcase> <!-- testConvertValue -->
  <system-out/>
  <testcase classname="tests.ApiTestExecutor" name="testReadNode2" time="0.312">
    <error message="Error {
  message=&#039;connect ECONNREFUSED ::1:8081
  name=&#039;Error
  stack=&#039;Error: connect ECONNREFUSED ::1:8081
    at TCPConnectWrap.afterConnect [as oncomplete] (node:net:1610:16)
}
Call log:
-   - → GET http://localhost:8081/api/read/read-node2?nodeId=MCOM
-     - user-agent: Playwright/1.49.0 (x64; windows 10.0) java/17
-     - accept: */*
-     - accept-encoding: gzip,deflate,br
" type="com.microsoft.playwright.PlaywrightException">
      <![CDATA[com.microsoft.playwright.PlaywrightException: Error {
  message='connect ECONNREFUSED ::1:8081
  name='Error
  stack='Error: connect ECONNREFUSED ::1:8081
    at TCPConnectWrap.afterConnect [as oncomplete] (node:net:1610:16)
}
Call log:
-   - → GET http://localhost:8081/api/read/read-node2?nodeId=MCOM
-     - user-agent: Playwright/1.49.0 (x64; windows 10.0) java/17
-     - accept: */*
-     - accept-encoding: gzip,deflate,br

at com.microsoft.playwright.impl.WaitableResult.get(WaitableResult.java:56)
at com.microsoft.playwright.impl.ChannelOwner.runUntil(ChannelOwner.java:132)
at com.microsoft.playwright.impl.Connection.sendMessage(Connection.java:130)
at com.microsoft.playwright.impl.ChannelOwner.sendMessage(ChannelOwner.java:118)
at com.microsoft.playwright.impl.APIRequestContextImpl.fetchImpl(APIRequestContextImpl.java:156)
at com.microsoft.playwright.impl.APIRequestContextImpl.lambda$fetch$1(APIRequestContextImpl.java:68)
at com.microsoft.playwright.impl.LoggingSupport.withLogging(LoggingSupport.java:47)
at com.microsoft.playwright.impl.ChannelOwner.withLogging(ChannelOwner.java:97)
at com.microsoft.playwright.impl.APIRequestContextImpl.fetch(APIRequestContextImpl.java:68)
at com.microsoft.playwright.impl.APIRequestContextImpl.get(APIRequestContextImpl.java:197)
at com.microsoft.playwright.APIRequestContext.get(APIRequestContext.java:281)
at tests.ApiTestExecutor.testReadNode2(ApiTestExecutor.java:88)
at java.base/jdk.internal.reflect.NativeMethodAccessorImpl.invoke0(Native Method)
at java.base/jdk.internal.reflect.NativeMethodAccessorImpl.invoke(NativeMethodAccessorImpl.java:77)
at java.base/jdk.internal.reflect.DelegatingMethodAccessorImpl.invoke(DelegatingMethodAccessorImpl.java:43)
at java.base/java.lang.reflect.Method.invoke(Method.java:568)
at org.testng.internal.MethodInvocationHelper.invokeMethod(MethodInvocationHelper.java:133)
at org.testng.internal.TestInvoker.invokeMethod(TestInvoker.java:598)
at org.testng.internal.TestInvoker.invokeTestMethod(TestInvoker.java:173)
at org.testng.internal.MethodRunner.runInSequence(MethodRunner.java:46)
at org.testng.internal.TestInvoker$MethodInvocationAgent.invoke(TestInvoker.java:824)
at org.testng.internal.TestInvoker.invokeTestMethods(TestInvoker.java:146)
at org.testng.internal.TestMethodWorker.invokeTestMethods(TestMethodWorker.java:146)
at org.testng.internal.TestMethodWorker.run(TestMethodWorker.java:128)
at java.base/java.util.ArrayList.forEach(ArrayList.java:1511)
at org.testng.TestRunner.privateRun(TestRunner.java:794)
at org.testng.TestRunner.run(TestRunner.java:596)
at org.testng.SuiteRunner.runTest(SuiteRunner.java:377)
at org.testng.SuiteRunner.access$000(SuiteRunner.java:28)
at org.testng.SuiteRunner$SuiteWorker.run(SuiteRunner.java:418)
at org.testng.internal.thread.ThreadUtil.lambda$execute$0(ThreadUtil.java:64)
at java.base/java.util.concurrent.FutureTask.run(FutureTask.java:264)
at java.base/java.util.concurrent.ThreadPoolExecutor.runWorker(ThreadPoolExecutor.java:1136)
at java.base/java.util.concurrent.ThreadPoolExecutor$Worker.run(ThreadPoolExecutor.java:635)
at java.base/java.lang.Thread.run(Thread.java:833)
Caused by: com.microsoft.playwright.impl.DriverException: Error {
  message='connect ECONNREFUSED ::1:8081
  name='Error
  stack='Error: connect ECONNREFUSED ::1:8081
    at TCPConnectWrap.afterConnect [as oncomplete] (node:net:1610:16)
}
Call log:
-   - → GET http://localhost:8081/api/read/read-node2?nodeId=MCOM
-     - user-agent: Playwright/1.49.0 (x64; windows 10.0) java/17
-     - accept: */*
-     - accept-encoding: gzip,deflate,br

at com.microsoft.playwright.impl.Connection.dispatch(Connection.java:259)
at com.microsoft.playwright.impl.Connection.processOneMessage(Connection.java:211)
at com.microsoft.playwright.impl.ChannelOwner.runUntil(ChannelOwner.java:130)
... 33 more
]]>
    </error>
  </testcase> <!-- testReadNode2 -->
  <system-out/>
  <testcase classname="tests.ApiTestExecutor" name="testConvertDataValue" time="0.306">
    <error message="Error {
  message=&#039;connect ECONNREFUSED ::1:8081
  name=&#039;Error
  stack=&#039;Error: connect ECONNREFUSED ::1:8081
    at TCPConnectWrap.afterConnect [as oncomplete] (node:net:1610:16)
}
Call log:
-   - → POST http://localhost:8081/api/opcUaValueConverter/convertDataValue?originalValue=100
-     - user-agent: Playwright/1.49.0 (x64; windows 10.0) java/17
-     - accept: */*
-     - accept-encoding: gzip,deflate,br
" type="com.microsoft.playwright.PlaywrightException">
      <![CDATA[com.microsoft.playwright.PlaywrightException: Error {
  message='connect ECONNREFUSED ::1:8081
  name='Error
  stack='Error: connect ECONNREFUSED ::1:8081
    at TCPConnectWrap.afterConnect [as oncomplete] (node:net:1610:16)
}
Call log:
-   - → POST http://localhost:8081/api/opcUaValueConverter/convertDataValue?originalValue=100
-     - user-agent: Playwright/1.49.0 (x64; windows 10.0) java/17
-     - accept: */*
-     - accept-encoding: gzip,deflate,br

at com.microsoft.playwright.impl.WaitableResult.get(WaitableResult.java:56)
at com.microsoft.playwright.impl.ChannelOwner.runUntil(ChannelOwner.java:132)
at com.microsoft.playwright.impl.Connection.sendMessage(Connection.java:130)
at com.microsoft.playwright.impl.ChannelOwner.sendMessage(ChannelOwner.java:118)
at com.microsoft.playwright.impl.APIRequestContextImpl.fetchImpl(APIRequestContextImpl.java:156)
at com.microsoft.playwright.impl.APIRequestContextImpl.lambda$fetch$1(APIRequestContextImpl.java:68)
at com.microsoft.playwright.impl.LoggingSupport.withLogging(LoggingSupport.java:47)
at com.microsoft.playwright.impl.ChannelOwner.withLogging(ChannelOwner.java:97)
at com.microsoft.playwright.impl.APIRequestContextImpl.fetch(APIRequestContextImpl.java:68)
at com.microsoft.playwright.impl.APIRequestContextImpl.post(APIRequestContextImpl.java:212)
at com.microsoft.playwright.APIRequestContext.post(APIRequestContext.java:390)
at tests.ApiTestExecutor.testConvertDataValue(ApiTestExecutor.java:140)
at java.base/jdk.internal.reflect.NativeMethodAccessorImpl.invoke0(Native Method)
at java.base/jdk.internal.reflect.NativeMethodAccessorImpl.invoke(NativeMethodAccessorImpl.java:77)
at java.base/jdk.internal.reflect.DelegatingMethodAccessorImpl.invoke(DelegatingMethodAccessorImpl.java:43)
at java.base/java.lang.reflect.Method.invoke(Method.java:568)
at org.testng.internal.MethodInvocationHelper.invokeMethod(MethodInvocationHelper.java:133)
at org.testng.internal.TestInvoker.invokeMethod(TestInvoker.java:598)
at org.testng.internal.TestInvoker.invokeTestMethod(TestInvoker.java:173)
at org.testng.internal.MethodRunner.runInSequence(MethodRunner.java:46)
at org.testng.internal.TestInvoker$MethodInvocationAgent.invoke(TestInvoker.java:824)
at org.testng.internal.TestInvoker.invokeTestMethods(TestInvoker.java:146)
at org.testng.internal.TestMethodWorker.invokeTestMethods(TestMethodWorker.java:146)
at org.testng.internal.TestMethodWorker.run(TestMethodWorker.java:128)
at java.base/java.util.ArrayList.forEach(ArrayList.java:1511)
at org.testng.TestRunner.privateRun(TestRunner.java:794)
at org.testng.TestRunner.run(TestRunner.java:596)
at org.testng.SuiteRunner.runTest(SuiteRunner.java:377)
at org.testng.SuiteRunner.access$000(SuiteRunner.java:28)
at org.testng.SuiteRunner$SuiteWorker.run(SuiteRunner.java:418)
at org.testng.internal.thread.ThreadUtil.lambda$execute$0(ThreadUtil.java:64)
at java.base/java.util.concurrent.FutureTask.run(FutureTask.java:264)
at java.base/java.util.concurrent.ThreadPoolExecutor.runWorker(ThreadPoolExecutor.java:1136)
at java.base/java.util.concurrent.ThreadPoolExecutor$Worker.run(ThreadPoolExecutor.java:635)
at java.base/java.lang.Thread.run(Thread.java:833)
Caused by: com.microsoft.playwright.impl.DriverException: Error {
  message='connect ECONNREFUSED ::1:8081
  name='Error
  stack='Error: connect ECONNREFUSED ::1:8081
    at TCPConnectWrap.afterConnect [as oncomplete] (node:net:1610:16)
}
Call log:
-   - → POST http://localhost:8081/api/opcUaValueConverter/convertDataValue?originalValue=100
-     - user-agent: Playwright/1.49.0 (x64; windows 10.0) java/17
-     - accept: */*
-     - accept-encoding: gzip,deflate,br

at com.microsoft.playwright.impl.Connection.dispatch(Connection.java:259)
at com.microsoft.playwright.impl.Connection.processOneMessage(Connection.java:211)
at com.microsoft.playwright.impl.ChannelOwner.runUntil(ChannelOwner.java:130)
... 33 more
]]>
    </error>
  </testcase> <!-- testConvertDataValue -->
  <system-out/>
  <testcase classname="tests.ApiTestExecutor" name="testReadNode" time="0.311">
    <error message="Error {
  message=&#039;connect ECONNREFUSED ::1:8081
  name=&#039;Error
  stack=&#039;Error: connect ECONNREFUSED ::1:8081
    at TCPConnectWrap.afterConnect [as oncomplete] (node:net:1610:16)
}
Call log:
-   - → GET http://localhost:8081/api/read/read-node?nodeId=ns=3;s=DataBlocksGlobal
-     - user-agent: Playwright/1.49.0 (x64; windows 10.0) java/17
-     - accept: */*
-     - accept-encoding: gzip,deflate,br
" type="com.microsoft.playwright.PlaywrightException">
      <![CDATA[com.microsoft.playwright.PlaywrightException: Error {
  message='connect ECONNREFUSED ::1:8081
  name='Error
  stack='Error: connect ECONNREFUSED ::1:8081
    at TCPConnectWrap.afterConnect [as oncomplete] (node:net:1610:16)
}
Call log:
-   - → GET http://localhost:8081/api/read/read-node?nodeId=ns=3;s=DataBlocksGlobal
-     - user-agent: Playwright/1.49.0 (x64; windows 10.0) java/17
-     - accept: */*
-     - accept-encoding: gzip,deflate,br

at com.microsoft.playwright.impl.WaitableResult.get(WaitableResult.java:56)
at com.microsoft.playwright.impl.ChannelOwner.runUntil(ChannelOwner.java:132)
at com.microsoft.playwright.impl.Connection.sendMessage(Connection.java:130)
at com.microsoft.playwright.impl.ChannelOwner.sendMessage(ChannelOwner.java:118)
at com.microsoft.playwright.impl.APIRequestContextImpl.fetchImpl(APIRequestContextImpl.java:156)
at com.microsoft.playwright.impl.APIRequestContextImpl.lambda$fetch$1(APIRequestContextImpl.java:68)
at com.microsoft.playwright.impl.LoggingSupport.withLogging(LoggingSupport.java:47)
at com.microsoft.playwright.impl.ChannelOwner.withLogging(ChannelOwner.java:97)
at com.microsoft.playwright.impl.APIRequestContextImpl.fetch(APIRequestContextImpl.java:68)
at com.microsoft.playwright.impl.APIRequestContextImpl.get(APIRequestContextImpl.java:197)
at com.microsoft.playwright.APIRequestContext.get(APIRequestContext.java:281)
at tests.ApiTestExecutor.testReadNode(ApiTestExecutor.java:81)
at java.base/jdk.internal.reflect.NativeMethodAccessorImpl.invoke0(Native Method)
at java.base/jdk.internal.reflect.NativeMethodAccessorImpl.invoke(NativeMethodAccessorImpl.java:77)
at java.base/jdk.internal.reflect.DelegatingMethodAccessorImpl.invoke(DelegatingMethodAccessorImpl.java:43)
at java.base/java.lang.reflect.Method.invoke(Method.java:568)
at org.testng.internal.MethodInvocationHelper.invokeMethod(MethodInvocationHelper.java:133)
at org.testng.internal.TestInvoker.invokeMethod(TestInvoker.java:598)
at org.testng.internal.TestInvoker.invokeTestMethod(TestInvoker.java:173)
at org.testng.internal.MethodRunner.runInSequence(MethodRunner.java:46)
at org.testng.internal.TestInvoker$MethodInvocationAgent.invoke(TestInvoker.java:824)
at org.testng.internal.TestInvoker.invokeTestMethods(TestInvoker.java:146)
at org.testng.internal.TestMethodWorker.invokeTestMethods(TestMethodWorker.java:146)
at org.testng.internal.TestMethodWorker.run(TestMethodWorker.java:128)
at java.base/java.util.ArrayList.forEach(ArrayList.java:1511)
at org.testng.TestRunner.privateRun(TestRunner.java:794)
at org.testng.TestRunner.run(TestRunner.java:596)
at org.testng.SuiteRunner.runTest(SuiteRunner.java:377)
at org.testng.SuiteRunner.access$000(SuiteRunner.java:28)
at org.testng.SuiteRunner$SuiteWorker.run(SuiteRunner.java:418)
at org.testng.internal.thread.ThreadUtil.lambda$execute$0(ThreadUtil.java:64)
at java.base/java.util.concurrent.FutureTask.run(FutureTask.java:264)
at java.base/java.util.concurrent.ThreadPoolExecutor.runWorker(ThreadPoolExecutor.java:1136)
at java.base/java.util.concurrent.ThreadPoolExecutor$Worker.run(ThreadPoolExecutor.java:635)
at java.base/java.lang.Thread.run(Thread.java:833)
Caused by: com.microsoft.playwright.impl.DriverException: Error {
  message='connect ECONNREFUSED ::1:8081
  name='Error
  stack='Error: connect ECONNREFUSED ::1:8081
    at TCPConnectWrap.afterConnect [as oncomplete] (node:net:1610:16)
}
Call log:
-   - → GET http://localhost:8081/api/read/read-node?nodeId=ns=3;s=DataBlocksGlobal
-     - user-agent: Playwright/1.49.0 (x64; windows 10.0) java/17
-     - accept: */*
-     - accept-encoding: gzip,deflate,br

at com.microsoft.playwright.impl.Connection.dispatch(Connection.java:259)
at com.microsoft.playwright.impl.Connection.processOneMessage(Connection.java:211)
at com.microsoft.playwright.impl.ChannelOwner.runUntil(ChannelOwner.java:130)
... 33 more
]]>
    </error>
  </testcase> <!-- testReadNode -->
  <system-out/>
  <testcase classname="tests.ApiTestExecutor" name="testBrowseTags" time="0.317">
    <error message="Error {
  message=&#039;connect ECONNREFUSED ::1:8081
  name=&#039;Error
  stack=&#039;Error: connect ECONNREFUSED ::1:8081
    at TCPConnectWrap.afterConnect [as oncomplete] (node:net:1610:16)
}
Call log:
-   - → GET http://localhost:8081/api/read/browse?startingNodeParam=ns=3;s=%22WMS%20TO%20PLC%22
-     - user-agent: Playwright/1.49.0 (x64; windows 10.0) java/17
-     - accept: */*
-     - accept-encoding: gzip,deflate,br
" type="com.microsoft.playwright.PlaywrightException">
      <![CDATA[com.microsoft.playwright.PlaywrightException: Error {
  message='connect ECONNREFUSED ::1:8081
  name='Error
  stack='Error: connect ECONNREFUSED ::1:8081
    at TCPConnectWrap.afterConnect [as oncomplete] (node:net:1610:16)
}
Call log:
-   - → GET http://localhost:8081/api/read/browse?startingNodeParam=ns=3;s=%22WMS%20TO%20PLC%22
-     - user-agent: Playwright/1.49.0 (x64; windows 10.0) java/17
-     - accept: */*
-     - accept-encoding: gzip,deflate,br

at com.microsoft.playwright.impl.WaitableResult.get(WaitableResult.java:56)
at com.microsoft.playwright.impl.ChannelOwner.runUntil(ChannelOwner.java:132)
at com.microsoft.playwright.impl.Connection.sendMessage(Connection.java:130)
at com.microsoft.playwright.impl.ChannelOwner.sendMessage(ChannelOwner.java:118)
at com.microsoft.playwright.impl.APIRequestContextImpl.fetchImpl(APIRequestContextImpl.java:156)
at com.microsoft.playwright.impl.APIRequestContextImpl.lambda$fetch$1(APIRequestContextImpl.java:68)
at com.microsoft.playwright.impl.LoggingSupport.withLogging(LoggingSupport.java:47)
at com.microsoft.playwright.impl.ChannelOwner.withLogging(ChannelOwner.java:97)
at com.microsoft.playwright.impl.APIRequestContextImpl.fetch(APIRequestContextImpl.java:68)
at com.microsoft.playwright.impl.APIRequestContextImpl.get(APIRequestContextImpl.java:197)
at com.microsoft.playwright.APIRequestContext.get(APIRequestContext.java:281)
at tests.ApiTestExecutor.testBrowseTags(ApiTestExecutor.java:61)
at java.base/jdk.internal.reflect.NativeMethodAccessorImpl.invoke0(Native Method)
at java.base/jdk.internal.reflect.NativeMethodAccessorImpl.invoke(NativeMethodAccessorImpl.java:77)
at java.base/jdk.internal.reflect.DelegatingMethodAccessorImpl.invoke(DelegatingMethodAccessorImpl.java:43)
at java.base/java.lang.reflect.Method.invoke(Method.java:568)
at org.testng.internal.MethodInvocationHelper.invokeMethod(MethodInvocationHelper.java:133)
at org.testng.internal.TestInvoker.invokeMethod(TestInvoker.java:598)
at org.testng.internal.TestInvoker.invokeTestMethod(TestInvoker.java:173)
at org.testng.internal.MethodRunner.runInSequence(MethodRunner.java:46)
at org.testng.internal.TestInvoker$MethodInvocationAgent.invoke(TestInvoker.java:824)
at org.testng.internal.TestInvoker.invokeTestMethods(TestInvoker.java:146)
at org.testng.internal.TestMethodWorker.invokeTestMethods(TestMethodWorker.java:146)
at org.testng.internal.TestMethodWorker.run(TestMethodWorker.java:128)
at java.base/java.util.ArrayList.forEach(ArrayList.java:1511)
at org.testng.TestRunner.privateRun(TestRunner.java:794)
at org.testng.TestRunner.run(TestRunner.java:596)
at org.testng.SuiteRunner.runTest(SuiteRunner.java:377)
at org.testng.SuiteRunner.access$000(SuiteRunner.java:28)
at org.testng.SuiteRunner$SuiteWorker.run(SuiteRunner.java:418)
at org.testng.internal.thread.ThreadUtil.lambda$execute$0(ThreadUtil.java:64)
at java.base/java.util.concurrent.FutureTask.run(FutureTask.java:264)
at java.base/java.util.concurrent.ThreadPoolExecutor.runWorker(ThreadPoolExecutor.java:1136)
at java.base/java.util.concurrent.ThreadPoolExecutor$Worker.run(ThreadPoolExecutor.java:635)
at java.base/java.lang.Thread.run(Thread.java:833)
Caused by: com.microsoft.playwright.impl.DriverException: Error {
  message='connect ECONNREFUSED ::1:8081
  name='Error
  stack='Error: connect ECONNREFUSED ::1:8081
    at TCPConnectWrap.afterConnect [as oncomplete] (node:net:1610:16)
}
Call log:
-   - → GET http://localhost:8081/api/read/browse?startingNodeParam=ns=3;s=%22WMS%20TO%20PLC%22
-     - user-agent: Playwright/1.49.0 (x64; windows 10.0) java/17
-     - accept: */*
-     - accept-encoding: gzip,deflate,br

at com.microsoft.playwright.impl.Connection.dispatch(Connection.java:259)
at com.microsoft.playwright.impl.Connection.processOneMessage(Connection.java:211)
at com.microsoft.playwright.impl.ChannelOwner.runUntil(ChannelOwner.java:130)
... 33 more
]]>
    </error>
  </testcase> <!-- testBrowseTags -->
  <system-out/>
  <testcase classname="tests.ApiTestExecutor" name="testOpcConnectionStatus" time="0.315">
    <error message="Error {
  message=&#039;connect ECONNREFUSED ::1:8081
  name=&#039;Error
  stack=&#039;Error: connect ECONNREFUSED ::1:8081
    at TCPConnectWrap.afterConnect [as oncomplete] (node:net:1610:16)
}
Call log:
-   - → GET http://localhost:8081/api/connection/status
-     - user-agent: Playwright/1.49.0 (x64; windows 10.0) java/17
-     - accept: */*
-     - accept-encoding: gzip,deflate,br
" type="com.microsoft.playwright.PlaywrightException">
      <![CDATA[com.microsoft.playwright.PlaywrightException: Error {
  message='connect ECONNREFUSED ::1:8081
  name='Error
  stack='Error: connect ECONNREFUSED ::1:8081
    at TCPConnectWrap.afterConnect [as oncomplete] (node:net:1610:16)
}
Call log:
-   - → GET http://localhost:8081/api/connection/status
-     - user-agent: Playwright/1.49.0 (x64; windows 10.0) java/17
-     - accept: */*
-     - accept-encoding: gzip,deflate,br

at com.microsoft.playwright.impl.WaitableResult.get(WaitableResult.java:56)
at com.microsoft.playwright.impl.ChannelOwner.runUntil(ChannelOwner.java:132)
at com.microsoft.playwright.impl.Connection.sendMessage(Connection.java:130)
at com.microsoft.playwright.impl.ChannelOwner.sendMessage(ChannelOwner.java:118)
at com.microsoft.playwright.impl.APIRequestContextImpl.fetchImpl(APIRequestContextImpl.java:156)
at com.microsoft.playwright.impl.APIRequestContextImpl.lambda$fetch$1(APIRequestContextImpl.java:68)
at com.microsoft.playwright.impl.LoggingSupport.withLogging(LoggingSupport.java:47)
at com.microsoft.playwright.impl.ChannelOwner.withLogging(ChannelOwner.java:97)
at com.microsoft.playwright.impl.APIRequestContextImpl.fetch(APIRequestContextImpl.java:68)
at com.microsoft.playwright.impl.APIRequestContextImpl.get(APIRequestContextImpl.java:197)
at com.microsoft.playwright.APIRequestContext.get(APIRequestContext.java:281)
at tests.ApiTestExecutor.testOpcConnectionStatus(ApiTestExecutor.java:39)
at java.base/jdk.internal.reflect.NativeMethodAccessorImpl.invoke0(Native Method)
at java.base/jdk.internal.reflect.NativeMethodAccessorImpl.invoke(NativeMethodAccessorImpl.java:77)
at java.base/jdk.internal.reflect.DelegatingMethodAccessorImpl.invoke(DelegatingMethodAccessorImpl.java:43)
at java.base/java.lang.reflect.Method.invoke(Method.java:568)
at org.testng.internal.MethodInvocationHelper.invokeMethod(MethodInvocationHelper.java:133)
at org.testng.internal.TestInvoker.invokeMethod(TestInvoker.java:598)
at org.testng.internal.TestInvoker.invokeTestMethod(TestInvoker.java:173)
at org.testng.internal.MethodRunner.runInSequence(MethodRunner.java:46)
at org.testng.internal.TestInvoker$MethodInvocationAgent.invoke(TestInvoker.java:824)
at org.testng.internal.TestInvoker.invokeTestMethods(TestInvoker.java:146)
at org.testng.internal.TestMethodWorker.invokeTestMethods(TestMethodWorker.java:146)
at org.testng.internal.TestMethodWorker.run(TestMethodWorker.java:128)
at java.base/java.util.ArrayList.forEach(ArrayList.java:1511)
at org.testng.TestRunner.privateRun(TestRunner.java:794)
at org.testng.TestRunner.run(TestRunner.java:596)
at org.testng.SuiteRunner.runTest(SuiteRunner.java:377)
at org.testng.SuiteRunner.access$000(SuiteRunner.java:28)
at org.testng.SuiteRunner$SuiteWorker.run(SuiteRunner.java:418)
at org.testng.internal.thread.ThreadUtil.lambda$execute$0(ThreadUtil.java:64)
at java.base/java.util.concurrent.FutureTask.run(FutureTask.java:264)
at java.base/java.util.concurrent.ThreadPoolExecutor.runWorker(ThreadPoolExecutor.java:1136)
at java.base/java.util.concurrent.ThreadPoolExecutor$Worker.run(ThreadPoolExecutor.java:635)
at java.base/java.lang.Thread.run(Thread.java:833)
Caused by: com.microsoft.playwright.impl.DriverException: Error {
  message='connect ECONNREFUSED ::1:8081
  name='Error
  stack='Error: connect ECONNREFUSED ::1:8081
    at TCPConnectWrap.afterConnect [as oncomplete] (node:net:1610:16)
}
Call log:
-   - → GET http://localhost:8081/api/connection/status
-     - user-agent: Playwright/1.49.0 (x64; windows 10.0) java/17
-     - accept: */*
-     - accept-encoding: gzip,deflate,br

at com.microsoft.playwright.impl.Connection.dispatch(Connection.java:259)
at com.microsoft.playwright.impl.Connection.processOneMessage(Connection.java:211)
at com.microsoft.playwright.impl.ChannelOwner.runUntil(ChannelOwner.java:130)
... 33 more
]]>
    </error>
  </testcase> <!-- testOpcConnectionStatus -->
  <system-out/>
  <testcase classname="tests.ApiTestExecutor" name="testOpcConnect" time="0.314">
    <error message="Error {
  message=&#039;connect ECONNREFUSED ::1:8081
  name=&#039;Error
  stack=&#039;Error: connect ECONNREFUSED ::1:8081
    at TCPConnectWrap.afterConnect [as oncomplete] (node:net:1610:16)
}
Call log:
-   - → GET http://localhost:8081/api/connection/connect
-     - user-agent: Playwright/1.49.0 (x64; windows 10.0) java/17
-     - accept: */*
-     - accept-encoding: gzip,deflate,br
" type="com.microsoft.playwright.PlaywrightException">
      <![CDATA[com.microsoft.playwright.PlaywrightException: Error {
  message='connect ECONNREFUSED ::1:8081
  name='Error
  stack='Error: connect ECONNREFUSED ::1:8081
    at TCPConnectWrap.afterConnect [as oncomplete] (node:net:1610:16)
}
Call log:
-   - → GET http://localhost:8081/api/connection/connect
-     - user-agent: Playwright/1.49.0 (x64; windows 10.0) java/17
-     - accept: */*
-     - accept-encoding: gzip,deflate,br

at com.microsoft.playwright.impl.WaitableResult.get(WaitableResult.java:56)
at com.microsoft.playwright.impl.ChannelOwner.runUntil(ChannelOwner.java:132)
at com.microsoft.playwright.impl.Connection.sendMessage(Connection.java:130)
at com.microsoft.playwright.impl.ChannelOwner.sendMessage(ChannelOwner.java:118)
at com.microsoft.playwright.impl.APIRequestContextImpl.fetchImpl(APIRequestContextImpl.java:156)
at com.microsoft.playwright.impl.APIRequestContextImpl.lambda$fetch$1(APIRequestContextImpl.java:68)
at com.microsoft.playwright.impl.LoggingSupport.withLogging(LoggingSupport.java:47)
at com.microsoft.playwright.impl.ChannelOwner.withLogging(ChannelOwner.java:97)
at com.microsoft.playwright.impl.APIRequestContextImpl.fetch(APIRequestContextImpl.java:68)
at com.microsoft.playwright.impl.APIRequestContextImpl.get(APIRequestContextImpl.java:197)
at com.microsoft.playwright.APIRequestContext.get(APIRequestContext.java:281)
at tests.ApiTestExecutor.testOpcConnect(ApiTestExecutor.java:53)
at java.base/jdk.internal.reflect.NativeMethodAccessorImpl.invoke0(Native Method)
at java.base/jdk.internal.reflect.NativeMethodAccessorImpl.invoke(NativeMethodAccessorImpl.java:77)
at java.base/jdk.internal.reflect.DelegatingMethodAccessorImpl.invoke(DelegatingMethodAccessorImpl.java:43)
at java.base/java.lang.reflect.Method.invoke(Method.java:568)
at org.testng.internal.MethodInvocationHelper.invokeMethod(MethodInvocationHelper.java:133)
at org.testng.internal.TestInvoker.invokeMethod(TestInvoker.java:598)
at org.testng.internal.TestInvoker.invokeTestMethod(TestInvoker.java:173)
at org.testng.internal.MethodRunner.runInSequence(MethodRunner.java:46)
at org.testng.internal.TestInvoker$MethodInvocationAgent.invoke(TestInvoker.java:824)
at org.testng.internal.TestInvoker.invokeTestMethods(TestInvoker.java:146)
at org.testng.internal.TestMethodWorker.invokeTestMethods(TestMethodWorker.java:146)
at org.testng.internal.TestMethodWorker.run(TestMethodWorker.java:128)
at java.base/java.util.ArrayList.forEach(ArrayList.java:1511)
at org.testng.TestRunner.privateRun(TestRunner.java:794)
at org.testng.TestRunner.run(TestRunner.java:596)
at org.testng.SuiteRunner.runTest(SuiteRunner.java:377)
at org.testng.SuiteRunner.access$000(SuiteRunner.java:28)
at org.testng.SuiteRunner$SuiteWorker.run(SuiteRunner.java:418)
at org.testng.internal.thread.ThreadUtil.lambda$execute$0(ThreadUtil.java:64)
at java.base/java.util.concurrent.FutureTask.run(FutureTask.java:264)
at java.base/java.util.concurrent.ThreadPoolExecutor.runWorker(ThreadPoolExecutor.java:1136)
at java.base/java.util.concurrent.ThreadPoolExecutor$Worker.run(ThreadPoolExecutor.java:635)
at java.base/java.lang.Thread.run(Thread.java:833)
Caused by: com.microsoft.playwright.impl.DriverException: Error {
  message='connect ECONNREFUSED ::1:8081
  name='Error
  stack='Error: connect ECONNREFUSED ::1:8081
    at TCPConnectWrap.afterConnect [as oncomplete] (node:net:1610:16)
}
Call log:
-   - → GET http://localhost:8081/api/connection/connect
-     - user-agent: Playwright/1.49.0 (x64; windows 10.0) java/17
-     - accept: */*
-     - accept-encoding: gzip,deflate,br

at com.microsoft.playwright.impl.Connection.dispatch(Connection.java:259)
at com.microsoft.playwright.impl.Connection.processOneMessage(Connection.java:211)
at com.microsoft.playwright.impl.ChannelOwner.runUntil(ChannelOwner.java:130)
... 33 more
]]>
    </error>
  </testcase> <!-- testOpcConnect -->
  <system-out/>
  <testcase classname="tests.ApiTestExecutor" name="testKafkaHasChanged" time="0.311">
    <error message="Error {
  message=&#039;connect ECONNREFUSED ::1:8081
  name=&#039;Error
  stack=&#039;Error: connect ECONNREFUSED ::1:8081
    at TCPConnectWrap.afterConnect [as oncomplete] (node:net:1610:16)
}
Call log:
-   - → POST http://localhost:8081/api/kafkaBrowse/hasChanged
-     - user-agent: Playwright/1.49.0 (x64; windows 10.0) java/17
-     - accept: */*
-     - accept-encoding: gzip,deflate,br
-     - Content-Type: application/json
-     - content-length: 45
" type="com.microsoft.playwright.PlaywrightException">
      <![CDATA[com.microsoft.playwright.PlaywrightException: Error {
  message='connect ECONNREFUSED ::1:8081
  name='Error
  stack='Error: connect ECONNREFUSED ::1:8081
    at TCPConnectWrap.afterConnect [as oncomplete] (node:net:1610:16)
}
Call log:
-   - → POST http://localhost:8081/api/kafkaBrowse/hasChanged
-     - user-agent: Playwright/1.49.0 (x64; windows 10.0) java/17
-     - accept: */*
-     - accept-encoding: gzip,deflate,br
-     - Content-Type: application/json
-     - content-length: 45

at com.microsoft.playwright.impl.WaitableResult.get(WaitableResult.java:56)
at com.microsoft.playwright.impl.ChannelOwner.runUntil(ChannelOwner.java:132)
at com.microsoft.playwright.impl.Connection.sendMessage(Connection.java:130)
at com.microsoft.playwright.impl.ChannelOwner.sendMessage(ChannelOwner.java:118)
at com.microsoft.playwright.impl.APIRequestContextImpl.fetchImpl(APIRequestContextImpl.java:156)
at com.microsoft.playwright.impl.APIRequestContextImpl.lambda$fetch$1(APIRequestContextImpl.java:68)
at com.microsoft.playwright.impl.LoggingSupport.withLogging(LoggingSupport.java:47)
at com.microsoft.playwright.impl.ChannelOwner.withLogging(ChannelOwner.java:97)
at com.microsoft.playwright.impl.APIRequestContextImpl.fetch(APIRequestContextImpl.java:68)
at com.microsoft.playwright.impl.APIRequestContextImpl.post(APIRequestContextImpl.java:212)
at tests.ApiTestExecutor.testKafkaHasChanged(ApiTestExecutor.java:121)
at java.base/jdk.internal.reflect.NativeMethodAccessorImpl.invoke0(Native Method)
at java.base/jdk.internal.reflect.NativeMethodAccessorImpl.invoke(NativeMethodAccessorImpl.java:77)
at java.base/jdk.internal.reflect.DelegatingMethodAccessorImpl.invoke(DelegatingMethodAccessorImpl.java:43)
at java.base/java.lang.reflect.Method.invoke(Method.java:568)
at org.testng.internal.MethodInvocationHelper.invokeMethod(MethodInvocationHelper.java:133)
at org.testng.internal.TestInvoker.invokeMethod(TestInvoker.java:598)
at org.testng.internal.TestInvoker.invokeTestMethod(TestInvoker.java:173)
at org.testng.internal.MethodRunner.runInSequence(MethodRunner.java:46)
at org.testng.internal.TestInvoker$MethodInvocationAgent.invoke(TestInvoker.java:824)
at org.testng.internal.TestInvoker.invokeTestMethods(TestInvoker.java:146)
at org.testng.internal.TestMethodWorker.invokeTestMethods(TestMethodWorker.java:146)
at org.testng.internal.TestMethodWorker.run(TestMethodWorker.java:128)
at java.base/java.util.ArrayList.forEach(ArrayList.java:1511)
at org.testng.TestRunner.privateRun(TestRunner.java:794)
at org.testng.TestRunner.run(TestRunner.java:596)
at org.testng.SuiteRunner.runTest(SuiteRunner.java:377)
at org.testng.SuiteRunner.access$000(SuiteRunner.java:28)
at org.testng.SuiteRunner$SuiteWorker.run(SuiteRunner.java:418)
at org.testng.internal.thread.ThreadUtil.lambda$execute$0(ThreadUtil.java:64)
at java.base/java.util.concurrent.FutureTask.run(FutureTask.java:264)
at java.base/java.util.concurrent.ThreadPoolExecutor.runWorker(ThreadPoolExecutor.java:1136)
at java.base/java.util.concurrent.ThreadPoolExecutor$Worker.run(ThreadPoolExecutor.java:635)
at java.base/java.lang.Thread.run(Thread.java:833)
Caused by: com.microsoft.playwright.impl.DriverException: Error {
  message='connect ECONNREFUSED ::1:8081
  name='Error
  stack='Error: connect ECONNREFUSED ::1:8081
    at TCPConnectWrap.afterConnect [as oncomplete] (node:net:1610:16)
}
Call log:
-   - → POST http://localhost:8081/api/kafkaBrowse/hasChanged
-     - user-agent: Playwright/1.49.0 (x64; windows 10.0) java/17
-     - accept: */*
-     - accept-encoding: gzip,deflate,br
-     - Content-Type: application/json
-     - content-length: 45

at com.microsoft.playwright.impl.Connection.dispatch(Connection.java:259)
at com.microsoft.playwright.impl.Connection.processOneMessage(Connection.java:211)
at com.microsoft.playwright.impl.ChannelOwner.runUntil(ChannelOwner.java:130)
... 32 more
]]>
    </error>
  </testcase> <!-- testKafkaHasChanged -->
  <system-out/>
  <testcase classname="tests.ApiTestExecutor" name="testKafkaProcessBrowseData" time="0.314">
    <error message="Error {
  message=&#039;connect ECONNREFUSED ::1:8081
  name=&#039;Error
  stack=&#039;Error: connect ECONNREFUSED ::1:8081
    at TCPConnectWrap.afterConnect [as oncomplete] (node:net:1610:16)
}
Call log:
-   - → POST http://localhost:8081/api/kafkaBrowse/processBrowseData
-     - user-agent: Playwright/1.49.0 (x64; windows 10.0) java/17
-     - accept: */*
-     - accept-encoding: gzip,deflate,br
-     - Content-Type: application/json
-     - content-length: 76
" type="com.microsoft.playwright.PlaywrightException">
      <![CDATA[com.microsoft.playwright.PlaywrightException: Error {
  message='connect ECONNREFUSED ::1:8081
  name='Error
  stack='Error: connect ECONNREFUSED ::1:8081
    at TCPConnectWrap.afterConnect [as oncomplete] (node:net:1610:16)
}
Call log:
-   - → POST http://localhost:8081/api/kafkaBrowse/processBrowseData
-     - user-agent: Playwright/1.49.0 (x64; windows 10.0) java/17
-     - accept: */*
-     - accept-encoding: gzip,deflate,br
-     - Content-Type: application/json
-     - content-length: 76

at com.microsoft.playwright.impl.WaitableResult.get(WaitableResult.java:56)
at com.microsoft.playwright.impl.ChannelOwner.runUntil(ChannelOwner.java:132)
at com.microsoft.playwright.impl.Connection.sendMessage(Connection.java:130)
at com.microsoft.playwright.impl.ChannelOwner.sendMessage(ChannelOwner.java:118)
at com.microsoft.playwright.impl.APIRequestContextImpl.fetchImpl(APIRequestContextImpl.java:156)
at com.microsoft.playwright.impl.APIRequestContextImpl.lambda$fetch$1(APIRequestContextImpl.java:68)
at com.microsoft.playwright.impl.LoggingSupport.withLogging(LoggingSupport.java:47)
at com.microsoft.playwright.impl.ChannelOwner.withLogging(ChannelOwner.java:97)
at com.microsoft.playwright.impl.APIRequestContextImpl.fetch(APIRequestContextImpl.java:68)
at com.microsoft.playwright.impl.APIRequestContextImpl.post(APIRequestContextImpl.java:212)
at tests.ApiTestExecutor.testKafkaProcessBrowseData(ApiTestExecutor.java:111)
at java.base/jdk.internal.reflect.NativeMethodAccessorImpl.invoke0(Native Method)
at java.base/jdk.internal.reflect.NativeMethodAccessorImpl.invoke(NativeMethodAccessorImpl.java:77)
at java.base/jdk.internal.reflect.DelegatingMethodAccessorImpl.invoke(DelegatingMethodAccessorImpl.java:43)
at java.base/java.lang.reflect.Method.invoke(Method.java:568)
at org.testng.internal.MethodInvocationHelper.invokeMethod(MethodInvocationHelper.java:133)
at org.testng.internal.TestInvoker.invokeMethod(TestInvoker.java:598)
at org.testng.internal.TestInvoker.invokeTestMethod(TestInvoker.java:173)
at org.testng.internal.MethodRunner.runInSequence(MethodRunner.java:46)
at org.testng.internal.TestInvoker$MethodInvocationAgent.invoke(TestInvoker.java:824)
at org.testng.internal.TestInvoker.invokeTestMethods(TestInvoker.java:146)
at org.testng.internal.TestMethodWorker.invokeTestMethods(TestMethodWorker.java:146)
at org.testng.internal.TestMethodWorker.run(TestMethodWorker.java:128)
at java.base/java.util.ArrayList.forEach(ArrayList.java:1511)
at org.testng.TestRunner.privateRun(TestRunner.java:794)
at org.testng.TestRunner.run(TestRunner.java:596)
at org.testng.SuiteRunner.runTest(SuiteRunner.java:377)
at org.testng.SuiteRunner.access$000(SuiteRunner.java:28)
at org.testng.SuiteRunner$SuiteWorker.run(SuiteRunner.java:418)
at org.testng.internal.thread.ThreadUtil.lambda$execute$0(ThreadUtil.java:64)
at java.base/java.util.concurrent.FutureTask.run(FutureTask.java:264)
at java.base/java.util.concurrent.ThreadPoolExecutor.runWorker(ThreadPoolExecutor.java:1136)
at java.base/java.util.concurrent.ThreadPoolExecutor$Worker.run(ThreadPoolExecutor.java:635)
at java.base/java.lang.Thread.run(Thread.java:833)
Caused by: com.microsoft.playwright.impl.DriverException: Error {
  message='connect ECONNREFUSED ::1:8081
  name='Error
  stack='Error: connect ECONNREFUSED ::1:8081
    at TCPConnectWrap.afterConnect [as oncomplete] (node:net:1610:16)
}
Call log:
-   - → POST http://localhost:8081/api/kafkaBrowse/processBrowseData
-     - user-agent: Playwright/1.49.0 (x64; windows 10.0) java/17
-     - accept: */*
-     - accept-encoding: gzip,deflate,br
-     - Content-Type: application/json
-     - content-length: 76

at com.microsoft.playwright.impl.Connection.dispatch(Connection.java:259)
at com.microsoft.playwright.impl.Connection.processOneMessage(Connection.java:211)
at com.microsoft.playwright.impl.ChannelOwner.runUntil(ChannelOwner.java:130)
... 32 more
]]>
    </error>
  </testcase> <!-- testKafkaProcessBrowseData -->
  <system-out/>
  <testcase classname="tests.ApiTestExecutor" name="testWriteNode" time="0.310">
    <error message="Error {
  message=&#039;connect ECONNREFUSED ::1:8081
  name=&#039;Error
  stack=&#039;Error: connect ECONNREFUSED ::1:8081
    at TCPConnectWrap.afterConnect [as oncomplete] (node:net:1610:16)
}
Call log:
-   - → POST http://localhost:8081/api/write/write-node
-     - user-agent: Playwright/1.49.0 (x64; windows 10.0) java/17
-     - accept: */*
-     - accept-encoding: gzip,deflate,br
-     - Content-Type: application/json
-     - content-length: 53
" type="com.microsoft.playwright.PlaywrightException">
      <![CDATA[com.microsoft.playwright.PlaywrightException: Error {
  message='connect ECONNREFUSED ::1:8081
  name='Error
  stack='Error: connect ECONNREFUSED ::1:8081
    at TCPConnectWrap.afterConnect [as oncomplete] (node:net:1610:16)
}
Call log:
-   - → POST http://localhost:8081/api/write/write-node
-     - user-agent: Playwright/1.49.0 (x64; windows 10.0) java/17
-     - accept: */*
-     - accept-encoding: gzip,deflate,br
-     - Content-Type: application/json
-     - content-length: 53

at com.microsoft.playwright.impl.WaitableResult.get(WaitableResult.java:56)
at com.microsoft.playwright.impl.ChannelOwner.runUntil(ChannelOwner.java:132)
at com.microsoft.playwright.impl.Connection.sendMessage(Connection.java:130)
at com.microsoft.playwright.impl.ChannelOwner.sendMessage(ChannelOwner.java:118)
at com.microsoft.playwright.impl.APIRequestContextImpl.fetchImpl(APIRequestContextImpl.java:156)
at com.microsoft.playwright.impl.APIRequestContextImpl.lambda$fetch$1(APIRequestContextImpl.java:68)
at com.microsoft.playwright.impl.LoggingSupport.withLogging(LoggingSupport.java:47)
at com.microsoft.playwright.impl.ChannelOwner.withLogging(ChannelOwner.java:97)
at com.microsoft.playwright.impl.APIRequestContextImpl.fetch(APIRequestContextImpl.java:68)
at com.microsoft.playwright.impl.APIRequestContextImpl.post(APIRequestContextImpl.java:212)
at tests.ApiTestExecutor.testWriteNode(ApiTestExecutor.java:98)
at java.base/jdk.internal.reflect.NativeMethodAccessorImpl.invoke0(Native Method)
at java.base/jdk.internal.reflect.NativeMethodAccessorImpl.invoke(NativeMethodAccessorImpl.java:77)
at java.base/jdk.internal.reflect.DelegatingMethodAccessorImpl.invoke(DelegatingMethodAccessorImpl.java:43)
at java.base/java.lang.reflect.Method.invoke(Method.java:568)
at org.testng.internal.MethodInvocationHelper.invokeMethod(MethodInvocationHelper.java:133)
at org.testng.internal.TestInvoker.invokeMethod(TestInvoker.java:598)
at org.testng.internal.TestInvoker.invokeTestMethod(TestInvoker.java:173)
at org.testng.internal.MethodRunner.runInSequence(MethodRunner.java:46)
at org.testng.internal.TestInvoker$MethodInvocationAgent.invoke(TestInvoker.java:824)
at org.testng.internal.TestInvoker.invokeTestMethods(TestInvoker.java:146)
at org.testng.internal.TestMethodWorker.invokeTestMethods(TestMethodWorker.java:146)
at org.testng.internal.TestMethodWorker.run(TestMethodWorker.java:128)
at java.base/java.util.ArrayList.forEach(ArrayList.java:1511)
at org.testng.TestRunner.privateRun(TestRunner.java:794)
at org.testng.TestRunner.run(TestRunner.java:596)
at org.testng.SuiteRunner.runTest(SuiteRunner.java:377)
at org.testng.SuiteRunner.access$000(SuiteRunner.java:28)
at org.testng.SuiteRunner$SuiteWorker.run(SuiteRunner.java:418)
at org.testng.internal.thread.ThreadUtil.lambda$execute$0(ThreadUtil.java:64)
at java.base/java.util.concurrent.FutureTask.run(FutureTask.java:264)
at java.base/java.util.concurrent.ThreadPoolExecutor.runWorker(ThreadPoolExecutor.java:1136)
at java.base/java.util.concurrent.ThreadPoolExecutor$Worker.run(ThreadPoolExecutor.java:635)
at java.base/java.lang.Thread.run(Thread.java:833)
Caused by: com.microsoft.playwright.impl.DriverException: Error {
  message='connect ECONNREFUSED ::1:8081
  name='Error
  stack='Error: connect ECONNREFUSED ::1:8081
    at TCPConnectWrap.afterConnect [as oncomplete] (node:net:1610:16)
}
Call log:
-   - → POST http://localhost:8081/api/write/write-node
-     - user-agent: Playwright/1.49.0 (x64; windows 10.0) java/17
-     - accept: */*
-     - accept-encoding: gzip,deflate,br
-     - Content-Type: application/json
-     - content-length: 53

at com.microsoft.playwright.impl.Connection.dispatch(Connection.java:259)
at com.microsoft.playwright.impl.Connection.processOneMessage(Connection.java:211)
at com.microsoft.playwright.impl.ChannelOwner.runUntil(ChannelOwner.java:130)
... 32 more
]]>
    </error>
  </testcase> <!-- testWriteNode -->
  <system-out/>
  <testcase classname="tests.ApiTestExecutor" name="testOpcInit" time="0.314">
    <error message="Error {
  message=&#039;connect ECONNREFUSED ::1:8081
  name=&#039;Error
  stack=&#039;Error: connect ECONNREFUSED ::1:8081
    at TCPConnectWrap.afterConnect [as oncomplete] (node:net:1610:16)
}
Call log:
-   - → GET http://localhost:8081/api/connection/init
-     - user-agent: Playwright/1.49.0 (x64; windows 10.0) java/17
-     - accept: */*
-     - accept-encoding: gzip,deflate,br
" type="com.microsoft.playwright.PlaywrightException">
      <![CDATA[com.microsoft.playwright.PlaywrightException: Error {
  message='connect ECONNREFUSED ::1:8081
  name='Error
  stack='Error: connect ECONNREFUSED ::1:8081
    at TCPConnectWrap.afterConnect [as oncomplete] (node:net:1610:16)
}
Call log:
-   - → GET http://localhost:8081/api/connection/init
-     - user-agent: Playwright/1.49.0 (x64; windows 10.0) java/17
-     - accept: */*
-     - accept-encoding: gzip,deflate,br

at com.microsoft.playwright.impl.WaitableResult.get(WaitableResult.java:56)
at com.microsoft.playwright.impl.ChannelOwner.runUntil(ChannelOwner.java:132)
at com.microsoft.playwright.impl.Connection.sendMessage(Connection.java:130)
at com.microsoft.playwright.impl.ChannelOwner.sendMessage(ChannelOwner.java:118)
at com.microsoft.playwright.impl.APIRequestContextImpl.fetchImpl(APIRequestContextImpl.java:156)
at com.microsoft.playwright.impl.APIRequestContextImpl.lambda$fetch$1(APIRequestContextImpl.java:68)
at com.microsoft.playwright.impl.LoggingSupport.withLogging(LoggingSupport.java:47)
at com.microsoft.playwright.impl.ChannelOwner.withLogging(ChannelOwner.java:97)
at com.microsoft.playwright.impl.APIRequestContextImpl.fetch(APIRequestContextImpl.java:68)
at com.microsoft.playwright.impl.APIRequestContextImpl.get(APIRequestContextImpl.java:197)
at com.microsoft.playwright.APIRequestContext.get(APIRequestContext.java:281)
at tests.ApiTestExecutor.testOpcInit(ApiTestExecutor.java:47)
at java.base/jdk.internal.reflect.NativeMethodAccessorImpl.invoke0(Native Method)
at java.base/jdk.internal.reflect.NativeMethodAccessorImpl.invoke(NativeMethodAccessorImpl.java:77)
at java.base/jdk.internal.reflect.DelegatingMethodAccessorImpl.invoke(DelegatingMethodAccessorImpl.java:43)
at java.base/java.lang.reflect.Method.invoke(Method.java:568)
at org.testng.internal.MethodInvocationHelper.invokeMethod(MethodInvocationHelper.java:133)
at org.testng.internal.TestInvoker.invokeMethod(TestInvoker.java:598)
at org.testng.internal.TestInvoker.invokeTestMethod(TestInvoker.java:173)
at org.testng.internal.MethodRunner.runInSequence(MethodRunner.java:46)
at org.testng.internal.TestInvoker$MethodInvocationAgent.invoke(TestInvoker.java:824)
at org.testng.internal.TestInvoker.invokeTestMethods(TestInvoker.java:146)
at org.testng.internal.TestMethodWorker.invokeTestMethods(TestMethodWorker.java:146)
at org.testng.internal.TestMethodWorker.run(TestMethodWorker.java:128)
at java.base/java.util.ArrayList.forEach(ArrayList.java:1511)
at org.testng.TestRunner.privateRun(TestRunner.java:794)
at org.testng.TestRunner.run(TestRunner.java:596)
at org.testng.SuiteRunner.runTest(SuiteRunner.java:377)
at org.testng.SuiteRunner.access$000(SuiteRunner.java:28)
at org.testng.SuiteRunner$SuiteWorker.run(SuiteRunner.java:418)
at org.testng.internal.thread.ThreadUtil.lambda$execute$0(ThreadUtil.java:64)
at java.base/java.util.concurrent.FutureTask.run(FutureTask.java:264)
at java.base/java.util.concurrent.ThreadPoolExecutor.runWorker(ThreadPoolExecutor.java:1136)
at java.base/java.util.concurrent.ThreadPoolExecutor$Worker.run(ThreadPoolExecutor.java:635)
at java.base/java.lang.Thread.run(Thread.java:833)
Caused by: com.microsoft.playwright.impl.DriverException: Error {
  message='connect ECONNREFUSED ::1:8081
  name='Error
  stack='Error: connect ECONNREFUSED ::1:8081
    at TCPConnectWrap.afterConnect [as oncomplete] (node:net:1610:16)
}
Call log:
-   - → GET http://localhost:8081/api/connection/init
-     - user-agent: Playwright/1.49.0 (x64; windows 10.0) java/17
-     - accept: */*
-     - accept-encoding: gzip,deflate,br

at com.microsoft.playwright.impl.Connection.dispatch(Connection.java:259)
at com.microsoft.playwright.impl.Connection.processOneMessage(Connection.java:211)
at com.microsoft.playwright.impl.ChannelOwner.runUntil(ChannelOwner.java:130)
... 33 more
]]>
    </error>
  </testcase> <!-- testOpcInit -->
  <system-out/>
  <testcase classname="tests.ApiTestExecutor" name="testReadValue" time="0.309">
    <error message="Error {
  message=&#039;connect ECONNREFUSED ::1:8081
  name=&#039;Error
  stack=&#039;Error: connect ECONNREFUSED ::1:8081
    at TCPConnectWrap.afterConnect [as oncomplete] (node:net:1610:16)
}
Call log:
-   - → GET http://localhost:8081/api/read/readValue?nodeId=ns=3;s=%22PLC_To_WMS%22
-     - user-agent: Playwright/1.49.0 (x64; windows 10.0) java/17
-     - accept: */*
-     - accept-encoding: gzip,deflate,br
" type="com.microsoft.playwright.PlaywrightException">
      <![CDATA[com.microsoft.playwright.PlaywrightException: Error {
  message='connect ECONNREFUSED ::1:8081
  name='Error
  stack='Error: connect ECONNREFUSED ::1:8081
    at TCPConnectWrap.afterConnect [as oncomplete] (node:net:1610:16)
}
Call log:
-   - → GET http://localhost:8081/api/read/readValue?nodeId=ns=3;s=%22PLC_To_WMS%22
-     - user-agent: Playwright/1.49.0 (x64; windows 10.0) java/17
-     - accept: */*
-     - accept-encoding: gzip,deflate,br

at com.microsoft.playwright.impl.WaitableResult.get(WaitableResult.java:56)
at com.microsoft.playwright.impl.ChannelOwner.runUntil(ChannelOwner.java:132)
at com.microsoft.playwright.impl.Connection.sendMessage(Connection.java:130)
at com.microsoft.playwright.impl.ChannelOwner.sendMessage(ChannelOwner.java:118)
at com.microsoft.playwright.impl.APIRequestContextImpl.fetchImpl(APIRequestContextImpl.java:156)
at com.microsoft.playwright.impl.APIRequestContextImpl.lambda$fetch$1(APIRequestContextImpl.java:68)
at com.microsoft.playwright.impl.LoggingSupport.withLogging(LoggingSupport.java:47)
at com.microsoft.playwright.impl.ChannelOwner.withLogging(ChannelOwner.java:97)
at com.microsoft.playwright.impl.APIRequestContextImpl.fetch(APIRequestContextImpl.java:68)
at com.microsoft.playwright.impl.APIRequestContextImpl.get(APIRequestContextImpl.java:197)
at com.microsoft.playwright.APIRequestContext.get(APIRequestContext.java:281)
at tests.ApiTestExecutor.testReadValue(ApiTestExecutor.java:68)
at java.base/jdk.internal.reflect.NativeMethodAccessorImpl.invoke0(Native Method)
at java.base/jdk.internal.reflect.NativeMethodAccessorImpl.invoke(NativeMethodAccessorImpl.java:77)
at java.base/jdk.internal.reflect.DelegatingMethodAccessorImpl.invoke(DelegatingMethodAccessorImpl.java:43)
at java.base/java.lang.reflect.Method.invoke(Method.java:568)
at org.testng.internal.MethodInvocationHelper.invokeMethod(MethodInvocationHelper.java:133)
at org.testng.internal.TestInvoker.invokeMethod(TestInvoker.java:598)
at org.testng.internal.TestInvoker.invokeTestMethod(TestInvoker.java:173)
at org.testng.internal.MethodRunner.runInSequence(MethodRunner.java:46)
at org.testng.internal.TestInvoker$MethodInvocationAgent.invoke(TestInvoker.java:824)
at org.testng.internal.TestInvoker.invokeTestMethods(TestInvoker.java:146)
at org.testng.internal.TestMethodWorker.invokeTestMethods(TestMethodWorker.java:146)
at org.testng.internal.TestMethodWorker.run(TestMethodWorker.java:128)
at java.base/java.util.ArrayList.forEach(ArrayList.java:1511)
at org.testng.TestRunner.privateRun(TestRunner.java:794)
at org.testng.TestRunner.run(TestRunner.java:596)
at org.testng.SuiteRunner.runTest(SuiteRunner.java:377)
at org.testng.SuiteRunner.access$000(SuiteRunner.java:28)
at org.testng.SuiteRunner$SuiteWorker.run(SuiteRunner.java:418)
at org.testng.internal.thread.ThreadUtil.lambda$execute$0(ThreadUtil.java:64)
at java.base/java.util.concurrent.FutureTask.run(FutureTask.java:264)
at java.base/java.util.concurrent.ThreadPoolExecutor.runWorker(ThreadPoolExecutor.java:1136)
at java.base/java.util.concurrent.ThreadPoolExecutor$Worker.run(ThreadPoolExecutor.java:635)
at java.base/java.lang.Thread.run(Thread.java:833)
Caused by: com.microsoft.playwright.impl.DriverException: Error {
  message='connect ECONNREFUSED ::1:8081
  name='Error
  stack='Error: connect ECONNREFUSED ::1:8081
    at TCPConnectWrap.afterConnect [as oncomplete] (node:net:1610:16)
}
Call log:
-   - → GET http://localhost:8081/api/read/readValue?nodeId=ns=3;s=%22PLC_To_WMS%22
-     - user-agent: Playwright/1.49.0 (x64; windows 10.0) java/17
-     - accept: */*
-     - accept-encoding: gzip,deflate,br

at com.microsoft.playwright.impl.Connection.dispatch(Connection.java:259)
at com.microsoft.playwright.impl.Connection.processOneMessage(Connection.java:211)
at com.microsoft.playwright.impl.ChannelOwner.runUntil(ChannelOwner.java:130)
... 33 more
]]>
    </error>
  </testcase> <!-- testReadValue -->
  <system-out/>
  <testcase classname="tests.ApiTestExecutor" name="testSubscribeToData" time="0.308">
    <error message="Error {
  message=&#039;connect ECONNREFUSED ::1:8081
  name=&#039;Error
  stack=&#039;Error: connect ECONNREFUSED ::1:8081
    at TCPConnectWrap.afterConnect [as oncomplete] (node:net:1610:16)
}
Call log:
-   - → GET http://localhost:8081/api/read/subscribeToData
-     - user-agent: Playwright/1.49.0 (x64; windows 10.0) java/17
-     - accept: */*
-     - accept-encoding: gzip,deflate,br
" type="com.microsoft.playwright.PlaywrightException">
      <![CDATA[com.microsoft.playwright.PlaywrightException: Error {
  message='connect ECONNREFUSED ::1:8081
  name='Error
  stack='Error: connect ECONNREFUSED ::1:8081
    at TCPConnectWrap.afterConnect [as oncomplete] (node:net:1610:16)
}
Call log:
-   - → GET http://localhost:8081/api/read/subscribeToData
-     - user-agent: Playwright/1.49.0 (x64; windows 10.0) java/17
-     - accept: */*
-     - accept-encoding: gzip,deflate,br

at com.microsoft.playwright.impl.WaitableResult.get(WaitableResult.java:56)
at com.microsoft.playwright.impl.ChannelOwner.runUntil(ChannelOwner.java:132)
at com.microsoft.playwright.impl.Connection.sendMessage(Connection.java:130)
at com.microsoft.playwright.impl.ChannelOwner.sendMessage(ChannelOwner.java:118)
at com.microsoft.playwright.impl.APIRequestContextImpl.fetchImpl(APIRequestContextImpl.java:156)
at com.microsoft.playwright.impl.APIRequestContextImpl.lambda$fetch$1(APIRequestContextImpl.java:68)
at com.microsoft.playwright.impl.LoggingSupport.withLogging(LoggingSupport.java:47)
at com.microsoft.playwright.impl.ChannelOwner.withLogging(ChannelOwner.java:97)
at com.microsoft.playwright.impl.APIRequestContextImpl.fetch(APIRequestContextImpl.java:68)
at com.microsoft.playwright.impl.APIRequestContextImpl.get(APIRequestContextImpl.java:197)
at com.microsoft.playwright.APIRequestContext.get(APIRequestContext.java:281)
at tests.ApiTestExecutor.testSubscribeToData(ApiTestExecutor.java:75)
at java.base/jdk.internal.reflect.NativeMethodAccessorImpl.invoke0(Native Method)
at java.base/jdk.internal.reflect.NativeMethodAccessorImpl.invoke(NativeMethodAccessorImpl.java:77)
at java.base/jdk.internal.reflect.DelegatingMethodAccessorImpl.invoke(DelegatingMethodAccessorImpl.java:43)
at java.base/java.lang.reflect.Method.invoke(Method.java:568)
at org.testng.internal.MethodInvocationHelper.invokeMethod(MethodInvocationHelper.java:133)
at org.testng.internal.TestInvoker.invokeMethod(TestInvoker.java:598)
at org.testng.internal.TestInvoker.invokeTestMethod(TestInvoker.java:173)
at org.testng.internal.MethodRunner.runInSequence(MethodRunner.java:46)
at org.testng.internal.TestInvoker$MethodInvocationAgent.invoke(TestInvoker.java:824)
at org.testng.internal.TestInvoker.invokeTestMethods(TestInvoker.java:146)
at org.testng.internal.TestMethodWorker.invokeTestMethods(TestMethodWorker.java:146)
at org.testng.internal.TestMethodWorker.run(TestMethodWorker.java:128)
at java.base/java.util.ArrayList.forEach(ArrayList.java:1511)
at org.testng.TestRunner.privateRun(TestRunner.java:794)
at org.testng.TestRunner.run(TestRunner.java:596)
at org.testng.SuiteRunner.runTest(SuiteRunner.java:377)
at org.testng.SuiteRunner.access$000(SuiteRunner.java:28)
at org.testng.SuiteRunner$SuiteWorker.run(SuiteRunner.java:418)
at org.testng.internal.thread.ThreadUtil.lambda$execute$0(ThreadUtil.java:64)
at java.base/java.util.concurrent.FutureTask.run(FutureTask.java:264)
at java.base/java.util.concurrent.ThreadPoolExecutor.runWorker(ThreadPoolExecutor.java:1136)
at java.base/java.util.concurrent.ThreadPoolExecutor$Worker.run(ThreadPoolExecutor.java:635)
at java.base/java.lang.Thread.run(Thread.java:833)
Caused by: com.microsoft.playwright.impl.DriverException: Error {
  message='connect ECONNREFUSED ::1:8081
  name='Error
  stack='Error: connect ECONNREFUSED ::1:8081
    at TCPConnectWrap.afterConnect [as oncomplete] (node:net:1610:16)
}
Call log:
-   - → GET http://localhost:8081/api/read/subscribeToData
-     - user-agent: Playwright/1.49.0 (x64; windows 10.0) java/17
-     - accept: */*
-     - accept-encoding: gzip,deflate,br

at com.microsoft.playwright.impl.Connection.dispatch(Connection.java:259)
at com.microsoft.playwright.impl.Connection.processOneMessage(Connection.java:211)
at com.microsoft.playwright.impl.ChannelOwner.runUntil(ChannelOwner.java:130)
... 33 more
]]>
    </error>
  </testcase> <!-- testSubscribeToData -->
  <system-out/>
</testsuite> <!-- tests.ApiTestExecutor -->
