<?xml version="1.0" encoding="UTF-8"?>
<!-- Generated by org.testng.reporters.JUnitReportReporter -->
<testsuite hostname="Akshay-Udhane" failures="0" tests="1" name="tests.UITestExecutor" time="26.346" errors="1" timestamp="2025-07-29T16:54:27 IST" skipped="0">
  <testcase classname="tests.UITestExecutor" name="testFiatLoginAndLaunchDashboard" time="26.346">
    <error message="Error {
  message=&#039;Timeout 20000ms exceeded.
  name=&#039;TimeoutError
  stack=&#039;TimeoutError: Timeout 20000ms exceeded.
    at ProgressController.run (C:\Users\akshayu\AppData\Local\Temp\playwright-java-3550840058785259376\package\lib\server\progress.js:78:26)
    at Frame.waitForSelector (C:\Users\akshayu\AppData\Local\Temp\playwright-java-3550840058785259376\package\lib\server\frames.js:619:23)
    at FrameDispatcher.waitForSelector (C:\Users\akshayu\AppData\Local\Temp\playwright-java-3550840058785259376\package\lib\server\dispatchers\frameDispatcher.js:105:103)
    at FrameDispatcher._handleCommand (C:\Users\akshayu\AppData\Local\Temp\playwright-java-3550840058785259376\package\lib\server\dispatchers\dispatcher.js:94:40)
    at DispatcherConnection.dispatch (C:\Users\akshayu\AppData\Local\Temp\playwright-java-3550840058785259376\package\lib\server\dispatchers\dispatcher.js:361:39)
}
Call log:
- waiting for locator(&quot;input[formcontrolname=&#039;username&#039;], #username, input[name=&#039;username&#039;]&quot;) to be visible
" type="com.microsoft.playwright.TimeoutError">
      <![CDATA[com.microsoft.playwright.TimeoutError: Error {
  message='Timeout 20000ms exceeded.
  name='TimeoutError
  stack='TimeoutError: Timeout 20000ms exceeded.
    at ProgressController.run (C:\Users\akshayu\AppData\Local\Temp\playwright-java-3550840058785259376\package\lib\server\progress.js:78:26)
    at Frame.waitForSelector (C:\Users\akshayu\AppData\Local\Temp\playwright-java-3550840058785259376\package\lib\server\frames.js:619:23)
    at FrameDispatcher.waitForSelector (C:\Users\akshayu\AppData\Local\Temp\playwright-java-3550840058785259376\package\lib\server\dispatchers\frameDispatcher.js:105:103)
    at FrameDispatcher._handleCommand (C:\Users\akshayu\AppData\Local\Temp\playwright-java-3550840058785259376\package\lib\server\dispatchers\dispatcher.js:94:40)
    at DispatcherConnection.dispatch (C:\Users\akshayu\AppData\Local\Temp\playwright-java-3550840058785259376\package\lib\server\dispatchers\dispatcher.js:361:39)
}
Call log:
- waiting for locator("input[formcontrolname='username'], #username, input[name='username']") to be visible

at com.microsoft.playwright.impl.WaitableResult.get(WaitableResult.java:52)
at com.microsoft.playwright.impl.ChannelOwner.runUntil(ChannelOwner.java:120)
at com.microsoft.playwright.impl.Connection.sendMessage(Connection.java:130)
at com.microsoft.playwright.impl.ChannelOwner.sendMessage(ChannelOwner.java:106)
at com.microsoft.playwright.impl.FrameImpl.waitForSelectorImpl(FrameImpl.java:1060)
at com.microsoft.playwright.impl.FrameImpl.waitForSelectorImpl(FrameImpl.java:1050)
at com.microsoft.playwright.impl.PageImpl.lambda$waitForSelector$93(PageImpl.java:1553)
at com.microsoft.playwright.impl.LoggingSupport.withLogging(LoggingSupport.java:47)
at com.microsoft.playwright.impl.ChannelOwner.withLogging(ChannelOwner.java:89)
at com.microsoft.playwright.impl.PageImpl.waitForSelector(PageImpl.java:1552)
at tests.UITestExecutor.testFiatLoginAndLaunchDashboard(UITestExecutor.java:22)
at java.base/jdk.internal.reflect.NativeMethodAccessorImpl.invoke0(Native Method)
at java.base/jdk.internal.reflect.NativeMethodAccessorImpl.invoke(NativeMethodAccessorImpl.java:77)
at java.base/jdk.internal.reflect.DelegatingMethodAccessorImpl.invoke(DelegatingMethodAccessorImpl.java:43)
at java.base/java.lang.reflect.Method.invoke(Method.java:568)
at org.testng.internal.MethodInvocationHelper.invokeMethod(MethodInvocationHelper.java:133)
at org.testng.internal.TestInvoker.invokeMethod(TestInvoker.java:598)
at org.testng.internal.TestInvoker.invokeTestMethod(TestInvoker.java:173)
at org.testng.internal.MethodRunner.runInSequence(MethodRunner.java:46)
at org.testng.internal.TestInvoker$MethodInvocationAgent.invoke(TestInvoker.java:824)
at org.testng.internal.TestInvoker.invokeTestMethods(TestInvoker.java:146)
at org.testng.internal.TestMethodWorker.invokeTestMethods(TestMethodWorker.java:146)
at org.testng.internal.TestMethodWorker.run(TestMethodWorker.java:128)
at java.base/java.util.ArrayList.forEach(ArrayList.java:1511)
at org.testng.TestRunner.privateRun(TestRunner.java:794)
at org.testng.TestRunner.run(TestRunner.java:596)
at org.testng.SuiteRunner.runTest(SuiteRunner.java:377)
at org.testng.SuiteRunner.runSequentially(SuiteRunner.java:371)
at org.testng.SuiteRunner.privateRun(SuiteRunner.java:332)
at org.testng.SuiteRunner.run(SuiteRunner.java:276)
at org.testng.SuiteRunnerWorker.runSuite(SuiteRunnerWorker.java:53)
at org.testng.SuiteRunnerWorker.run(SuiteRunnerWorker.java:96)
at org.testng.TestNG.runSuitesSequentially(TestNG.java:1212)
at org.testng.TestNG.runSuitesLocally(TestNG.java:1134)
at org.testng.TestNG.runSuites(TestNG.java:1063)
at org.testng.TestNG.run(TestNG.java:1031)
at org.testng.remote.AbstractRemoteTestNG.run(AbstractRemoteTestNG.java:115)
at org.testng.remote.RemoteTestNG.initAndRun(RemoteTestNG.java:293)
at org.testng.remote.RemoteTestNG.main(RemoteTestNG.java:91)
Caused by: com.microsoft.playwright.TimeoutError: Error {
  message='Timeout 20000ms exceeded.
  name='TimeoutError
  stack='TimeoutError: Timeout 20000ms exceeded.
    at ProgressController.run (C:\Users\akshayu\AppData\Local\Temp\playwright-java-3550840058785259376\package\lib\server\progress.js:78:26)
    at Frame.waitForSelector (C:\Users\akshayu\AppData\Local\Temp\playwright-java-3550840058785259376\package\lib\server\frames.js:619:23)
    at FrameDispatcher.waitForSelector (C:\Users\akshayu\AppData\Local\Temp\playwright-java-3550840058785259376\package\lib\server\dispatchers\frameDispatcher.js:105:103)
    at FrameDispatcher._handleCommand (C:\Users\akshayu\AppData\Local\Temp\playwright-java-3550840058785259376\package\lib\server\dispatchers\dispatcher.js:94:40)
    at DispatcherConnection.dispatch (C:\Users\akshayu\AppData\Local\Temp\playwright-java-3550840058785259376\package\lib\server\dispatchers\dispatcher.js:361:39)
}
Call log:
- waiting for locator("input[formcontrolname='username'], #username, input[name='username']") to be visible

at com.microsoft.playwright.impl.Connection.dispatch(Connection.java:254)
at com.microsoft.playwright.impl.Connection.processOneMessage(Connection.java:211)
at com.microsoft.playwright.impl.ChannelOwner.runUntil(ChannelOwner.java:118)
... 37 more
]]>
    </error>
  </testcase> <!-- testFiatLoginAndLaunchDashboard -->
  <system-out/>
</testsuite> <!-- tests.UITestExecutor -->
