<?xml version="1.0" encoding="UTF-8"?>
<!-- Generated by org.testng.reporters.JUnitReportReporter -->
<testsuite hostname="Akshay-Udhane" failures="0" tests="8" name="tests.OpUaConnectionServiceTest" time="0.182" errors="0" timestamp="2025-10-03T15:21:41 IST" skipped="0">
  <testcase classname="tests.OpUaConnectionServiceTest" name="testOpcUaConnectionConnect" time="0.141"/>
  <testcase classname="tests.OpUaConnectionServiceTest" name="testOpcUaConnectionPerformance" time="0.005"/>
  <testcase classname="tests.OpUaConnectionServiceTest" name="testOpcUaServiceHealth" time="0.005"/>
  <testcase classname="tests.OpUaConnectionServiceTest" name="testOpcUaConnectionInit" time="0.005"/>
  <testcase classname="tests.OpUaConnectionServiceTest" name="testOpcUaConnectionStatus" time="0.007"/>
  <testcase classname="tests.OpUaConnectionServiceTest" name="testOpcUaConnectionRetry" time="0.005"/>
  <testcase classname="tests.OpUaConnectionServiceTest" name="testOpcUaConnectionErrorHandling" time="0.005"/>
  <testcase classname="tests.OpUaConnectionServiceTest" name="testOpcUaConnectionSequence" time="0.009"/>
</testsuite> <!-- tests.OpUaConnectionServiceTest -->
