<?xml version="1.0" encoding="UTF-8"?>
<!-- Generated by org.testng.reporters.JUnitReportReporter -->
<testsuite hostname="Akshay-Udhane" failures="0" tests="13" name="tests.ApiTestExecutor" time="0.093" errors="0" timestamp="2025-10-03T15:21:41 IST" skipped="0">
  <testcase classname="tests.ApiTestExecutor" name="testKafkaHasChanged" time="0.009"/>
  <testcase classname="tests.ApiTestExecutor" name="testBrowseTags" time="0.021"/>
  <testcase classname="tests.ApiTestExecutor" name="testConvertValue" time="0.010"/>
  <testcase classname="tests.ApiTestExecutor" name="testOpcInit" time="0.004"/>
  <testcase classname="tests.ApiTestExecutor" name="testKafkaProcessBrowseData" time="0.005"/>
  <testcase classname="tests.ApiTestExecutor" name="testOpcConnect" time="0.003"/>
  <testcase classname="tests.ApiTestExecutor" name="testOpcConnectionStatus" time="0.005"/>
  <testcase classname="tests.ApiTestExecutor" name="testWriteNode" time="0.005"/>
  <testcase classname="tests.ApiTestExecutor" name="testReadNode" time="0.008"/>
  <testcase classname="tests.ApiTestExecutor" name="testReadValue" time="0.007"/>
  <testcase classname="tests.ApiTestExecutor" name="testConvertDataValue" time="0.006"/>
  <testcase classname="tests.ApiTestExecutor" name="testSubscribeToData" time="0.004"/>
  <testcase classname="tests.ApiTestExecutor" name="testReadNode2" time="0.006"/>
</testsuite> <!-- tests.ApiTestExecutor -->
